14.01.2018 00:10:42:142 || Form1.Create Start
14.01.2018 00:10:42:142 || 
14.01.2018 00:10:42:142 || *****************************************************************************************
14.01.2018 00:10:42:142 || *************************               ЗАПУСК ПРОГРАММЫ             *************************
14.01.2018 00:10:42:142 || *************************            Время старта: 00:10:42:13             *************************
14.01.2018 00:10:42:142 || *****************************************************************************************
14.01.2018 00:10:42:142 || UCommon.CreateDirectories NewProject=
14.01.2018 00:10:42:142 || UCommon.CreateDirectories PathFiles=G:\home\ARM_editor\АРМ_1\Clips
14.01.2018 00:10:42:142 || UCommon.CreateDirectories DirProject=G:\home\ARM_editor\АРМ_1\Projects
14.01.2018 00:10:42:142 || UCommon.CreateDirectories Проект не задан
14.01.2018 00:10:42:142 || Начало чтения IniFile: G:\home\ARM_editor\АРМ_1\ARM_Director.ini
14.01.2018 00:10:42:142 || UGrid.TGridRows.SetDefaultFonts
14.01.2018 00:10:42:142 || UGrid.TGridRows.SetDefaultFonts
14.01.2018 00:10:42:142 || UGrid.TGridRows.SetDefaultFonts
14.01.2018 00:10:42:142 || UGrid.TGridRows.SetDefaultFonts
14.01.2018 00:10:42:142 || UGrid.TGridRows.SetDefaultFonts
14.01.2018 00:10:42:142 || UGrid.TGridRows.SetDefaultFonts
14.01.2018 00:10:42:142 || Окончание чтения IniFile: G:\home\ARM_editor\АРМ_1\ARM_Director.ini
14.01.2018 00:10:42:142 || UMyFiles.ExecTaskOnDelete
14.01.2018 00:10:42:142 || UInitForms.InputInSystem
14.01.2018 00:10:42:142 || UInitForms.InputInSystem - Вход в систему выполнен
14.01.2018 00:10:42:142 || UInitForms.InitMainForm
14.01.2018 00:10:42:142 || UInitForms.InitPanelControl
14.01.2018 00:10:42:142 || UCommon.SetMainGridPanel Start
14.01.2018 00:10:42:142 || UCommon.SetMainGridPanel MainGrid=projects
14.01.2018 00:10:42:142 || UCommon.CheckedClipsInList Start Grid=GridClips
14.01.2018 00:10:42:142 || UCommon.CheckedClipsInList Finish Grid=GridClips
14.01.2018 00:10:42:142 || UCommon.SetMainGridPanel Finish
14.01.2018 00:10:42:142 || UInitForms.InitPanelClips
14.01.2018 00:10:42:142 || UGrid.initgrid Grid=GridClips Width=1578
14.01.2018 00:10:42:142 || UInitForms.InitPanelPlayList
14.01.2018 00:10:42:142 || UGrid.initgrid Grid=GridActPlayList Width=1578
14.01.2018 00:10:42:142 || UInitForms.InitPanelProject
14.01.2018 00:10:42:142 || UGrid.initgrid Grid=GridProjects Width=1578
14.01.2018 00:10:42:142 || UGrid.initgrid Grid=GridLists Width=1578
14.01.2018 00:10:42:142 || UInitForms.InitPanelPrepare
14.01.2018 00:10:42:142 || TForm1.CheckBox1Click GridGRTemplate.Visible:=false
14.01.2018 00:10:42:142 || UGrid.initgrid Grid=GridGRTemplate Width=446
14.01.2018 00:10:42:142 || UDrawTimelines.TTLNames.SetDefaultFonts;
14.01.2018 00:10:42:142 || UDrawTimelines.TTLNames.Draw Start
14.01.2018 00:10:42:142 || UDrawTimelines.TZoneScaler.Draw Height=25
14.01.2018 00:10:42:142 || UDrawTimelines.TZoneEditTL.Draw Grid=GridTimeLines Top=45 Height=105
14.01.2018 00:10:42:142 || UDrawTimelines.TZoneEditTL.GridPosition Grid=GridTimeLines Position=-1 IDTimeline=1
14.01.2018 00:10:42:142 || UDrawTimelines.TNamesTL.Init Result=152
14.01.2018 00:10:42:142 || UDrawTimelines.TNamesTL.Draw Grid=GridTimeLines Top=162 Height=113
14.01.2018 00:10:42:142 || UDrawTimelines.TZoneReview.Draw Top=283 Height=45
14.01.2018 00:10:42:142 || UDrawTimelines.TTLNames.Draw Finish
14.01.2018 00:11:16:116 || TAirOneEvent.SendHTTPOneEvent | Access violation at address 0066763B in module 'ARM_Director.exe'. Read of address 0033FFFF
14.01.2018 00:11:16:116 || UInitForms.InitPanelAir
14.01.2018 00:11:16:116 || UMyFiles.LoadGridFromFile Start FileName=G:\home\ARM_editor\АРМ_1\Projects\ListProjects.prjt Grid=GridProjects
14.01.2018 00:11:16:116 || UGrid.TGridRows.SetDefaultFonts
14.01.2018 00:11:16:116 || UGrid.TGridRows.SetDefaultFonts
14.01.2018 00:11:16:116 || UGrid.TGridRows.SetDefaultFonts
14.01.2018 00:11:16:116 || UMyFiles.LoadGridFromFile Finish FileName=G:\home\ARM_editor\АРМ_1\Projects\ListProjects.prjt Grid=GridProjects
14.01.2018 00:11:16:116 || UGrid.findgridselection Grid=GridProjects Cell=2 Result=2
14.01.2018 00:11:16:116 || UCommon.loadoldproject Start
14.01.2018 00:11:16:116 || UCommon.initnewproject Start
14.01.2018 00:11:16:116 || UInitForms.InitPanelPrepare
14.01.2018 00:11:16:116 || TForm1.CheckBox1Click GridGRTemplate.Visible:=false
14.01.2018 00:11:16:116 || UGrid.initgrid Grid=GridGRTemplate Width=446
14.01.2018 00:11:16:116 || UDrawTimelines.TTLNames.SetDefaultFonts;
14.01.2018 00:11:16:116 || UDrawTimelines.TTLNames.Draw Start
14.01.2018 00:11:16:116 || UDrawTimelines.TZoneScaler.Draw Height=25
14.01.2018 00:11:16:116 || UDrawTimelines.TZoneEditTL.Draw Grid=GridTimeLines Top=45 Height=105
14.01.2018 00:11:16:116 || UDrawTimelines.TZoneEditTL.GridPosition Grid=GridTimeLines Position=1 IDTimeline=1
14.01.2018 00:11:16:116 || UDrawTimelines.TNamesTL.Add Result=0 IDTimeline=1
14.01.2018 00:11:16:116 || UDrawTimelines.TNamesTL.Add Result=1 IDTimeline=21
14.01.2018 00:11:16:116 || UDrawTimelines.TNamesTL.Add Result=2 IDTimeline=41
14.01.2018 00:11:16:116 || UDrawTimelines.TNamesTL.Init Result=113
14.01.2018 00:11:16:116 || UDrawTimelines.TNamesTL.Draw Grid=GridTimeLines Top=162 Height=113
14.01.2018 00:11:16:116 || UDrawTimelines.TTimeLineName.Draw Position=0
14.01.2018 00:11:16:116 || UDrawTimelines.TTimeLineName.Draw Position=1
14.01.2018 00:11:16:116 || UDrawTimelines.TTimeLineName.Draw Position=2
14.01.2018 00:11:16:116 || UDrawTimelines.TZoneReview.Draw Top=283 Height=45
14.01.2018 00:11:16:116 || UDrawTimelines.TTLNames.Draw Finish
14.01.2018 00:13:13:113 || Form1.Create Start
14.01.2018 00:13:13:113 || 
14.01.2018 00:13:13:113 || *****************************************************************************************
14.01.2018 00:13:13:113 || *************************               ЗАПУСК ПРОГРАММЫ             *************************
14.01.2018 00:13:13:113 || *************************            Время старта: 00:13:13:24             *************************
14.01.2018 00:13:13:113 || *****************************************************************************************
14.01.2018 00:13:13:113 || UCommon.CreateDirectories NewProject=
14.01.2018 00:13:13:113 || UCommon.CreateDirectories PathFiles=G:\home\ARM_editor\АРМ_1\Clips
14.01.2018 00:13:13:113 || UCommon.CreateDirectories DirProject=G:\home\ARM_editor\АРМ_1\Projects
14.01.2018 00:13:14:114 || UCommon.CreateDirectories Проект не задан
14.01.2018 00:13:14:114 || Начало чтения IniFile: G:\home\ARM_editor\АРМ_1\ARM_Director.ini
14.01.2018 00:13:14:114 || UGrid.TGridRows.SetDefaultFonts
14.01.2018 00:13:14:114 || UGrid.TGridRows.SetDefaultFonts
14.01.2018 00:13:14:114 || UGrid.TGridRows.SetDefaultFonts
14.01.2018 00:13:14:114 || UGrid.TGridRows.SetDefaultFonts
14.01.2018 00:13:14:114 || UGrid.TGridRows.SetDefaultFonts
14.01.2018 00:13:14:114 || UGrid.TGridRows.SetDefaultFonts
14.01.2018 00:13:14:114 || Окончание чтения IniFile: G:\home\ARM_editor\АРМ_1\ARM_Director.ini
14.01.2018 00:13:14:114 || UMyFiles.ExecTaskOnDelete
14.01.2018 00:13:14:114 || UInitForms.InputInSystem
14.01.2018 00:13:14:114 || UInitForms.InputInSystem - Вход в систему выполнен
14.01.2018 00:13:14:114 || UInitForms.InitMainForm
14.01.2018 00:13:14:114 || UInitForms.InitPanelControl
14.01.2018 00:13:14:114 || UCommon.SetMainGridPanel Start
14.01.2018 00:13:14:114 || UCommon.SetMainGridPanel MainGrid=projects
14.01.2018 00:13:14:114 || UCommon.CheckedClipsInList Start Grid=GridClips
14.01.2018 00:13:14:114 || UCommon.CheckedClipsInList Finish Grid=GridClips
14.01.2018 00:13:14:114 || UCommon.SetMainGridPanel Finish
14.01.2018 00:13:14:114 || UInitForms.InitPanelClips
14.01.2018 00:13:14:114 || UGrid.initgrid Grid=GridClips Width=1578
14.01.2018 00:13:14:114 || UInitForms.InitPanelPlayList
14.01.2018 00:13:14:114 || UGrid.initgrid Grid=GridActPlayList Width=1578
14.01.2018 00:13:14:114 || UInitForms.InitPanelProject
14.01.2018 00:13:14:114 || UGrid.initgrid Grid=GridProjects Width=1578
14.01.2018 00:13:14:114 || UGrid.initgrid Grid=GridLists Width=1578
14.01.2018 00:13:14:114 || UInitForms.InitPanelPrepare
14.01.2018 00:13:14:114 || TForm1.CheckBox1Click GridGRTemplate.Visible:=false
14.01.2018 00:13:14:114 || UGrid.initgrid Grid=GridGRTemplate Width=446
14.01.2018 00:13:14:114 || UDrawTimelines.TTLNames.SetDefaultFonts;
14.01.2018 00:13:14:114 || UDrawTimelines.TTLNames.Draw Start
14.01.2018 00:13:14:114 || UDrawTimelines.TZoneScaler.Draw Height=25
14.01.2018 00:13:14:114 || UDrawTimelines.TZoneEditTL.Draw Grid=GridTimeLines Top=45 Height=105
14.01.2018 00:13:14:114 || UDrawTimelines.TZoneEditTL.GridPosition Grid=GridTimeLines Position=-1 IDTimeline=1
14.01.2018 00:13:14:114 || UDrawTimelines.TNamesTL.Init Result=152
14.01.2018 00:13:14:114 || UDrawTimelines.TNamesTL.Draw Grid=GridTimeLines Top=162 Height=113
14.01.2018 00:13:14:114 || UDrawTimelines.TZoneReview.Draw Top=283 Height=45
14.01.2018 00:13:14:114 || UDrawTimelines.TTLNames.Draw Finish
14.01.2018 00:13:30:130 || TAirOneEvent.SendHTTPOneEvent | Access violation at address 0066763B in module 'ARM_Director.exe'. Read of address 0033FFFF
14.01.2018 00:13:30:130 || UInitForms.InitPanelAir
14.01.2018 00:13:30:130 || UMyFiles.LoadGridFromFile Start FileName=G:\home\ARM_editor\АРМ_1\Projects\ListProjects.prjt Grid=GridProjects
14.01.2018 00:13:30:130 || UGrid.TGridRows.SetDefaultFonts
14.01.2018 00:13:30:130 || UGrid.TGridRows.SetDefaultFonts
14.01.2018 00:13:30:130 || UGrid.TGridRows.SetDefaultFonts
14.01.2018 00:13:30:130 || UMyFiles.LoadGridFromFile Finish FileName=G:\home\ARM_editor\АРМ_1\Projects\ListProjects.prjt Grid=GridProjects
14.01.2018 00:13:30:130 || UGrid.findgridselection Grid=GridProjects Cell=2 Result=2
14.01.2018 00:13:30:130 || UCommon.loadoldproject Start
14.01.2018 00:13:30:130 || UCommon.initnewproject Start
14.01.2018 00:13:30:130 || UInitForms.InitPanelPrepare
14.01.2018 00:13:30:130 || TForm1.CheckBox1Click GridGRTemplate.Visible:=false
14.01.2018 00:13:30:130 || UGrid.initgrid Grid=GridGRTemplate Width=446
14.01.2018 00:13:30:130 || UDrawTimelines.TTLNames.SetDefaultFonts;
14.01.2018 00:13:30:130 || UDrawTimelines.TTLNames.Draw Start
14.01.2018 00:13:30:130 || UDrawTimelines.TZoneScaler.Draw Height=25
14.01.2018 00:13:30:130 || UDrawTimelines.TZoneEditTL.Draw Grid=GridTimeLines Top=45 Height=105
14.01.2018 00:13:30:130 || UDrawTimelines.TZoneEditTL.GridPosition Grid=GridTimeLines Position=1 IDTimeline=1
14.01.2018 00:13:30:130 || UDrawTimelines.TNamesTL.Add Result=0 IDTimeline=1
14.01.2018 00:13:30:130 || UDrawTimelines.TNamesTL.Add Result=1 IDTimeline=21
14.01.2018 00:13:30:130 || UDrawTimelines.TNamesTL.Add Result=2 IDTimeline=41
14.01.2018 00:13:30:130 || UDrawTimelines.TNamesTL.Init Result=113
14.01.2018 00:13:30:130 || UDrawTimelines.TNamesTL.Draw Grid=GridTimeLines Top=162 Height=113
14.01.2018 00:13:30:130 || UDrawTimelines.TTimeLineName.Draw Position=0
14.01.2018 00:13:30:130 || UDrawTimelines.TTimeLineName.Draw Position=1
14.01.2018 00:13:30:130 || UDrawTimelines.TTimeLineName.Draw Position=2
14.01.2018 00:13:30:130 || UDrawTimelines.TZoneReview.Draw Top=283 Height=45
14.01.2018 00:13:30:130 || UDrawTimelines.TTLNames.Draw Finish
14.01.2018 00:13:42:142 || Form1.Create Start
14.01.2018 00:13:42:142 || 
14.01.2018 00:13:42:142 || *****************************************************************************************
14.01.2018 00:13:42:142 || *************************               ЗАПУСК ПРОГРАММЫ             *************************
14.01.2018 00:13:42:142 || *************************            Время старта: 00:13:42:03             *************************
14.01.2018 00:13:42:142 || *****************************************************************************************
14.01.2018 00:13:42:142 || UCommon.CreateDirectories NewProject=
14.01.2018 00:13:42:142 || UCommon.CreateDirectories PathFiles=G:\home\ARM_editor\АРМ_1\Clips
14.01.2018 00:13:42:142 || UCommon.CreateDirectories DirProject=G:\home\ARM_editor\АРМ_1\Projects
14.01.2018 00:13:42:142 || UCommon.CreateDirectories Проект не задан
14.01.2018 00:13:42:142 || Начало чтения IniFile: G:\home\ARM_editor\АРМ_1\ARM_Director.ini
14.01.2018 00:13:42:142 || UGrid.TGridRows.SetDefaultFonts
14.01.2018 00:13:42:142 || UGrid.TGridRows.SetDefaultFonts
14.01.2018 00:13:42:142 || UGrid.TGridRows.SetDefaultFonts
14.01.2018 00:13:42:142 || UGrid.TGridRows.SetDefaultFonts
14.01.2018 00:13:42:142 || UGrid.TGridRows.SetDefaultFonts
14.01.2018 00:13:42:142 || UGrid.TGridRows.SetDefaultFonts
14.01.2018 00:13:42:142 || Окончание чтения IniFile: G:\home\ARM_editor\АРМ_1\ARM_Director.ini
14.01.2018 00:13:42:142 || UMyFiles.ExecTaskOnDelete
14.01.2018 00:13:42:142 || UInitForms.InputInSystem
14.01.2018 00:13:42:142 || UInitForms.InputInSystem - Вход в систему выполнен
14.01.2018 00:13:42:142 || UInitForms.InitMainForm
14.01.2018 00:13:42:142 || UInitForms.InitPanelControl
14.01.2018 00:13:42:142 || UCommon.SetMainGridPanel Start
14.01.2018 00:13:42:142 || UCommon.SetMainGridPanel MainGrid=projects
14.01.2018 00:13:42:142 || UCommon.CheckedClipsInList Start Grid=GridClips
14.01.2018 00:13:42:142 || UCommon.CheckedClipsInList Finish Grid=GridClips
14.01.2018 00:13:42:142 || UCommon.SetMainGridPanel Finish
14.01.2018 00:13:42:142 || UInitForms.InitPanelClips
14.01.2018 00:13:42:142 || UGrid.initgrid Grid=GridClips Width=1578
14.01.2018 00:13:42:142 || UInitForms.InitPanelPlayList
14.01.2018 00:13:42:142 || UGrid.initgrid Grid=GridActPlayList Width=1578
14.01.2018 00:13:42:142 || UInitForms.InitPanelProject
14.01.2018 00:13:42:142 || UGrid.initgrid Grid=GridProjects Width=1578
14.01.2018 00:13:42:142 || UGrid.initgrid Grid=GridLists Width=1578
14.01.2018 00:13:42:142 || UInitForms.InitPanelPrepare
14.01.2018 00:13:42:142 || TForm1.CheckBox1Click GridGRTemplate.Visible:=false
14.01.2018 00:13:42:142 || UGrid.initgrid Grid=GridGRTemplate Width=446
14.01.2018 00:13:42:142 || UDrawTimelines.TTLNames.SetDefaultFonts;
14.01.2018 00:13:42:142 || UDrawTimelines.TTLNames.Draw Start
14.01.2018 00:13:42:142 || UDrawTimelines.TZoneScaler.Draw Height=25
14.01.2018 00:13:42:142 || UDrawTimelines.TZoneEditTL.Draw Grid=GridTimeLines Top=45 Height=105
14.01.2018 00:13:42:142 || UDrawTimelines.TZoneEditTL.GridPosition Grid=GridTimeLines Position=-1 IDTimeline=1
14.01.2018 00:13:42:142 || UDrawTimelines.TNamesTL.Init Result=152
14.01.2018 00:13:42:142 || UDrawTimelines.TNamesTL.Draw Grid=GridTimeLines Top=162 Height=113
14.01.2018 00:13:42:142 || UDrawTimelines.TZoneReview.Draw Top=283 Height=45
14.01.2018 00:13:42:142 || UDrawTimelines.TTLNames.Draw Finish
14.01.2018 00:14:17:117 || Form1.Create Start
14.01.2018 00:14:17:117 || 
14.01.2018 00:14:17:117 || *****************************************************************************************
14.01.2018 00:14:17:117 || *************************               ЗАПУСК ПРОГРАММЫ             *************************
14.01.2018 00:14:17:117 || *************************            Время старта: 00:14:17:16             *************************
14.01.2018 00:14:17:117 || *****************************************************************************************
14.01.2018 00:14:17:117 || UCommon.CreateDirectories NewProject=
14.01.2018 00:14:17:117 || UCommon.CreateDirectories PathFiles=G:\home\ARM_editor\АРМ_1\Clips
14.01.2018 00:14:17:117 || UCommon.CreateDirectories DirProject=G:\home\ARM_editor\АРМ_1\Projects
14.01.2018 00:14:17:117 || UCommon.CreateDirectories Проект не задан
14.01.2018 00:14:17:117 || Начало чтения IniFile: G:\home\ARM_editor\АРМ_1\ARM_Director.ini
14.01.2018 00:14:17:117 || UGrid.TGridRows.SetDefaultFonts
14.01.2018 00:14:17:117 || UGrid.TGridRows.SetDefaultFonts
14.01.2018 00:14:17:117 || UGrid.TGridRows.SetDefaultFonts
14.01.2018 00:14:17:117 || UGrid.TGridRows.SetDefaultFonts
14.01.2018 00:14:17:117 || UGrid.TGridRows.SetDefaultFonts
14.01.2018 00:14:17:117 || UGrid.TGridRows.SetDefaultFonts
14.01.2018 00:14:17:117 || Окончание чтения IniFile: G:\home\ARM_editor\АРМ_1\ARM_Director.ini
14.01.2018 00:14:17:117 || UMyFiles.ExecTaskOnDelete
14.01.2018 00:14:17:117 || UInitForms.InputInSystem
14.01.2018 00:14:17:117 || UInitForms.InputInSystem - Вход в систему выполнен
14.01.2018 00:14:17:117 || UInitForms.InitMainForm
14.01.2018 00:14:17:117 || UInitForms.InitPanelControl
14.01.2018 00:14:17:117 || UCommon.SetMainGridPanel Start
14.01.2018 00:14:17:117 || UCommon.SetMainGridPanel MainGrid=projects
14.01.2018 00:14:17:117 || UCommon.CheckedClipsInList Start Grid=GridClips
14.01.2018 00:14:17:117 || UCommon.CheckedClipsInList Finish Grid=GridClips
14.01.2018 00:14:17:117 || UCommon.SetMainGridPanel Finish
14.01.2018 00:14:17:117 || UInitForms.InitPanelClips
14.01.2018 00:14:17:117 || UGrid.initgrid Grid=GridClips Width=1578
14.01.2018 00:14:17:117 || UInitForms.InitPanelPlayList
14.01.2018 00:14:17:117 || UGrid.initgrid Grid=GridActPlayList Width=1578
14.01.2018 00:14:17:117 || UInitForms.InitPanelProject
14.01.2018 00:14:17:117 || UGrid.initgrid Grid=GridProjects Width=1578
14.01.2018 00:14:17:117 || UGrid.initgrid Grid=GridLists Width=1578
14.01.2018 00:14:17:117 || UInitForms.InitPanelPrepare
14.01.2018 00:14:17:117 || TForm1.CheckBox1Click GridGRTemplate.Visible:=false
14.01.2018 00:14:17:117 || UGrid.initgrid Grid=GridGRTemplate Width=446
14.01.2018 00:14:17:117 || UDrawTimelines.TTLNames.SetDefaultFonts;
14.01.2018 00:14:17:117 || UDrawTimelines.TTLNames.Draw Start
14.01.2018 00:14:17:117 || UDrawTimelines.TZoneScaler.Draw Height=25
14.01.2018 00:14:17:117 || UDrawTimelines.TZoneEditTL.Draw Grid=GridTimeLines Top=45 Height=105
14.01.2018 00:14:17:117 || UDrawTimelines.TZoneEditTL.GridPosition Grid=GridTimeLines Position=-1 IDTimeline=1
14.01.2018 00:14:17:117 || UDrawTimelines.TNamesTL.Init Result=152
14.01.2018 00:14:17:117 || UDrawTimelines.TNamesTL.Draw Grid=GridTimeLines Top=162 Height=113
14.01.2018 00:14:17:117 || UDrawTimelines.TZoneReview.Draw Top=283 Height=45
14.01.2018 00:14:17:117 || UDrawTimelines.TTLNames.Draw Finish
14.01.2018 00:27:22:122 || Form1.Create Start
14.01.2018 00:27:22:122 || 
14.01.2018 00:27:22:122 || *****************************************************************************************
14.01.2018 00:27:22:122 || *************************               ЗАПУСК ПРОГРАММЫ             *************************
14.01.2018 00:27:22:122 || *************************            Время старта: 00:27:22:18             *************************
14.01.2018 00:27:22:122 || *****************************************************************************************
14.01.2018 00:27:22:122 || UCommon.CreateDirectories NewProject=
14.01.2018 00:27:22:122 || UCommon.CreateDirectories PathFiles=G:\home\ARM_editor\АРМ_1\Clips
14.01.2018 00:27:22:122 || UCommon.CreateDirectories DirProject=G:\home\ARM_editor\АРМ_1\Projects
14.01.2018 00:27:22:122 || UCommon.CreateDirectories Проект не задан
14.01.2018 00:27:22:122 || Начало чтения IniFile: G:\home\ARM_editor\АРМ_1\ARM_Director.ini
14.01.2018 00:27:22:122 || UGrid.TGridRows.SetDefaultFonts
14.01.2018 00:27:22:122 || UGrid.TGridRows.SetDefaultFonts
14.01.2018 00:27:22:122 || UGrid.TGridRows.SetDefaultFonts
14.01.2018 00:27:22:122 || UGrid.TGridRows.SetDefaultFonts
14.01.2018 00:27:22:122 || UGrid.TGridRows.SetDefaultFonts
14.01.2018 00:27:22:122 || UGrid.TGridRows.SetDefaultFonts
14.01.2018 00:27:22:122 || Окончание чтения IniFile: G:\home\ARM_editor\АРМ_1\ARM_Director.ini
14.01.2018 00:27:22:122 || UMyFiles.ExecTaskOnDelete
14.01.2018 00:27:22:122 || UInitForms.InputInSystem
14.01.2018 00:27:22:122 || UInitForms.InputInSystem - Вход в систему выполнен
14.01.2018 00:27:22:122 || UInitForms.InitMainForm
14.01.2018 00:27:22:122 || UInitForms.InitPanelControl
14.01.2018 00:27:22:122 || UCommon.SetMainGridPanel Start
14.01.2018 00:27:22:122 || UCommon.SetMainGridPanel MainGrid=projects
14.01.2018 00:27:22:122 || UCommon.CheckedClipsInList Start Grid=GridClips
14.01.2018 00:27:22:122 || UCommon.CheckedClipsInList Finish Grid=GridClips
14.01.2018 00:27:22:122 || UCommon.SetMainGridPanel Finish
14.01.2018 00:27:22:122 || UInitForms.InitPanelClips
14.01.2018 00:27:22:122 || UGrid.initgrid Grid=GridClips Width=1578
14.01.2018 00:27:22:122 || UInitForms.InitPanelPlayList
14.01.2018 00:27:22:122 || UGrid.initgrid Grid=GridActPlayList Width=1578
14.01.2018 00:27:22:122 || UInitForms.InitPanelProject
14.01.2018 00:27:22:122 || UGrid.initgrid Grid=GridProjects Width=1578
14.01.2018 00:27:22:122 || UGrid.initgrid Grid=GridLists Width=1578
14.01.2018 00:27:22:122 || UInitForms.InitPanelPrepare
14.01.2018 00:27:22:122 || TForm1.CheckBox1Click GridGRTemplate.Visible:=false
14.01.2018 00:27:22:122 || UGrid.initgrid Grid=GridGRTemplate Width=446
14.01.2018 00:27:22:122 || UDrawTimelines.TTLNames.SetDefaultFonts;
14.01.2018 00:27:22:122 || UDrawTimelines.TTLNames.Draw Start
14.01.2018 00:27:22:122 || UDrawTimelines.TZoneScaler.Draw Height=25
14.01.2018 00:27:22:122 || UDrawTimelines.TZoneEditTL.Draw Grid=GridTimeLines Top=45 Height=105
14.01.2018 00:27:22:122 || UDrawTimelines.TZoneEditTL.GridPosition Grid=GridTimeLines Position=-1 IDTimeline=1
14.01.2018 00:27:22:122 || UDrawTimelines.TNamesTL.Init Result=152
14.01.2018 00:27:22:122 || UDrawTimelines.TNamesTL.Draw Grid=GridTimeLines Top=162 Height=113
14.01.2018 00:27:22:122 || UDrawTimelines.TZoneReview.Draw Top=283 Height=45
14.01.2018 00:27:22:122 || UDrawTimelines.TTLNames.Draw Finish
14.01.2018 00:27:49:149 || Form1.Create Start
14.01.2018 00:27:49:149 || 
14.01.2018 00:27:49:149 || *****************************************************************************************
14.01.2018 00:27:49:149 || *************************               ЗАПУСК ПРОГРАММЫ             *************************
14.01.2018 00:27:49:149 || *************************            Время старта: 00:27:49:19             *************************
14.01.2018 00:27:49:149 || *****************************************************************************************
14.01.2018 00:27:49:149 || UCommon.CreateDirectories NewProject=
14.01.2018 00:27:49:149 || UCommon.CreateDirectories PathFiles=G:\home\ARM_editor\АРМ_1\Clips
14.01.2018 00:27:49:149 || UCommon.CreateDirectories DirProject=G:\home\ARM_editor\АРМ_1\Projects
14.01.2018 00:27:49:149 || UCommon.CreateDirectories Проект не задан
14.01.2018 00:27:49:149 || Начало чтения IniFile: G:\home\ARM_editor\АРМ_1\ARM_Director.ini
14.01.2018 00:27:49:149 || UGrid.TGridRows.SetDefaultFonts
14.01.2018 00:27:49:149 || UGrid.TGridRows.SetDefaultFonts
14.01.2018 00:27:49:149 || UGrid.TGridRows.SetDefaultFonts
14.01.2018 00:27:49:149 || UGrid.TGridRows.SetDefaultFonts
14.01.2018 00:27:49:149 || UGrid.TGridRows.SetDefaultFonts
14.01.2018 00:27:49:149 || UGrid.TGridRows.SetDefaultFonts
14.01.2018 00:27:49:149 || Окончание чтения IniFile: G:\home\ARM_editor\АРМ_1\ARM_Director.ini
14.01.2018 00:27:49:149 || UMyFiles.ExecTaskOnDelete
14.01.2018 00:27:49:149 || UInitForms.InputInSystem
14.01.2018 00:27:49:149 || UInitForms.InputInSystem - Вход в систему выполнен
14.01.2018 00:27:49:149 || UInitForms.InitMainForm
14.01.2018 00:27:49:149 || UInitForms.InitPanelControl
14.01.2018 00:27:49:149 || UCommon.SetMainGridPanel Start
14.01.2018 00:27:49:149 || UCommon.SetMainGridPanel MainGrid=projects
14.01.2018 00:27:49:149 || UCommon.CheckedClipsInList Start Grid=GridClips
14.01.2018 00:27:49:149 || UCommon.CheckedClipsInList Finish Grid=GridClips
14.01.2018 00:27:49:149 || UCommon.SetMainGridPanel Finish
14.01.2018 00:27:49:149 || UInitForms.InitPanelClips
14.01.2018 00:27:49:149 || UGrid.initgrid Grid=GridClips Width=1578
14.01.2018 00:27:49:149 || UInitForms.InitPanelPlayList
14.01.2018 00:27:49:149 || UGrid.initgrid Grid=GridActPlayList Width=1578
14.01.2018 00:27:49:149 || UInitForms.InitPanelProject
14.01.2018 00:27:49:149 || UGrid.initgrid Grid=GridProjects Width=1578
14.01.2018 00:27:49:149 || UGrid.initgrid Grid=GridLists Width=1578
14.01.2018 00:27:49:149 || UInitForms.InitPanelPrepare
14.01.2018 00:27:49:149 || TForm1.CheckBox1Click GridGRTemplate.Visible:=false
14.01.2018 00:27:49:149 || UGrid.initgrid Grid=GridGRTemplate Width=446
14.01.2018 00:27:49:149 || UDrawTimelines.TTLNames.SetDefaultFonts;
14.01.2018 00:27:49:149 || UDrawTimelines.TTLNames.Draw Start
14.01.2018 00:27:49:149 || UDrawTimelines.TZoneScaler.Draw Height=25
14.01.2018 00:27:49:149 || UDrawTimelines.TZoneEditTL.Draw Grid=GridTimeLines Top=45 Height=105
14.01.2018 00:27:49:149 || UDrawTimelines.TZoneEditTL.GridPosition Grid=GridTimeLines Position=-1 IDTimeline=1
14.01.2018 00:27:49:149 || UDrawTimelines.TNamesTL.Init Result=152
14.01.2018 00:27:49:149 || UDrawTimelines.TNamesTL.Draw Grid=GridTimeLines Top=162 Height=113
14.01.2018 00:27:49:149 || UDrawTimelines.TZoneReview.Draw Top=283 Height=45
14.01.2018 00:27:49:149 || UDrawTimelines.TTLNames.Draw Finish
14.01.2018 00:29:44:144 || Form1.Create Start
14.01.2018 00:29:44:144 || 
14.01.2018 00:29:44:144 || *****************************************************************************************
14.01.2018 00:29:44:144 || *************************               ЗАПУСК ПРОГРАММЫ             *************************
14.01.2018 00:29:44:144 || *************************            Время старта: 00:29:44:06             *************************
14.01.2018 00:29:44:144 || *****************************************************************************************
14.01.2018 00:29:44:144 || UCommon.CreateDirectories NewProject=
14.01.2018 00:29:44:144 || UCommon.CreateDirectories PathFiles=G:\home\ARM_editor\АРМ_1\Clips
14.01.2018 00:29:44:144 || UCommon.CreateDirectories DirProject=G:\home\ARM_editor\АРМ_1\Projects
14.01.2018 00:29:44:144 || UCommon.CreateDirectories Проект не задан
14.01.2018 00:29:44:144 || Начало чтения IniFile: G:\home\ARM_editor\АРМ_1\ARM_Director.ini
14.01.2018 00:29:44:144 || UGrid.TGridRows.SetDefaultFonts
14.01.2018 00:29:44:144 || UGrid.TGridRows.SetDefaultFonts
14.01.2018 00:29:44:144 || UGrid.TGridRows.SetDefaultFonts
14.01.2018 00:29:44:144 || UGrid.TGridRows.SetDefaultFonts
14.01.2018 00:29:44:144 || UGrid.TGridRows.SetDefaultFonts
14.01.2018 00:29:44:144 || UGrid.TGridRows.SetDefaultFonts
14.01.2018 00:29:44:144 || Окончание чтения IniFile: G:\home\ARM_editor\АРМ_1\ARM_Director.ini
14.01.2018 00:29:44:144 || UMyFiles.ExecTaskOnDelete
14.01.2018 00:29:44:144 || UInitForms.InputInSystem
14.01.2018 00:29:44:144 || UInitForms.InputInSystem - Вход в систему выполнен
14.01.2018 00:29:44:144 || UInitForms.InitMainForm
14.01.2018 00:29:44:144 || UInitForms.InitPanelControl
14.01.2018 00:29:44:144 || UCommon.SetMainGridPanel Start
14.01.2018 00:29:44:144 || UCommon.SetMainGridPanel MainGrid=projects
14.01.2018 00:29:44:144 || UCommon.CheckedClipsInList Start Grid=GridClips
14.01.2018 00:29:44:144 || UCommon.CheckedClipsInList Finish Grid=GridClips
14.01.2018 00:29:44:144 || UCommon.SetMainGridPanel Finish
14.01.2018 00:29:44:144 || UInitForms.InitPanelClips
14.01.2018 00:29:44:144 || UGrid.initgrid Grid=GridClips Width=1578
14.01.2018 00:29:44:144 || UInitForms.InitPanelPlayList
14.01.2018 00:29:44:144 || UGrid.initgrid Grid=GridActPlayList Width=1578
14.01.2018 00:29:44:144 || UInitForms.InitPanelProject
14.01.2018 00:29:44:144 || UGrid.initgrid Grid=GridProjects Width=1578
14.01.2018 00:29:44:144 || UGrid.initgrid Grid=GridLists Width=1578
14.01.2018 00:29:44:144 || UInitForms.InitPanelPrepare
14.01.2018 00:29:44:144 || TForm1.CheckBox1Click GridGRTemplate.Visible:=false
14.01.2018 00:29:44:144 || UGrid.initgrid Grid=GridGRTemplate Width=446
14.01.2018 00:29:44:144 || UDrawTimelines.TTLNames.SetDefaultFonts;
14.01.2018 00:29:44:144 || UDrawTimelines.TTLNames.Draw Start
14.01.2018 00:29:44:144 || UDrawTimelines.TZoneScaler.Draw Height=25
14.01.2018 00:29:44:144 || UDrawTimelines.TZoneEditTL.Draw Grid=GridTimeLines Top=45 Height=105
14.01.2018 00:29:44:144 || UDrawTimelines.TZoneEditTL.GridPosition Grid=GridTimeLines Position=-1 IDTimeline=1
14.01.2018 00:29:44:144 || UDrawTimelines.TNamesTL.Init Result=152
14.01.2018 00:29:44:144 || UDrawTimelines.TNamesTL.Draw Grid=GridTimeLines Top=162 Height=113
14.01.2018 00:29:44:144 || UDrawTimelines.TZoneReview.Draw Top=283 Height=45
14.01.2018 00:29:44:144 || UDrawTimelines.TTLNames.Draw Finish
14.01.2018 00:30:10:110 || Form1.Create Start
14.01.2018 00:30:10:110 || 
14.01.2018 00:30:10:110 || *****************************************************************************************
14.01.2018 00:30:10:110 || *************************               ЗАПУСК ПРОГРАММЫ             *************************
14.01.2018 00:30:10:110 || *************************            Время старта: 00:30:10:11             *************************
14.01.2018 00:30:10:110 || *****************************************************************************************
14.01.2018 00:30:10:110 || UCommon.CreateDirectories NewProject=
14.01.2018 00:30:10:110 || UCommon.CreateDirectories PathFiles=G:\home\ARM_editor\АРМ_1\Clips
14.01.2018 00:30:10:110 || UCommon.CreateDirectories DirProject=G:\home\ARM_editor\АРМ_1\Projects
14.01.2018 00:30:10:110 || UCommon.CreateDirectories Проект не задан
14.01.2018 00:30:10:110 || Начало чтения IniFile: G:\home\ARM_editor\АРМ_1\ARM_Director.ini
14.01.2018 00:30:10:110 || UGrid.TGridRows.SetDefaultFonts
14.01.2018 00:30:10:110 || UGrid.TGridRows.SetDefaultFonts
14.01.2018 00:30:10:110 || UGrid.TGridRows.SetDefaultFonts
14.01.2018 00:30:10:110 || UGrid.TGridRows.SetDefaultFonts
14.01.2018 00:30:10:110 || UGrid.TGridRows.SetDefaultFonts
14.01.2018 00:30:10:110 || UGrid.TGridRows.SetDefaultFonts
14.01.2018 00:30:10:110 || Окончание чтения IniFile: G:\home\ARM_editor\АРМ_1\ARM_Director.ini
14.01.2018 00:30:10:110 || UMyFiles.ExecTaskOnDelete
14.01.2018 00:30:10:110 || UInitForms.InputInSystem
14.01.2018 00:30:10:110 || UInitForms.InputInSystem - Вход в систему выполнен
14.01.2018 00:30:10:110 || UInitForms.InitMainForm
14.01.2018 00:30:10:110 || UInitForms.InitPanelControl
14.01.2018 00:30:10:110 || UCommon.SetMainGridPanel Start
14.01.2018 00:30:10:110 || UCommon.SetMainGridPanel MainGrid=projects
14.01.2018 00:30:10:110 || UCommon.CheckedClipsInList Start Grid=GridClips
14.01.2018 00:30:10:110 || UCommon.CheckedClipsInList Finish Grid=GridClips
14.01.2018 00:30:10:110 || UCommon.SetMainGridPanel Finish
14.01.2018 00:30:10:110 || UInitForms.InitPanelClips
14.01.2018 00:30:10:110 || UGrid.initgrid Grid=GridClips Width=1578
14.01.2018 00:30:10:110 || UInitForms.InitPanelPlayList
14.01.2018 00:30:10:110 || UGrid.initgrid Grid=GridActPlayList Width=1578
14.01.2018 00:30:10:110 || UInitForms.InitPanelProject
14.01.2018 00:30:10:110 || UGrid.initgrid Grid=GridProjects Width=1578
14.01.2018 00:30:10:110 || UGrid.initgrid Grid=GridLists Width=1578
14.01.2018 00:30:10:110 || UInitForms.InitPanelPrepare
14.01.2018 00:30:10:110 || TForm1.CheckBox1Click GridGRTemplate.Visible:=false
14.01.2018 00:30:10:110 || UGrid.initgrid Grid=GridGRTemplate Width=446
14.01.2018 00:30:10:110 || UDrawTimelines.TTLNames.SetDefaultFonts;
14.01.2018 00:30:10:110 || UDrawTimelines.TTLNames.Draw Start
14.01.2018 00:30:10:110 || UDrawTimelines.TZoneScaler.Draw Height=25
14.01.2018 00:30:10:110 || UDrawTimelines.TZoneEditTL.Draw Grid=GridTimeLines Top=45 Height=105
14.01.2018 00:30:10:110 || UDrawTimelines.TZoneEditTL.GridPosition Grid=GridTimeLines Position=-1 IDTimeline=1
14.01.2018 00:30:10:110 || UDrawTimelines.TNamesTL.Init Result=152
14.01.2018 00:30:10:110 || UDrawTimelines.TNamesTL.Draw Grid=GridTimeLines Top=162 Height=113
14.01.2018 00:30:10:110 || UDrawTimelines.TZoneReview.Draw Top=283 Height=45
14.01.2018 00:30:10:110 || UDrawTimelines.TTLNames.Draw Finish
14.01.2018 00:43:08:18 || Form1.Create Start
14.01.2018 00:43:08:18 || 
14.01.2018 00:43:08:18 || *****************************************************************************************
14.01.2018 00:43:08:18 || *************************               ЗАПУСК ПРОГРАММЫ             *************************
14.01.2018 00:43:08:18 || *************************            Время старта: 00:43:08:04             *************************
14.01.2018 00:43:08:18 || *****************************************************************************************
14.01.2018 00:43:08:18 || UCommon.CreateDirectories NewProject=
14.01.2018 00:43:08:18 || UCommon.CreateDirectories PathFiles=G:\home\ARM_editor\АРМ_1\Clips
14.01.2018 00:43:08:18 || UCommon.CreateDirectories DirProject=G:\home\ARM_editor\АРМ_1\Projects
14.01.2018 00:43:08:18 || UCommon.CreateDirectories Проект не задан
14.01.2018 00:43:08:18 || Начало чтения IniFile: G:\home\ARM_editor\АРМ_1\ARM_Director.ini
14.01.2018 00:43:08:18 || UGrid.TGridRows.SetDefaultFonts
14.01.2018 00:43:08:18 || UGrid.TGridRows.SetDefaultFonts
14.01.2018 00:43:08:18 || UGrid.TGridRows.SetDefaultFonts
14.01.2018 00:43:08:18 || UGrid.TGridRows.SetDefaultFonts
14.01.2018 00:43:08:18 || UGrid.TGridRows.SetDefaultFonts
14.01.2018 00:43:08:18 || UGrid.TGridRows.SetDefaultFonts
14.01.2018 00:43:08:18 || Окончание чтения IniFile: G:\home\ARM_editor\АРМ_1\ARM_Director.ini
14.01.2018 00:43:08:18 || UMyFiles.ExecTaskOnDelete
14.01.2018 00:43:08:18 || UInitForms.InputInSystem
14.01.2018 00:43:08:18 || UInitForms.InputInSystem - Вход в систему выполнен
14.01.2018 00:43:08:18 || UInitForms.InitMainForm
14.01.2018 00:43:08:18 || UInitForms.InitPanelControl
14.01.2018 00:43:08:18 || UCommon.SetMainGridPanel Start
14.01.2018 00:43:08:18 || UCommon.SetMainGridPanel MainGrid=projects
14.01.2018 00:43:08:18 || UCommon.CheckedClipsInList Start Grid=GridClips
14.01.2018 00:43:08:18 || UCommon.CheckedClipsInList Finish Grid=GridClips
14.01.2018 00:43:08:18 || UCommon.SetMainGridPanel Finish
14.01.2018 00:43:08:18 || UInitForms.InitPanelClips
14.01.2018 00:43:08:18 || UGrid.initgrid Grid=GridClips Width=1578
14.01.2018 00:43:08:18 || UInitForms.InitPanelPlayList
14.01.2018 00:43:08:18 || UGrid.initgrid Grid=GridActPlayList Width=1578
14.01.2018 00:43:08:18 || UInitForms.InitPanelProject
14.01.2018 00:43:08:18 || UGrid.initgrid Grid=GridProjects Width=1578
14.01.2018 00:43:08:18 || UGrid.initgrid Grid=GridLists Width=1578
14.01.2018 00:43:08:18 || UInitForms.InitPanelPrepare
14.01.2018 00:43:08:18 || TForm1.CheckBox1Click GridGRTemplate.Visible:=false
14.01.2018 00:43:08:18 || UGrid.initgrid Grid=GridGRTemplate Width=446
14.01.2018 00:43:08:18 || UDrawTimelines.TTLNames.SetDefaultFonts;
14.01.2018 00:43:08:18 || UDrawTimelines.TTLNames.Draw Start
14.01.2018 00:43:08:18 || UDrawTimelines.TZoneScaler.Draw Height=25
14.01.2018 00:43:08:18 || UDrawTimelines.TZoneEditTL.Draw Grid=GridTimeLines Top=45 Height=105
14.01.2018 00:43:08:18 || UDrawTimelines.TZoneEditTL.GridPosition Grid=GridTimeLines Position=-1 IDTimeline=1
14.01.2018 00:43:08:18 || UDrawTimelines.TNamesTL.Init Result=152
14.01.2018 00:43:08:18 || UDrawTimelines.TNamesTL.Draw Grid=GridTimeLines Top=162 Height=113
14.01.2018 00:43:08:18 || UDrawTimelines.TZoneReview.Draw Top=283 Height=45
14.01.2018 00:43:08:18 || UDrawTimelines.TTLNames.Draw Finish
14.01.2018 00:43:47:147 || Form1.Create Start
14.01.2018 00:43:47:147 || 
14.01.2018 00:43:47:147 || *****************************************************************************************
14.01.2018 00:43:47:147 || *************************               ЗАПУСК ПРОГРАММЫ             *************************
14.01.2018 00:43:47:147 || *************************            Время старта: 00:43:47:10             *************************
14.01.2018 00:43:47:147 || *****************************************************************************************
14.01.2018 00:43:47:147 || UCommon.CreateDirectories NewProject=
14.01.2018 00:43:47:147 || UCommon.CreateDirectories PathFiles=G:\home\ARM_editor\АРМ_1\Clips
14.01.2018 00:43:47:147 || UCommon.CreateDirectories DirProject=G:\home\ARM_editor\АРМ_1\Projects
14.01.2018 00:43:47:147 || UCommon.CreateDirectories Проект не задан
14.01.2018 00:43:47:147 || Начало чтения IniFile: G:\home\ARM_editor\АРМ_1\ARM_Director.ini
14.01.2018 00:43:47:147 || UGrid.TGridRows.SetDefaultFonts
14.01.2018 00:43:47:147 || UGrid.TGridRows.SetDefaultFonts
14.01.2018 00:43:47:147 || UGrid.TGridRows.SetDefaultFonts
14.01.2018 00:43:47:147 || UGrid.TGridRows.SetDefaultFonts
14.01.2018 00:43:47:147 || UGrid.TGridRows.SetDefaultFonts
14.01.2018 00:43:47:147 || UGrid.TGridRows.SetDefaultFonts
14.01.2018 00:43:47:147 || Окончание чтения IniFile: G:\home\ARM_editor\АРМ_1\ARM_Director.ini
14.01.2018 00:43:47:147 || UMyFiles.ExecTaskOnDelete
14.01.2018 00:43:47:147 || UInitForms.InputInSystem
14.01.2018 00:43:47:147 || UInitForms.InputInSystem - Вход в систему выполнен
14.01.2018 00:43:47:147 || UInitForms.InitMainForm
14.01.2018 00:43:47:147 || UInitForms.InitPanelControl
14.01.2018 00:43:47:147 || UCommon.SetMainGridPanel Start
14.01.2018 00:43:47:147 || UCommon.SetMainGridPanel MainGrid=projects
14.01.2018 00:43:47:147 || UCommon.CheckedClipsInList Start Grid=GridClips
14.01.2018 00:43:47:147 || UCommon.CheckedClipsInList Finish Grid=GridClips
14.01.2018 00:43:47:147 || UCommon.SetMainGridPanel Finish
14.01.2018 00:43:47:147 || UInitForms.InitPanelClips
14.01.2018 00:43:47:147 || UGrid.initgrid Grid=GridClips Width=1578
14.01.2018 00:43:47:147 || UInitForms.InitPanelPlayList
14.01.2018 00:43:47:147 || UGrid.initgrid Grid=GridActPlayList Width=1578
14.01.2018 00:43:47:147 || UInitForms.InitPanelProject
14.01.2018 00:43:47:147 || UGrid.initgrid Grid=GridProjects Width=1578
14.01.2018 00:43:47:147 || UGrid.initgrid Grid=GridLists Width=1578
14.01.2018 00:43:47:147 || UInitForms.InitPanelPrepare
14.01.2018 00:43:47:147 || TForm1.CheckBox1Click GridGRTemplate.Visible:=false
14.01.2018 00:43:47:147 || UGrid.initgrid Grid=GridGRTemplate Width=446
14.01.2018 00:43:47:147 || UDrawTimelines.TTLNames.SetDefaultFonts;
14.01.2018 00:43:47:147 || UDrawTimelines.TTLNames.Draw Start
14.01.2018 00:43:47:147 || UDrawTimelines.TZoneScaler.Draw Height=25
14.01.2018 00:43:47:147 || UDrawTimelines.TZoneEditTL.Draw Grid=GridTimeLines Top=45 Height=105
14.01.2018 00:43:47:147 || UDrawTimelines.TZoneEditTL.GridPosition Grid=GridTimeLines Position=-1 IDTimeline=1
14.01.2018 00:43:47:147 || UDrawTimelines.TNamesTL.Init Result=152
14.01.2018 00:43:47:147 || UDrawTimelines.TNamesTL.Draw Grid=GridTimeLines Top=162 Height=113
14.01.2018 00:43:47:147 || UDrawTimelines.TZoneReview.Draw Top=283 Height=45
14.01.2018 00:43:47:147 || UDrawTimelines.TTLNames.Draw Finish
14.01.2018 00:44:47:147 || Form1.Create Start
14.01.2018 00:44:47:147 || 
14.01.2018 00:44:47:147 || *****************************************************************************************
14.01.2018 00:44:47:147 || *************************               ЗАПУСК ПРОГРАММЫ             *************************
14.01.2018 00:44:47:147 || *************************            Время старта: 00:44:47:13             *************************
14.01.2018 00:44:47:147 || *****************************************************************************************
14.01.2018 00:44:47:147 || UCommon.CreateDirectories NewProject=
14.01.2018 00:44:47:147 || UCommon.CreateDirectories PathFiles=G:\home\ARM_editor\АРМ_1\Clips
14.01.2018 00:44:47:147 || UCommon.CreateDirectories DirProject=G:\home\ARM_editor\АРМ_1\Projects
14.01.2018 00:44:47:147 || UCommon.CreateDirectories Проект не задан
14.01.2018 00:44:47:147 || Начало чтения IniFile: G:\home\ARM_editor\АРМ_1\ARM_Director.ini
14.01.2018 00:44:47:147 || UGrid.TGridRows.SetDefaultFonts
14.01.2018 00:44:47:147 || UGrid.TGridRows.SetDefaultFonts
14.01.2018 00:44:47:147 || UGrid.TGridRows.SetDefaultFonts
14.01.2018 00:44:47:147 || UGrid.TGridRows.SetDefaultFonts
14.01.2018 00:44:47:147 || UGrid.TGridRows.SetDefaultFonts
14.01.2018 00:44:47:147 || UGrid.TGridRows.SetDefaultFonts
14.01.2018 00:44:47:147 || Окончание чтения IniFile: G:\home\ARM_editor\АРМ_1\ARM_Director.ini
14.01.2018 00:44:47:147 || UMyFiles.ExecTaskOnDelete
14.01.2018 00:44:47:147 || UInitForms.InputInSystem
14.01.2018 00:44:47:147 || UInitForms.InputInSystem - Вход в систему выполнен
14.01.2018 00:44:47:147 || UInitForms.InitMainForm
14.01.2018 00:44:47:147 || UInitForms.InitPanelControl
14.01.2018 00:44:47:147 || UCommon.SetMainGridPanel Start
14.01.2018 00:44:47:147 || UCommon.SetMainGridPanel MainGrid=projects
14.01.2018 00:44:47:147 || UCommon.CheckedClipsInList Start Grid=GridClips
14.01.2018 00:44:47:147 || UCommon.CheckedClipsInList Finish Grid=GridClips
14.01.2018 00:44:47:147 || UCommon.SetMainGridPanel Finish
14.01.2018 00:44:47:147 || UInitForms.InitPanelClips
14.01.2018 00:44:47:147 || UGrid.initgrid Grid=GridClips Width=1578
14.01.2018 00:44:47:147 || UInitForms.InitPanelPlayList
14.01.2018 00:44:47:147 || UGrid.initgrid Grid=GridActPlayList Width=1578
14.01.2018 00:44:47:147 || UInitForms.InitPanelProject
14.01.2018 00:44:47:147 || UGrid.initgrid Grid=GridProjects Width=1578
14.01.2018 00:44:47:147 || UGrid.initgrid Grid=GridLists Width=1578
14.01.2018 00:44:47:147 || UInitForms.InitPanelPrepare
14.01.2018 00:44:47:147 || TForm1.CheckBox1Click GridGRTemplate.Visible:=false
14.01.2018 00:44:47:147 || UGrid.initgrid Grid=GridGRTemplate Width=446
14.01.2018 00:44:47:147 || UDrawTimelines.TTLNames.SetDefaultFonts;
14.01.2018 00:44:47:147 || UDrawTimelines.TTLNames.Draw Start
14.01.2018 00:44:47:147 || UDrawTimelines.TZoneScaler.Draw Height=25
14.01.2018 00:44:47:147 || UDrawTimelines.TZoneEditTL.Draw Grid=GridTimeLines Top=45 Height=105
14.01.2018 00:44:47:147 || UDrawTimelines.TZoneEditTL.GridPosition Grid=GridTimeLines Position=-1 IDTimeline=1
14.01.2018 00:44:47:147 || UDrawTimelines.TNamesTL.Init Result=152
14.01.2018 00:44:47:147 || UDrawTimelines.TNamesTL.Draw Grid=GridTimeLines Top=162 Height=113
14.01.2018 00:44:47:147 || UDrawTimelines.TZoneReview.Draw Top=283 Height=45
14.01.2018 00:44:47:147 || UDrawTimelines.TTLNames.Draw Finish
