08.02.2018 10:27:09:29 || Form1.Create Start
08.02.2018 10:27:09:29 || 
08.02.2018 10:27:09:29 || *****************************************************************************************
08.02.2018 10:27:09:29 || *************************               ЗАПУСК ПРОГРАММЫ             *************************
08.02.2018 10:27:09:29 || *************************            Время старта: 10:27:09:18             *************************
08.02.2018 10:27:09:29 || *****************************************************************************************
08.02.2018 10:27:09:29 || UCommon.CreateDirectories
08.02.2018 10:27:09:29 || UCommon.CreateDirectories PathFiles=G:\home\ARM_editor\АРМ РЕДАКТОРА VLC 02022018\Clips
08.02.2018 10:27:09:29 || UCommon.CreateDirectories DirProject=G:\home\ARM_editor\АРМ РЕДАКТОРА VLC 02022018\Projects
08.02.2018 10:27:09:29 || UCommon.CreateDirectories PathClips=G:\home\ARM_editor\АРМ РЕДАКТОРА VLC 02022018\Projects\Clips
08.02.2018 10:27:09:29 || UCommon.CreateDirectories PathTemplates=G:\home\ARM_editor\АРМ РЕДАКТОРА VLC 02022018\Projects\Templates
08.02.2018 10:27:09:29 || UCommon.CreateDirectories PathPlayLists=G:\home\ARM_editor\АРМ РЕДАКТОРА VLC 02022018\Projects\PlayLists
08.02.2018 10:27:09:29 || UCommon.CreateDirectories PathTemp=G:\home\ARM_editor\АРМ РЕДАКТОРА VLC 02022018\Projects\Temp
08.02.2018 10:27:09:29 || UCommon.CreateDirectories PathTemp=G:\home\ARM_editor\АРМ РЕДАКТОРА VLC 02022018\Projects\Keylayouts
08.02.2018 10:27:09:29 || UCommon.CreateDirectories PathLog=G:\home\ARM_editor\АРМ РЕДАКТОРА VLC 02022018\\Log
08.02.2018 10:27:09:29 || Начало чтения IniFile: G:\home\ARM_editor\АРМ РЕДАКТОРА VLC 02022018\ARM_Director.ini
08.02.2018 10:27:09:29 || UGrid.TGridRows.SetDefaultFonts
08.02.2018 10:27:09:29 || UGrid.TGridRows.SetDefaultFonts
08.02.2018 10:27:09:29 || UGrid.TGridRows.SetDefaultFonts
08.02.2018 10:27:09:29 || UGrid.TGridRows.SetDefaultFonts
08.02.2018 10:27:09:29 || UGrid.TGridRows.SetDefaultFonts
08.02.2018 10:27:09:29 || UGrid.TGridRows.SetDefaultFonts
08.02.2018 10:27:09:29 || Окончание чтения IniFile: G:\home\ARM_editor\АРМ РЕДАКТОРА VLC 02022018\ARM_Director.ini
08.02.2018 10:27:09:29 || UMyFiles.ExecTaskOnDelete
08.02.2018 10:27:09:29 || UInitForms.InputInSystem - Вход в систему выполнен
08.02.2018 10:27:09:29 || UInitForms.InputInSystem
08.02.2018 10:27:09:29 || UInitForms.InitMyStartWindow
08.02.2018 10:27:09:29 || UInitForms.InitMyStartWindow - Вход в систему выполнен
08.02.2018 10:27:09:29 || UInitForms.InitMainForm
08.02.2018 10:27:09:29 || UInitForms.InitPanelControl
08.02.2018 10:27:09:29 || UCommon.SetMainGridPanel Start
08.02.2018 10:27:09:29 || UCommon.SetMainGridPanel MainGrid=projects
08.02.2018 10:27:09:29 || UCommon.CheckedClipsInList Start GridClips
08.02.2018 10:27:09:29 || UCommon.CheckedClipsInList Finish GridClips
08.02.2018 10:27:09:29 || UCommon.SetMainGridPanel Finish
08.02.2018 10:27:09:29 || UInitForms.InitPanelClips
08.02.2018 10:27:09:29 || UGrid.initgrid Grid=GridClips Width=1560
08.02.2018 10:27:09:29 || UInitForms.InitPanelPlayList
08.02.2018 10:27:09:29 || UGrid.initgrid Grid=GridActPlayList Width=1560
08.02.2018 10:27:09:29 || UInitForms.InitPanelProject
08.02.2018 10:27:09:29 || UGrid.initgrid Grid=GridLists Width=1560
08.02.2018 10:27:09:29 || UInitForms.InitPanelPrepare
08.02.2018 10:27:09:29 || TForm1.CheckBox1Click GridGRTemplate.Visible:=false
08.02.2018 10:27:10:210 || UGrid.initgrid Grid=GridGRTemplate Width=349
08.02.2018 10:27:10:210 || UDrawTimelines.TTLNames.SetDefaultFonts;
08.02.2018 10:27:10:210 || UDrawTimelines.TTLNames.Draw Start
08.02.2018 10:27:10:210 || UDrawTimelines.TZoneScaler.Draw Height=25
08.02.2018 10:27:10:210 || UDrawTimelines.TZoneEditTL.Draw Grid=GridTimeLines Top=45 Height=105
08.02.2018 10:27:10:210 || UDrawTimelines.TZoneEditTL.GridPosition Grid=GridTimeLines Position=-1 IDTimeline=1
08.02.2018 10:27:10:210 || UDrawTimelines.TNamesTL.Init Result=152
08.02.2018 10:27:10:210 || UDrawTimelines.TNamesTL.Draw Grid=GridTimeLines Top=162 Height=113
08.02.2018 10:27:10:210 || UDrawTimelines.TZoneReview.Draw Top=283 Height=45
08.02.2018 10:27:10:210 || UDrawTimelines.TTLNames.Draw Finish
08.02.2018 10:27:10:210 || UInitForms.InitPanelAir
08.02.2018 10:27:10:210 || UInitForms.MyStartWindow - Вход в систему выполнен
08.02.2018 10:27:10:210 || UCommon.loadoldproject Start
08.02.2018 10:27:10:210 || UCommon.initnewproject Start
08.02.2018 10:27:10:210 || UInitForms.InitPanelPrepare
08.02.2018 10:27:10:210 || TForm1.CheckBox1Click GridGRTemplate.Visible:=false
08.02.2018 10:27:10:210 || UGrid.initgrid Grid=GridGRTemplate Width=349
08.02.2018 10:27:10:210 || UDrawTimelines.TTLNames.SetDefaultFonts;
08.02.2018 10:27:10:210 || UDrawTimelines.TTLNames.Draw Start
08.02.2018 10:27:10:210 || UDrawTimelines.TZoneScaler.Draw Height=25
08.02.2018 10:27:10:210 || UDrawTimelines.TZoneEditTL.Draw Grid=GridTimeLines Top=45 Height=105
08.02.2018 10:27:10:210 || UDrawTimelines.TZoneEditTL.GridPosition Grid=GridTimeLines Position=1 IDTimeline=1
08.02.2018 10:27:10:210 || UDrawTimelines.TNamesTL.Add Result=0 IDTimeline=1
08.02.2018 10:27:10:210 || UDrawTimelines.TNamesTL.Add Result=1 IDTimeline=21
08.02.2018 10:27:10:210 || UDrawTimelines.TNamesTL.Add Result=2 IDTimeline=41
08.02.2018 10:27:10:210 || UDrawTimelines.TNamesTL.Init Result=113
08.02.2018 10:27:10:210 || UDrawTimelines.TNamesTL.Draw Grid=GridTimeLines Top=162 Height=113
08.02.2018 10:27:10:210 || UDrawTimelines.TTimeLineName.Draw Position=0
08.02.2018 10:27:10:210 || UDrawTimelines.TTimeLineName.Draw Position=1
08.02.2018 10:27:10:210 || UDrawTimelines.TTimeLineName.Draw Position=2
08.02.2018 10:27:10:210 || UDrawTimelines.TZoneReview.Draw Top=283 Height=45
08.02.2018 10:27:10:210 || UDrawTimelines.TTLNames.Draw Finish
08.02.2018 10:27:10:210 || UGrid.MyGridDeleteRow Grid=GridClips Row=1
08.02.2018 10:27:10:210 || UGrid.GridClear Row=1
08.02.2018 10:27:10:210 || UGrid.MyGridDeleteRow Grid=GridActPlayList Row=1
08.02.2018 10:27:10:210 || UGrid.GridClear Row=1
08.02.2018 10:27:10:210 || UGrid.MyGridDeleteRow Grid=GridLists Row=1
08.02.2018 10:27:10:210 || UGrid.GridClear Row=1
08.02.2018 10:27:10:210 || UCommon.initnewproject Finish
08.02.2018 10:27:10:210 || UCommon.CheckedClipsInList Start GridClips
08.02.2018 10:27:10:210 || UCommon.CheckedClipsInList-2 GridClips File=Не существует
08.02.2018 10:27:10:210 || UCommon.CheckedClipsInList Finish GridClips
08.02.2018 10:27:10:210 || UCommon.loadoldproject Finish
08.02.2018 10:27:10:210 || UInitForms.UpdatePanelAir
08.02.2018 10:27:10:210 || Form1.Create Finish
08.02.2018 10:27:11:211 || UInitForms.InitNewProject
08.02.2018 10:27:11:211 || UInitForms.InitPlaylists
08.02.2018 10:27:12:212 || UInitForms.InitEditTimeline
08.02.2018 10:27:21:221 || UInitForms.InitFrButtonOptions
08.02.2018 10:27:21:221 || UGrid.initgrid Grid=StringGrid1 Width=512
08.02.2018 10:27:21:221 || UInitForms.InitImportFiles
08.02.2018 10:27:21:221 || UInitForms.InitTextTemplates
08.02.2018 10:27:21:221 || UInitForms.InitMyMessage
08.02.2018 10:27:21:221 || UInitForms.InitImageTemplate
08.02.2018 10:27:21:221 || UGrid.initgrid Grid=GridImgTemplate Width=386
08.02.2018 10:27:21:221 || UInitForms.InitFrSetTemplate
08.02.2018 10:27:21:221 || UInitForms.InitFrSetEventData
08.02.2018 10:27:21:221 || UInitForms.InitFrSortGrid
08.02.2018 10:27:21:221 || UInitForms.InitFrShiftTL
08.02.2018 10:27:21:221 || UInitForms.InitFrShortNum
08.02.2018 10:27:21:221 || UInitForms.InitFrMediaCopy
08.02.2018 10:27:21:221 || UInitForms.InitFPageSetup
08.02.2018 10:27:21:221 || UInitForms.InitfrMyPrint
08.02.2018 10:27:21:221 || UInitForms.InitFrLTC
08.02.2018 10:27:21:221 || UInitForms.InitfrTimeCode
08.02.2018 10:27:21:221 || UInitForms.InitfrMyTextTemplate
08.02.2018 10:27:21:221 || UInitForms.InitfrNewList
08.02.2018 10:28:31:231 || UMyFiles.ReadProjectFromFile Start FileName=G:\home\ARM_editor\АРМ РЕДАКТОРА VLC 02022018\Projects\test3 - копия.proj
08.02.2018 10:28:31:231 |201822133847263| UMyFiles.LoadGridFromStream Start Grid=GridLists
08.02.2018 10:28:31:231 |201822133847263| UGrid.TGridRows.SetDefaultFonts
08.02.2018 10:28:31:231 |201822133847263| UGrid.TGridRows.SetDefaultFonts
08.02.2018 10:28:31:231 |201822133847263| UMyFiles.LoadGridFromStream Start Grid=GridClips
08.02.2018 10:28:31:231 |201822133847263| UGrid.TGridRows.SetDefaultFonts
08.02.2018 10:28:31:231 |201822133847263| UGrid.TGridRows.SetDefaultFonts
08.02.2018 10:28:31:231 |201822133847263| UGrid.TGridRows.SetDefaultFonts
08.02.2018 10:28:31:231 |201822133847263| UGrid.TGridRows.SetDefaultFonts
08.02.2018 10:28:31:231 |201822133847263| UGrid.TGridRows.SetDefaultFonts
08.02.2018 10:28:31:231 |201822133847263| UGrid.TGridRows.SetDefaultFonts
08.02.2018 10:28:31:231 |201822133847263| UGrid.TGridRows.SetDefaultFonts
08.02.2018 10:28:31:231 |201822133847263| UGrid.TGridRows.SetDefaultFonts
08.02.2018 10:28:31:231 |201822133847263| UGrid.TGridRows.SetDefaultFonts
08.02.2018 10:28:31:231 |201822133847263| UGrid.TGridRows.SetDefaultFonts
08.02.2018 10:28:31:231 |201822133847263| UGrid.TGridRows.SetDefaultFonts
08.02.2018 10:28:31:231 |201822133847263| UGrid.TGridRows.SetDefaultFonts
08.02.2018 10:28:31:231 |201822133847263| UGrid.TGridRows.SetDefaultFonts
08.02.2018 10:28:31:231 |201822133847263| UGrid.TGridRows.SetDefaultFonts
08.02.2018 10:28:31:231 |201822133847263| UGrid.TGridRows.SetDefaultFonts
08.02.2018 10:28:31:231 |201822133847263| UGrid.TGridRows.SetDefaultFonts
08.02.2018 10:28:31:231 |201822133847263| UMyFiles.LoadGridFromStream Start Grid=GridImgTemplate
08.02.2018 10:28:31:231 |201822133847263| UGrid.TGridRows.SetDefaultFonts
08.02.2018 10:28:31:231 |201822133847263| UGrid.TGridRows.SetDefaultFonts
08.02.2018 10:28:31:231 |201822133847263| UGrid.MyGridDeleteRow Grid=GridGRTemplate Row=1
08.02.2018 10:28:31:231 |201822133847263| UGrid.GridClear Row=1
08.02.2018 10:28:31:231 |201822133847263| UGrid.GridAddRow Grid=GridGRTemplate Result=1
08.02.2018 10:28:31:231 |201822133847263| UGrid.GridAddRow Grid=GridGRTemplate Result=1
08.02.2018 10:28:31:231 |201822133847263| UMyFiles.ReadProjectFromFile Finish FileName=G:\home\ARM_editor\АРМ РЕДАКТОРА VLC 02022018\Projects\test3 - копия.proj
08.02.2018 10:28:31:231 |201822133847263| UGRTimelines.TTLZone.ClearBuffer
08.02.2018 10:28:31:231 |201822133847263| UGRTimelines.TTLZone.ClearTimeline
08.02.2018 10:28:31:231 |201822133847263| TForm1.Label2Click Start
08.02.2018 10:28:31:231 |201822133847263| UActPlayList.LoadDefaultClipToPlayer Start
08.02.2018 10:28:31:231 |201822133847263| UActPlayList.LoadDefaultClipToPlayer - Очистка памяти
08.02.2018 10:28:31:231 |201822133847263| UMyFiles.DeleteFilesMask Dir=G:\home\ARM_editor\АРМ РЕДАКТОРА VLC 02022018\Projects\Temp Mask=*.undo
08.02.2018 10:28:31:231 |201822133847263| UActPlayList.LoadDefaultClipToPlayer-Очистка UNDO
08.02.2018 10:28:31:231 |201822133847263| UActPlayList.LoadDefaultClipToPlayer |  | File:  | Clip:  | ClipID= | Start= | Duration= 00:07:00:00
08.02.2018 10:28:31:231 |201822133847263| UActPlayList.LoadDefaultClipToPlayer MyStartPlay=-00:00:00:01 Synchro=false
08.02.2018 10:28:31:231 |201822133847263| UCommon.SwitcherVideoPanels Command=1
08.02.2018 10:28:31:231 |201822133847263| UGrid.MarkRowPhraseInGrid Grid=GridGRTemplate MarkCell=0 WorkCell=2 Name=File Text Row=0 Mark:=false SwitcherVideoPanels-2
08.02.2018 10:28:31:231 |201822133847263| UGrid.MarkRowPhraseInGrid Grid=GridGRTemplate MarkCell=0 WorkCell=2 Name=File Text Row=1 Mark:=false SwitcherVideoPanels-2
08.02.2018 10:28:31:231 |201822133847263| UCommon.TemplateToScreen-2 Clear
08.02.2018 10:28:31:231 |201822133847263| UMyFiles.LoadClipEditingFromFile Start ClipName=defaultclip
08.02.2018 10:28:31:231 |201822133847263| UGRTimelines.TTLZone.ClearBuffer
08.02.2018 10:28:31:231 |201822133847263| UGRTimelines.TTLZone.ClearTimeline
08.02.2018 10:28:31:231 |201822133847263| UGRTimelines.TTLParameters.UpdateParameters
08.02.2018 10:28:31:231 |201822133847263| UPlayer.MediaPause mode=paused | Файл : Пусто
08.02.2018 10:28:31:231 |201822133847263| UMain.StopMyTimer
08.02.2018 10:28:31:231 |201822133847263| UDrawTimelines.TZoneEditTL.GridPosition Grid=GridTimeLines Position=-1 IDTimeline=-1
08.02.2018 10:28:31:231 |201822133847263| UActPlayList.LoadDefaultClipToPlayer TypeTL=tlDevise
08.02.2018 10:28:31:231 |201822133847263| UDrawTimelines.TZoneEditTL.GridPosition Grid=GridTimeLines Position=1 IDTimeline=1
08.02.2018 10:28:31:231 |201822133847263| UActPlayList.LoadDefaultClipToPlayer ZoneNames.Edit.IDTimeline=1 Position=1
08.02.2018 10:28:31:231 |201822133847263| UDrawTimelines.TTLNames.Draw Start
08.02.2018 10:28:31:231 |201822133847263| UDrawTimelines.TZoneScaler.Draw Height=25
08.02.2018 10:28:31:231 |201822133847263| UDrawTimelines.TZoneEditTL.Draw Grid=GridTimeLines Top=45 Height=105
08.02.2018 10:28:31:231 |201822133847263| UDrawTimelines.TZoneEditTL.GridPosition Grid=GridTimeLines Position=1 IDTimeline=1
08.02.2018 10:28:31:231 |201822133847263| UDrawTimelines.TNamesTL.Clear
08.02.2018 10:28:31:231 |201822133847263| UDrawTimelines.TNamesTL.Add Result=0 IDTimeline=1
08.02.2018 10:28:31:231 |201822133847263| UDrawTimelines.TNamesTL.Add Result=1 IDTimeline=21
08.02.2018 10:28:31:231 |201822133847263| UDrawTimelines.TNamesTL.Add Result=2 IDTimeline=41
08.02.2018 10:28:31:231 |201822133847263| UDrawTimelines.TNamesTL.Init Result=113
08.02.2018 10:28:31:231 |201822133847263| UDrawTimelines.TNamesTL.Draw Grid=GridTimeLines Top=162 Height=113
08.02.2018 10:28:31:231 |201822133847263| UDrawTimelines.TTimeLineName.Draw Position=0
08.02.2018 10:28:31:231 |201822133847263| UDrawTimelines.TTimeLineName.Draw Position=1
08.02.2018 10:28:31:231 |201822133847263| UDrawTimelines.TTimeLineName.Draw Position=2
08.02.2018 10:28:31:231 |201822133847263| UDrawTimelines.TZoneReview.Draw Top=283 Height=45
08.02.2018 10:28:31:231 |201822133847263| UDrawTimelines.TTLNames.Draw Finish
08.02.2018 10:28:31:231 |201822133847263| UActPlayList.LoadDefaultClipToPlayer ZoneNames.Draw
08.02.2018 10:28:31:231 |201822133847263| UGRTimelines.TTLZone.InitTimelines Start
08.02.2018 10:28:31:231 |201822133847263| UGRTimelines.TTLZone.ClearBuffer
08.02.2018 10:28:31:231 |201822133847263| UGRTimelines.TTLZone.WriteToBuffer
08.02.2018 10:28:31:231 |201822133847263| UGRTimelines.TTLZone.ClearTimeline
08.02.2018 10:28:31:231 |201822133847263| UGRTimelines.TTLZone.AddTimeline IDTimeline=1 Position=0
08.02.2018 10:28:31:231 |201822133847263| UGRTimelines.TTLZone.FindInBuffer IDTimeline=1 Result=-1
08.02.2018 10:28:31:231 |201822133847263| UGRTimelines.TTLZone.AddTimeline IDTimeline=21 Position=1
08.02.2018 10:28:31:231 |201822133847263| UGRTimelines.TTLZone.FindInBuffer IDTimeline=21 Result=-1
08.02.2018 10:28:31:231 |201822133847263| UGRTimelines.TTLZone.AddTimeline IDTimeline=41 Position=2
08.02.2018 10:28:31:231 |201822133847263| UGRTimelines.TTLZone.FindInBuffer IDTimeline=41 Result=-1
08.02.2018 10:28:31:231 |201822133847263| UGRTimelines.TTLZone.ClearBuffer
08.02.2018 10:28:31:231 |201822133847263| UGRTimelines.TTLZone.InitTimelines Finish
08.02.2018 10:28:31:231 |201822133847263| UActPlayList.LoadDefaultClipToPlayer TLZone.DrawBitmap
08.02.2018 10:28:31:231 |201822133847263| UActPlayList.LoadDefaultClipToPlayer TLZone.DrawTimelines
08.02.2018 10:28:31:231 |201822133847263| UActPlayList.LoadDefaultClipToPlayer CurrentEvents : Number=-1 Image=
08.02.2018 10:28:31:231 |201822133847263| UGrid.MarkRowPhraseInGrid Grid=GridGRTemplate MarkCell=0 WorkCell=2 Name=File Text Row=0 Mark:=false LoadDefaultClipToPlayer-2
08.02.2018 10:28:31:231 |201822133847263| UGrid.MarkRowPhraseInGrid Grid=GridGRTemplate MarkCell=0 WorkCell=2 Name=File Text Row=1 Mark:=false LoadDefaultClipToPlayer-2
08.02.2018 10:28:31:231 |201822133847263| UCommon.TemplateToScreen-2 Clear
08.02.2018 10:28:31:231 |201822133847263| UActPlayList.LoadDefaultClipToPlayer TemplateToScreen
08.02.2018 10:28:31:231 |201822133847263| UActPlayList.LoadDefaultClipToPlayer MyPanelAir.AirDevices.Init TLZone.TLEditor.Index=1
08.02.2018 10:28:31:231 |201822133847263| UActPlayList.LoadDefaultClipToPlayer MyPanelAir.SetValues
08.02.2018 10:28:31:231 |201822133847263| UActPlayList.LoadDefaultClipToPlayer Пустой клип загружен.
08.02.2018 10:28:31:231 |201822133847263| Message:WMEraseBackGround
08.02.2018 10:28:32:232 |201822133847263| UInitForms.UpdatePanelPrepare
08.02.2018 10:28:32:232 |201822133847263| UDrawTimelines.TTLNames.Draw Start
08.02.2018 10:28:32:232 |201822133847263| UDrawTimelines.TZoneScaler.Draw Height=25
08.02.2018 10:28:32:232 |201822133847263| UDrawTimelines.TZoneEditTL.Draw Grid=GridTimeLines Top=45 Height=105
08.02.2018 10:28:32:232 |201822133847263| UDrawTimelines.TZoneEditTL.GridPosition Grid=GridTimeLines Position=1 IDTimeline=1
08.02.2018 10:28:32:232 |201822133847263| UDrawTimelines.TNamesTL.Clear
08.02.2018 10:28:32:232 |201822133847263| UDrawTimelines.TNamesTL.Add Result=0 IDTimeline=1
08.02.2018 10:28:32:232 |201822133847263| UDrawTimelines.TNamesTL.Add Result=1 IDTimeline=21
08.02.2018 10:28:32:232 |201822133847263| UDrawTimelines.TNamesTL.Add Result=2 IDTimeline=41
08.02.2018 10:28:32:232 |201822133847263| UDrawTimelines.TNamesTL.Init Result=113
08.02.2018 10:28:32:232 |201822133847263| UDrawTimelines.TNamesTL.Draw Grid=GridTimeLines Top=162 Height=113
08.02.2018 10:28:32:232 |201822133847263| UDrawTimelines.TTimeLineName.Draw Position=0
08.02.2018 10:28:32:232 |201822133847263| UDrawTimelines.TTimeLineName.Draw Position=1
08.02.2018 10:28:32:232 |201822133847263| UDrawTimelines.TTimeLineName.Draw Position=2
08.02.2018 10:28:32:232 |201822133847263| UDrawTimelines.TZoneReview.Draw Top=283 Height=45
08.02.2018 10:28:32:232 |201822133847263| UDrawTimelines.TTLNames.Draw Finish
08.02.2018 10:28:32:232 |201822133847263| UDrawTimelines.TZoneEditTL.GridPosition Grid=GridTimeLines Position=1 IDTimeline=1
08.02.2018 10:28:32:232 |201822133847263| UGrid.initgrid Grid=GridGRTemplate Width=355
08.02.2018 10:28:32:232 |201822133847263| UGrid.MyGridDeleteRow Grid=GridGRTemplate Row=1
08.02.2018 10:28:32:232 |201822133847263| UGrid.GridClear Row=1
08.02.2018 10:28:32:232 |201822133847263| UGrid.GridAddRow Grid=GridGRTemplate Result=1
08.02.2018 10:28:32:232 |201822133847263| UGrid.GridAddRow Grid=GridGRTemplate Result=1
08.02.2018 10:28:32:232 |201822133847263| UInitForms.UpdatePanelAir
08.02.2018 10:28:32:232 |201822133847263| UCommon.TemplateToScreen-2 Clear
08.02.2018 10:28:32:232 |201822133847263| UGRTimelines.TTLZone.InitTimelines Start
08.02.2018 10:28:32:232 |201822133847263| UGRTimelines.TTLZone.ClearBuffer
08.02.2018 10:28:32:232 |201822133847263| UGRTimelines.TTLZone.WriteToBuffer
08.02.2018 10:28:32:232 |201822133847263| UGRTimelines.TTLZone.ClearTimeline
08.02.2018 10:28:32:232 |201822133847263| UGRTimelines.TTLZone.AddTimeline IDTimeline=1 Position=0
08.02.2018 10:28:32:232 |201822133847263| UGRTimelines.TTLZone.FindInBuffer IDTimeline=1 Result=0
08.02.2018 10:28:32:232 |201822133847263| UGRTimelines.TTLZone.AddTimeline IDTimeline=21 Position=1
08.02.2018 10:28:32:232 |201822133847263| UGRTimelines.TTLZone.FindInBuffer IDTimeline=21 Result=1
08.02.2018 10:28:32:232 |201822133847263| UGRTimelines.TTLZone.AddTimeline IDTimeline=41 Position=2
08.02.2018 10:28:32:232 |201822133847263| UGRTimelines.TTLZone.FindInBuffer IDTimeline=41 Result=2
08.02.2018 10:28:32:232 |201822133847263| UGRTimelines.TTLZone.ClearBuffer
08.02.2018 10:28:32:232 |201822133847263| UGRTimelines.TTLZone.InitTimelines Finish
08.02.2018 10:28:32:232 |201822133847263| UDrawTimelines.TTLNames.Draw Start
08.02.2018 10:28:32:232 |201822133847263| UDrawTimelines.TZoneScaler.Draw Height=25
08.02.2018 10:28:32:232 |201822133847263| UDrawTimelines.TZoneEditTL.Draw Grid=GridTimeLines Top=45 Height=105
08.02.2018 10:28:32:232 |201822133847263| UDrawTimelines.TZoneEditTL.GridPosition Grid=GridTimeLines Position=1 IDTimeline=1
08.02.2018 10:28:32:232 |201822133847263| UDrawTimelines.TNamesTL.Clear
08.02.2018 10:28:32:232 |201822133847263| UDrawTimelines.TNamesTL.Add Result=0 IDTimeline=1
08.02.2018 10:28:32:232 |201822133847263| UDrawTimelines.TNamesTL.Add Result=1 IDTimeline=21
08.02.2018 10:28:32:232 |201822133847263| UDrawTimelines.TNamesTL.Add Result=2 IDTimeline=41
08.02.2018 10:28:32:232 |201822133847263| UDrawTimelines.TNamesTL.Init Result=113
08.02.2018 10:28:32:232 |201822133847263| UDrawTimelines.TNamesTL.Draw Grid=GridTimeLines Top=162 Height=113
08.02.2018 10:28:32:232 |201822133847263| UDrawTimelines.TTimeLineName.Draw Position=0
08.02.2018 10:28:32:232 |201822133847263| UDrawTimelines.TTimeLineName.Draw Position=1
08.02.2018 10:28:32:232 |201822133847263| UDrawTimelines.TTimeLineName.Draw Position=2
08.02.2018 10:28:32:232 |201822133847263| UDrawTimelines.TZoneReview.Draw Top=283 Height=45
08.02.2018 10:28:32:232 |201822133847263| UDrawTimelines.TTLNames.Draw Finish
08.02.2018 10:28:32:232 |201822133847263| TForm1.Label2Click Finish
08.02.2018 10:28:32:232 |201822133847263| UCommon.SetMainGridPanel Start
08.02.2018 10:28:32:232 |201822133847263| Message:WMEraseBackGround
08.02.2018 10:28:32:232 |201822133847263| UCommon.SetMainGridPanel MainGrid=projects
08.02.2018 10:28:32:232 |201822133847263| UCommon.CheckedClipsInList Start GridClips
08.02.2018 10:28:32:232 |201822133847263| UCommon.CheckedClipsInList-1 GridClips File=C:\last\Брегель\Брейгель поклонение волхвов fin.movНе существует
08.02.2018 10:28:32:232 |201822133847263| UCommon.CheckedClipsInList-1 GridClips File=C:\last\Брегель\I_S_Bah_Fantaziya_Bolshoj_Organ_Kafedralnogo_-_Esli_muzyka_Mocarta_prakticheski_dostigla_sovershenstva_i (1).mp3Не существует
08.02.2018 10:28:32:232 |201822133847263| UCommon.CheckedClipsInList GridClips File=G:\Детские\Вове посмотреть\Fantomas Collection HD\Fanto?mas se de?chai?ne (HD).m4vНайден
08.02.2018 10:28:32:232 |201822133847263| UCommon.CheckedClipsInList-1 GridClips File=C:\last\Погоня\DSC_0729.MOVНе существует
08.02.2018 10:28:32:232 |201822133847263| UCommon.CheckedClipsInList-2 GridClips File=Не существует
08.02.2018 10:28:32:232 |201822133847263| UCommon.CheckedClipsInList-1 GridClips File=C:\last\Погоня\DSC_0729.MOVНе существует
08.02.2018 10:28:32:232 |201822133847263| UCommon.CheckedClipsInList-1 GridClips File=C:\last\Погоня\DSC_0734.MOVНе существует
08.02.2018 10:28:32:232 |201822133847263| UCommon.CheckedClipsInList-1 GridClips File=C:\last\Погоня\DSC_0738.MOVНе существует
08.02.2018 10:28:32:232 |201822133847263| UCommon.CheckedClipsInList-1 GridClips File=C:\last\Погоня\DSC_0671.MOVНе существует
08.02.2018 10:28:32:232 |201822133847263| UCommon.CheckedClipsInList-1 GridClips File=C:\last\Погоня\DSC_0672.MOVНе существует
08.02.2018 10:28:32:232 |201822133847263| UCommon.CheckedClipsInList-1 GridClips File=C:\last\Погоня\DSC_0677.MOVНе существует
08.02.2018 10:28:32:232 |201822133847263| UCommon.CheckedClipsInList-1 GridClips File=C:\last\Погоня\DSC_0678.MOVНе существует
08.02.2018 10:28:32:232 |201822133847263| UCommon.CheckedClipsInList-1 GridClips File=C:\last\Погоня\DSC_0708 (2).MOVНе существует
08.02.2018 10:28:32:232 |201822133847263| UCommon.CheckedClipsInList-1 GridClips File=C:\last\Погоня\DSC_0708.MOVНе существует
08.02.2018 10:28:32:232 |201822133847263| UCommon.CheckedClipsInList GridClips File=G:\home\ARM_editor\АРМ РЕДАКТОРА VLC 02032018\Projects\Clips\DSC_0739.MOVНайден
08.02.2018 10:28:32:232 |201822133847263| UCommon.CheckedClipsInList Finish GridClips
08.02.2018 10:28:32:232 |201822133847263| Start Uplaylists.findclipposition Grid=GridClips ClipID=
08.02.2018 10:28:32:232 |201822133847263| UGrid.MyGridDeleteRow Grid=GridActPlayList Row=1
08.02.2018 10:28:32:232 |201822133847263| UCommon.SetMainGridPanel Finish
08.02.2018 10:28:32:232 |201822133847263| UCommon.ClearClipsStatusPlay
08.02.2018 10:28:32:232 |201822133847263| Start Uplaylists.findclipposition Grid=GridClips ClipID=
08.02.2018 10:28:32:232 |201822133847263| UGrid.MyGridDeleteRow Grid=GridActPlayList Row=1
08.02.2018 10:28:34:234 |201822133847263| TForm1.sbClipsClick
08.02.2018 10:28:34:234 |201822133847263| UCommon.SetMainGridPanel Start
08.02.2018 10:28:34:234 |201822133847263| Message:WMEraseBackGround
08.02.2018 10:28:34:234 |201822133847263| UCommon.CheckedClipsInList Start GridClips
08.02.2018 10:28:34:234 |201822133847263| UCommon.CheckedClipsInList-1 GridClips File=C:\last\Брегель\Брейгель поклонение волхвов fin.movНе существует
08.02.2018 10:28:34:234 |201822133847263| UCommon.CheckedClipsInList-1 GridClips File=C:\last\Брегель\I_S_Bah_Fantaziya_Bolshoj_Organ_Kafedralnogo_-_Esli_muzyka_Mocarta_prakticheski_dostigla_sovershenstva_i (1).mp3Не существует
08.02.2018 10:28:34:234 |201822133847263| UCommon.CheckedClipsInList GridClips File=G:\Детские\Вове посмотреть\Fantomas Collection HD\Fanto?mas se de?chai?ne (HD).m4vНайден
08.02.2018 10:28:34:234 |201822133847263| UCommon.CheckedClipsInList-1 GridClips File=C:\last\Погоня\DSC_0729.MOVНе существует
08.02.2018 10:28:34:234 |201822133847263| UCommon.CheckedClipsInList-2 GridClips File=Не существует
08.02.2018 10:28:34:234 |201822133847263| UCommon.CheckedClipsInList-1 GridClips File=C:\last\Погоня\DSC_0729.MOVНе существует
08.02.2018 10:28:34:234 |201822133847263| UCommon.CheckedClipsInList-1 GridClips File=C:\last\Погоня\DSC_0734.MOVНе существует
08.02.2018 10:28:34:234 |201822133847263| UCommon.CheckedClipsInList-1 GridClips File=C:\last\Погоня\DSC_0738.MOVНе существует
08.02.2018 10:28:34:234 |201822133847263| UCommon.CheckedClipsInList-1 GridClips File=C:\last\Погоня\DSC_0671.MOVНе существует
08.02.2018 10:28:34:234 |201822133847263| UCommon.CheckedClipsInList-1 GridClips File=C:\last\Погоня\DSC_0672.MOVНе существует
08.02.2018 10:28:34:234 |201822133847263| UCommon.CheckedClipsInList-1 GridClips File=C:\last\Погоня\DSC_0677.MOVНе существует
08.02.2018 10:28:34:234 |201822133847263| UCommon.CheckedClipsInList-1 GridClips File=C:\last\Погоня\DSC_0678.MOVНе существует
08.02.2018 10:28:34:234 |201822133847263| UCommon.CheckedClipsInList-1 GridClips File=C:\last\Погоня\DSC_0708 (2).MOVНе существует
08.02.2018 10:28:34:234 |201822133847263| UCommon.CheckedClipsInList-1 GridClips File=C:\last\Погоня\DSC_0708.MOVНе существует
08.02.2018 10:28:34:234 |201822133847263| UCommon.CheckedClipsInList GridClips File=G:\home\ARM_editor\АРМ РЕДАКТОРА VLC 02032018\Projects\Clips\DSC_0739.MOVНайден
08.02.2018 10:28:34:234 |201822133847263| UCommon.CheckedClipsInList Finish GridClips
08.02.2018 10:28:34:234 |201822133847263| UCommon.SetMainGridPanel MainGrid=clips
08.02.2018 10:28:34:234 |201822133847263| UCommon.CheckedClipsInList Start GridClips
08.02.2018 10:28:34:234 |201822133847263| UCommon.CheckedClipsInList-1 GridClips File=C:\last\Брегель\Брейгель поклонение волхвов fin.movНе существует
08.02.2018 10:28:34:234 |201822133847263| UCommon.CheckedClipsInList-1 GridClips File=C:\last\Брегель\I_S_Bah_Fantaziya_Bolshoj_Organ_Kafedralnogo_-_Esli_muzyka_Mocarta_prakticheski_dostigla_sovershenstva_i (1).mp3Не существует
08.02.2018 10:28:34:234 |201822133847263| UCommon.CheckedClipsInList GridClips File=G:\Детские\Вове посмотреть\Fantomas Collection HD\Fanto?mas se de?chai?ne (HD).m4vНайден
08.02.2018 10:28:34:234 |201822133847263| UCommon.CheckedClipsInList-1 GridClips File=C:\last\Погоня\DSC_0729.MOVНе существует
08.02.2018 10:28:34:234 |201822133847263| UCommon.CheckedClipsInList-2 GridClips File=Не существует
08.02.2018 10:28:34:234 |201822133847263| UCommon.CheckedClipsInList-1 GridClips File=C:\last\Погоня\DSC_0729.MOVНе существует
08.02.2018 10:28:34:234 |201822133847263| UCommon.CheckedClipsInList-1 GridClips File=C:\last\Погоня\DSC_0734.MOVНе существует
08.02.2018 10:28:34:234 |201822133847263| UCommon.CheckedClipsInList-1 GridClips File=C:\last\Погоня\DSC_0738.MOVНе существует
08.02.2018 10:28:34:234 |201822133847263| UCommon.CheckedClipsInList-1 GridClips File=C:\last\Погоня\DSC_0671.MOVНе существует
08.02.2018 10:28:34:234 |201822133847263| UCommon.CheckedClipsInList-1 GridClips File=C:\last\Погоня\DSC_0672.MOVНе существует
08.02.2018 10:28:34:234 |201822133847263| UCommon.CheckedClipsInList-1 GridClips File=C:\last\Погоня\DSC_0677.MOVНе существует
08.02.2018 10:28:34:234 |201822133847263| UCommon.CheckedClipsInList-1 GridClips File=C:\last\Погоня\DSC_0678.MOVНе существует
08.02.2018 10:28:34:234 |201822133847263| UCommon.CheckedClipsInList-1 GridClips File=C:\last\Погоня\DSC_0708 (2).MOVНе существует
08.02.2018 10:28:34:234 |201822133847263| UCommon.CheckedClipsInList-1 GridClips File=C:\last\Погоня\DSC_0708.MOVНе существует
08.02.2018 10:28:34:234 |201822133847263| UCommon.CheckedClipsInList GridClips File=G:\home\ARM_editor\АРМ РЕДАКТОРА VLC 02032018\Projects\Clips\DSC_0739.MOVНайден
08.02.2018 10:28:34:234 |201822133847263| UCommon.CheckedClipsInList Finish GridClips
08.02.2018 10:28:34:234 |201822133847263| Start Uplaylists.findclipposition Grid=GridClips ClipID=
08.02.2018 10:28:34:234 |201822133847263| UGrid.MyGridDeleteRow Grid=GridActPlayList Row=1
08.02.2018 10:28:34:234 |201822133847263| UCommon.SetMainGridPanel Finish
08.02.2018 10:28:36:236 |201822133847263| TForm1.GridClipsMouseUp X=155 Y=705
08.02.2018 10:28:36:236 |201822133847263| UGrid.GridColX-1 Grid=GridClips X=155 Result=3
08.02.2018 10:28:36:236 |201822133847263| UGrid.GridClickRow-4 Grid=GridClips Y=705 Result=-1
08.02.2018 10:28:36:236 |201822133847263| UGrid.GridClickRow-4 Grid=GridClips Y=705 Result=-1
08.02.2018 10:28:36:236 |201822133847263| UGrid.GridClickRow-4 Grid=GridClips Y=705 Result=-1
08.02.2018 10:28:36:236 |201822133847263| UGrid.GridClickRow-4 Grid=GridClips Y=705 Result=-1
08.02.2018 10:28:36:236 |201822133847263| UGrid.GridClickRow-4 Grid=GridClips Y=705 Result=-1
08.02.2018 10:28:36:236 |201822133847263| UGrid.GridClickRow-4 Grid=GridClips Y=705 Result=-1
08.02.2018 10:28:36:236 |201822133847263| UGrid.GridClickRow-4 Grid=GridClips Y=705 Result=-1
08.02.2018 10:28:36:236 |201822133847263| UGrid.GridClickRow-4 Grid=GridClips Y=705 Result=-1
08.02.2018 10:28:36:236 |201822133847263| UGrid.GridClickRow-4 Grid=GridClips Y=705 Result=-1
08.02.2018 10:28:36:236 |201822133847263| UGrid.GridClickRow-4 Grid=GridClips Y=705 Result=-1
08.02.2018 10:28:36:236 |201822133847263| UGrid.GridClickRow-4 Grid=GridClips Y=705 Result=-1
08.02.2018 10:28:36:236 |201822133847263| UGrid.GridClickRow-4 Grid=GridClips Y=705 Result=-1
08.02.2018 10:28:36:236 |201822133847263| UGrid.GridClickRow-4 Grid=GridClips Y=705 Result=-1
08.02.2018 10:28:36:236 |201822133847263| UGrid.GridClickRow-4 Grid=GridClips Y=705 Result=-1
08.02.2018 10:28:36:236 |201822133847263| UGrid.GridClickRow-2 Grid=GridClips Y=705 Result=15
08.02.2018 10:28:36:236 |201822133847263| Start Uplaylists.findclipposition Grid=GridClips ClipID=
08.02.2018 10:28:36:236 |201822133847263| UGrid.MyGridDeleteRow Grid=GridActPlayList Row=1
08.02.2018 10:28:40:240 |201822133847263| TForm1.GridClipsMouseUp X=69 Y=693
08.02.2018 10:28:40:240 |201822133847263| UGrid.GridColX-1 Grid=GridClips X=69 Result=2
08.02.2018 10:28:40:240 |201822133847263| UGrid.GridClickRow-4 Grid=GridClips Y=693 Result=-1
08.02.2018 10:28:40:240 |201822133847263| UGrid.GridClickRow-4 Grid=GridClips Y=693 Result=-1
08.02.2018 10:28:40:240 |201822133847263| UGrid.GridClickRow-4 Grid=GridClips Y=693 Result=-1
08.02.2018 10:28:40:240 |201822133847263| UGrid.GridClickRow-4 Grid=GridClips Y=693 Result=-1
08.02.2018 10:28:40:240 |201822133847263| UGrid.GridClickRow-4 Grid=GridClips Y=693 Result=-1
08.02.2018 10:28:40:240 |201822133847263| UGrid.GridClickRow-4 Grid=GridClips Y=693 Result=-1
08.02.2018 10:28:40:240 |201822133847263| UGrid.GridClickRow-4 Grid=GridClips Y=693 Result=-1
08.02.2018 10:28:40:240 |201822133847263| UGrid.GridClickRow-4 Grid=GridClips Y=693 Result=-1
08.02.2018 10:28:40:240 |201822133847263| UGrid.GridClickRow-4 Grid=GridClips Y=693 Result=-1
08.02.2018 10:28:40:240 |201822133847263| UGrid.GridClickRow-4 Grid=GridClips Y=693 Result=-1
08.02.2018 10:28:40:240 |201822133847263| UGrid.GridClickRow-4 Grid=GridClips Y=693 Result=-1
08.02.2018 10:28:40:240 |201822133847263| UGrid.GridClickRow-4 Grid=GridClips Y=693 Result=-1
08.02.2018 10:28:40:240 |201822133847263| UGrid.GridClickRow-4 Grid=GridClips Y=693 Result=-1
08.02.2018 10:28:40:240 |201822133847263| UGrid.GridClickRow-4 Grid=GridClips Y=693 Result=-1
08.02.2018 10:28:40:240 |201822133847263| UGrid.GridClickRow-2 Grid=GridClips Y=693 Result=15
08.02.2018 10:28:40:240 |201822133847263| UCommon.PlayClipFromClipsList PredClipID=201822192059145
08.02.2018 10:28:40:240 |201822133847263| UActPlayList.LoadClipsToPlayer Start
08.02.2018 10:28:40:240 |201822133847263| UActPlayList.LoadClipsToPlayer - Очистка памяти
08.02.2018 10:28:40:240 |201822133847263| TForm1.Label2Click Start
08.02.2018 10:28:40:240 |201822133847263| UActPlayList.LoadDefaultClipToPlayer Start
08.02.2018 10:28:40:240 |201822133847263| UActPlayList.LoadDefaultClipToPlayer - Очистка памяти
08.02.2018 10:28:40:240 |201822133847263| UMyFiles.DeleteFilesMask Dir=G:\home\ARM_editor\АРМ РЕДАКТОРА VLC 02022018\Projects\Temp Mask=*.undo
08.02.2018 10:28:40:240 |201822133847263| UActPlayList.LoadDefaultClipToPlayer-Очистка UNDO
08.02.2018 10:28:40:240 |201822133847263| UActPlayList.LoadDefaultClipToPlayer |  | File:  | Clip:  | ClipID= | Start= | Duration= 00:07:00:00
08.02.2018 10:28:40:240 |201822133847263| UActPlayList.LoadDefaultClipToPlayer MyStartPlay=-00:00:00:01 Synchro=false
08.02.2018 10:28:40:240 |201822133847263| UCommon.SwitcherVideoPanels Command=1
08.02.2018 10:28:40:240 |201822133847263| UGrid.MarkRowPhraseInGrid Grid=GridGRTemplate MarkCell=0 WorkCell=2 Name=File Text Row=0 Mark:=false SwitcherVideoPanels-2
08.02.2018 10:28:40:240 |201822133847263| UGrid.MarkRowPhraseInGrid Grid=GridGRTemplate MarkCell=0 WorkCell=2 Name=File Text Row=1 Mark:=false SwitcherVideoPanels-2
08.02.2018 10:28:40:240 |201822133847263| UCommon.TemplateToScreen-2 Clear
08.02.2018 10:28:40:240 |201822133847263| UMyFiles.LoadClipEditingFromFile Start ClipName=defaultclip
08.02.2018 10:28:40:240 |201822133847263| UGRTimelines.TTLZone.ClearBuffer
08.02.2018 10:28:40:240 |201822133847263| UGRTimelines.TTLZone.ClearTimeline
08.02.2018 10:28:40:240 |201822133847263| UGRTimelines.TTLParameters.UpdateParameters
08.02.2018 10:28:40:240 |201822133847263| UPlayer.MediaPause mode=paused | Файл : Пусто
08.02.2018 10:28:40:240 |201822133847263| UMain.StopMyTimer
08.02.2018 10:28:40:240 |201822133847263| UDrawTimelines.TZoneEditTL.GridPosition Grid=GridTimeLines Position=1 IDTimeline=1
08.02.2018 10:28:40:240 |201822133847263| UActPlayList.LoadDefaultClipToPlayer TypeTL=tlDevise
08.02.2018 10:28:40:240 |201822133847263| UDrawTimelines.TZoneEditTL.GridPosition Grid=GridTimeLines Position=1 IDTimeline=1
08.02.2018 10:28:40:240 |201822133847263| UActPlayList.LoadDefaultClipToPlayer ZoneNames.Edit.IDTimeline=1 Position=1
08.02.2018 10:28:40:240 |201822133847263| UDrawTimelines.TTLNames.Draw Start
08.02.2018 10:28:40:240 |201822133847263| UDrawTimelines.TZoneScaler.Draw Height=25
08.02.2018 10:28:40:240 |201822133847263| UDrawTimelines.TZoneEditTL.Draw Grid=GridTimeLines Top=45 Height=105
08.02.2018 10:28:40:240 |201822133847263| UDrawTimelines.TZoneEditTL.GridPosition Grid=GridTimeLines Position=1 IDTimeline=1
08.02.2018 10:28:40:240 |201822133847263| UDrawTimelines.TNamesTL.Clear
08.02.2018 10:28:40:240 |201822133847263| UDrawTimelines.TNamesTL.Add Result=0 IDTimeline=1
08.02.2018 10:28:40:240 |201822133847263| UDrawTimelines.TNamesTL.Add Result=1 IDTimeline=21
08.02.2018 10:28:40:240 |201822133847263| UDrawTimelines.TNamesTL.Add Result=2 IDTimeline=41
08.02.2018 10:28:40:240 |201822133847263| UDrawTimelines.TNamesTL.Init Result=113
08.02.2018 10:28:40:240 |201822133847263| UDrawTimelines.TNamesTL.Draw Grid=GridTimeLines Top=162 Height=113
08.02.2018 10:28:40:240 |201822133847263| UDrawTimelines.TTimeLineName.Draw Position=0
08.02.2018 10:28:40:240 |201822133847263| UDrawTimelines.TTimeLineName.Draw Position=1
08.02.2018 10:28:40:240 |201822133847263| UDrawTimelines.TTimeLineName.Draw Position=2
08.02.2018 10:28:40:240 |201822133847263| UDrawTimelines.TZoneReview.Draw Top=283 Height=45
08.02.2018 10:28:40:240 |201822133847263| UDrawTimelines.TTLNames.Draw Finish
08.02.2018 10:28:40:240 |201822133847263| UActPlayList.LoadDefaultClipToPlayer ZoneNames.Draw
08.02.2018 10:28:40:240 |201822133847263| UGRTimelines.TTLZone.InitTimelines Start
08.02.2018 10:28:40:240 |201822133847263| UGRTimelines.TTLZone.ClearBuffer
08.02.2018 10:28:40:240 |201822133847263| UGRTimelines.TTLZone.WriteToBuffer
08.02.2018 10:28:40:240 |201822133847263| UGRTimelines.TTLZone.ClearTimeline
08.02.2018 10:28:40:240 |201822133847263| UGRTimelines.TTLZone.AddTimeline IDTimeline=1 Position=0
08.02.2018 10:28:40:240 |201822133847263| UGRTimelines.TTLZone.FindInBuffer IDTimeline=1 Result=-1
08.02.2018 10:28:40:240 |201822133847263| UGRTimelines.TTLZone.AddTimeline IDTimeline=21 Position=1
08.02.2018 10:28:40:240 |201822133847263| UGRTimelines.TTLZone.FindInBuffer IDTimeline=21 Result=-1
08.02.2018 10:28:40:240 |201822133847263| UGRTimelines.TTLZone.AddTimeline IDTimeline=41 Position=2
08.02.2018 10:28:40:240 |201822133847263| UGRTimelines.TTLZone.FindInBuffer IDTimeline=41 Result=-1
08.02.2018 10:28:40:240 |201822133847263| UGRTimelines.TTLZone.ClearBuffer
08.02.2018 10:28:40:240 |201822133847263| UGRTimelines.TTLZone.InitTimelines Finish
08.02.2018 10:28:40:240 |201822133847263| UActPlayList.LoadDefaultClipToPlayer TLZone.DrawBitmap
08.02.2018 10:28:40:240 |201822133847263| UActPlayList.LoadDefaultClipToPlayer TLZone.DrawTimelines
08.02.2018 10:28:40:240 |201822133847263| UActPlayList.LoadDefaultClipToPlayer CurrentEvents : Number=-1 Image=
08.02.2018 10:28:40:240 |201822133847263| UGrid.MarkRowPhraseInGrid Grid=GridGRTemplate MarkCell=0 WorkCell=2 Name=File Text Row=0 Mark:=false LoadDefaultClipToPlayer-2
08.02.2018 10:28:40:240 |201822133847263| UGrid.MarkRowPhraseInGrid Grid=GridGRTemplate MarkCell=0 WorkCell=2 Name=File Text Row=1 Mark:=false LoadDefaultClipToPlayer-2
08.02.2018 10:28:40:240 |201822133847263| UCommon.TemplateToScreen-2 Clear
08.02.2018 10:28:40:240 |201822133847263| UActPlayList.LoadDefaultClipToPlayer TemplateToScreen
08.02.2018 10:28:40:240 |201822133847263| UActPlayList.LoadDefaultClipToPlayer MyPanelAir.AirDevices.Init TLZone.TLEditor.Index=1
08.02.2018 10:28:40:240 |201822133847263| UActPlayList.LoadDefaultClipToPlayer MyPanelAir.SetValues
08.02.2018 10:28:40:240 |201822133847263| UActPlayList.LoadDefaultClipToPlayer Пустой клип загружен.
08.02.2018 10:28:40:240 |201822133847263| Message:WMEraseBackGround
08.02.2018 10:28:40:240 |201822133847263| UInitForms.UpdatePanelPrepare
08.02.2018 10:28:40:240 |201822133847263| UDrawTimelines.TTLNames.Draw Start
08.02.2018 10:28:40:240 |201822133847263| UDrawTimelines.TZoneScaler.Draw Height=25
08.02.2018 10:28:40:240 |201822133847263| UDrawTimelines.TZoneEditTL.Draw Grid=GridTimeLines Top=45 Height=105
08.02.2018 10:28:40:240 |201822133847263| UDrawTimelines.TZoneEditTL.GridPosition Grid=GridTimeLines Position=1 IDTimeline=1
08.02.2018 10:28:40:240 |201822133847263| UDrawTimelines.TNamesTL.Clear
08.02.2018 10:28:40:240 |201822133847263| UDrawTimelines.TNamesTL.Add Result=0 IDTimeline=1
08.02.2018 10:28:40:240 |201822133847263| UDrawTimelines.TNamesTL.Add Result=1 IDTimeline=21
08.02.2018 10:28:40:240 |201822133847263| UDrawTimelines.TNamesTL.Add Result=2 IDTimeline=41
08.02.2018 10:28:40:240 |201822133847263| UDrawTimelines.TNamesTL.Init Result=113
08.02.2018 10:28:40:240 |201822133847263| UDrawTimelines.TNamesTL.Draw Grid=GridTimeLines Top=162 Height=113
08.02.2018 10:28:40:240 |201822133847263| UDrawTimelines.TTimeLineName.Draw Position=0
08.02.2018 10:28:40:240 |201822133847263| UDrawTimelines.TTimeLineName.Draw Position=1
08.02.2018 10:28:40:240 |201822133847263| UDrawTimelines.TTimeLineName.Draw Position=2
08.02.2018 10:28:40:240 |201822133847263| UDrawTimelines.TZoneReview.Draw Top=283 Height=45
08.02.2018 10:28:40:240 |201822133847263| UDrawTimelines.TTLNames.Draw Finish
08.02.2018 10:28:40:240 |201822133847263| UDrawTimelines.TZoneEditTL.GridPosition Grid=GridTimeLines Position=1 IDTimeline=1
08.02.2018 10:28:40:240 |201822133847263| UInitForms.UpdatePanelAir
08.02.2018 10:28:40:240 |201822133847263| UCommon.TemplateToScreen-2 Clear
08.02.2018 10:28:40:240 |201822133847263| UGRTimelines.TTLZone.InitTimelines Start
08.02.2018 10:28:40:240 |201822133847263| UGRTimelines.TTLZone.ClearBuffer
08.02.2018 10:28:40:240 |201822133847263| UGRTimelines.TTLZone.WriteToBuffer
08.02.2018 10:28:40:240 |201822133847263| UGRTimelines.TTLZone.ClearTimeline
08.02.2018 10:28:40:240 |201822133847263| UGRTimelines.TTLZone.AddTimeline IDTimeline=1 Position=0
08.02.2018 10:28:40:240 |201822133847263| UGRTimelines.TTLZone.FindInBuffer IDTimeline=1 Result=0
08.02.2018 10:28:40:240 |201822133847263| UGRTimelines.TTLZone.AddTimeline IDTimeline=21 Position=1
08.02.2018 10:28:40:240 |201822133847263| UGRTimelines.TTLZone.FindInBuffer IDTimeline=21 Result=1
08.02.2018 10:28:40:240 |201822133847263| UGRTimelines.TTLZone.AddTimeline IDTimeline=41 Position=2
08.02.2018 10:28:40:240 |201822133847263| UGRTimelines.TTLZone.FindInBuffer IDTimeline=41 Result=2
08.02.2018 10:28:40:240 |201822133847263| UGRTimelines.TTLZone.ClearBuffer
08.02.2018 10:28:40:240 |201822133847263| UGRTimelines.TTLZone.InitTimelines Finish
08.02.2018 10:28:40:240 |201822133847263| UDrawTimelines.TTLNames.Draw Start
08.02.2018 10:28:40:240 |201822133847263| UDrawTimelines.TZoneScaler.Draw Height=25
08.02.2018 10:28:40:240 |201822133847263| UDrawTimelines.TZoneEditTL.Draw Grid=GridTimeLines Top=45 Height=105
08.02.2018 10:28:40:240 |201822133847263| UDrawTimelines.TZoneEditTL.GridPosition Grid=GridTimeLines Position=1 IDTimeline=1
08.02.2018 10:28:40:240 |201822133847263| UDrawTimelines.TNamesTL.Clear
08.02.2018 10:28:40:240 |201822133847263| UDrawTimelines.TNamesTL.Add Result=0 IDTimeline=1
08.02.2018 10:28:40:240 |201822133847263| UDrawTimelines.TNamesTL.Add Result=1 IDTimeline=21
08.02.2018 10:28:40:240 |201822133847263| UDrawTimelines.TNamesTL.Add Result=2 IDTimeline=41
08.02.2018 10:28:40:240 |201822133847263| UDrawTimelines.TNamesTL.Init Result=113
08.02.2018 10:28:40:240 |201822133847263| UDrawTimelines.TNamesTL.Draw Grid=GridTimeLines Top=162 Height=113
08.02.2018 10:28:40:240 |201822133847263| UDrawTimelines.TTimeLineName.Draw Position=0
08.02.2018 10:28:40:240 |201822133847263| UDrawTimelines.TTimeLineName.Draw Position=1
08.02.2018 10:28:40:240 |201822133847263| UDrawTimelines.TTimeLineName.Draw Position=2
08.02.2018 10:28:40:240 |201822133847263| UDrawTimelines.TZoneReview.Draw Top=283 Height=45
08.02.2018 10:28:40:240 |201822133847263| UDrawTimelines.TTLNames.Draw Finish
08.02.2018 10:28:40:240 |201822133847263| TForm1.Label2Click Finish
08.02.2018 10:28:40:240 |201822133847263| UActPlayList.GridActvePLToPanel Clips GridPlayerRow=15
08.02.2018 10:28:40:240 |201822133847263| UMyFiles.DeleteFilesMask Dir=G:\home\ARM_editor\АРМ РЕДАКТОРА VLC 02022018\Projects\Temp Mask=*.undo
08.02.2018 10:28:40:240 |201822133847263| UActPlayList.LoadClipsToPlayer ClearUndo
08.02.2018 10:28:40:240 |201822133847263| UActPlayList.LoadClipsToPlayer | Список клипов | File: G:\home\ARM_editor\АРМ РЕДАКТОРА VLC 02032018\Projects\Clips\DSC_0739.MOV | Clip: DSC_0739 | ClipID=201822192059145 | Start= | Duration= 00:00:13:05
08.02.2018 10:28:40:240 |201822133847263| UActPlayList.LoadClipsToPlayer MyStartPlay=-00:00:00:01 Synchro=false
08.02.2018 10:28:40:240 |201822133847263| UCommon.SetStatusClipInPlayer ClipID=201822192059145
08.02.2018 10:28:40:240 |201822133847263| Start Uplaylists.findclipposition Grid=GridClips ClipID=
08.02.2018 10:28:40:240 |201822133847263| UGrid.MyGridDeleteRow Grid=GridActPlayList Row=1
08.02.2018 10:28:40:240 |201822133847263| UActPlayList.LoadClipsToPlayer SetStatusClipInPlayer ActiveClipID=201822192059145
08.02.2018 10:28:40:240 |201822133847263| UActPlayList.LoadClipsToPlayer FileExists Name=G:\home\ARM_editor\АРМ РЕДАКТОРА VLC 02032018\Projects\Clips\DSC_0739.MOV
08.02.2018 10:28:40:240 |201822133847263| UCommon.SwitcherVideoPanels Command=0
08.02.2018 10:29:06:26 |201822133847263| UPlayer.MediaPause mode=paused | Файл : Пусто
08.02.2018 10:29:06:26 |201822133847263| UMain.StopMyTimer
08.02.2018 10:29:06:26 |201822133847263| UActPlayList.LoadClipsToPlayer FileLoads Name=G:\home\ARM_editor\АРМ РЕДАКТОРА VLC 02032018\Projects\Clips\DSC_0739.MOV
08.02.2018 10:29:06:26 |201822133847263| UMyFiles.LoadClipEditingFromFile Start ClipName=201822192059145
08.02.2018 10:29:06:26 |201822133847263| UDrawTimelines.TNamesTL.Clear
08.02.2018 10:29:06:26 |201822133847263| UGRTimelines.TTLZone.ClearTimeline
08.02.2018 10:29:06:26 |201822133847263| UMyFiles.LoadClipEditingFromFile Finish ClipName=201822192059145
08.02.2018 10:29:06:26 |201822133847263| UGRTimelines.TTLParameters.UpdateParameters
08.02.2018 10:29:06:26 |201822133847263| UPlayer.MediaSetPosition (LoadClipsToPlayer) Position= 00:00:10:00|
08.02.2018 10:29:06:26 |201822133847263| UPlayer.MediaPause mode=paused | Файл : Пусто
08.02.2018 10:29:06:26 |201822133847263| UMain.StopMyTimer
08.02.2018 10:29:06:26 |201822133847263| UActPlayList.LoadClipsToPlayer SetClipTimeParameters
08.02.2018 10:29:06:26 |201822133847263| UDrawTimelines.TZoneEditTL.GridPosition Grid=GridTimeLines Position=1 IDTimeline=1
08.02.2018 10:29:06:26 |201822133847263| UActPlayList.LoadClipsToPlayer TypeTL=tlDevice
08.02.2018 10:29:06:26 |201822133847263| UDrawTimelines.TZoneEditTL.GridPosition Grid=GridTimeLines Position=1 IDTimeline=1
08.02.2018 10:29:06:26 |201822133847263| UActPlayList.LoadClipsToPlayer ZoneNames.Edit.IDTimeline=1 Position=1
08.02.2018 10:29:06:26 |201822133847263| UDrawTimelines.TTLNames.Draw Start
08.02.2018 10:29:06:26 |201822133847263| UDrawTimelines.TZoneScaler.Draw Height=25
08.02.2018 10:29:06:26 |201822133847263| UDrawTimelines.TZoneEditTL.Draw Grid=GridTimeLines Top=45 Height=105
08.02.2018 10:29:06:26 |201822133847263| UDrawTimelines.TZoneEditTL.GridPosition Grid=GridTimeLines Position=1 IDTimeline=1
08.02.2018 10:29:06:26 |201822133847263| UDrawTimelines.TNamesTL.Clear
08.02.2018 10:29:06:26 |201822133847263| UDrawTimelines.TNamesTL.Add Result=0 IDTimeline=1
08.02.2018 10:29:06:26 |201822133847263| UDrawTimelines.TNamesTL.Add Result=1 IDTimeline=21
08.02.2018 10:29:06:26 |201822133847263| UDrawTimelines.TNamesTL.Add Result=2 IDTimeline=41
08.02.2018 10:29:06:26 |201822133847263| UDrawTimelines.TNamesTL.Init Result=113
08.02.2018 10:29:06:26 |201822133847263| UDrawTimelines.TNamesTL.Draw Grid=GridTimeLines Top=162 Height=113
08.02.2018 10:29:06:26 |201822133847263| UDrawTimelines.TTimeLineName.Draw Position=0
08.02.2018 10:29:06:26 |201822133847263| UDrawTimelines.TTimeLineName.Draw Position=1
08.02.2018 10:29:06:26 |201822133847263| UDrawTimelines.TTimeLineName.Draw Position=2
08.02.2018 10:29:06:26 |201822133847263| UDrawTimelines.TZoneReview.Draw Top=283 Height=45
08.02.2018 10:29:06:26 |201822133847263| UDrawTimelines.TTLNames.Draw Finish
08.02.2018 10:29:06:26 |201822133847263| UActPlayList.LoadClipsToPlayer ZoneNames.Draw
08.02.2018 10:29:06:26 |201822133847263| UGRTimelines.TTLZone.InitTimelines Start
08.02.2018 10:29:06:26 |201822133847263| UGRTimelines.TTLZone.ClearBuffer
08.02.2018 10:29:06:26 |201822133847263| UGRTimelines.TTLZone.WriteToBuffer
08.02.2018 10:29:06:26 |201822133847263| UGRTimelines.TTLZone.ClearTimeline
08.02.2018 10:29:06:26 |201822133847263| UGRTimelines.TTLZone.AddTimeline IDTimeline=1 Position=0
08.02.2018 10:29:06:26 |201822133847263| UGRTimelines.TTLZone.FindInBuffer IDTimeline=1 Result=0
08.02.2018 10:29:06:26 |201822133847263| UGRTimelines.TTLZone.AddTimeline IDTimeline=21 Position=1
08.02.2018 10:29:06:26 |201822133847263| UGRTimelines.TTLZone.FindInBuffer IDTimeline=21 Result=1
08.02.2018 10:29:06:26 |201822133847263| UGRTimelines.TTLZone.AddTimeline IDTimeline=41 Position=2
08.02.2018 10:29:06:26 |201822133847263| UGRTimelines.TTLZone.FindInBuffer IDTimeline=41 Result=2
08.02.2018 10:29:06:26 |201822133847263| UGRTimelines.TTLZone.ClearBuffer
08.02.2018 10:29:06:26 |201822133847263| UGRTimelines.TTLZone.InitTimelines Finish
08.02.2018 10:29:06:26 |201822133847263| UActPlayList.LoadClipsToPlayer TLZone.DrawBitmap
08.02.2018 10:29:06:26 |201822133847263| UActPlayList.LoadClipsToPlayer TLZone.DrawTimelines
08.02.2018 10:29:06:26 |201822133847263| UActPlayList.LoadClipsToPlayer CurrentEvents : Number=-1 Image=
08.02.2018 10:29:06:26 |201822133847263| UGrid.MarkRowPhraseInGrid Grid=GridGRTemplate MarkCell=0 WorkCell=2 Name=File Text Row=0 Mark:=false LoadClipsToPlayer-2
08.02.2018 10:29:06:26 |201822133847263| UGrid.MarkRowPhraseInGrid Grid=GridGRTemplate MarkCell=0 WorkCell=2 Name=File Text Row=1 Mark:=false LoadClipsToPlayer-2
08.02.2018 10:29:06:26 |201822133847263| UActPlayList.LoadClipsToPlayer TemplateToScreen
08.02.2018 10:29:06:26 |201822133847263| UActPlayList.LoadClipsToPlayer MyPanelAir.AirDevices.Init TLZone.TLEditor.Index=1
08.02.2018 10:29:06:26 |201822133847263| UActPlayList.LoadClipsToPlayer MyPanelAir.SetValues
08.02.2018 10:29:06:26 |201822133847263| UActPlayList.LoadClipsToPlayer Клип загружен
08.02.2018 10:29:06:26 |201822133847263| Start Uplaylists.findclipposition Grid=GridClips ClipID=
08.02.2018 10:29:06:26 |201822133847263| UGrid.MyGridDeleteRow Grid=GridActPlayList Row=1
08.02.2018 10:29:08:28 |201822133847263| TForm1.imgCTLBottomLMouseUp X=222 Y=22
08.02.2018 10:29:08:28 |201822133847263| UCommon.ControlPlayer Start
08.02.2018 10:29:08:28 |201822133847263| UCommon.ControlPlayer mode=paused
08.02.2018 10:29:08:28 |201822133847263| UMain.StartMyTimer Duration=00:00:00:00 Start=00:00:00:00 Start1=00:00:00:00
08.02.2018 10:29:08:28 |201822133847263| UCommon.ControlPlayer Finish
08.02.2018 10:29:08:28 |201822133847263| Message:WMDRAWTimeline
08.02.2018 10:29:08:28 |201822133847263| UGrid.MarkRowPhraseInGrid Grid=GridGRTemplate MarkCell=0 WorkCell=2 Name=File Text Row=0 Mark:=false Message:WMDRAWTimeline-2
08.02.2018 10:29:08:28 |201822133847263| UGrid.MarkRowPhraseInGrid Grid=GridGRTemplate MarkCell=0 WorkCell=2 Name=File Text Row=1 Mark:=false Message:WMDRAWTimeline-2
08.02.2018 10:29:11:211 |201822133847263| TForm1.imgCTLBottomLMouseUp X=222 Y=22
08.02.2018 10:29:11:211 |201822133847263| UCommon.ControlPlayer Start
08.02.2018 10:29:11:211 |201822133847263| UCommon.ControlPlayer mode<>paused
08.02.2018 10:29:11:211 |201822133847263| UPlayer.MediaPause mode=paused | Файл : Пусто
08.02.2018 10:29:11:211 |201822133847263| UMain.StopMyTimer
08.02.2018 10:29:11:211 |201822133847263| UCommon.ControlPlayer Finish
08.02.2018 10:29:11:211 |201822133847263| UDrawTimelines.TZoneScaler.Draw Height=25
08.02.2018 10:29:11:211 |201822133847263| UDrawTimelines.TZoneEditTL.Draw Grid=GridTimeLines Top=45 Height=105
08.02.2018 10:29:11:211 |201822133847263| UDrawTimelines.TZoneEditTL.GridPosition Grid=GridTimeLines Position=1 IDTimeline=1
08.02.2018 10:29:11:211 |201822133847263| UDrawTimelines.TNamesTL.Draw Grid=GridTimeLines Top=162 Height=113
08.02.2018 10:29:11:211 |201822133847263| UDrawTimelines.TTimeLineName.Draw Position=0
08.02.2018 10:29:11:211 |201822133847263| UDrawTimelines.TTimeLineName.Draw Position=1
08.02.2018 10:29:11:211 |201822133847263| UDrawTimelines.TTimeLineName.Draw Position=2
08.02.2018 10:29:11:211 |201822133847263| UDrawTimelines.TZoneReview.Draw Top=283 Height=45
08.02.2018 10:29:11:211 |201822133847263| UDrawTimelines.TZoneScaler.Draw Height=25
08.02.2018 10:29:11:211 |201822133847263| UDrawTimelines.TZoneEditTL.Draw Grid=GridTimeLines Top=45 Height=105
08.02.2018 10:29:11:211 |201822133847263| UDrawTimelines.TZoneEditTL.GridPosition Grid=GridTimeLines Position=1 IDTimeline=1
08.02.2018 10:29:11:211 |201822133847263| UDrawTimelines.TNamesTL.Draw Grid=GridTimeLines Top=162 Height=113
08.02.2018 10:29:11:211 |201822133847263| UDrawTimelines.TTimeLineName.Draw Position=0
08.02.2018 10:29:11:211 |201822133847263| UDrawTimelines.TTimeLineName.Draw Position=1
08.02.2018 10:29:11:211 |201822133847263| UDrawTimelines.TTimeLineName.Draw Position=2
08.02.2018 10:29:11:211 |201822133847263| UDrawTimelines.TZoneReview.Draw Top=283 Height=45
08.02.2018 10:29:15:215 |201822133847263| UMyFiles.DeleteFilesMask Dir=G:\home\ARM_editor\АРМ РЕДАКТОРА VLC 02022018\Projects\Temp Mask=*.*
08.02.2018 10:29:15:215 |201822133847263| UMyFiles.DeleteFilesMask Dir=G:\home\ARM_editor\АРМ РЕДАКТОРА VLC 02022018\Projects\Temp Mask=*.undo
08.02.2018 10:29:15:215 |201822133847263| Начало записи IniFile: G:\home\ARM_editor\АРМ РЕДАКТОРА VLC 02022018\ARM_Director.ini
08.02.2018 10:29:15:215 |201822133847263| Окончание записи IniFile: G:\home\ARM_editor\АРМ РЕДАКТОРА VLC 02022018\ARM_Director.ini
08.02.2018 10:29:15:215 |201822133847263| TForm1.MyTextMessage UMyMessage=Сохранить текущий проект G:\home\ARM_editor\АРМ РЕДАКТОРА VLC 02022018\Projects\test3 - копия.proj? Buttons=2
08.02.2018 10:29:16:216 |201822133847263| TFMyMessage.spbYesClick Modalresult:=mrOk
08.02.2018 10:29:16:216 |201822133847263| UMyFiles.SaveClipEditingToFile Start ClipName=201822192059145
08.02.2018 10:29:16:216 |201822133847263| UMyFiles.SaveClipEditingToFile Finish ClipName=201822192059145
08.02.2018 10:29:16:216 |201822133847263| UMyFiles.SaveProjectToFile Start FileName=G:\home\ARM_editor\АРМ РЕДАКТОРА VLC 02022018\Projects\test3 - копия.proj
08.02.2018 10:29:17:217 |201822133847263| UMyFiles.SaveGridTimelinesToStream Finish Grid=GridTimeLines
08.02.2018 10:29:17:217 |201822133847263| UMyFiles.SaveProjectToFile Finish FileName=G:\home\ARM_editor\АРМ РЕДАКТОРА VLC 02022018\Projects\test3 - копия.proj
08.02.2018 10:29:17:217 |201822133847263| TForm1.FormClose
08.02.2018 17:31:55:255 || Form1.Create Start
08.02.2018 17:31:55:255 || 
08.02.2018 17:31:55:255 || *****************************************************************************************
08.02.2018 17:31:55:255 || *************************               ЗАПУСК ПРОГРАММЫ             *************************
08.02.2018 17:31:55:255 || *************************            Время старта: 17:31:55:01             *************************
08.02.2018 17:31:55:255 || *****************************************************************************************
08.02.2018 17:31:55:255 || UCommon.CreateDirectories
08.02.2018 17:31:55:255 || UCommon.CreateDirectories PathFiles=G:\home\ARM_editor\АРМ РЕДАКТОРА VLC 02022018\Clips
08.02.2018 17:31:55:255 || UCommon.CreateDirectories DirProject=G:\home\ARM_editor\АРМ РЕДАКТОРА VLC 02022018\Projects
08.02.2018 17:31:55:255 || UCommon.CreateDirectories PathClips=G:\home\ARM_editor\АРМ РЕДАКТОРА VLC 02022018\Projects\Clips
08.02.2018 17:31:55:255 || UCommon.CreateDirectories PathTemplates=G:\home\ARM_editor\АРМ РЕДАКТОРА VLC 02022018\Projects\Templates
08.02.2018 17:31:55:255 || UCommon.CreateDirectories PathPlayLists=G:\home\ARM_editor\АРМ РЕДАКТОРА VLC 02022018\Projects\PlayLists
08.02.2018 17:31:55:255 || UCommon.CreateDirectories PathTemp=G:\home\ARM_editor\АРМ РЕДАКТОРА VLC 02022018\Projects\Temp
08.02.2018 17:31:55:255 || UCommon.CreateDirectories PathTemp=G:\home\ARM_editor\АРМ РЕДАКТОРА VLC 02022018\Projects\Keylayouts
08.02.2018 17:31:55:255 || UCommon.CreateDirectories PathLog=G:\home\ARM_editor\АРМ РЕДАКТОРА VLC 02022018\\Log
08.02.2018 17:31:55:255 || Начало чтения IniFile: G:\home\ARM_editor\АРМ РЕДАКТОРА VLC 02022018\ARM_Director.ini
08.02.2018 17:31:55:255 || UGrid.TGridRows.SetDefaultFonts
08.02.2018 17:31:55:255 || UGrid.TGridRows.SetDefaultFonts
08.02.2018 17:31:55:255 || UGrid.TGridRows.SetDefaultFonts
08.02.2018 17:31:55:255 || UGrid.TGridRows.SetDefaultFonts
08.02.2018 17:31:55:255 || UGrid.TGridRows.SetDefaultFonts
08.02.2018 17:31:55:255 || UGrid.TGridRows.SetDefaultFonts
08.02.2018 17:31:55:255 || Окончание чтения IniFile: G:\home\ARM_editor\АРМ РЕДАКТОРА VLC 02022018\ARM_Director.ini
08.02.2018 17:31:55:255 || UMyFiles.ExecTaskOnDelete
08.02.2018 17:31:55:255 || UInitForms.InputInSystem - Вход в систему выполнен
08.02.2018 17:31:55:255 || UInitForms.InputInSystem
08.02.2018 17:31:55:255 || UInitForms.InitMyStartWindow
08.02.2018 17:31:55:255 || UInitForms.InitMyStartWindow - Вход в систему выполнен
08.02.2018 17:31:55:255 || UInitForms.InitMainForm
08.02.2018 17:31:55:255 || UInitForms.InitPanelControl
08.02.2018 17:31:55:255 || UCommon.SetMainGridPanel Start
08.02.2018 17:31:55:255 || UCommon.SetMainGridPanel MainGrid=projects
08.02.2018 17:31:55:255 || UCommon.CheckedClipsInList Start GridClips
08.02.2018 17:31:55:255 || UCommon.CheckedClipsInList Finish GridClips
08.02.2018 17:31:55:255 || UCommon.SetMainGridPanel Finish
08.02.2018 17:31:55:255 || UInitForms.InitPanelClips
08.02.2018 17:31:55:255 || UGrid.initgrid Grid=GridClips Width=1560
08.02.2018 17:31:55:255 || UInitForms.InitPanelPlayList
08.02.2018 17:31:55:255 || UGrid.initgrid Grid=GridActPlayList Width=1560
08.02.2018 17:31:55:255 || UInitForms.InitPanelProject
08.02.2018 17:31:55:255 || UGrid.initgrid Grid=GridLists Width=1560
08.02.2018 17:31:55:255 || UInitForms.InitPanelPrepare
08.02.2018 17:31:55:255 || TForm1.CheckBox1Click GridGRTemplate.Visible:=false
08.02.2018 17:31:55:255 || UGrid.initgrid Grid=GridGRTemplate Width=349
08.02.2018 17:31:55:255 || UDrawTimelines.TTLNames.SetDefaultFonts;
08.02.2018 17:31:55:255 || UDrawTimelines.TTLNames.Draw Start
08.02.2018 17:31:55:255 || UDrawTimelines.TZoneScaler.Draw Height=25
08.02.2018 17:31:55:255 || UDrawTimelines.TZoneEditTL.Draw Grid=GridTimeLines Top=45 Height=105
08.02.2018 17:31:55:255 || UDrawTimelines.TZoneEditTL.GridPosition Grid=GridTimeLines Position=-1 IDTimeline=1
08.02.2018 17:31:55:255 || UDrawTimelines.TNamesTL.Init Result=152
08.02.2018 17:31:55:255 || UDrawTimelines.TNamesTL.Draw Grid=GridTimeLines Top=162 Height=113
08.02.2018 17:31:55:255 || UDrawTimelines.TZoneReview.Draw Top=283 Height=45
08.02.2018 17:31:55:255 || UDrawTimelines.TTLNames.Draw Finish
08.02.2018 17:31:55:255 || UInitForms.InitPanelAir
08.02.2018 17:31:55:255 || UInitForms.MyStartWindow - Вход в систему выполнен
08.02.2018 17:31:55:255 || UCommon.loadoldproject Start
08.02.2018 17:31:55:255 || UCommon.initnewproject Start
08.02.2018 17:31:55:255 || UInitForms.InitPanelPrepare
08.02.2018 17:31:55:255 || TForm1.CheckBox1Click GridGRTemplate.Visible:=false
08.02.2018 17:31:55:255 || UGrid.initgrid Grid=GridGRTemplate Width=349
08.02.2018 17:31:55:255 || UDrawTimelines.TTLNames.SetDefaultFonts;
08.02.2018 17:31:55:255 || UDrawTimelines.TTLNames.Draw Start
08.02.2018 17:31:55:255 || UDrawTimelines.TZoneScaler.Draw Height=25
08.02.2018 17:31:55:255 || UDrawTimelines.TZoneEditTL.Draw Grid=GridTimeLines Top=45 Height=105
08.02.2018 17:31:55:255 || UDrawTimelines.TZoneEditTL.GridPosition Grid=GridTimeLines Position=1 IDTimeline=1
08.02.2018 17:31:55:255 || UDrawTimelines.TNamesTL.Add Result=0 IDTimeline=1
08.02.2018 17:31:55:255 || UDrawTimelines.TNamesTL.Add Result=1 IDTimeline=21
08.02.2018 17:31:55:255 || UDrawTimelines.TNamesTL.Add Result=2 IDTimeline=41
08.02.2018 17:31:55:255 || UDrawTimelines.TNamesTL.Init Result=113
08.02.2018 17:31:55:255 || UDrawTimelines.TNamesTL.Draw Grid=GridTimeLines Top=162 Height=113
08.02.2018 17:31:55:255 || UDrawTimelines.TTimeLineName.Draw Position=0
08.02.2018 17:31:55:255 || UDrawTimelines.TTimeLineName.Draw Position=1
08.02.2018 17:31:55:255 || UDrawTimelines.TTimeLineName.Draw Position=2
08.02.2018 17:31:55:255 || UDrawTimelines.TZoneReview.Draw Top=283 Height=45
08.02.2018 17:31:55:255 || UDrawTimelines.TTLNames.Draw Finish
08.02.2018 17:31:55:255 || UGrid.MyGridDeleteRow Grid=GridClips Row=1
08.02.2018 17:31:55:255 || UGrid.GridClear Row=1
08.02.2018 17:31:55:255 || UGrid.MyGridDeleteRow Grid=GridActPlayList Row=1
08.02.2018 17:31:55:255 || UGrid.GridClear Row=1
08.02.2018 17:31:55:255 || UGrid.MyGridDeleteRow Grid=GridLists Row=1
08.02.2018 17:31:55:255 || UGrid.GridClear Row=1
08.02.2018 17:31:55:255 || UCommon.initnewproject Finish
08.02.2018 17:31:55:255 || UCommon.CheckedClipsInList Start GridClips
08.02.2018 17:31:55:255 || UCommon.CheckedClipsInList-2 GridClips File=Не существует
08.02.2018 17:31:55:255 || UCommon.CheckedClipsInList Finish GridClips
08.02.2018 17:31:55:255 || UCommon.loadoldproject Finish
08.02.2018 17:31:55:255 || UInitForms.UpdatePanelAir
08.02.2018 17:31:55:255 || Form1.Create Finish
08.02.2018 17:31:56:256 || UInitForms.InitNewProject
08.02.2018 17:31:56:256 || UInitForms.InitPlaylists
08.02.2018 17:31:56:256 || UInitForms.InitEditTimeline
08.02.2018 17:32:02:22 || UInitForms.InitFrButtonOptions
08.02.2018 17:32:02:22 || UGrid.initgrid Grid=StringGrid1 Width=512
08.02.2018 17:32:02:22 || UInitForms.InitImportFiles
08.02.2018 17:32:02:22 || UInitForms.InitTextTemplates
08.02.2018 17:32:02:22 || UInitForms.InitMyMessage
08.02.2018 17:32:02:22 || UInitForms.InitImageTemplate
08.02.2018 17:32:02:22 || UGrid.initgrid Grid=GridImgTemplate Width=386
08.02.2018 17:32:02:22 || UInitForms.InitFrSetTemplate
08.02.2018 17:32:02:22 || UInitForms.InitFrSetEventData
08.02.2018 17:32:02:22 || UInitForms.InitFrSortGrid
08.02.2018 17:32:03:23 || UInitForms.InitFrShiftTL
08.02.2018 17:32:03:23 || UInitForms.InitFrShortNum
08.02.2018 17:32:03:23 || UInitForms.InitFrMediaCopy
08.02.2018 17:32:03:23 || UInitForms.InitFPageSetup
08.02.2018 17:32:03:23 || UInitForms.InitfrMyPrint
08.02.2018 17:32:03:23 || UInitForms.InitFrLTC
08.02.2018 17:32:03:23 || UInitForms.InitfrTimeCode
08.02.2018 17:32:03:23 || UInitForms.InitfrMyTextTemplate
08.02.2018 17:32:03:23 || UInitForms.InitfrNewList
08.02.2018 17:32:04:24 || UMyFiles.ReadProjectFromFile Start FileName=G:\home\ARM_editor\АРМ РЕДАКТОРА VLC 02022018\Projects\test3 - копия.proj
08.02.2018 17:32:05:25 |201822133847263| UMyFiles.LoadGridFromStream Start Grid=GridLists
08.02.2018 17:32:05:25 |201822133847263| UGrid.TGridRows.SetDefaultFonts
08.02.2018 17:32:05:25 |201822133847263| UGrid.TGridRows.SetDefaultFonts
08.02.2018 17:32:05:25 |201822133847263| UMyFiles.LoadGridFromStream Start Grid=GridClips
08.02.2018 17:32:05:25 |201822133847263| UGrid.TGridRows.SetDefaultFonts
08.02.2018 17:32:05:25 |201822133847263| UGrid.TGridRows.SetDefaultFonts
08.02.2018 17:32:05:25 |201822133847263| UGrid.TGridRows.SetDefaultFonts
08.02.2018 17:32:05:25 |201822133847263| UGrid.TGridRows.SetDefaultFonts
08.02.2018 17:32:05:25 |201822133847263| UGrid.TGridRows.SetDefaultFonts
08.02.2018 17:32:05:25 |201822133847263| UGrid.TGridRows.SetDefaultFonts
08.02.2018 17:32:05:25 |201822133847263| UGrid.TGridRows.SetDefaultFonts
08.02.2018 17:32:05:25 |201822133847263| UGrid.TGridRows.SetDefaultFonts
08.02.2018 17:32:05:25 |201822133847263| UGrid.TGridRows.SetDefaultFonts
08.02.2018 17:32:05:25 |201822133847263| UGrid.TGridRows.SetDefaultFonts
08.02.2018 17:32:05:25 |201822133847263| UGrid.TGridRows.SetDefaultFonts
08.02.2018 17:32:05:25 |201822133847263| UGrid.TGridRows.SetDefaultFonts
08.02.2018 17:32:05:25 |201822133847263| UGrid.TGridRows.SetDefaultFonts
08.02.2018 17:32:05:25 |201822133847263| UGrid.TGridRows.SetDefaultFonts
08.02.2018 17:32:05:25 |201822133847263| UGrid.TGridRows.SetDefaultFonts
08.02.2018 17:32:05:25 |201822133847263| UGrid.TGridRows.SetDefaultFonts
08.02.2018 17:32:05:25 |201822133847263| UMyFiles.LoadGridFromStream Start Grid=GridImgTemplate
08.02.2018 17:32:05:25 |201822133847263| UGrid.TGridRows.SetDefaultFonts
08.02.2018 17:32:05:25 |201822133847263| UGrid.TGridRows.SetDefaultFonts
08.02.2018 17:32:05:25 |201822133847263| UGrid.MyGridDeleteRow Grid=GridGRTemplate Row=1
08.02.2018 17:32:05:25 |201822133847263| UGrid.GridClear Row=1
08.02.2018 17:32:05:25 |201822133847263| UGrid.GridAddRow Grid=GridGRTemplate Result=1
08.02.2018 17:32:05:25 |201822133847263| UGrid.GridAddRow Grid=GridGRTemplate Result=1
08.02.2018 17:32:05:25 |201822133847263| UMyFiles.ReadProjectFromFile Finish FileName=G:\home\ARM_editor\АРМ РЕДАКТОРА VLC 02022018\Projects\test3 - копия.proj
08.02.2018 17:32:05:25 |201822133847263| UGRTimelines.TTLZone.ClearBuffer
08.02.2018 17:32:05:25 |201822133847263| UGRTimelines.TTLZone.ClearTimeline
08.02.2018 17:32:05:25 |201822133847263| TForm1.Label2Click Start
08.02.2018 17:32:05:25 |201822133847263| UActPlayList.LoadDefaultClipToPlayer Start
08.02.2018 17:32:05:25 |201822133847263| UActPlayList.LoadDefaultClipToPlayer - Очистка памяти
08.02.2018 17:32:05:25 |201822133847263| UMyFiles.DeleteFilesMask Dir=G:\home\ARM_editor\АРМ РЕДАКТОРА VLC 02022018\Projects\Temp Mask=*.undo
08.02.2018 17:32:05:25 |201822133847263| UActPlayList.LoadDefaultClipToPlayer-Очистка UNDO
08.02.2018 17:32:05:25 |201822133847263| UActPlayList.LoadDefaultClipToPlayer |  | File:  | Clip:  | ClipID= | Start= | Duration= 00:07:00:00
08.02.2018 17:32:05:25 |201822133847263| UActPlayList.LoadDefaultClipToPlayer MyStartPlay=-00:00:00:01 Synchro=false
08.02.2018 17:32:05:25 |201822133847263| UCommon.SwitcherVideoPanels Command=1
08.02.2018 17:32:05:25 |201822133847263| UGrid.MarkRowPhraseInGrid Grid=GridGRTemplate MarkCell=0 WorkCell=2 Name=File Text Row=0 Mark:=false SwitcherVideoPanels-2
08.02.2018 17:32:05:25 |201822133847263| UGrid.MarkRowPhraseInGrid Grid=GridGRTemplate MarkCell=0 WorkCell=2 Name=File Text Row=1 Mark:=false SwitcherVideoPanels-2
08.02.2018 17:32:05:25 |201822133847263| UCommon.TemplateToScreen-2 Clear
08.02.2018 17:32:05:25 |201822133847263| UMyFiles.LoadClipEditingFromFile Start ClipName=defaultclip
08.02.2018 17:32:05:25 |201822133847263| UGRTimelines.TTLZone.ClearBuffer
08.02.2018 17:32:05:25 |201822133847263| UGRTimelines.TTLZone.ClearTimeline
08.02.2018 17:32:05:25 |201822133847263| UGRTimelines.TTLParameters.UpdateParameters
08.02.2018 17:32:05:25 |201822133847263| UPlayer.MediaPause mode=paused | Файл : Пусто
08.02.2018 17:32:05:25 |201822133847263| UMain.StopMyTimer
08.02.2018 17:32:05:25 |201822133847263| UDrawTimelines.TZoneEditTL.GridPosition Grid=GridTimeLines Position=-1 IDTimeline=-1
08.02.2018 17:32:05:25 |201822133847263| UActPlayList.LoadDefaultClipToPlayer TypeTL=tlDevise
08.02.2018 17:32:05:25 |201822133847263| UDrawTimelines.TZoneEditTL.GridPosition Grid=GridTimeLines Position=1 IDTimeline=1
08.02.2018 17:32:05:25 |201822133847263| UActPlayList.LoadDefaultClipToPlayer ZoneNames.Edit.IDTimeline=1 Position=1
08.02.2018 17:32:05:25 |201822133847263| UDrawTimelines.TTLNames.Draw Start
08.02.2018 17:32:05:25 |201822133847263| UDrawTimelines.TZoneScaler.Draw Height=25
08.02.2018 17:32:05:25 |201822133847263| UDrawTimelines.TZoneEditTL.Draw Grid=GridTimeLines Top=45 Height=105
08.02.2018 17:32:05:25 |201822133847263| UDrawTimelines.TZoneEditTL.GridPosition Grid=GridTimeLines Position=1 IDTimeline=1
08.02.2018 17:32:05:25 |201822133847263| UDrawTimelines.TNamesTL.Clear
08.02.2018 17:32:05:25 |201822133847263| UDrawTimelines.TNamesTL.Add Result=0 IDTimeline=1
08.02.2018 17:32:05:25 |201822133847263| UDrawTimelines.TNamesTL.Add Result=1 IDTimeline=21
08.02.2018 17:32:05:25 |201822133847263| UDrawTimelines.TNamesTL.Add Result=2 IDTimeline=41
08.02.2018 17:32:05:25 |201822133847263| UDrawTimelines.TNamesTL.Init Result=113
08.02.2018 17:32:05:25 |201822133847263| UDrawTimelines.TNamesTL.Draw Grid=GridTimeLines Top=162 Height=113
08.02.2018 17:32:05:25 |201822133847263| UDrawTimelines.TTimeLineName.Draw Position=0
08.02.2018 17:32:05:25 |201822133847263| UDrawTimelines.TTimeLineName.Draw Position=1
08.02.2018 17:32:05:25 |201822133847263| UDrawTimelines.TTimeLineName.Draw Position=2
08.02.2018 17:32:05:25 |201822133847263| UDrawTimelines.TZoneReview.Draw Top=283 Height=45
08.02.2018 17:32:05:25 |201822133847263| UDrawTimelines.TTLNames.Draw Finish
08.02.2018 17:32:05:25 |201822133847263| UActPlayList.LoadDefaultClipToPlayer ZoneNames.Draw
08.02.2018 17:32:05:25 |201822133847263| UGRTimelines.TTLZone.InitTimelines Start
08.02.2018 17:32:05:25 |201822133847263| UGRTimelines.TTLZone.ClearBuffer
08.02.2018 17:32:05:25 |201822133847263| UGRTimelines.TTLZone.WriteToBuffer
08.02.2018 17:32:05:25 |201822133847263| UGRTimelines.TTLZone.ClearTimeline
08.02.2018 17:32:05:25 |201822133847263| UGRTimelines.TTLZone.AddTimeline IDTimeline=1 Position=0
08.02.2018 17:32:05:25 |201822133847263| UGRTimelines.TTLZone.FindInBuffer IDTimeline=1 Result=-1
08.02.2018 17:32:05:25 |201822133847263| UGRTimelines.TTLZone.AddTimeline IDTimeline=21 Position=1
08.02.2018 17:32:05:25 |201822133847263| UGRTimelines.TTLZone.FindInBuffer IDTimeline=21 Result=-1
08.02.2018 17:32:05:25 |201822133847263| UGRTimelines.TTLZone.AddTimeline IDTimeline=41 Position=2
08.02.2018 17:32:05:25 |201822133847263| UGRTimelines.TTLZone.FindInBuffer IDTimeline=41 Result=-1
08.02.2018 17:32:05:25 |201822133847263| UGRTimelines.TTLZone.ClearBuffer
08.02.2018 17:32:05:25 |201822133847263| UGRTimelines.TTLZone.InitTimelines Finish
08.02.2018 17:32:05:25 |201822133847263| UActPlayList.LoadDefaultClipToPlayer TLZone.DrawBitmap
08.02.2018 17:32:05:25 |201822133847263| UActPlayList.LoadDefaultClipToPlayer TLZone.DrawTimelines
08.02.2018 17:32:05:25 |201822133847263| UActPlayList.LoadDefaultClipToPlayer CurrentEvents : Number=-1 Image=
08.02.2018 17:32:05:25 |201822133847263| UGrid.MarkRowPhraseInGrid Grid=GridGRTemplate MarkCell=0 WorkCell=2 Name=File Text Row=0 Mark:=false LoadDefaultClipToPlayer-2
08.02.2018 17:32:05:25 |201822133847263| UGrid.MarkRowPhraseInGrid Grid=GridGRTemplate MarkCell=0 WorkCell=2 Name=File Text Row=1 Mark:=false LoadDefaultClipToPlayer-2
08.02.2018 17:32:05:25 |201822133847263| UCommon.TemplateToScreen-2 Clear
08.02.2018 17:32:05:25 |201822133847263| UActPlayList.LoadDefaultClipToPlayer TemplateToScreen
08.02.2018 17:32:05:25 |201822133847263| UActPlayList.LoadDefaultClipToPlayer MyPanelAir.AirDevices.Init TLZone.TLEditor.Index=1
08.02.2018 17:32:05:25 |201822133847263| UActPlayList.LoadDefaultClipToPlayer MyPanelAir.SetValues
08.02.2018 17:32:05:25 |201822133847263| UActPlayList.LoadDefaultClipToPlayer Пустой клип загружен.
08.02.2018 17:32:05:25 |201822133847263| Message:WMEraseBackGround
08.02.2018 17:32:05:25 |201822133847263| UInitForms.UpdatePanelPrepare
08.02.2018 17:32:06:26 |201822133847263| UDrawTimelines.TTLNames.Draw Start
08.02.2018 17:32:06:26 |201822133847263| UDrawTimelines.TZoneScaler.Draw Height=25
08.02.2018 17:32:06:26 |201822133847263| UDrawTimelines.TZoneEditTL.Draw Grid=GridTimeLines Top=45 Height=105
08.02.2018 17:32:06:26 |201822133847263| UDrawTimelines.TZoneEditTL.GridPosition Grid=GridTimeLines Position=1 IDTimeline=1
08.02.2018 17:32:06:26 |201822133847263| UDrawTimelines.TNamesTL.Clear
08.02.2018 17:32:06:26 |201822133847263| UDrawTimelines.TNamesTL.Add Result=0 IDTimeline=1
08.02.2018 17:32:06:26 |201822133847263| UDrawTimelines.TNamesTL.Add Result=1 IDTimeline=21
08.02.2018 17:32:06:26 |201822133847263| UDrawTimelines.TNamesTL.Add Result=2 IDTimeline=41
08.02.2018 17:32:06:26 |201822133847263| UDrawTimelines.TNamesTL.Init Result=113
08.02.2018 17:32:06:26 |201822133847263| UDrawTimelines.TNamesTL.Draw Grid=GridTimeLines Top=162 Height=113
08.02.2018 17:32:06:26 |201822133847263| UDrawTimelines.TTimeLineName.Draw Position=0
08.02.2018 17:32:06:26 |201822133847263| UDrawTimelines.TTimeLineName.Draw Position=1
08.02.2018 17:32:06:26 |201822133847263| UDrawTimelines.TTimeLineName.Draw Position=2
08.02.2018 17:32:06:26 |201822133847263| UDrawTimelines.TZoneReview.Draw Top=283 Height=45
08.02.2018 17:32:06:26 |201822133847263| UDrawTimelines.TTLNames.Draw Finish
08.02.2018 17:32:06:26 |201822133847263| UDrawTimelines.TZoneEditTL.GridPosition Grid=GridTimeLines Position=1 IDTimeline=1
08.02.2018 17:32:06:26 |201822133847263| UGrid.initgrid Grid=GridGRTemplate Width=355
08.02.2018 17:32:06:26 |201822133847263| UGrid.MyGridDeleteRow Grid=GridGRTemplate Row=1
08.02.2018 17:32:06:26 |201822133847263| UGrid.GridClear Row=1
08.02.2018 17:32:06:26 |201822133847263| UGrid.GridAddRow Grid=GridGRTemplate Result=1
08.02.2018 17:32:06:26 |201822133847263| UGrid.GridAddRow Grid=GridGRTemplate Result=1
08.02.2018 17:32:06:26 |201822133847263| UInitForms.UpdatePanelAir
08.02.2018 17:32:06:26 |201822133847263| UCommon.TemplateToScreen-2 Clear
08.02.2018 17:32:06:26 |201822133847263| UGRTimelines.TTLZone.InitTimelines Start
08.02.2018 17:32:06:26 |201822133847263| UGRTimelines.TTLZone.ClearBuffer
08.02.2018 17:32:06:26 |201822133847263| UGRTimelines.TTLZone.WriteToBuffer
08.02.2018 17:32:06:26 |201822133847263| UGRTimelines.TTLZone.ClearTimeline
08.02.2018 17:32:06:26 |201822133847263| UGRTimelines.TTLZone.AddTimeline IDTimeline=1 Position=0
08.02.2018 17:32:06:26 |201822133847263| UGRTimelines.TTLZone.FindInBuffer IDTimeline=1 Result=0
08.02.2018 17:32:06:26 |201822133847263| UGRTimelines.TTLZone.AddTimeline IDTimeline=21 Position=1
08.02.2018 17:32:06:26 |201822133847263| UGRTimelines.TTLZone.FindInBuffer IDTimeline=21 Result=1
08.02.2018 17:32:06:26 |201822133847263| UGRTimelines.TTLZone.AddTimeline IDTimeline=41 Position=2
08.02.2018 17:32:06:26 |201822133847263| UGRTimelines.TTLZone.FindInBuffer IDTimeline=41 Result=2
08.02.2018 17:32:06:26 |201822133847263| UGRTimelines.TTLZone.ClearBuffer
08.02.2018 17:32:06:26 |201822133847263| UGRTimelines.TTLZone.InitTimelines Finish
08.02.2018 17:32:06:26 |201822133847263| UDrawTimelines.TTLNames.Draw Start
08.02.2018 17:32:06:26 |201822133847263| UDrawTimelines.TZoneScaler.Draw Height=25
08.02.2018 17:32:06:26 |201822133847263| UDrawTimelines.TZoneEditTL.Draw Grid=GridTimeLines Top=45 Height=105
08.02.2018 17:32:06:26 |201822133847263| UDrawTimelines.TZoneEditTL.GridPosition Grid=GridTimeLines Position=1 IDTimeline=1
08.02.2018 17:32:06:26 |201822133847263| UDrawTimelines.TNamesTL.Clear
08.02.2018 17:32:06:26 |201822133847263| UDrawTimelines.TNamesTL.Add Result=0 IDTimeline=1
08.02.2018 17:32:06:26 |201822133847263| UDrawTimelines.TNamesTL.Add Result=1 IDTimeline=21
08.02.2018 17:32:06:26 |201822133847263| UDrawTimelines.TNamesTL.Add Result=2 IDTimeline=41
08.02.2018 17:32:06:26 |201822133847263| UDrawTimelines.TNamesTL.Init Result=113
08.02.2018 17:32:06:26 |201822133847263| UDrawTimelines.TNamesTL.Draw Grid=GridTimeLines Top=162 Height=113
08.02.2018 17:32:06:26 |201822133847263| UDrawTimelines.TTimeLineName.Draw Position=0
08.02.2018 17:32:06:26 |201822133847263| UDrawTimelines.TTimeLineName.Draw Position=1
08.02.2018 17:32:06:26 |201822133847263| UDrawTimelines.TTimeLineName.Draw Position=2
08.02.2018 17:32:06:26 |201822133847263| UDrawTimelines.TZoneReview.Draw Top=283 Height=45
08.02.2018 17:32:06:26 |201822133847263| UDrawTimelines.TTLNames.Draw Finish
08.02.2018 17:32:06:26 |201822133847263| TForm1.Label2Click Finish
08.02.2018 17:32:06:26 |201822133847263| UCommon.SetMainGridPanel Start
08.02.2018 17:32:06:26 |201822133847263| Message:WMEraseBackGround
08.02.2018 17:32:06:26 |201822133847263| UCommon.SetMainGridPanel MainGrid=projects
08.02.2018 17:32:06:26 |201822133847263| UCommon.CheckedClipsInList Start GridClips
08.02.2018 17:32:06:26 |201822133847263| UCommon.CheckedClipsInList-1 GridClips File=C:\last\Брегель\Брейгель поклонение волхвов fin.movНе существует
08.02.2018 17:32:06:26 |201822133847263| UCommon.CheckedClipsInList-1 GridClips File=C:\last\Брегель\I_S_Bah_Fantaziya_Bolshoj_Organ_Kafedralnogo_-_Esli_muzyka_Mocarta_prakticheski_dostigla_sovershenstva_i (1).mp3Не существует
08.02.2018 17:32:06:26 |201822133847263| UCommon.CheckedClipsInList GridClips File=G:\Детские\Вове посмотреть\Fantomas Collection HD\Fanto?mas se de?chai?ne (HD).m4vНайден
08.02.2018 17:32:06:26 |201822133847263| UCommon.CheckedClipsInList-1 GridClips File=C:\last\Погоня\DSC_0729.MOVНе существует
08.02.2018 17:32:06:26 |201822133847263| UCommon.CheckedClipsInList-2 GridClips File=Не существует
08.02.2018 17:32:06:26 |201822133847263| UCommon.CheckedClipsInList-1 GridClips File=C:\last\Погоня\DSC_0729.MOVНе существует
08.02.2018 17:32:06:26 |201822133847263| UCommon.CheckedClipsInList-1 GridClips File=C:\last\Погоня\DSC_0734.MOVНе существует
08.02.2018 17:32:06:26 |201822133847263| UCommon.CheckedClipsInList-1 GridClips File=C:\last\Погоня\DSC_0738.MOVНе существует
08.02.2018 17:32:06:26 |201822133847263| UCommon.CheckedClipsInList-1 GridClips File=C:\last\Погоня\DSC_0671.MOVНе существует
08.02.2018 17:32:06:26 |201822133847263| UCommon.CheckedClipsInList-1 GridClips File=C:\last\Погоня\DSC_0672.MOVНе существует
08.02.2018 17:32:06:26 |201822133847263| UCommon.CheckedClipsInList-1 GridClips File=C:\last\Погоня\DSC_0677.MOVНе существует
08.02.2018 17:32:06:26 |201822133847263| UCommon.CheckedClipsInList-1 GridClips File=C:\last\Погоня\DSC_0678.MOVНе существует
08.02.2018 17:32:06:26 |201822133847263| UCommon.CheckedClipsInList-1 GridClips File=C:\last\Погоня\DSC_0708 (2).MOVНе существует
08.02.2018 17:32:06:26 |201822133847263| UCommon.CheckedClipsInList-1 GridClips File=C:\last\Погоня\DSC_0708.MOVНе существует
08.02.2018 17:32:06:26 |201822133847263| UCommon.CheckedClipsInList GridClips File=G:\home\ARM_editor\АРМ РЕДАКТОРА VLC 02032018\Projects\Clips\DSC_0739.MOVНайден
08.02.2018 17:32:06:26 |201822133847263| UCommon.CheckedClipsInList Finish GridClips
08.02.2018 17:32:06:26 |201822133847263| Start Uplaylists.findclipposition Grid=GridClips ClipID=
08.02.2018 17:32:06:26 |201822133847263| UGrid.MyGridDeleteRow Grid=GridActPlayList Row=1
08.02.2018 17:32:06:26 |201822133847263| UCommon.SetMainGridPanel Finish
08.02.2018 17:32:06:26 |201822133847263| UCommon.ClearClipsStatusPlay
08.02.2018 17:32:06:26 |201822133847263| Start Uplaylists.findclipposition Grid=GridClips ClipID=
08.02.2018 17:32:06:26 |201822133847263| UGrid.MyGridDeleteRow Grid=GridActPlayList Row=1
08.02.2018 17:32:08:28 |201822133847263| TForm1.sbClipsClick
08.02.2018 17:32:08:28 |201822133847263| UCommon.SetMainGridPanel Start
08.02.2018 17:32:08:28 |201822133847263| Message:WMEraseBackGround
08.02.2018 17:32:08:28 |201822133847263| UCommon.CheckedClipsInList Start GridClips
08.02.2018 17:32:08:28 |201822133847263| UCommon.CheckedClipsInList-1 GridClips File=C:\last\Брегель\Брейгель поклонение волхвов fin.movНе существует
08.02.2018 17:32:08:28 |201822133847263| UCommon.CheckedClipsInList-1 GridClips File=C:\last\Брегель\I_S_Bah_Fantaziya_Bolshoj_Organ_Kafedralnogo_-_Esli_muzyka_Mocarta_prakticheski_dostigla_sovershenstva_i (1).mp3Не существует
08.02.2018 17:32:08:28 |201822133847263| UCommon.CheckedClipsInList GridClips File=G:\Детские\Вове посмотреть\Fantomas Collection HD\Fanto?mas se de?chai?ne (HD).m4vНайден
08.02.2018 17:32:08:28 |201822133847263| UCommon.CheckedClipsInList-1 GridClips File=C:\last\Погоня\DSC_0729.MOVНе существует
08.02.2018 17:32:08:28 |201822133847263| UCommon.CheckedClipsInList-2 GridClips File=Не существует
08.02.2018 17:32:08:28 |201822133847263| UCommon.CheckedClipsInList-1 GridClips File=C:\last\Погоня\DSC_0729.MOVНе существует
08.02.2018 17:32:08:28 |201822133847263| UCommon.CheckedClipsInList-1 GridClips File=C:\last\Погоня\DSC_0734.MOVНе существует
08.02.2018 17:32:08:28 |201822133847263| UCommon.CheckedClipsInList-1 GridClips File=C:\last\Погоня\DSC_0738.MOVНе существует
08.02.2018 17:32:08:28 |201822133847263| UCommon.CheckedClipsInList-1 GridClips File=C:\last\Погоня\DSC_0671.MOVНе существует
08.02.2018 17:32:08:28 |201822133847263| UCommon.CheckedClipsInList-1 GridClips File=C:\last\Погоня\DSC_0672.MOVНе существует
08.02.2018 17:32:08:28 |201822133847263| UCommon.CheckedClipsInList-1 GridClips File=C:\last\Погоня\DSC_0677.MOVНе существует
08.02.2018 17:32:08:28 |201822133847263| UCommon.CheckedClipsInList-1 GridClips File=C:\last\Погоня\DSC_0678.MOVНе существует
08.02.2018 17:32:08:28 |201822133847263| UCommon.CheckedClipsInList-1 GridClips File=C:\last\Погоня\DSC_0708 (2).MOVНе существует
08.02.2018 17:32:08:28 |201822133847263| UCommon.CheckedClipsInList-1 GridClips File=C:\last\Погоня\DSC_0708.MOVНе существует
08.02.2018 17:32:08:28 |201822133847263| UCommon.CheckedClipsInList GridClips File=G:\home\ARM_editor\АРМ РЕДАКТОРА VLC 02032018\Projects\Clips\DSC_0739.MOVНайден
08.02.2018 17:32:08:28 |201822133847263| UCommon.CheckedClipsInList Finish GridClips
08.02.2018 17:32:08:28 |201822133847263| UCommon.SetMainGridPanel MainGrid=clips
08.02.2018 17:32:08:28 |201822133847263| UCommon.CheckedClipsInList Start GridClips
08.02.2018 17:32:08:28 |201822133847263| UCommon.CheckedClipsInList-1 GridClips File=C:\last\Брегель\Брейгель поклонение волхвов fin.movНе существует
08.02.2018 17:32:08:28 |201822133847263| UCommon.CheckedClipsInList-1 GridClips File=C:\last\Брегель\I_S_Bah_Fantaziya_Bolshoj_Organ_Kafedralnogo_-_Esli_muzyka_Mocarta_prakticheski_dostigla_sovershenstva_i (1).mp3Не существует
08.02.2018 17:32:08:28 |201822133847263| UCommon.CheckedClipsInList GridClips File=G:\Детские\Вове посмотреть\Fantomas Collection HD\Fanto?mas se de?chai?ne (HD).m4vНайден
08.02.2018 17:32:08:28 |201822133847263| UCommon.CheckedClipsInList-1 GridClips File=C:\last\Погоня\DSC_0729.MOVНе существует
08.02.2018 17:32:08:28 |201822133847263| UCommon.CheckedClipsInList-2 GridClips File=Не существует
08.02.2018 17:32:08:28 |201822133847263| UCommon.CheckedClipsInList-1 GridClips File=C:\last\Погоня\DSC_0729.MOVНе существует
08.02.2018 17:32:08:28 |201822133847263| UCommon.CheckedClipsInList-1 GridClips File=C:\last\Погоня\DSC_0734.MOVНе существует
08.02.2018 17:32:08:28 |201822133847263| UCommon.CheckedClipsInList-1 GridClips File=C:\last\Погоня\DSC_0738.MOVНе существует
08.02.2018 17:32:08:28 |201822133847263| UCommon.CheckedClipsInList-1 GridClips File=C:\last\Погоня\DSC_0671.MOVНе существует
08.02.2018 17:32:08:28 |201822133847263| UCommon.CheckedClipsInList-1 GridClips File=C:\last\Погоня\DSC_0672.MOVНе существует
08.02.2018 17:32:08:28 |201822133847263| UCommon.CheckedClipsInList-1 GridClips File=C:\last\Погоня\DSC_0677.MOVНе существует
08.02.2018 17:32:08:28 |201822133847263| UCommon.CheckedClipsInList-1 GridClips File=C:\last\Погоня\DSC_0678.MOVНе существует
08.02.2018 17:32:08:28 |201822133847263| UCommon.CheckedClipsInList-1 GridClips File=C:\last\Погоня\DSC_0708 (2).MOVНе существует
08.02.2018 17:32:08:28 |201822133847263| UCommon.CheckedClipsInList-1 GridClips File=C:\last\Погоня\DSC_0708.MOVНе существует
08.02.2018 17:32:08:28 |201822133847263| UCommon.CheckedClipsInList GridClips File=G:\home\ARM_editor\АРМ РЕДАКТОРА VLC 02032018\Projects\Clips\DSC_0739.MOVНайден
08.02.2018 17:32:08:28 |201822133847263| UCommon.CheckedClipsInList Finish GridClips
08.02.2018 17:32:08:28 |201822133847263| Start Uplaylists.findclipposition Grid=GridClips ClipID=
08.02.2018 17:32:08:28 |201822133847263| UGrid.MyGridDeleteRow Grid=GridActPlayList Row=1
08.02.2018 17:32:08:28 |201822133847263| UCommon.SetMainGridPanel Finish
08.02.2018 17:32:09:29 |201822133847263| TForm1.GridClipsMouseUp X=153 Y=697
08.02.2018 17:32:09:29 |201822133847263| UGrid.GridColX-1 Grid=GridClips X=153 Result=3
08.02.2018 17:32:09:29 |201822133847263| UGrid.GridClickRow-4 Grid=GridClips Y=697 Result=-1
08.02.2018 17:32:09:29 |201822133847263| UGrid.GridClickRow-4 Grid=GridClips Y=697 Result=-1
08.02.2018 17:32:09:29 |201822133847263| UGrid.GridClickRow-4 Grid=GridClips Y=697 Result=-1
08.02.2018 17:32:09:29 |201822133847263| UGrid.GridClickRow-4 Grid=GridClips Y=697 Result=-1
08.02.2018 17:32:09:29 |201822133847263| UGrid.GridClickRow-4 Grid=GridClips Y=697 Result=-1
08.02.2018 17:32:09:29 |201822133847263| UGrid.GridClickRow-4 Grid=GridClips Y=697 Result=-1
08.02.2018 17:32:09:29 |201822133847263| UGrid.GridClickRow-4 Grid=GridClips Y=697 Result=-1
08.02.2018 17:32:09:29 |201822133847263| UGrid.GridClickRow-4 Grid=GridClips Y=697 Result=-1
08.02.2018 17:32:09:29 |201822133847263| UGrid.GridClickRow-4 Grid=GridClips Y=697 Result=-1
08.02.2018 17:32:09:29 |201822133847263| UGrid.GridClickRow-4 Grid=GridClips Y=697 Result=-1
08.02.2018 17:32:09:29 |201822133847263| UGrid.GridClickRow-4 Grid=GridClips Y=697 Result=-1
08.02.2018 17:32:09:29 |201822133847263| UGrid.GridClickRow-4 Grid=GridClips Y=697 Result=-1
08.02.2018 17:32:09:29 |201822133847263| UGrid.GridClickRow-4 Grid=GridClips Y=697 Result=-1
08.02.2018 17:32:09:29 |201822133847263| UGrid.GridClickRow-4 Grid=GridClips Y=697 Result=-1
08.02.2018 17:32:09:29 |201822133847263| UGrid.GridClickRow-2 Grid=GridClips Y=697 Result=15
08.02.2018 17:32:09:29 |201822133847263| Start Uplaylists.findclipposition Grid=GridClips ClipID=
08.02.2018 17:32:09:29 |201822133847263| UGrid.MyGridDeleteRow Grid=GridActPlayList Row=1
08.02.2018 17:32:11:211 |201822133847263| TForm1.GridClipsMouseUp X=68 Y=699
08.02.2018 17:32:11:211 |201822133847263| UGrid.GridColX-1 Grid=GridClips X=68 Result=2
08.02.2018 17:32:11:211 |201822133847263| UGrid.GridClickRow-4 Grid=GridClips Y=699 Result=-1
08.02.2018 17:32:11:211 |201822133847263| UGrid.GridClickRow-4 Grid=GridClips Y=699 Result=-1
08.02.2018 17:32:11:211 |201822133847263| UGrid.GridClickRow-4 Grid=GridClips Y=699 Result=-1
08.02.2018 17:32:11:211 |201822133847263| UGrid.GridClickRow-4 Grid=GridClips Y=699 Result=-1
08.02.2018 17:32:11:211 |201822133847263| UGrid.GridClickRow-4 Grid=GridClips Y=699 Result=-1
08.02.2018 17:32:11:211 |201822133847263| UGrid.GridClickRow-4 Grid=GridClips Y=699 Result=-1
08.02.2018 17:32:11:211 |201822133847263| UGrid.GridClickRow-4 Grid=GridClips Y=699 Result=-1
08.02.2018 17:32:11:211 |201822133847263| UGrid.GridClickRow-4 Grid=GridClips Y=699 Result=-1
08.02.2018 17:32:11:211 |201822133847263| UGrid.GridClickRow-4 Grid=GridClips Y=699 Result=-1
08.02.2018 17:32:11:211 |201822133847263| UGrid.GridClickRow-4 Grid=GridClips Y=699 Result=-1
08.02.2018 17:32:11:211 |201822133847263| UGrid.GridClickRow-4 Grid=GridClips Y=699 Result=-1
08.02.2018 17:32:11:211 |201822133847263| UGrid.GridClickRow-4 Grid=GridClips Y=699 Result=-1
08.02.2018 17:32:11:211 |201822133847263| UGrid.GridClickRow-4 Grid=GridClips Y=699 Result=-1
08.02.2018 17:32:11:211 |201822133847263| UGrid.GridClickRow-4 Grid=GridClips Y=699 Result=-1
08.02.2018 17:32:11:211 |201822133847263| UGrid.GridClickRow-2 Grid=GridClips Y=699 Result=15
08.02.2018 17:32:11:211 |201822133847263| UCommon.PlayClipFromClipsList PredClipID=201822192059145
08.02.2018 17:32:11:211 |201822133847263| UActPlayList.LoadClipsToPlayer Start
08.02.2018 17:32:11:211 |201822133847263| UActPlayList.LoadClipsToPlayer - Очистка памяти
08.02.2018 17:32:11:211 |201822133847263| TForm1.Label2Click Start
08.02.2018 17:32:11:211 |201822133847263| UActPlayList.LoadDefaultClipToPlayer Start
08.02.2018 17:32:11:211 |201822133847263| UActPlayList.LoadDefaultClipToPlayer - Очистка памяти
08.02.2018 17:32:11:211 |201822133847263| UMyFiles.DeleteFilesMask Dir=G:\home\ARM_editor\АРМ РЕДАКТОРА VLC 02022018\Projects\Temp Mask=*.undo
08.02.2018 17:32:11:211 |201822133847263| UActPlayList.LoadDefaultClipToPlayer-Очистка UNDO
08.02.2018 17:32:11:211 |201822133847263| UActPlayList.LoadDefaultClipToPlayer |  | File:  | Clip:  | ClipID= | Start= | Duration= 00:07:00:00
08.02.2018 17:32:11:211 |201822133847263| UActPlayList.LoadDefaultClipToPlayer MyStartPlay=-00:00:00:01 Synchro=false
08.02.2018 17:32:11:211 |201822133847263| UCommon.SwitcherVideoPanels Command=1
08.02.2018 17:32:11:211 |201822133847263| UGrid.MarkRowPhraseInGrid Grid=GridGRTemplate MarkCell=0 WorkCell=2 Name=File Text Row=0 Mark:=false SwitcherVideoPanels-2
08.02.2018 17:32:11:211 |201822133847263| UGrid.MarkRowPhraseInGrid Grid=GridGRTemplate MarkCell=0 WorkCell=2 Name=File Text Row=1 Mark:=false SwitcherVideoPanels-2
08.02.2018 17:32:11:211 |201822133847263| UCommon.TemplateToScreen-2 Clear
08.02.2018 17:32:11:211 |201822133847263| UMyFiles.LoadClipEditingFromFile Start ClipName=defaultclip
08.02.2018 17:32:11:211 |201822133847263| UGRTimelines.TTLZone.ClearBuffer
08.02.2018 17:32:11:211 |201822133847263| UGRTimelines.TTLZone.ClearTimeline
08.02.2018 17:32:11:211 |201822133847263| UGRTimelines.TTLParameters.UpdateParameters
08.02.2018 17:32:11:211 |201822133847263| UPlayer.MediaPause mode=paused | Файл : Пусто
08.02.2018 17:32:11:211 |201822133847263| UMain.StopMyTimer
08.02.2018 17:32:11:211 |201822133847263| UDrawTimelines.TZoneEditTL.GridPosition Grid=GridTimeLines Position=1 IDTimeline=1
08.02.2018 17:32:11:211 |201822133847263| UActPlayList.LoadDefaultClipToPlayer TypeTL=tlDevise
08.02.2018 17:32:11:211 |201822133847263| UDrawTimelines.TZoneEditTL.GridPosition Grid=GridTimeLines Position=1 IDTimeline=1
08.02.2018 17:32:11:211 |201822133847263| UActPlayList.LoadDefaultClipToPlayer ZoneNames.Edit.IDTimeline=1 Position=1
08.02.2018 17:32:11:211 |201822133847263| UDrawTimelines.TTLNames.Draw Start
08.02.2018 17:32:11:211 |201822133847263| UDrawTimelines.TZoneScaler.Draw Height=25
08.02.2018 17:32:11:211 |201822133847263| UDrawTimelines.TZoneEditTL.Draw Grid=GridTimeLines Top=45 Height=105
08.02.2018 17:32:11:211 |201822133847263| UDrawTimelines.TZoneEditTL.GridPosition Grid=GridTimeLines Position=1 IDTimeline=1
08.02.2018 17:32:11:211 |201822133847263| UDrawTimelines.TNamesTL.Clear
08.02.2018 17:32:11:211 |201822133847263| UDrawTimelines.TNamesTL.Add Result=0 IDTimeline=1
08.02.2018 17:32:11:211 |201822133847263| UDrawTimelines.TNamesTL.Add Result=1 IDTimeline=21
08.02.2018 17:32:11:211 |201822133847263| UDrawTimelines.TNamesTL.Add Result=2 IDTimeline=41
08.02.2018 17:32:11:211 |201822133847263| UDrawTimelines.TNamesTL.Init Result=113
08.02.2018 17:32:11:211 |201822133847263| UDrawTimelines.TNamesTL.Draw Grid=GridTimeLines Top=162 Height=113
08.02.2018 17:32:11:211 |201822133847263| UDrawTimelines.TTimeLineName.Draw Position=0
08.02.2018 17:32:11:211 |201822133847263| UDrawTimelines.TTimeLineName.Draw Position=1
08.02.2018 17:32:11:211 |201822133847263| UDrawTimelines.TTimeLineName.Draw Position=2
08.02.2018 17:32:11:211 |201822133847263| UDrawTimelines.TZoneReview.Draw Top=283 Height=45
08.02.2018 17:32:11:211 |201822133847263| UDrawTimelines.TTLNames.Draw Finish
08.02.2018 17:32:11:211 |201822133847263| UActPlayList.LoadDefaultClipToPlayer ZoneNames.Draw
08.02.2018 17:32:11:211 |201822133847263| UGRTimelines.TTLZone.InitTimelines Start
08.02.2018 17:32:11:211 |201822133847263| UGRTimelines.TTLZone.ClearBuffer
08.02.2018 17:32:11:211 |201822133847263| UGRTimelines.TTLZone.WriteToBuffer
08.02.2018 17:32:11:211 |201822133847263| UGRTimelines.TTLZone.ClearTimeline
08.02.2018 17:32:11:211 |201822133847263| UGRTimelines.TTLZone.AddTimeline IDTimeline=1 Position=0
08.02.2018 17:32:11:211 |201822133847263| UGRTimelines.TTLZone.FindInBuffer IDTimeline=1 Result=-1
08.02.2018 17:32:11:211 |201822133847263| UGRTimelines.TTLZone.AddTimeline IDTimeline=21 Position=1
08.02.2018 17:32:11:211 |201822133847263| UGRTimelines.TTLZone.FindInBuffer IDTimeline=21 Result=-1
08.02.2018 17:32:11:211 |201822133847263| UGRTimelines.TTLZone.AddTimeline IDTimeline=41 Position=2
08.02.2018 17:32:11:211 |201822133847263| UGRTimelines.TTLZone.FindInBuffer IDTimeline=41 Result=-1
08.02.2018 17:32:11:211 |201822133847263| UGRTimelines.TTLZone.ClearBuffer
08.02.2018 17:32:11:211 |201822133847263| UGRTimelines.TTLZone.InitTimelines Finish
08.02.2018 17:32:11:211 |201822133847263| UActPlayList.LoadDefaultClipToPlayer TLZone.DrawBitmap
08.02.2018 17:32:11:211 |201822133847263| UActPlayList.LoadDefaultClipToPlayer TLZone.DrawTimelines
08.02.2018 17:32:11:211 |201822133847263| UActPlayList.LoadDefaultClipToPlayer CurrentEvents : Number=-1 Image=
08.02.2018 17:32:11:211 |201822133847263| UGrid.MarkRowPhraseInGrid Grid=GridGRTemplate MarkCell=0 WorkCell=2 Name=File Text Row=0 Mark:=false LoadDefaultClipToPlayer-2
08.02.2018 17:32:11:211 |201822133847263| UGrid.MarkRowPhraseInGrid Grid=GridGRTemplate MarkCell=0 WorkCell=2 Name=File Text Row=1 Mark:=false LoadDefaultClipToPlayer-2
08.02.2018 17:32:11:211 |201822133847263| UCommon.TemplateToScreen-2 Clear
08.02.2018 17:32:11:211 |201822133847263| UActPlayList.LoadDefaultClipToPlayer TemplateToScreen
08.02.2018 17:32:11:211 |201822133847263| UActPlayList.LoadDefaultClipToPlayer MyPanelAir.AirDevices.Init TLZone.TLEditor.Index=1
08.02.2018 17:32:11:211 |201822133847263| UActPlayList.LoadDefaultClipToPlayer MyPanelAir.SetValues
08.02.2018 17:32:11:211 |201822133847263| UActPlayList.LoadDefaultClipToPlayer Пустой клип загружен.
08.02.2018 17:32:11:211 |201822133847263| Message:WMEraseBackGround
08.02.2018 17:32:11:211 |201822133847263| UInitForms.UpdatePanelPrepare
08.02.2018 17:32:11:211 |201822133847263| UDrawTimelines.TTLNames.Draw Start
08.02.2018 17:32:11:211 |201822133847263| UDrawTimelines.TZoneScaler.Draw Height=25
08.02.2018 17:32:11:211 |201822133847263| UDrawTimelines.TZoneEditTL.Draw Grid=GridTimeLines Top=45 Height=105
08.02.2018 17:32:11:211 |201822133847263| UDrawTimelines.TZoneEditTL.GridPosition Grid=GridTimeLines Position=1 IDTimeline=1
08.02.2018 17:32:11:211 |201822133847263| UDrawTimelines.TNamesTL.Clear
08.02.2018 17:32:11:211 |201822133847263| UDrawTimelines.TNamesTL.Add Result=0 IDTimeline=1
08.02.2018 17:32:11:211 |201822133847263| UDrawTimelines.TNamesTL.Add Result=1 IDTimeline=21
08.02.2018 17:32:11:211 |201822133847263| UDrawTimelines.TNamesTL.Add Result=2 IDTimeline=41
08.02.2018 17:32:11:211 |201822133847263| UDrawTimelines.TNamesTL.Init Result=113
08.02.2018 17:32:11:211 |201822133847263| UDrawTimelines.TNamesTL.Draw Grid=GridTimeLines Top=162 Height=113
08.02.2018 17:32:11:211 |201822133847263| UDrawTimelines.TTimeLineName.Draw Position=0
08.02.2018 17:32:11:211 |201822133847263| UDrawTimelines.TTimeLineName.Draw Position=1
08.02.2018 17:32:11:211 |201822133847263| UDrawTimelines.TTimeLineName.Draw Position=2
08.02.2018 17:32:11:211 |201822133847263| UDrawTimelines.TZoneReview.Draw Top=283 Height=45
08.02.2018 17:32:11:211 |201822133847263| UDrawTimelines.TTLNames.Draw Finish
08.02.2018 17:32:11:211 |201822133847263| UDrawTimelines.TZoneEditTL.GridPosition Grid=GridTimeLines Position=1 IDTimeline=1
08.02.2018 17:32:11:211 |201822133847263| UInitForms.UpdatePanelAir
08.02.2018 17:32:11:211 |201822133847263| UCommon.TemplateToScreen-2 Clear
08.02.2018 17:32:11:211 |201822133847263| UGRTimelines.TTLZone.InitTimelines Start
08.02.2018 17:32:11:211 |201822133847263| UGRTimelines.TTLZone.ClearBuffer
08.02.2018 17:32:11:211 |201822133847263| UGRTimelines.TTLZone.WriteToBuffer
08.02.2018 17:32:11:211 |201822133847263| UGRTimelines.TTLZone.ClearTimeline
08.02.2018 17:32:11:211 |201822133847263| UGRTimelines.TTLZone.AddTimeline IDTimeline=1 Position=0
08.02.2018 17:32:11:211 |201822133847263| UGRTimelines.TTLZone.FindInBuffer IDTimeline=1 Result=0
08.02.2018 17:32:11:211 |201822133847263| UGRTimelines.TTLZone.AddTimeline IDTimeline=21 Position=1
08.02.2018 17:32:11:211 |201822133847263| UGRTimelines.TTLZone.FindInBuffer IDTimeline=21 Result=1
08.02.2018 17:32:11:211 |201822133847263| UGRTimelines.TTLZone.AddTimeline IDTimeline=41 Position=2
08.02.2018 17:32:11:211 |201822133847263| UGRTimelines.TTLZone.FindInBuffer IDTimeline=41 Result=2
08.02.2018 17:32:11:211 |201822133847263| UGRTimelines.TTLZone.ClearBuffer
08.02.2018 17:32:11:211 |201822133847263| UGRTimelines.TTLZone.InitTimelines Finish
08.02.2018 17:32:11:211 |201822133847263| UDrawTimelines.TTLNames.Draw Start
08.02.2018 17:32:11:211 |201822133847263| UDrawTimelines.TZoneScaler.Draw Height=25
08.02.2018 17:32:11:211 |201822133847263| UDrawTimelines.TZoneEditTL.Draw Grid=GridTimeLines Top=45 Height=105
08.02.2018 17:32:11:211 |201822133847263| UDrawTimelines.TZoneEditTL.GridPosition Grid=GridTimeLines Position=1 IDTimeline=1
08.02.2018 17:32:11:211 |201822133847263| UDrawTimelines.TNamesTL.Clear
08.02.2018 17:32:11:211 |201822133847263| UDrawTimelines.TNamesTL.Add Result=0 IDTimeline=1
08.02.2018 17:32:11:211 |201822133847263| UDrawTimelines.TNamesTL.Add Result=1 IDTimeline=21
08.02.2018 17:32:11:211 |201822133847263| UDrawTimelines.TNamesTL.Add Result=2 IDTimeline=41
08.02.2018 17:32:11:211 |201822133847263| UDrawTimelines.TNamesTL.Init Result=113
08.02.2018 17:32:11:211 |201822133847263| UDrawTimelines.TNamesTL.Draw Grid=GridTimeLines Top=162 Height=113
08.02.2018 17:32:11:211 |201822133847263| UDrawTimelines.TTimeLineName.Draw Position=0
08.02.2018 17:32:11:211 |201822133847263| UDrawTimelines.TTimeLineName.Draw Position=1
08.02.2018 17:32:11:211 |201822133847263| UDrawTimelines.TTimeLineName.Draw Position=2
08.02.2018 17:32:11:211 |201822133847263| UDrawTimelines.TZoneReview.Draw Top=283 Height=45
08.02.2018 17:32:11:211 |201822133847263| UDrawTimelines.TTLNames.Draw Finish
08.02.2018 17:32:11:211 |201822133847263| TForm1.Label2Click Finish
08.02.2018 17:32:11:211 |201822133847263| UActPlayList.GridActvePLToPanel Clips GridPlayerRow=15
08.02.2018 17:32:11:211 |201822133847263| UMyFiles.DeleteFilesMask Dir=G:\home\ARM_editor\АРМ РЕДАКТОРА VLC 02022018\Projects\Temp Mask=*.undo
08.02.2018 17:32:11:211 |201822133847263| UActPlayList.LoadClipsToPlayer ClearUndo
08.02.2018 17:32:11:211 |201822133847263| UActPlayList.LoadClipsToPlayer | Список клипов | File: G:\home\ARM_editor\АРМ РЕДАКТОРА VLC 02032018\Projects\Clips\DSC_0739.MOV | Clip: DSC_0739 | ClipID=201822192059145 | Start= | Duration= 00:00:13:05
08.02.2018 17:32:11:211 |201822133847263| UActPlayList.LoadClipsToPlayer MyStartPlay=-00:00:00:01 Synchro=false
08.02.2018 17:32:11:211 |201822133847263| UCommon.SetStatusClipInPlayer ClipID=201822192059145
08.02.2018 17:32:11:211 |201822133847263| Start Uplaylists.findclipposition Grid=GridClips ClipID=
08.02.2018 17:32:11:211 |201822133847263| UGrid.MyGridDeleteRow Grid=GridActPlayList Row=1
08.02.2018 17:32:11:211 |201822133847263| UActPlayList.LoadClipsToPlayer SetStatusClipInPlayer ActiveClipID=201822192059145
08.02.2018 17:32:11:211 |201822133847263| UActPlayList.LoadClipsToPlayer FileExists Name=G:\home\ARM_editor\АРМ РЕДАКТОРА VLC 02032018\Projects\Clips\DSC_0739.MOV
08.02.2018 17:32:11:211 |201822133847263| UCommon.SwitcherVideoPanels Command=0
