10.02.2018 12:06:43:243 |201822133847263| 3) MediaSetPosition=250
10.02.2018 12:06:49:249 |201822133847263| 3) MediaSetPosition=250
10.02.2018 12:09:16:216 |201822133847263| 3) MediaSetPosition=250
10.02.2018 12:09:16:216 |201822133847263| 3) Position - TLParameters.Preroll=0
10.02.2018 12:10:13:213 |201822133847263| 3) MediaSetPosition=250
10.02.2018 12:10:18:218 |201822133847263| 3) MediaSetPosition=250
10.02.2018 12:10:28:228 |201822133847263| 3) MediaSetPosition=250
10.02.2018 12:10:28:228 |201822133847263| 3) Position - TLParameters.Preroll=0
10.02.2018 12:11:21:221 |201822133847263| 3) MediaSetPosition=250
10.02.2018 12:11:26:226 |201822133847263| 3) MediaSetPosition=250
10.02.2018 12:13:23:223 |201822133847263| 3) MediaSetPosition=250
10.02.2018 12:13:29:229 |201822133847263| 3) MediaSetPosition=250
10.02.2018 12:17:31:231 |201822133847263| 3) MediaSetPosition=250
10.02.2018 12:17:35:235 |201822133847263| 3) MediaSetPosition=250
10.02.2018 12:18:29:229 |201822133847263| 3) MediaSetPosition=250
10.02.2018 12:18:34:234 |201822133847263| 3) MediaSetPosition=250
10.02.2018 12:19:05:25 |201822133847263| 3) MediaSetPosition=250
10.02.2018 12:19:05:25 |201822133847263| 3) Position - TLParameters.Preroll=0
10.02.2018 12:19:10:210 |201822133847263| .      103) DBO=22
10.02.2018 12:19:10:210 |201822133847263|       105) DBO=22 3) Rate=1
10.02.2018 12:19:10:210 |201822133847263| 106)      DBO=22
10.02.2018 12:19:10:210 |201822133847263| 106) DrawTimelines Position=250
10.02.2018 12:19:10:210 |201822133847263| 107) DrawTimelines Position=250
10.02.2018 12:19:10:210 |201822133847263|      108) DrawTimelines Position=250
10.02.2018 12:19:10:210 |201822133847263| .      103) DBO=40
10.02.2018 12:19:10:210 |201822133847263|       105) DBO=40 3) Rate=1
10.02.2018 12:19:10:210 |201822133847263| 106)      DBO=40
10.02.2018 12:19:10:210 |201822133847263| 106) DrawTimelines Position=251
10.02.2018 12:19:10:210 |201822133847263| 107) DrawTimelines Position=251
10.02.2018 12:19:10:210 |201822133847263|      108) DrawTimelines Position=251
10.02.2018 12:19:10:210 |201822133847263| .      103) DBO=57
10.02.2018 12:19:10:210 |201822133847263|       105) DBO=57 3) Rate=1
10.02.2018 12:19:10:210 |201822133847263| 106)      DBO=57
10.02.2018 12:19:10:210 |201822133847263| 106) DrawTimelines Position=251
10.02.2018 12:19:10:210 |201822133847263| 107) DrawTimelines Position=251
10.02.2018 12:19:10:210 |201822133847263|      108) DrawTimelines Position=251
10.02.2018 12:19:10:210 |201822133847263| .      103) DBO=79
10.02.2018 12:19:10:210 |201822133847263|       105) DBO=79 3) Rate=1
10.02.2018 12:19:10:210 |201822133847263| 106)      DBO=79
10.02.2018 12:19:10:210 |201822133847263| 106) DrawTimelines Position=251
10.02.2018 12:19:10:210 |201822133847263| 107) DrawTimelines Position=251
10.02.2018 12:19:10:210 |201822133847263|      108) DrawTimelines Position=251
10.02.2018 12:19:10:210 |201822133847263| .      103) DBO=94
10.02.2018 12:19:10:210 |201822133847263|       105) DBO=94 3) Rate=1
10.02.2018 12:19:10:210 |201822133847263| 106)      DBO=94
10.02.2018 12:19:10:210 |201822133847263| 106) DrawTimelines Position=252
10.02.2018 12:19:10:210 |201822133847263| 107) DrawTimelines Position=252
10.02.2018 12:19:10:210 |201822133847263|      108) DrawTimelines Position=252
10.02.2018 12:19:10:210 |201822133847263| .      103) DBO=117
10.02.2018 12:19:10:210 |201822133847263|       105) DBO=117 3) Rate=1
10.02.2018 12:19:10:210 |201822133847263| 106)      DBO=117
10.02.2018 12:19:10:210 |201822133847263| 106) DrawTimelines Position=252
10.02.2018 12:19:10:210 |201822133847263| 107) DrawTimelines Position=252
10.02.2018 12:19:10:210 |201822133847263|      108) DrawTimelines Position=252
10.02.2018 12:19:10:210 |201822133847263| .      103) DBO=127
10.02.2018 12:19:10:210 |201822133847263|       105) DBO=127 3) Rate=1
10.02.2018 12:19:10:210 |201822133847263| 106)      DBO=127
10.02.2018 12:19:10:210 |201822133847263| 106) DrawTimelines Position=253
10.02.2018 12:19:10:210 |201822133847263| 107) DrawTimelines Position=253
10.02.2018 12:19:10:210 |201822133847263|      108) DrawTimelines Position=253
10.02.2018 12:19:10:210 |201822133847263| .      103) DBO=151
10.02.2018 12:19:10:210 |201822133847263|       105) DBO=151 3) Rate=1
10.02.2018 12:19:10:210 |201822133847263| 106)      DBO=151
10.02.2018 12:19:10:210 |201822133847263| 106) DrawTimelines Position=253
10.02.2018 12:19:10:210 |201822133847263| 107) DrawTimelines Position=253
10.02.2018 12:19:10:210 |201822133847263|      108) DrawTimelines Position=253
10.02.2018 12:19:10:210 |201822133847263| .      103) DBO=161
10.02.2018 12:19:10:210 |201822133847263|       105) DBO=161 3) Rate=1
10.02.2018 12:19:10:210 |201822133847263| 106)      DBO=161
10.02.2018 12:19:10:210 |201822133847263| 106) DrawTimelines Position=254
10.02.2018 12:19:10:210 |201822133847263| 107) DrawTimelines Position=254
10.02.2018 12:19:10:210 |201822133847263|      108) DrawTimelines Position=254
10.02.2018 12:19:10:210 |201822133847263| .      103) DBO=185
10.02.2018 12:19:10:210 |201822133847263|       105) DBO=185 3) Rate=1
10.02.2018 12:19:10:210 |201822133847263| 106)      DBO=185
10.02.2018 12:19:10:210 |201822133847263| 106) DrawTimelines Position=254
10.02.2018 12:19:10:210 |201822133847263| 107) DrawTimelines Position=254
10.02.2018 12:19:10:210 |201822133847263|      108) DrawTimelines Position=254
10.02.2018 12:19:10:210 |201822133847263| .      103) DBO=194
10.02.2018 12:19:10:210 |201822133847263|       105) DBO=194 3) Rate=1
10.02.2018 12:19:10:210 |201822133847263| 106)      DBO=194
10.02.2018 12:19:10:210 |201822133847263| 106) DrawTimelines Position=254
10.02.2018 12:19:10:210 |201822133847263| 107) DrawTimelines Position=254
10.02.2018 12:19:10:210 |201822133847263|      108) DrawTimelines Position=254
10.02.2018 12:19:10:210 |201822133847263| .      103) DBO=210
10.02.2018 12:19:10:210 |201822133847263|       105) DBO=210 3) Rate=1
10.02.2018 12:19:10:210 |201822133847263| 106)      DBO=210
10.02.2018 12:19:10:210 |201822133847263| 106) DrawTimelines Position=255
10.02.2018 12:19:10:210 |201822133847263| 107) DrawTimelines Position=255
10.02.2018 12:19:10:210 |201822133847263|      108) DrawTimelines Position=255
10.02.2018 12:19:10:210 |201822133847263| .      103) DBO=234
10.02.2018 12:19:10:210 |201822133847263|       105) DBO=234 3) Rate=1
10.02.2018 12:19:10:210 |201822133847263| 106)      DBO=234
10.02.2018 12:19:10:210 |201822133847263| 106) DrawTimelines Position=255
10.02.2018 12:19:10:210 |201822133847263| 107) DrawTimelines Position=255
10.02.2018 12:19:10:210 |201822133847263|      108) DrawTimelines Position=255
10.02.2018 12:19:10:210 |201822133847263| .      103) DBO=244
10.02.2018 12:19:10:210 |201822133847263|       105) DBO=244 3) Rate=1
10.02.2018 12:19:10:210 |201822133847263| 106)      DBO=244
10.02.2018 12:19:10:210 |201822133847263| 106) DrawTimelines Position=256
10.02.2018 12:19:10:210 |201822133847263| 107) DrawTimelines Position=256
10.02.2018 12:19:10:210 |201822133847263|      108) DrawTimelines Position=256
10.02.2018 12:19:10:210 |201822133847263| .      103) DBO=268
10.02.2018 12:19:10:210 |201822133847263|       105) DBO=268 3) Rate=1
10.02.2018 12:19:10:210 |201822133847263| 106)      DBO=268
10.02.2018 12:19:10:210 |201822133847263| 106) DrawTimelines Position=256
10.02.2018 12:19:10:210 |201822133847263| 107) DrawTimelines Position=256
10.02.2018 12:19:10:210 |201822133847263|      108) DrawTimelines Position=256
10.02.2018 12:19:10:210 |201822133847263| .      103) DBO=278
10.02.2018 12:19:10:210 |201822133847263|       105) DBO=278 3) Rate=1
10.02.2018 12:19:10:210 |201822133847263| 106)      DBO=278
10.02.2018 12:19:10:210 |201822133847263| 106) DrawTimelines Position=256
10.02.2018 12:19:10:210 |201822133847263| 107) DrawTimelines Position=256
10.02.2018 12:19:10:210 |201822133847263|      108) DrawTimelines Position=256
10.02.2018 12:19:10:210 |201822133847263| .      103) DBO=293
10.02.2018 12:19:10:210 |201822133847263|       105) DBO=293 3) Rate=1
10.02.2018 12:19:10:210 |201822133847263| 106)      DBO=293
10.02.2018 12:19:10:210 |201822133847263| 106) DrawTimelines Position=257
10.02.2018 12:19:10:210 |201822133847263| 107) DrawTimelines Position=257
10.02.2018 12:19:10:210 |201822133847263|      108) DrawTimelines Position=257
10.02.2018 12:19:10:210 |201822133847263| .      103) DBO=317
10.02.2018 12:19:10:210 |201822133847263|       105) DBO=317 3) Rate=1
10.02.2018 12:19:10:210 |201822133847263| 106)      DBO=317
10.02.2018 12:19:10:210 |201822133847263| 106) DrawTimelines Position=257
10.02.2018 12:19:10:210 |201822133847263| 107) DrawTimelines Position=257
10.02.2018 12:19:10:210 |201822133847263|      108) DrawTimelines Position=257
10.02.2018 12:19:10:210 |201822133847263| .      103) DBO=320
10.02.2018 12:19:10:210 |201822133847263|       105) DBO=320 3) Rate=1
10.02.2018 12:19:10:210 |201822133847263| 106)      DBO=320
10.02.2018 12:19:10:210 |201822133847263| 106) DrawTimelines Position=258
10.02.2018 12:19:10:210 |201822133847263| 107) DrawTimelines Position=258
10.02.2018 12:19:10:210 |201822133847263|      108) DrawTimelines Position=258
10.02.2018 12:19:10:210 |201822133847263| .      103) DBO=351
10.02.2018 12:19:10:210 |201822133847263|       105) DBO=351 3) Rate=1
10.02.2018 12:19:10:210 |201822133847263| 106)      DBO=351
10.02.2018 12:19:10:210 |201822133847263| 106) DrawTimelines Position=258
10.02.2018 12:19:10:210 |201822133847263| 107) DrawTimelines Position=258
10.02.2018 12:19:10:210 |201822133847263|      108) DrawTimelines Position=258
10.02.2018 12:19:10:210 |201822133847263| .      103) DBO=361
10.02.2018 12:19:10:210 |201822133847263|       105) DBO=361 3) Rate=1
10.02.2018 12:19:10:210 |201822133847263| 106)      DBO=361
10.02.2018 12:19:10:210 |201822133847263| 106) DrawTimelines Position=259
10.02.2018 12:19:10:210 |201822133847263| 107) DrawTimelines Position=259
10.02.2018 12:19:10:210 |201822133847263|      108) DrawTimelines Position=259
10.02.2018 12:19:10:210 |201822133847263| .      103) DBO=379
10.02.2018 12:19:10:210 |201822133847263|       105) DBO=379 3) Rate=1
10.02.2018 12:19:10:210 |201822133847263| 106)      DBO=379
10.02.2018 12:19:10:210 |201822133847263| 106) DrawTimelines Position=259
10.02.2018 12:19:10:210 |201822133847263| 107) DrawTimelines Position=259
10.02.2018 12:19:10:210 |201822133847263|      108) DrawTimelines Position=259
10.02.2018 12:19:10:210 |201822133847263| .      103) DBO=394
10.02.2018 12:19:10:210 |201822133847263|       105) DBO=394 3) Rate=1
10.02.2018 12:19:10:210 |201822133847263| 106)      DBO=394
10.02.2018 12:19:10:210 |201822133847263| 106) DrawTimelines Position=259
10.02.2018 12:19:10:210 |201822133847263| 107) DrawTimelines Position=259
10.02.2018 12:19:10:210 |201822133847263|      108) DrawTimelines Position=259
10.02.2018 12:19:10:210 |201822133847263| .      103) DBO=404
10.02.2018 12:19:10:210 |201822133847263|       105) DBO=404 3) Rate=1
10.02.2018 12:19:10:210 |201822133847263| 106)      DBO=404
10.02.2018 12:19:10:210 |201822133847263| 106) DrawTimelines Position=260
10.02.2018 12:19:10:210 |201822133847263| 107) DrawTimelines Position=260
10.02.2018 12:19:10:210 |201822133847263|      108) DrawTimelines Position=260
10.02.2018 12:19:10:210 |201822133847263| .      103) DBO=426
10.02.2018 12:19:10:210 |201822133847263|       105) DBO=426 3) Rate=1
10.02.2018 12:19:10:210 |201822133847263| 106)      DBO=426
10.02.2018 12:19:10:210 |201822133847263| 106) DrawTimelines Position=260
10.02.2018 12:19:10:210 |201822133847263| 107) DrawTimelines Position=260
10.02.2018 12:19:10:210 |201822133847263|      108) DrawTimelines Position=260
10.02.2018 12:19:10:210 |201822133847263| .      103) DBO=437
10.02.2018 12:19:10:210 |201822133847263|       105) DBO=437 3) Rate=1
10.02.2018 12:19:10:210 |201822133847263| 106)      DBO=437
10.02.2018 12:19:10:210 |201822133847263| 106) DrawTimelines Position=260
10.02.2018 12:19:10:210 |201822133847263| 107) DrawTimelines Position=260
10.02.2018 12:19:10:210 |201822133847263|      108) DrawTimelines Position=260
10.02.2018 12:19:10:210 |201822133847263| .      103) DBO=450
10.02.2018 12:19:10:210 |201822133847263|       105) DBO=450 3) Rate=1
10.02.2018 12:19:10:210 |201822133847263| 106)      DBO=450
10.02.2018 12:19:10:210 |201822133847263| 106) DrawTimelines Position=261
10.02.2018 12:19:10:210 |201822133847263| 107) DrawTimelines Position=261
10.02.2018 12:19:10:210 |201822133847263|      108) DrawTimelines Position=261
10.02.2018 12:19:10:210 |201822133847263| .      103) DBO=468
10.02.2018 12:19:10:210 |201822133847263|       105) DBO=468 3) Rate=1
10.02.2018 12:19:10:210 |201822133847263| 106)      DBO=468
10.02.2018 12:19:10:210 |201822133847263| 106) DrawTimelines Position=261
10.02.2018 12:19:10:210 |201822133847263| 107) DrawTimelines Position=261
10.02.2018 12:19:10:210 |201822133847263|      108) DrawTimelines Position=261
10.02.2018 12:19:10:210 |201822133847263| .      103) DBO=478
10.02.2018 12:19:10:210 |201822133847263|       105) DBO=478 3) Rate=1
10.02.2018 12:19:10:210 |201822133847263| 106)      DBO=478
10.02.2018 12:19:10:210 |201822133847263| 106) DrawTimelines Position=261
10.02.2018 12:19:10:210 |201822133847263| 107) DrawTimelines Position=261
10.02.2018 12:19:10:210 |201822133847263|      108) DrawTimelines Position=261
10.02.2018 12:19:10:210 |201822133847263| .      103) DBO=493
10.02.2018 12:19:10:210 |201822133847263|       105) DBO=493 3) Rate=1
10.02.2018 12:19:10:210 |201822133847263| 106)      DBO=493
10.02.2018 12:19:10:210 |201822133847263| 106) DrawTimelines Position=262
10.02.2018 12:19:10:210 |201822133847263| 107) DrawTimelines Position=262
10.02.2018 12:19:10:210 |201822133847263|      108) DrawTimelines Position=262
10.02.2018 12:19:10:210 |201822133847263| .      103) DBO=518
10.02.2018 12:19:10:210 |201822133847263|       105) DBO=518 3) Rate=1
10.02.2018 12:19:10:210 |201822133847263| 106)      DBO=518
10.02.2018 12:19:10:210 |201822133847263| 106) DrawTimelines Position=262
10.02.2018 12:19:10:210 |201822133847263| 107) DrawTimelines Position=262
10.02.2018 12:19:10:210 |201822133847263|      108) DrawTimelines Position=262
10.02.2018 12:19:10:210 |201822133847263| .      103) DBO=530
10.02.2018 12:19:10:210 |201822133847263|       105) DBO=530 3) Rate=1
10.02.2018 12:19:10:210 |201822133847263| 106)      DBO=530
10.02.2018 12:19:10:210 |201822133847263| 106) DrawTimelines Position=263
10.02.2018 12:19:10:210 |201822133847263| 107) DrawTimelines Position=263
10.02.2018 12:19:10:210 |201822133847263|      108) DrawTimelines Position=263
10.02.2018 12:19:10:210 |201822133847263| .      103) DBO=551
10.02.2018 12:19:10:210 |201822133847263|       105) DBO=551 3) Rate=1
10.02.2018 12:19:10:210 |201822133847263| 106)      DBO=551
10.02.2018 12:19:10:210 |201822133847263| 106) DrawTimelines Position=263
10.02.2018 12:19:10:210 |201822133847263| 107) DrawTimelines Position=263
10.02.2018 12:19:10:210 |201822133847263|      108) DrawTimelines Position=263
10.02.2018 12:19:10:210 |201822133847263| .      103) DBO=561
10.02.2018 12:19:10:210 |201822133847263|       105) DBO=561 3) Rate=1
10.02.2018 12:19:10:210 |201822133847263| 106)      DBO=561
10.02.2018 12:19:10:210 |201822133847263| 106) DrawTimelines Position=264
10.02.2018 12:19:10:210 |201822133847263| 107) DrawTimelines Position=264
10.02.2018 12:19:10:210 |201822133847263|      108) DrawTimelines Position=264
10.02.2018 12:19:10:210 |201822133847263| .      103) DBO=586
10.02.2018 12:19:10:210 |201822133847263|       105) DBO=586 3) Rate=1
10.02.2018 12:19:10:210 |201822133847263| 106)      DBO=586
10.02.2018 12:19:10:210 |201822133847263| 106) DrawTimelines Position=264
10.02.2018 12:19:10:210 |201822133847263| 107) DrawTimelines Position=264
10.02.2018 12:19:10:210 |201822133847263|      108) DrawTimelines Position=264
10.02.2018 12:19:10:210 |201822133847263| .      103) DBO=577
10.02.2018 12:19:10:210 |201822133847263|       105) DBO=577 3) Rate=1
10.02.2018 12:19:10:210 |201822133847263| 106)      DBO=577
10.02.2018 12:19:10:210 |201822133847263| 106) DrawTimelines Position=264
10.02.2018 12:19:10:210 |201822133847263| 107) DrawTimelines Position=264
10.02.2018 12:19:10:210 |201822133847263|      108) DrawTimelines Position=264
10.02.2018 12:19:10:210 |201822133847263| .      103) DBO=860
10.02.2018 12:19:10:210 |201822133847263|       105) DBO=860 3) Rate=1
10.02.2018 12:19:10:210 |201822133847263| 106)      DBO=860
10.02.2018 12:19:10:210 |201822133847263| 106) DrawTimelines Position=265
10.02.2018 12:19:10:210 |201822133847263| 107) DrawTimelines Position=265
10.02.2018 12:19:10:210 |201822133847263|      108) DrawTimelines Position=265
10.02.2018 12:19:11:211 |201822133847263| .      103) DBO=1008
10.02.2018 12:19:11:211 |201822133847263|       105) DBO=1008 3) Rate=1
10.02.2018 12:19:11:211 |201822133847263| 106)      DBO=1008
10.02.2018 12:19:11:211 |201822133847263| 106) DrawTimelines Position=266
10.02.2018 12:19:11:211 |201822133847263| 107) DrawTimelines Position=266
10.02.2018 12:19:11:211 |201822133847263|      108) DrawTimelines Position=266
10.02.2018 12:19:11:211 |201822133847263| .      103) DBO=1074
10.02.2018 12:19:11:211 |201822133847263|       105) DBO=1074 3) Rate=1
10.02.2018 12:19:11:211 |201822133847263| 106)      DBO=1074
10.02.2018 12:19:11:211 |201822133847263| 106) DrawTimelines Position=267
10.02.2018 12:19:11:211 |201822133847263| 107) DrawTimelines Position=267
10.02.2018 12:19:11:211 |201822133847263|      108) DrawTimelines Position=267
10.02.2018 12:19:11:211 |201822133847263| .      103) DBO=1102
10.02.2018 12:19:11:211 |201822133847263|       105) DBO=1102 3) Rate=1
10.02.2018 12:19:11:211 |201822133847263| 106)      DBO=1102
10.02.2018 12:19:11:211 |201822133847263| 106) DrawTimelines Position=268
10.02.2018 12:19:11:211 |201822133847263| 107) DrawTimelines Position=268
10.02.2018 12:19:11:211 |201822133847263|      108) DrawTimelines Position=268
10.02.2018 12:19:11:211 |201822133847263| .      103) DBO=1120
10.02.2018 12:19:11:211 |201822133847263|       105) DBO=1120 3) Rate=1
10.02.2018 12:19:11:211 |201822133847263| 106)      DBO=1120
10.02.2018 12:19:11:211 |201822133847263| 106) DrawTimelines Position=269
10.02.2018 12:19:11:211 |201822133847263| 107) DrawTimelines Position=269
10.02.2018 12:19:11:211 |201822133847263|      108) DrawTimelines Position=269
10.02.2018 12:19:11:211 |201822133847263| .      103) DBO=1151
10.02.2018 12:19:11:211 |201822133847263|       105) DBO=1151 3) Rate=1
10.02.2018 12:19:11:211 |201822133847263| 106)      DBO=1151
10.02.2018 12:19:11:211 |201822133847263| 106) DrawTimelines Position=270
10.02.2018 12:19:11:211 |201822133847263| 107) DrawTimelines Position=270
10.02.2018 12:19:11:211 |201822133847263|      108) DrawTimelines Position=270
10.02.2018 12:19:11:211 |201822133847263| .      103) DBO=1189
10.02.2018 12:19:11:211 |201822133847263|       105) DBO=1189 3) Rate=1
10.02.2018 12:19:11:211 |201822133847263| 106)      DBO=1189
10.02.2018 12:19:11:211 |201822133847263| 106) DrawTimelines Position=271
10.02.2018 12:19:11:211 |201822133847263| 107) DrawTimelines Position=271
10.02.2018 12:19:11:211 |201822133847263|      108) DrawTimelines Position=271
10.02.2018 12:19:11:211 |201822133847263| .      103) DBO=1214
10.02.2018 12:19:11:211 |201822133847263|       105) DBO=1214 3) Rate=1
10.02.2018 12:19:11:211 |201822133847263| 106)      DBO=1214
10.02.2018 12:19:11:211 |201822133847263| 106) DrawTimelines Position=272
10.02.2018 12:19:11:211 |201822133847263| 107) DrawTimelines Position=272
10.02.2018 12:19:11:211 |201822133847263|      108) DrawTimelines Position=272
10.02.2018 12:19:11:211 |201822133847263| .      103) DBO=1239
10.02.2018 12:19:11:211 |201822133847263|       105) DBO=1239 3) Rate=1
10.02.2018 12:19:11:211 |201822133847263| 106)      DBO=1239
10.02.2018 12:19:11:211 |201822133847263| 106) DrawTimelines Position=273
10.02.2018 12:19:11:211 |201822133847263| 107) DrawTimelines Position=273
10.02.2018 12:19:11:211 |201822133847263|      108) DrawTimelines Position=273
10.02.2018 12:19:11:211 |201822133847263| .      103) DBO=1268
10.02.2018 12:19:11:211 |201822133847263|       105) DBO=1268 3) Rate=1
10.02.2018 12:19:11:211 |201822133847263| 106)      DBO=1268
10.02.2018 12:19:11:211 |201822133847263| 106) DrawTimelines Position=274
10.02.2018 12:19:11:211 |201822133847263| 107) DrawTimelines Position=274
10.02.2018 12:19:11:211 |201822133847263|      108) DrawTimelines Position=274
10.02.2018 12:19:11:211 |201822133847263| .      103) DBO=1325
10.02.2018 12:19:11:211 |201822133847263|       105) DBO=1325 3) Rate=1
10.02.2018 12:19:11:211 |201822133847263| 106)      DBO=1325
10.02.2018 12:19:11:211 |201822133847263| 106) DrawTimelines Position=275
10.02.2018 12:19:11:211 |201822133847263| 107) DrawTimelines Position=275
10.02.2018 12:19:11:211 |201822133847263|      108) DrawTimelines Position=275
10.02.2018 12:19:11:211 |201822133847263| .      103) DBO=1370
10.02.2018 12:19:11:211 |201822133847263|       105) DBO=1370 3) Rate=1
10.02.2018 12:19:11:211 |201822133847263| 106)      DBO=1370
10.02.2018 12:19:11:211 |201822133847263| 106) DrawTimelines Position=276
10.02.2018 12:19:11:211 |201822133847263| 107) DrawTimelines Position=276
10.02.2018 12:19:11:211 |201822133847263|      108) DrawTimelines Position=276
10.02.2018 12:19:11:211 |201822133847263| .      103) DBO=1380
10.02.2018 12:19:11:211 |201822133847263|       105) DBO=1380 3) Rate=1
10.02.2018 12:19:11:211 |201822133847263| 106)      DBO=1380
10.02.2018 12:19:11:211 |201822133847263| 106) DrawTimelines Position=277
10.02.2018 12:19:11:211 |201822133847263| 107) DrawTimelines Position=277
10.02.2018 12:19:11:211 |201822133847263|      108) DrawTimelines Position=277
10.02.2018 12:19:11:211 |201822133847263| .      103) DBO=1468
10.02.2018 12:19:11:211 |201822133847263|       105) DBO=1468 3) Rate=1
10.02.2018 12:19:11:211 |201822133847263| 106)      DBO=1468
10.02.2018 12:19:11:211 |201822133847263| 106) DrawTimelines Position=278
10.02.2018 12:19:11:211 |201822133847263| 107) DrawTimelines Position=278
10.02.2018 12:19:11:211 |201822133847263|      108) DrawTimelines Position=278
10.02.2018 12:19:11:211 |201822133847263| .      103) DBO=1508
10.02.2018 12:19:11:211 |201822133847263|       105) DBO=1508 3) Rate=1
10.02.2018 12:19:11:211 |201822133847263| 106)      DBO=1508
10.02.2018 12:19:11:211 |201822133847263| 106) DrawTimelines Position=279
10.02.2018 12:19:11:211 |201822133847263| 107) DrawTimelines Position=279
10.02.2018 12:19:11:211 |201822133847263|      108) DrawTimelines Position=279
10.02.2018 12:19:11:211 |201822133847263| .      103) DBO=1555
10.02.2018 12:19:11:211 |201822133847263|       105) DBO=1555 3) Rate=1
10.02.2018 12:19:11:211 |201822133847263| 106)      DBO=1555
10.02.2018 12:19:11:211 |201822133847263| 106) DrawTimelines Position=280
10.02.2018 12:19:11:211 |201822133847263| 107) DrawTimelines Position=280
10.02.2018 12:19:11:211 |201822133847263|      108) DrawTimelines Position=280
10.02.2018 12:19:11:211 |201822133847263| .      103) DBO=1589
10.02.2018 12:19:11:211 |201822133847263|       105) DBO=1589 3) Rate=1
10.02.2018 12:19:11:211 |201822133847263| 106)      DBO=1589
10.02.2018 12:19:11:211 |201822133847263| 106) DrawTimelines Position=281
10.02.2018 12:19:11:211 |201822133847263| 107) DrawTimelines Position=281
10.02.2018 12:19:11:211 |201822133847263|      108) DrawTimelines Position=281
10.02.2018 12:19:11:211 |201822133847263| .      103) DBO=1635
10.02.2018 12:19:11:211 |201822133847263|       105) DBO=1635 3) Rate=1
10.02.2018 12:19:11:211 |201822133847263| 106)      DBO=1635
10.02.2018 12:19:11:211 |201822133847263| 106) DrawTimelines Position=282
10.02.2018 12:19:11:211 |201822133847263| 107) DrawTimelines Position=282
10.02.2018 12:19:11:211 |201822133847263|      108) DrawTimelines Position=282
10.02.2018 12:19:11:211 |201822133847263| .      103) DBO=1640
10.02.2018 12:19:11:211 |201822133847263|       105) DBO=1640 3) Rate=1
10.02.2018 12:19:11:211 |201822133847263| 106)      DBO=1640
10.02.2018 12:19:11:211 |201822133847263| 106) DrawTimelines Position=283
10.02.2018 12:19:11:211 |201822133847263| 107) DrawTimelines Position=283
10.02.2018 12:19:11:211 |201822133847263|      108) DrawTimelines Position=283
10.02.2018 12:19:11:211 |201822133847263| .      103) DBO=1713
10.02.2018 12:19:11:211 |201822133847263|       105) DBO=1713 3) Rate=1
10.02.2018 12:19:11:211 |201822133847263| 106)      DBO=1713
10.02.2018 12:19:11:211 |201822133847263| 106) DrawTimelines Position=284
10.02.2018 12:19:11:211 |201822133847263| 107) DrawTimelines Position=284
10.02.2018 12:19:11:211 |201822133847263|      108) DrawTimelines Position=284
10.02.2018 12:19:11:211 |201822133847263| .      103) DBO=1745
10.02.2018 12:19:11:211 |201822133847263|       105) DBO=1745 3) Rate=1
10.02.2018 12:19:11:211 |201822133847263| 106)      DBO=1745
10.02.2018 12:19:11:211 |201822133847263| 106) DrawTimelines Position=285
10.02.2018 12:19:11:211 |201822133847263| 107) DrawTimelines Position=285
10.02.2018 12:19:11:211 |201822133847263|      108) DrawTimelines Position=285
10.02.2018 12:19:11:211 |201822133847263| .      103) DBO=1787
10.02.2018 12:19:11:211 |201822133847263|       105) DBO=1787 3) Rate=1
10.02.2018 12:19:11:211 |201822133847263| 106)      DBO=1787
10.02.2018 12:19:11:211 |201822133847263| 106) DrawTimelines Position=286
10.02.2018 12:19:11:211 |201822133847263| 107) DrawTimelines Position=286
10.02.2018 12:19:11:211 |201822133847263|      108) DrawTimelines Position=286
10.02.2018 12:19:11:211 |201822133847263| .      103) DBO=1811
10.02.2018 12:19:11:211 |201822133847263|       105) DBO=1811 3) Rate=1
10.02.2018 12:19:11:211 |201822133847263| 106)      DBO=1811
10.02.2018 12:19:11:211 |201822133847263| 106) DrawTimelines Position=287
10.02.2018 12:19:11:211 |201822133847263| 107) DrawTimelines Position=287
10.02.2018 12:19:11:211 |201822133847263|      108) DrawTimelines Position=287
10.02.2018 12:19:11:211 |201822133847263| .      103) DBO=1836
10.02.2018 12:19:11:211 |201822133847263|       105) DBO=1836 3) Rate=1
10.02.2018 12:19:11:211 |201822133847263| 106)      DBO=1836
10.02.2018 12:19:11:211 |201822133847263| 106) DrawTimelines Position=288
10.02.2018 12:19:11:211 |201822133847263| 107) DrawTimelines Position=288
10.02.2018 12:19:11:211 |201822133847263|      108) DrawTimelines Position=288
10.02.2018 12:19:11:211 |201822133847263| .      103) DBO=1861
10.02.2018 12:19:11:211 |201822133847263|       105) DBO=1861 3) Rate=1
10.02.2018 12:19:11:211 |201822133847263| 106)      DBO=1861
10.02.2018 12:19:11:211 |201822133847263| 106) DrawTimelines Position=289
10.02.2018 12:19:11:211 |201822133847263| 107) DrawTimelines Position=289
10.02.2018 12:19:11:211 |201822133847263|      108) DrawTimelines Position=289
10.02.2018 12:19:11:211 |201822133847263| .      103) DBO=1890
10.02.2018 12:19:11:211 |201822133847263|       105) DBO=1890 3) Rate=1
10.02.2018 12:19:11:211 |201822133847263| 106)      DBO=1890
10.02.2018 12:19:11:211 |201822133847263| 106) DrawTimelines Position=290
10.02.2018 12:19:11:211 |201822133847263| 107) DrawTimelines Position=290
10.02.2018 12:19:11:211 |201822133847263|      108) DrawTimelines Position=290
10.02.2018 12:19:11:211 |201822133847263| .      103) DBO=1900
10.02.2018 12:19:11:211 |201822133847263|       105) DBO=1900 3) Rate=1
10.02.2018 12:19:11:211 |201822133847263| 106)      DBO=1900
10.02.2018 12:19:11:211 |201822133847263| 106) DrawTimelines Position=291
10.02.2018 12:19:11:211 |201822133847263| 107) DrawTimelines Position=291
10.02.2018 12:19:11:211 |201822133847263|      108) DrawTimelines Position=291
10.02.2018 12:19:11:211 |201822133847263| .      103) DBO=1930
10.02.2018 12:19:11:211 |201822133847263|       105) DBO=1930 3) Rate=1
10.02.2018 12:19:11:211 |201822133847263| 106)      DBO=1930
10.02.2018 12:19:11:211 |201822133847263| 106) DrawTimelines Position=292
10.02.2018 12:19:11:211 |201822133847263| 107) DrawTimelines Position=292
10.02.2018 12:19:11:211 |201822133847263|      108) DrawTimelines Position=292
10.02.2018 12:19:11:211 |201822133847263| .      103) DBO=1954
10.02.2018 12:19:11:211 |201822133847263|       105) DBO=1954 3) Rate=1
10.02.2018 12:19:11:211 |201822133847263| 106)      DBO=1954
10.02.2018 12:19:11:211 |201822133847263| 106) DrawTimelines Position=293
10.02.2018 12:19:11:211 |201822133847263| 107) DrawTimelines Position=293
10.02.2018 12:19:11:211 |201822133847263|      108) DrawTimelines Position=293
10.02.2018 12:19:11:211 |201822133847263| .      103) DBO=1977
10.02.2018 12:19:11:211 |201822133847263|       105) DBO=1977 3) Rate=1
10.02.2018 12:19:11:211 |201822133847263| 106)      DBO=1977
10.02.2018 12:19:11:211 |201822133847263| 106) DrawTimelines Position=294
10.02.2018 12:19:11:211 |201822133847263| 107) DrawTimelines Position=294
10.02.2018 12:19:11:211 |201822133847263|      108) DrawTimelines Position=294
10.02.2018 12:19:12:212 |201822133847263| .      103) DBO=1995
10.02.2018 12:19:12:212 |201822133847263|       105) DBO=1995 3) Rate=1
10.02.2018 12:19:12:212 |201822133847263| 106)      DBO=1995
10.02.2018 12:19:12:212 |201822133847263| 106) DrawTimelines Position=295
10.02.2018 12:19:12:212 |201822133847263| 107) DrawTimelines Position=295
10.02.2018 12:19:12:212 |201822133847263|      108) DrawTimelines Position=295
10.02.2018 12:19:12:212 |201822133847263| .      103) DBO=2015
10.02.2018 12:19:12:212 |201822133847263|       105) DBO=2015 3) Rate=1
10.02.2018 12:19:12:212 |201822133847263| 106)      DBO=2015
10.02.2018 12:19:12:212 |201822133847263| 106) DrawTimelines Position=296
10.02.2018 12:19:12:212 |201822133847263| 107) DrawTimelines Position=296
10.02.2018 12:19:12:212 |201822133847263|      108) DrawTimelines Position=296
10.02.2018 12:19:12:212 |201822133847263| .      103) DBO=2033
10.02.2018 12:19:12:212 |201822133847263|       105) DBO=2033 3) Rate=1
10.02.2018 12:19:12:212 |201822133847263| 106)      DBO=2033
10.02.2018 12:19:12:212 |201822133847263| 106) DrawTimelines Position=297
10.02.2018 12:19:12:212 |201822133847263| 107) DrawTimelines Position=297
10.02.2018 12:19:12:212 |201822133847263|      108) DrawTimelines Position=297
10.02.2018 12:19:12:212 |201822133847263| .      103) DBO=2056
10.02.2018 12:19:12:212 |201822133847263|       105) DBO=2056 3) Rate=1
10.02.2018 12:19:12:212 |201822133847263| 106)      DBO=2056
10.02.2018 12:19:12:212 |201822133847263| 106) DrawTimelines Position=298
10.02.2018 12:19:12:212 |201822133847263| 107) DrawTimelines Position=298
10.02.2018 12:19:12:212 |201822133847263|      108) DrawTimelines Position=298
10.02.2018 12:19:12:212 |201822133847263| .      103) DBO=2089
10.02.2018 12:19:12:212 |201822133847263|       105) DBO=2089 3) Rate=1
10.02.2018 12:19:12:212 |201822133847263| 106)      DBO=2089
10.02.2018 12:19:12:212 |201822133847263| 106) DrawTimelines Position=299
10.02.2018 12:19:12:212 |201822133847263| 107) DrawTimelines Position=299
10.02.2018 12:19:12:212 |201822133847263|      108) DrawTimelines Position=299
10.02.2018 12:19:12:212 |201822133847263| .      103) DBO=2118
10.02.2018 12:19:12:212 |201822133847263|       105) DBO=2118 3) Rate=1
10.02.2018 12:19:12:212 |201822133847263| 106)      DBO=2118
10.02.2018 12:19:12:212 |201822133847263| 106) DrawTimelines Position=300
10.02.2018 12:19:12:212 |201822133847263| 107) DrawTimelines Position=300
10.02.2018 12:19:12:212 |201822133847263|      108) DrawTimelines Position=300
10.02.2018 12:19:12:212 |201822133847263| .      103) DBO=2139
10.02.2018 12:19:12:212 |201822133847263|       105) DBO=2139 3) Rate=1
10.02.2018 12:19:12:212 |201822133847263| 106)      DBO=2139
10.02.2018 12:19:12:212 |201822133847263| 106) DrawTimelines Position=301
10.02.2018 12:19:12:212 |201822133847263| 107) DrawTimelines Position=301
10.02.2018 12:19:12:212 |201822133847263|      108) DrawTimelines Position=301
10.02.2018 12:19:12:212 |201822133847263| .      103) DBO=2159
10.02.2018 12:19:12:212 |201822133847263|       105) DBO=2159 3) Rate=1
10.02.2018 12:19:12:212 |201822133847263| 106)      DBO=2159
10.02.2018 12:19:12:212 |201822133847263| 106) DrawTimelines Position=302
10.02.2018 12:19:12:212 |201822133847263| 107) DrawTimelines Position=302
10.02.2018 12:19:12:212 |201822133847263|      108) DrawTimelines Position=302
10.02.2018 12:19:12:212 |201822133847263| .      103) DBO=2160
10.02.2018 12:19:12:212 |201822133847263|       105) DBO=2160 3) Rate=1
10.02.2018 12:19:12:212 |201822133847263| 106)      DBO=2160
10.02.2018 12:19:12:212 |201822133847263| 106) DrawTimelines Position=303
10.02.2018 12:19:12:212 |201822133847263| 107) DrawTimelines Position=303
10.02.2018 12:19:12:212 |201822133847263|      108) DrawTimelines Position=303
10.02.2018 12:19:12:212 |201822133847263| .      103) DBO=2207
10.02.2018 12:19:12:212 |201822133847263|       105) DBO=2207 3) Rate=1
10.02.2018 12:19:12:212 |201822133847263| 106)      DBO=2207
10.02.2018 12:19:12:212 |201822133847263| 106) DrawTimelines Position=304
10.02.2018 12:19:12:212 |201822133847263| 107) DrawTimelines Position=304
10.02.2018 12:19:12:212 |201822133847263|      108) DrawTimelines Position=304
10.02.2018 12:19:12:212 |201822133847263| .      103) DBO=2230
10.02.2018 12:19:12:212 |201822133847263|       105) DBO=2230 3) Rate=1
10.02.2018 12:19:12:212 |201822133847263| 106)      DBO=2230
10.02.2018 12:19:12:212 |201822133847263| 106) DrawTimelines Position=305
10.02.2018 12:19:12:212 |201822133847263| 107) DrawTimelines Position=305
10.02.2018 12:19:12:212 |201822133847263|      108) DrawTimelines Position=305
10.02.2018 12:19:12:212 |201822133847263| .      103) DBO=2255
10.02.2018 12:19:12:212 |201822133847263|       105) DBO=2255 3) Rate=1
10.02.2018 12:19:12:212 |201822133847263| 106)      DBO=2255
10.02.2018 12:19:12:212 |201822133847263| 106) DrawTimelines Position=306
10.02.2018 12:19:12:212 |201822133847263| 107) DrawTimelines Position=306
10.02.2018 12:19:12:212 |201822133847263|      108) DrawTimelines Position=306
10.02.2018 12:19:12:212 |201822133847263| .      103) DBO=2284
10.02.2018 12:19:12:212 |201822133847263|       105) DBO=2284 3) Rate=1
10.02.2018 12:19:12:212 |201822133847263| 106)      DBO=2284
10.02.2018 12:19:12:212 |201822133847263| 106) DrawTimelines Position=307
10.02.2018 12:19:12:212 |201822133847263| 107) DrawTimelines Position=307
10.02.2018 12:19:12:212 |201822133847263|      108) DrawTimelines Position=307
10.02.2018 12:19:12:212 |201822133847263| .      103) DBO=2309
10.02.2018 12:19:12:212 |201822133847263|       105) DBO=2309 3) Rate=1
10.02.2018 12:19:12:212 |201822133847263| 106)      DBO=2309
10.02.2018 12:19:12:212 |201822133847263| 106) DrawTimelines Position=307
10.02.2018 12:19:12:212 |201822133847263| 107) DrawTimelines Position=307
10.02.2018 12:19:12:212 |201822133847263|      108) DrawTimelines Position=307
10.02.2018 12:19:12:212 |201822133847263| .      103) DBO=2326
10.02.2018 12:19:12:212 |201822133847263|       105) DBO=2326 3) Rate=1
10.02.2018 12:19:12:212 |201822133847263| 106)      DBO=2326
10.02.2018 12:19:12:212 |201822133847263| 106) DrawTimelines Position=308
10.02.2018 12:19:12:212 |201822133847263| 107) DrawTimelines Position=308
10.02.2018 12:19:12:212 |201822133847263|      108) DrawTimelines Position=308
10.02.2018 12:19:12:212 |201822133847263| .      103) DBO=2345
10.02.2018 12:19:12:212 |201822133847263|       105) DBO=2345 3) Rate=1
10.02.2018 12:19:12:212 |201822133847263| 106)      DBO=2345
10.02.2018 12:19:12:212 |201822133847263| 106) DrawTimelines Position=308
10.02.2018 12:19:12:212 |201822133847263| 107) DrawTimelines Position=308
10.02.2018 12:19:12:212 |201822133847263|      108) DrawTimelines Position=308
10.02.2018 12:19:12:212 |201822133847263| .      103) DBO=2355
10.02.2018 12:19:12:212 |201822133847263|       105) DBO=2355 3) Rate=1
10.02.2018 12:19:12:212 |201822133847263| 106)      DBO=2355
10.02.2018 12:19:12:212 |201822133847263| 106) DrawTimelines Position=308
10.02.2018 12:19:12:212 |201822133847263| 107) DrawTimelines Position=308
10.02.2018 12:19:12:212 |201822133847263|      108) DrawTimelines Position=308
10.02.2018 12:19:12:212 |201822133847263| .      103) DBO=2368
10.02.2018 12:19:12:212 |201822133847263|       105) DBO=2368 3) Rate=1
10.02.2018 12:19:12:212 |201822133847263| 106)      DBO=2368
10.02.2018 12:19:12:212 |201822133847263| 106) DrawTimelines Position=309
10.02.2018 12:19:12:212 |201822133847263| 107) DrawTimelines Position=309
10.02.2018 12:19:12:212 |201822133847263|      108) DrawTimelines Position=309
10.02.2018 12:19:12:212 |201822133847263| .      103) DBO=2415
10.02.2018 12:19:12:212 |201822133847263|       105) DBO=2415 3) Rate=1
10.02.2018 12:19:12:212 |201822133847263| 106)      DBO=2415
10.02.2018 12:19:12:212 |201822133847263| 106) DrawTimelines Position=310
10.02.2018 12:19:12:212 |201822133847263| 107) DrawTimelines Position=310
10.02.2018 12:19:12:212 |201822133847263|      108) DrawTimelines Position=310
10.02.2018 12:19:12:212 |201822133847263| .      103) DBO=2420
10.02.2018 12:19:12:212 |201822133847263|       105) DBO=2420 3) Rate=1
10.02.2018 12:19:12:212 |201822133847263| 106)      DBO=2420
10.02.2018 12:19:12:212 |201822133847263| 106) DrawTimelines Position=310
10.02.2018 12:19:12:212 |201822133847263| 107) DrawTimelines Position=310
10.02.2018 12:19:12:212 |201822133847263|      108) DrawTimelines Position=310
10.02.2018 12:19:12:212 |201822133847263| .      103) DBO=2457
10.02.2018 12:19:12:212 |201822133847263|       105) DBO=2457 3) Rate=1
10.02.2018 12:19:12:212 |201822133847263| 106)      DBO=2457
10.02.2018 12:19:12:212 |201822133847263| 106) DrawTimelines Position=311
10.02.2018 12:19:12:212 |201822133847263| 107) DrawTimelines Position=311
10.02.2018 12:19:12:212 |201822133847263|      108) DrawTimelines Position=311
10.02.2018 12:19:12:212 |201822133847263| .      103) DBO=2480
10.02.2018 12:19:12:212 |201822133847263|       105) DBO=2480 3) Rate=1
10.02.2018 12:19:12:212 |201822133847263| 106)      DBO=2480
10.02.2018 12:19:12:212 |201822133847263| 106) DrawTimelines Position=312
10.02.2018 12:19:12:212 |201822133847263| 107) DrawTimelines Position=312
10.02.2018 12:19:12:212 |201822133847263|      108) DrawTimelines Position=312
10.02.2018 12:19:12:212 |201822133847263| .      103) DBO=2504
10.02.2018 12:19:12:212 |201822133847263|       105) DBO=2504 3) Rate=1
10.02.2018 12:19:12:212 |201822133847263| 106)      DBO=2504
10.02.2018 12:19:12:212 |201822133847263| 106) DrawTimelines Position=312
10.02.2018 12:19:12:212 |201822133847263| 107) DrawTimelines Position=312
10.02.2018 12:19:12:212 |201822133847263|      108) DrawTimelines Position=312
10.02.2018 12:19:12:212 |201822133847263| .      103) DBO=2514
10.02.2018 12:19:12:212 |201822133847263|       105) DBO=2514 3) Rate=1
10.02.2018 12:19:12:212 |201822133847263| 106)      DBO=2514
10.02.2018 12:19:12:212 |201822133847263| 106) DrawTimelines Position=312
10.02.2018 12:19:12:212 |201822133847263| 107) DrawTimelines Position=312
10.02.2018 12:19:12:212 |201822133847263|      108) DrawTimelines Position=312
10.02.2018 12:19:12:212 |201822133847263| .      103) DBO=2524
10.02.2018 12:19:12:212 |201822133847263|       105) DBO=2524 3) Rate=1
10.02.2018 12:19:12:212 |201822133847263| 106)      DBO=2524
10.02.2018 12:19:12:212 |201822133847263| 106) DrawTimelines Position=313
10.02.2018 12:19:12:212 |201822133847263| 107) DrawTimelines Position=313
10.02.2018 12:19:12:212 |201822133847263|      108) DrawTimelines Position=313
10.02.2018 12:19:12:212 |201822133847263| .      103) DBO=2544
10.02.2018 12:19:12:212 |201822133847263|       105) DBO=2544 3) Rate=1
10.02.2018 12:19:12:212 |201822133847263| 106)      DBO=2544
10.02.2018 12:19:12:212 |201822133847263| 106) DrawTimelines Position=313
10.02.2018 12:19:12:212 |201822133847263| 107) DrawTimelines Position=313
10.02.2018 12:19:12:212 |201822133847263|      108) DrawTimelines Position=313
10.02.2018 12:19:12:212 |201822133847263| .      103) DBO=2554
10.02.2018 12:19:12:212 |201822133847263|       105) DBO=2554 3) Rate=1
10.02.2018 12:19:12:212 |201822133847263| 106)      DBO=2554
10.02.2018 12:19:12:212 |201822133847263| 106) DrawTimelines Position=313
10.02.2018 12:19:12:212 |201822133847263| 107) DrawTimelines Position=313
10.02.2018 12:19:12:212 |201822133847263|      108) DrawTimelines Position=313
10.02.2018 12:19:12:212 |201822133847263| .      103) DBO=2569
10.02.2018 12:19:12:212 |201822133847263|       105) DBO=2569 3) Rate=1
10.02.2018 12:19:12:212 |201822133847263| 106)      DBO=2569
10.02.2018 12:19:12:212 |201822133847263| 106) DrawTimelines Position=314
10.02.2018 12:19:12:212 |201822133847263| 107) DrawTimelines Position=314
10.02.2018 12:19:12:212 |201822133847263|      108) DrawTimelines Position=314
10.02.2018 12:21:57:257 |201822133847263| 3) MediaSetPosition=250
10.02.2018 12:35:05:25 |201822133847263| 3) MediaSetPosition=250
10.02.2018 12:35:09:29 |201822133847263| 3) MediaSetPosition=250
10.02.2018 12:38:25:225 |201822133847263| 3) MediaSetPosition=250
10.02.2018 12:38:28:228 |201822133847263| 3) MediaSetPosition=250
10.02.2018 12:42:49:249 |201822133847263| 3) MediaSetPosition=250
10.02.2018 12:42:53:253 |201822133847263| 3) MediaSetPosition=250
10.02.2018 12:43:20:220 |201822133847263| 3) MediaSetPosition=250
10.02.2018 12:43:24:224 |201822133847263| 3) MediaSetPosition=250
10.02.2018 12:45:26:226 |201822133847263| 3) MediaSetPosition=250
10.02.2018 12:45:34:234 |201822133847263| 3) MediaSetPosition=250
