11.02.2018 00:33:30:230 |201822133847263| MarkRowPhraseInGrid 1=921628404.062ms SwitcherVideoPanels-2
11.02.2018 00:33:30:230 |201822133847263| MarkRowPhraseInGrid 1=921628404.738ms SwitcherVideoPanels-2
11.02.2018 00:33:30:230 |201822133847263| DrawTimelines Start=921628475.087ms
11.02.2018 00:33:30:230 |201822133847263| DrawTimelines bitblt=921628475.918ms
11.02.2018 00:33:30:230 |201822133847263| DrawTimelines DrawCursorStart=921628476.613ms
11.02.2018 00:33:30:230 |201822133847263| DrawTimelines DrawCursorEnd=921628476.762ms
11.02.2018 00:33:30:230 |201822133847263| DrawTimelines stretchblt start=921628476.916ms
11.02.2018 00:33:30:230 |201822133847263| DrawTimelines stretchblt finish=921628487.28ms
11.02.2018 00:33:30:230 |201822133847263| DrawTimelines Finish=921628487.606ms
11.02.2018 00:33:30:230 |201822133847263| MarkRowPhraseInGrid 1=921628487.991ms LoadDefaultClipToPlayer-2
11.02.2018 00:33:30:230 |201822133847263| MarkRowPhraseInGrid 1=921628488.24ms LoadDefaultClipToPlayer-2
11.02.2018 00:33:31:231 |201822133847263| DrawTimelines Start=921628718.74ms
11.02.2018 00:33:31:231 |201822133847263| DrawTimelines bitblt=921628719.868ms
11.02.2018 00:33:31:231 |201822133847263| DrawTimelines DrawCursorStart=921628722.715ms
11.02.2018 00:33:31:231 |201822133847263| DrawTimelines DrawCursorEnd=921628722.953ms
11.02.2018 00:33:31:231 |201822133847263| DrawTimelines stretchblt start=921628723.109ms
11.02.2018 00:33:31:231 |201822133847263| DrawTimelines stretchblt finish=921628732.409ms
11.02.2018 00:33:31:231 |201822133847263| DrawTimelines Finish=921628732.785ms
11.02.2018 00:40:35:235 |201822133847263| MarkRowPhraseInGrid 1=922053030.991ms SwitcherVideoPanels-2
11.02.2018 00:40:35:235 |201822133847263| MarkRowPhraseInGrid 1=922053031.276ms SwitcherVideoPanels-2
11.02.2018 00:40:35:235 |201822133847263| DrawTimelines Start=922053099.876ms
11.02.2018 00:40:35:235 |201822133847263| DrawTimelines bitblt=922053100.624ms
11.02.2018 00:40:35:235 |201822133847263| DrawTimelines DrawCursorStart=922053101.191ms
11.02.2018 00:40:35:235 |201822133847263| DrawTimelines DrawCursorEnd=922053101.385ms
11.02.2018 00:40:35:235 |201822133847263| DrawTimelines stretchblt start=922053101.613ms
11.02.2018 00:40:35:235 |201822133847263| DrawTimelines stretchblt finish=922053112.108ms
11.02.2018 00:40:35:235 |201822133847263| DrawTimelines Finish=922053112.451ms
11.02.2018 00:40:35:235 |201822133847263| MarkRowPhraseInGrid 1=922053113.023ms LoadDefaultClipToPlayer-2
11.02.2018 00:40:35:235 |201822133847263| MarkRowPhraseInGrid 1=922053113.347ms LoadDefaultClipToPlayer-2
11.02.2018 00:40:35:235 |201822133847263| DrawTimelines Start=922053316.26ms
11.02.2018 00:40:35:235 |201822133847263| DrawTimelines bitblt=922053317.272ms
11.02.2018 00:40:35:235 |201822133847263| DrawTimelines DrawCursorStart=922053318.713ms
11.02.2018 00:40:35:235 |201822133847263| DrawTimelines DrawCursorEnd=922053318.889ms
11.02.2018 00:40:35:235 |201822133847263| DrawTimelines stretchblt start=922053319.021ms
11.02.2018 00:40:35:235 |201822133847263| DrawTimelines stretchblt finish=922053328.359ms
11.02.2018 00:40:35:235 |201822133847263| DrawTimelines Finish=922053328.678ms
11.02.2018 23:39:49:249 |201822133847263| MarkRowPhraseInGrid 1=1004807284.465ms SwitcherVideoPanels-2
11.02.2018 23:39:49:249 |201822133847263| MarkRowPhraseInGrid 1=1004807303.443ms SwitcherVideoPanels-2
11.02.2018 23:39:49:249 |201822133847263| DrawTimelines Start=1004807371.919ms
11.02.2018 23:39:49:249 |201822133847263| DrawTimelines bitblt=1004807372.667ms
11.02.2018 23:39:49:249 |201822133847263| DrawTimelines DrawCursorStart=1004807373.268ms
11.02.2018 23:39:49:249 |201822133847263| DrawTimelines DrawCursorEnd=1004807373.43ms
11.02.2018 23:39:49:249 |201822133847263| DrawTimelines stretchblt start=1004807373.561ms
11.02.2018 23:39:49:249 |201822133847263| DrawTimelines stretchblt finish=1004807383.932ms
11.02.2018 23:39:49:249 |201822133847263| DrawTimelines Finish=1004807384.254ms
11.02.2018 23:39:49:249 |201822133847263| MarkRowPhraseInGrid 1=1004807384.639ms LoadDefaultClipToPlayer-2
11.02.2018 23:39:49:249 |201822133847263| MarkRowPhraseInGrid 1=1004807384.903ms LoadDefaultClipToPlayer-2
11.02.2018 23:39:50:250 |201822133847263| DrawTimelines Start=1004807659.721ms
11.02.2018 23:39:50:250 |201822133847263| DrawTimelines bitblt=1004807660.822ms
11.02.2018 23:39:50:250 |201822133847263| DrawTimelines DrawCursorStart=1004807662.649ms
11.02.2018 23:39:50:250 |201822133847263| DrawTimelines DrawCursorEnd=1004807662.846ms
11.02.2018 23:39:50:250 |201822133847263| DrawTimelines stretchblt start=1004807662.978ms
11.02.2018 23:39:50:250 |201822133847263| DrawTimelines stretchblt finish=1004807672.342ms
11.02.2018 23:39:50:250 |201822133847263| DrawTimelines Finish=1004807672.674ms
