20.02.2018 16:52:25:225 || Form1.Create Start
20.02.2018 17:00:35:235 || Form1.Create Start
20.02.2018 17:00:35:235 || 
20.02.2018 17:00:35:235 || *****************************************************************************************
20.02.2018 17:00:35:235 || *************************               ÇÀÏÓÑÊ ÏÐÎÃÐÀÌÌÛ             *************************
20.02.2018 17:00:35:235 || *************************            Âðåìÿ ñòàðòà: 17:00:35:05             *************************
20.02.2018 17:00:35:235 || *****************************************************************************************
20.02.2018 17:00:35:235 || Form1.Create Finish
20.02.2018 17:00:40:240 || Message:WMSysCommand
20.02.2018 17:00:54:254 || Form1.Create Start
20.02.2018 17:00:54:254 || 
20.02.2018 17:00:54:254 || *****************************************************************************************
20.02.2018 17:00:54:254 || *************************               ÇÀÏÓÑÊ ÏÐÎÃÐÀÌÌÛ             *************************
20.02.2018 17:00:54:254 || *************************            Âðåìÿ ñòàðòà: 17:00:54:19             *************************
20.02.2018 17:00:54:254 || *****************************************************************************************
20.02.2018 17:00:54:254 || Form1.Create Finish
20.02.2018 17:00:58:258 || Message:WMSysCommand
20.02.2018 17:01:20:220 || Form1.Create Start
20.02.2018 17:01:20:220 || 
20.02.2018 17:01:20:220 || *****************************************************************************************
20.02.2018 17:01:20:220 || *************************               ÇÀÏÓÑÊ ÏÐÎÃÐÀÌÌÛ             *************************
20.02.2018 17:01:20:220 || *************************            Âðåìÿ ñòàðòà: 17:01:20:08             *************************
20.02.2018 17:01:20:220 || *****************************************************************************************
20.02.2018 17:01:20:220 || Form1.Create Finish
20.02.2018 17:01:23:223 || Message:WMSysCommand
20.02.2018 17:02:15:215 || Form1.Create Start
20.02.2018 17:02:15:215 || 
20.02.2018 17:02:15:215 || *****************************************************************************************
20.02.2018 17:02:15:215 || *************************               ÇÀÏÓÑÊ ÏÐÎÃÐÀÌÌÛ             *************************
20.02.2018 17:02:15:215 || *************************            Âðåìÿ ñòàðòà: 17:02:15:10             *************************
20.02.2018 17:02:15:215 || *****************************************************************************************
20.02.2018 17:02:15:215 || Form1.Create Finish
20.02.2018 17:02:20:220 || Message:WMSysCommand
20.02.2018 18:04:46:246 || Form1.Create Start
20.02.2018 18:04:46:246 || 
20.02.2018 18:04:46:246 || *****************************************************************************************
20.02.2018 18:04:46:246 || *************************               ÇÀÏÓÑÊ ÏÐÎÃÐÀÌÌÛ             *************************
20.02.2018 18:04:46:246 || *************************            Âðåìÿ ñòàðòà: 18:04:46:14             *************************
20.02.2018 18:04:46:246 || *****************************************************************************************
20.02.2018 18:04:46:246 || Form1.Create Finish
20.02.2018 18:04:55:255 || Message:WMSysCommand
20.02.2018 18:07:35:235 || Form1.Create Start
20.02.2018 18:07:35:235 || 
20.02.2018 18:07:35:235 || *****************************************************************************************
20.02.2018 18:07:35:235 || *************************               ÇÀÏÓÑÊ ÏÐÎÃÐÀÌÌÛ             *************************
20.02.2018 18:07:35:235 || *************************            Âðåìÿ ñòàðòà: 18:07:35:21             *************************
20.02.2018 18:07:35:235 || *****************************************************************************************
20.02.2018 18:07:35:235 || Form1.Create Finish
20.02.2018 18:07:40:240 || Message:WMSysCommand
20.02.2018 18:08:13:213 || Form1.Create Start
20.02.2018 18:08:13:213 || 
20.02.2018 18:08:13:213 || *****************************************************************************************
20.02.2018 18:08:13:213 || *************************               ÇÀÏÓÑÊ ÏÐÎÃÐÀÌÌÛ             *************************
20.02.2018 18:08:13:213 || *************************            Âðåìÿ ñòàðòà: 18:08:13:22             *************************
20.02.2018 18:08:13:213 || *****************************************************************************************
20.02.2018 18:08:13:213 || Form1.Create Finish
20.02.2018 18:08:32:232 || Message:WMSysCommand
20.02.2018 18:08:43:243 || Form1.Create Start
20.02.2018 18:08:43:243 || 
20.02.2018 18:08:43:243 || *****************************************************************************************
20.02.2018 18:08:43:243 || *************************               ÇÀÏÓÑÊ ÏÐÎÃÐÀÌÌÛ             *************************
20.02.2018 18:08:43:243 || *************************            Âðåìÿ ñòàðòà: 18:08:43:01             *************************
20.02.2018 18:08:43:243 || *****************************************************************************************
20.02.2018 18:08:43:243 || Form1.Create Finish
20.02.2018 18:08:46:246 || Message:WMSysCommand
20.02.2018 18:09:38:238 || Form1.Create Start
20.02.2018 18:09:38:238 || 
20.02.2018 18:09:38:238 || *****************************************************************************************
20.02.2018 18:09:38:238 || *************************               ÇÀÏÓÑÊ ÏÐÎÃÐÀÌÌÛ             *************************
20.02.2018 18:09:38:238 || *************************            Âðåìÿ ñòàðòà: 18:09:38:15             *************************
20.02.2018 18:09:38:238 || *****************************************************************************************
20.02.2018 18:09:38:238 || Form1.Create Finish
20.02.2018 18:09:42:242 || Message:WMSysCommand
20.02.2018 18:12:56:256 || Form1.Create Start
20.02.2018 18:12:56:256 || 
20.02.2018 18:12:56:256 || *****************************************************************************************
20.02.2018 18:12:56:256 || *************************               ÇÀÏÓÑÊ ÏÐÎÃÐÀÌÌÛ             *************************
20.02.2018 18:12:56:256 || *************************            Âðåìÿ ñòàðòà: 18:12:56:20             *************************
20.02.2018 18:12:56:256 || *****************************************************************************************
20.02.2018 18:12:56:256 || Form1.Create Finish
20.02.2018 18:13:00:20 || Message:WMSysCommand
20.02.2018 18:17:34:234 || Form1.Create Start
20.02.2018 18:17:34:234 || 
20.02.2018 18:17:34:234 || *****************************************************************************************
20.02.2018 18:17:34:234 || *************************               ÇÀÏÓÑÊ ÏÐÎÃÐÀÌÌÛ             *************************
20.02.2018 18:17:34:234 || *************************            Âðåìÿ ñòàðòà: 18:17:34:23             *************************
20.02.2018 18:17:34:234 || *****************************************************************************************
20.02.2018 18:17:34:234 || Form1.Create Finish
20.02.2018 18:18:00:20 || Message:WMSysCommand
20.02.2018 18:32:54:254 || Form1.Create Start
20.02.2018 18:32:54:254 || 
20.02.2018 18:32:54:254 || *****************************************************************************************
20.02.2018 18:32:54:254 || *************************               ÇÀÏÓÑÊ ÏÐÎÃÐÀÌÌÛ             *************************
20.02.2018 18:32:54:254 || *************************            Âðåìÿ ñòàðòà: 18:32:54:21             *************************
20.02.2018 18:32:54:254 || *****************************************************************************************
20.02.2018 18:32:54:254 || Form1.Create Finish
20.02.2018 18:33:08:28 || Message:WMSysCommand
20.02.2018 18:34:22:222 || Form1.Create Start
20.02.2018 18:34:22:222 || 
20.02.2018 18:34:22:222 || *****************************************************************************************
20.02.2018 18:34:22:222 || *************************               ÇÀÏÓÑÊ ÏÐÎÃÐÀÌÌÛ             *************************
20.02.2018 18:34:22:222 || *************************            Âðåìÿ ñòàðòà: 18:34:22:13             *************************
20.02.2018 18:34:22:222 || *****************************************************************************************
20.02.2018 18:34:22:222 || Form1.Create Finish
20.02.2018 18:39:17:217 || Form1.Create Start
20.02.2018 18:39:17:217 || 
20.02.2018 18:39:17:217 || *****************************************************************************************
20.02.2018 18:39:17:217 || *************************               ÇÀÏÓÑÊ ÏÐÎÃÐÀÌÌÛ             *************************
20.02.2018 18:39:17:217 || *************************            Âðåìÿ ñòàðòà: 18:39:17:17             *************************
20.02.2018 18:39:17:217 || *****************************************************************************************
20.02.2018 18:39:17:217 || Form1.Create Finish
20.02.2018 18:39:43:243 || Message:WMSysCommand
20.02.2018 18:40:03:23 || Form1.Create Start
20.02.2018 18:40:03:23 || 
20.02.2018 18:40:03:23 || *****************************************************************************************
20.02.2018 18:40:03:23 || *************************               ÇÀÏÓÑÊ ÏÐÎÃÐÀÌÌÛ             *************************
20.02.2018 18:40:03:23 || *************************            Âðåìÿ ñòàðòà: 18:40:03:13             *************************
20.02.2018 18:40:03:23 || *****************************************************************************************
20.02.2018 18:40:03:23 || Form1.Create Finish
20.02.2018 18:40:17:217 || Message:WMSysCommand
20.02.2018 19:57:30:230 || Form1.Create Start
20.02.2018 19:57:30:230 || 
20.02.2018 19:57:30:230 || *****************************************************************************************
20.02.2018 19:57:30:230 || *************************               ÇÀÏÓÑÊ ÏÐÎÃÐÀÌÌÛ             *************************
20.02.2018 19:57:30:230 || *************************            Âðåìÿ ñòàðòà: 19:57:30:14             *************************
20.02.2018 19:57:30:230 || *****************************************************************************************
20.02.2018 19:57:30:230 || Form1.Create Finish
20.02.2018 19:57:55:255 || Message:WMSysCommand
20.02.2018 20:02:25:225 || Form1.Create Start
20.02.2018 20:02:25:225 || 
20.02.2018 20:02:25:225 || *****************************************************************************************
20.02.2018 20:02:25:225 || *************************               ÇÀÏÓÑÊ ÏÐÎÃÐÀÌÌÛ             *************************
20.02.2018 20:02:25:225 || *************************            Âðåìÿ ñòàðòà: 20:02:25:00             *************************
20.02.2018 20:02:25:225 || *****************************************************************************************
20.02.2018 20:02:25:225 || Form1.Create Finish
20.02.2018 20:02:33:233 || Message:WMSysCommand
20.02.2018 20:04:56:256 || Form1.Create Start
20.02.2018 20:04:56:256 || 
20.02.2018 20:04:56:256 || *****************************************************************************************
20.02.2018 20:04:56:256 || *************************               ÇÀÏÓÑÊ ÏÐÎÃÐÀÌÌÛ             *************************
20.02.2018 20:04:56:256 || *************************            Âðåìÿ ñòàðòà: 20:04:56:00             *************************
20.02.2018 20:04:56:256 || *****************************************************************************************
20.02.2018 20:04:56:256 || Form1.Create Finish
20.02.2018 20:05:05:25 || Message:WMSysCommand
20.02.2018 20:05:43:243 || Form1.Create Start
20.02.2018 20:05:43:243 || 
20.02.2018 20:05:43:243 || *****************************************************************************************
20.02.2018 20:05:43:243 || *************************               ÇÀÏÓÑÊ ÏÐÎÃÐÀÌÌÛ             *************************
20.02.2018 20:05:43:243 || *************************            Âðåìÿ ñòàðòà: 20:05:43:07             *************************
20.02.2018 20:05:43:243 || *****************************************************************************************
20.02.2018 20:05:43:243 || Form1.Create Finish
20.02.2018 20:05:47:247 || Message:WMSysCommand
