12.06.2017 16:38:41:641 |2017522182734909| UButtonOptions.EditButtonsOptions Start Number=-1
12.06.2017 16:38:41:641 |2017522182734909| UButtonOptions.SwitchObjects tltext
12.06.2017 16:38:41:641 |2017522182734909| UButtonOptions.SetTextEvent Number=-1
12.06.2017 16:38:41:641 |2017522182734909| UButtonOptions.DrawEvent TypeEvent=1
12.06.2017 16:38:41:641 |2017522182734909| UButtonOptions.DrawEvent TypeEvent=1
12.06.2017 16:38:42:642 |2017522182734909| UButtonOptions.DrawEvent TypeEvent=1
12.06.2017 16:38:42:642 |2017522182734909| UButtonOptions.DrawEvent TypeEvent=1
12.06.2017 16:38:42:642 |2017522182734909| UButtonOptions.DrawEvent TypeEvent=1
12.06.2017 16:38:42:642 |2017522182734909| UButtonOptions.DrawEvent TypeEvent=1
12.06.2017 16:38:42:642 |2017522182734909| UButtonOptions.DrawEvent TypeEvent=1
12.06.2017 16:38:42:642 |2017522182734909| UButtonOptions.DrawEvent TypeEvent=1
12.06.2017 16:38:42:642 |2017522182734909| UButtonOptions.DrawEvent TypeEvent=1
12.06.2017 16:38:42:642 |2017522182734909| UButtonOptions.DrawEvent TypeEvent=1
12.06.2017 16:38:42:642 |2017522182734909| UButtonOptions.DrawEvent TypeEvent=1
12.06.2017 16:38:42:642 |2017522182734909| UButtonOptions.DrawEvent TypeEvent=1
12.06.2017 16:38:42:642 |2017522182734909| UButtonOptions.DrawEvent TypeEvent=1
12.06.2017 16:38:42:642 |2017522182734909| UButtonOptions.DrawEvent TypeEvent=1
12.06.2017 16:38:42:642 |2017522182734909| UButtonOptions.DrawEvent TypeEvent=1
12.06.2017 16:38:42:642 |2017522182734909| UButtonOptions.DrawEvent TypeEvent=1
12.06.2017 16:38:42:642 |2017522182734909| UButtonOptions.DrawEvent TypeEvent=1
12.06.2017 16:38:42:642 |2017522182734909| UButtonOptions.DrawEvent TypeEvent=1
12.06.2017 16:38:42:642 |2017522182734909| UButtonOptions.DrawEvent TypeEvent=1
12.06.2017 16:38:42:642 |2017522182734909| UButtonOptions.DrawEvent TypeEvent=1
12.06.2017 16:38:42:642 |2017522182734909| UButtonOptions.DrawEvent TypeEvent=1
12.06.2017 16:38:42:642 |2017522182734909| UButtonOptions.DrawEvent TypeEvent=1
12.06.2017 16:38:42:642 |2017522182734909| UButtonOptions.DrawEvent TypeEvent=1
12.06.2017 16:38:42:642 |2017522182734909| UButtonOptions.DrawEvent TypeEvent=1
12.06.2017 16:38:42:642 |2017522182734909| UButtonOptions.DrawEvent TypeEvent=1
12.06.2017 16:38:42:642 |2017522182734909| UButtonOptions.DrawEvent TypeEvent=1
12.06.2017 16:38:42:642 |2017522182734909| UButtonOptions.DrawEvent TypeEvent=1
12.06.2017 16:38:42:642 |2017522182734909| UButtonOptions.DrawEvent TypeEvent=1
12.06.2017 16:38:42:642 |2017522182734909| UButtonOptions.DrawEvent TypeEvent=1
12.06.2017 16:38:42:642 |2017522182734909| UButtonOptions.DrawEvent TypeEvent=1
12.06.2017 16:38:42:642 |2017522182734909| UButtonOptions.DrawEvent TypeEvent=1
12.06.2017 16:38:42:642 |2017522182734909| UButtonOptions.DrawEvent TypeEvent=1
12.06.2017 16:38:42:642 |2017522182734909| UButtonOptions.DrawEvent TypeEvent=1
12.06.2017 16:38:42:642 |2017522182734909| UButtonOptions.DrawEvent TypeEvent=1
12.06.2017 16:38:42:642 |2017522182734909| UButtonOptions.DrawEvent TypeEvent=1
12.06.2017 16:38:42:642 |2017522182734909| UButtonOptions.DrawEvent TypeEvent=1
12.06.2017 16:38:42:642 |2017522182734909| UButtonOptions.DrawEvent TypeEvent=1
12.06.2017 16:38:42:642 |2017522182734909| UButtonOptions.DrawEvent TypeEvent=1
12.06.2017 16:38:42:642 |2017522182734909| UButtonOptions.DrawEvent TypeEvent=1
12.06.2017 16:38:42:642 |2017522182734909| UButtonOptions.DrawEvent TypeEvent=1
12.06.2017 16:38:42:642 |2017522182734909| UButtonOptions.DrawEvent TypeEvent=1
12.06.2017 16:38:42:642 |2017522182734909| UButtonOptions.DrawEvent TypeEvent=1
12.06.2017 16:38:42:642 |2017522182734909| UButtonOptions.DrawEvent TypeEvent=1
12.06.2017 16:38:42:642 |2017522182734909| UButtonOptions.DrawEvent TypeEvent=1
12.06.2017 16:38:42:642 |2017522182734909| UButtonOptions.DrawEvent TypeEvent=1
12.06.2017 16:38:42:642 |2017522182734909| UButtonOptions.DrawEvent TypeEvent=1
12.06.2017 16:38:42:642 |2017522182734909| UButtonOptions.DrawEvent TypeEvent=1
12.06.2017 16:38:42:642 |2017522182734909| UButtonOptions.DrawEvent TypeEvent=1
12.06.2017 16:38:42:642 |2017522182734909| UButtonOptions.DrawEvent TypeEvent=1
12.06.2017 16:38:42:642 |2017522182734909| UButtonOptions.DrawEvent TypeEvent=1
12.06.2017 16:38:42:642 |2017522182734909| UButtonOptions.DrawEvent TypeEvent=1
12.06.2017 16:38:42:642 |2017522182734909| UButtonOptions.DrawEvent TypeEvent=1
12.06.2017 16:38:42:642 |2017522182734909| UButtonOptions.DrawEvent TypeEvent=1
12.06.2017 16:38:42:642 |2017522182734909| UButtonOptions.DrawEvent TypeEvent=1
12.06.2017 16:38:42:642 |2017522182734909| UButtonOptions.DrawEvent TypeEvent=1
12.06.2017 16:38:42:642 |2017522182734909| UButtonOptions.DrawEvent TypeEvent=1
12.06.2017 16:38:42:642 |2017522182734909| UButtonOptions.DrawEvent TypeEvent=1
12.06.2017 16:38:43:643 |2017522182734909| UButtonOptions.DrawEvent TypeEvent=1
12.06.2017 16:38:43:643 |2017522182734909| UButtonOptions.DrawEvent TypeEvent=1
12.06.2017 16:38:43:643 |2017522182734909| UButtonOptions.DrawEvent TypeEvent=1
12.06.2017 16:38:43:643 |2017522182734909| UButtonOptions.DrawEvent TypeEvent=1
12.06.2017 16:38:43:643 |2017522182734909| UButtonOptions.DrawEvent TypeEvent=1
12.06.2017 16:38:43:643 |2017522182734909| UButtonOptions.DrawEvent TypeEvent=1
12.06.2017 16:38:43:643 |2017522182734909| UButtonOptions.DrawEvent TypeEvent=1
12.06.2017 16:38:43:643 |2017522182734909| UButtonOptions.DrawEvent TypeEvent=1
12.06.2017 16:38:43:643 |2017522182734909| UButtonOptions.DrawEvent TypeEvent=1
12.06.2017 16:38:43:643 |2017522182734909| UButtonOptions.DrawEvent TypeEvent=1
12.06.2017 16:38:43:643 |2017522182734909| UButtonOptions.DrawEvent TypeEvent=1
12.06.2017 16:38:43:643 |2017522182734909| UButtonOptions.DrawEvent TypeEvent=1
12.06.2017 16:38:43:643 |2017522182734909| UButtonOptions.DrawEvent TypeEvent=1
12.06.2017 16:38:43:643 |2017522182734909| UButtonOptions.DrawEvent TypeEvent=1
12.06.2017 16:38:43:643 |2017522182734909| UButtonOptions.DrawEvent TypeEvent=1
12.06.2017 16:38:43:643 |2017522182734909| UButtonOptions.DrawEvent TypeEvent=1
12.06.2017 16:38:43:643 |2017522182734909| UButtonOptions.DrawEvent TypeEvent=1
12.06.2017 16:38:43:643 |2017522182734909| UButtonOptions.DrawEvent TypeEvent=1
12.06.2017 16:38:43:643 |2017522182734909| UButtonOptions.DrawEvent TypeEvent=1
12.06.2017 16:38:45:645 |2017522182734909| UButtonOptions.EditButtonsOptions Finish Number=-1
