03.06.2017 17:45:01:61 |2017522182734909| UImageTemplate.SetSizeFrame Aspect=16x9
03.06.2017 17:45:01:61 |2017522182734909| TFGRTemplate.SetSizeLayer1
03.06.2017 17:45:46:646 |2017522182734909| UImageTemplate.SetSizeFrame Aspect=16x9
03.06.2017 17:45:46:646 |2017522182734909| TFGRTemplate.SetSizeLayer1
03.06.2017 17:46:44:644 |2017522182734909| UImageTemplate.SetSizeFrame Aspect=16x9
03.06.2017 17:46:44:644 |2017522182734909| TFGRTemplate.SetSizeLayer1
03.06.2017 17:49:55:655 |2017522182734909| UImageTemplate.SetSizeFrame Aspect=16x9
03.06.2017 17:49:55:655 |2017522182734909| TFGRTemplate.SetSizeLayer1
03.06.2017 18:01:45:645 |2017522182734909| UImageTemplate.SetSizeFrame Aspect=16x9
03.06.2017 18:01:45:645 |2017522182734909| TFGRTemplate.SetSizeLayer1
03.06.2017 20:59:09:69 |2017522182734909| UImageTemplate.SetSizeFrame Aspect=16x9
03.06.2017 20:59:09:69 |2017522182734909| TFGRTemplate.SetSizeLayer1
03.06.2017 21:04:11:611 |2017522182734909| UImageTemplate.EditImageTamplate Start
03.06.2017 21:04:11:611 |2017522182734909| UImageTemplate.LoadImageWindow
03.06.2017 21:04:14:614 |2017522182734909| TFGRTemplate.SpeedButton1Click Start
03.06.2017 21:05:21:621 |2017522182734909| TFGRTemplate.LoadJpegFile1 File=F:\YandexDisk\Photo\1 may 2009\DSC_8169.JPG
03.06.2017 21:05:21:621 |2017522182734909| UImageTemplate.DrawPicture
03.06.2017 21:05:21:621 |2017522182734909| UImageTemplate.DrawTemplate
03.06.2017 21:05:21:621 |2017522182734909| TFGRTemplate.SpeedButton1Click Finish
03.06.2017 21:05:34:634 |2017522182734909| TFGRTemplate.SpeedButton2Click Start
03.06.2017 21:05:34:634 |2017522182734909| UImageTemplate.SaveToJpegFile File=F:\home\¿–Ã –≈ƒ¿ “Œ–¿ 04062017\Projects\2017522182734909\Templates\20176321534794.jpeg
03.06.2017 21:05:35:635 |2017522182734909| TFGRTemplate.SpeedButton2Click(CRow=-1) File=F:\home\¿–Ã –≈ƒ¿ “Œ–¿ 04062017\Projects\2017522182734909\Templates\20176321534794.jpeg GridImgTemplate.Row=1
03.06.2017 21:05:35:635 |2017522182734909| TFGRTemplate.SpeedButton2Click Finish
03.06.2017 21:05:40:640 |2017522182734909| TFGRTemplate.FormClose
