10.06.2017 00:16:01:61 |2017522182734909| Message:WM_GETMINMAXINFO
10.06.2017 00:16:01:61 |2017522182734909| UInitForms.UpdatePanelPrepare
10.06.2017 00:16:01:61 |2017522182734909| UDrawTimelines.TTLNames.Draw Start
10.06.2017 00:16:01:61 |2017522182734909| UDrawTimelines.TZoneScaler.Draw Height=25
10.06.2017 00:16:01:61 |2017522182734909| UDrawTimelines.TZoneEditTL.Draw Grid=GridTimeLines Top=45 Height=105
10.06.2017 00:16:01:61 |2017522182734909| UDrawTimelines.TZoneEditTL.GridPosition Grid=GridTimeLines Position=3 IDTimeline=41
10.06.2017 00:16:01:61 |2017522182734909| UDrawTimelines.TNamesTL.Clear
10.06.2017 00:16:01:61 |2017522182734909| UDrawTimelines.TNamesTL.Add Result=0 IDTimeline=1
10.06.2017 00:16:01:61 |2017522182734909| UDrawTimelines.TNamesTL.Add Result=1 IDTimeline=21
10.06.2017 00:16:01:61 |2017522182734909| UDrawTimelines.TNamesTL.Add Result=2 IDTimeline=41
10.06.2017 00:16:01:61 |2017522182734909| UDrawTimelines.TNamesTL.Init Result=113
10.06.2017 00:16:01:61 |2017522182734909| UDrawTimelines.TNamesTL.Draw Grid=GridTimeLines Top=162 Height=113
10.06.2017 00:16:01:61 |2017522182734909| UDrawTimelines.TTimeLineName.Draw Position=0
10.06.2017 00:16:01:61 |2017522182734909| UDrawTimelines.TTimeLineName.Draw Position=1
10.06.2017 00:16:01:61 |2017522182734909| UDrawTimelines.TTimeLineName.Draw Position=2
10.06.2017 00:16:01:61 |2017522182734909| UDrawTimelines.TZoneReview.Draw Top=283 Height=45
10.06.2017 00:16:01:61 |2017522182734909| UDrawTimelines.TTLNames.Draw Finish
10.06.2017 00:16:01:61 |2017522182734909| UDrawTimelines.TZoneEditTL.GridPosition Grid=GridTimeLines Position=3 IDTimeline=41
10.06.2017 00:16:01:61 |2017522182734909| UInitForms.UpdatePanelAir
10.06.2017 00:16:01:61 |2017522182734909| UGrid.MarkRowPhraseInGrid Grid=GridGRTemplate MarkCell=0 WorkCell=2 Name=File Text Row=0 Mark:=false FormResize
10.06.2017 00:16:01:61 |2017522182734909| UGrid.MarkRowPhraseInGrid Grid=GridGRTemplate MarkCell=0 WorkCell=2 Name=File Text Row=1 Mark:=false FormResize
10.06.2017 00:16:01:61 |2017522182734909| UCommon.TemplateToScreen-2 Clear
10.06.2017 00:25:52:652 |2017522182734909| Message:WM_GETMINMAXINFO
10.06.2017 00:25:52:652 |2017522182734909| UInitForms.UpdatePanelPrepare
10.06.2017 00:25:52:652 |2017522182734909| UDrawTimelines.TTLNames.Draw Start
10.06.2017 00:25:52:652 |2017522182734909| UDrawTimelines.TZoneScaler.Draw Height=25
10.06.2017 00:25:52:652 |2017522182734909| UDrawTimelines.TZoneEditTL.Draw Grid=GridTimeLines Top=45 Height=105
10.06.2017 00:25:52:652 |2017522182734909| UDrawTimelines.TZoneEditTL.GridPosition Grid=GridTimeLines Position=3 IDTimeline=41
10.06.2017 00:25:52:652 |2017522182734909| UDrawTimelines.TNamesTL.Clear
10.06.2017 00:25:52:652 |2017522182734909| UDrawTimelines.TNamesTL.Add Result=0 IDTimeline=1
10.06.2017 00:25:52:652 |2017522182734909| UDrawTimelines.TNamesTL.Add Result=1 IDTimeline=21
10.06.2017 00:25:52:652 |2017522182734909| UDrawTimelines.TNamesTL.Add Result=2 IDTimeline=41
10.06.2017 00:25:52:652 |2017522182734909| UDrawTimelines.TNamesTL.Init Result=113
10.06.2017 00:25:52:652 |2017522182734909| UDrawTimelines.TNamesTL.Draw Grid=GridTimeLines Top=162 Height=113
10.06.2017 00:25:52:652 |2017522182734909| UDrawTimelines.TTimeLineName.Draw Position=0
10.06.2017 00:25:52:652 |2017522182734909| UDrawTimelines.TTimeLineName.Draw Position=1
10.06.2017 00:25:52:652 |2017522182734909| UDrawTimelines.TTimeLineName.Draw Position=2
10.06.2017 00:25:52:652 |2017522182734909| UDrawTimelines.TZoneReview.Draw Top=283 Height=45
10.06.2017 00:25:52:652 |2017522182734909| UDrawTimelines.TTLNames.Draw Finish
10.06.2017 00:25:52:652 |2017522182734909| UDrawTimelines.TZoneEditTL.GridPosition Grid=GridTimeLines Position=3 IDTimeline=41
10.06.2017 00:25:52:652 |2017522182734909| UInitForms.UpdatePanelAir
10.06.2017 00:25:52:652 |2017522182734909| UGrid.MarkRowPhraseInGrid Grid=GridGRTemplate MarkCell=0 WorkCell=2 Name=File Text Row=0 Mark:=false FormResize
10.06.2017 00:25:52:652 |2017522182734909| UGrid.MarkRowPhraseInGrid Grid=GridGRTemplate MarkCell=0 WorkCell=2 Name=File Text Row=1 Mark:=false FormResize
10.06.2017 00:25:52:652 |2017522182734909| UCommon.TemplateToScreen-2 Clear
10.06.2017 02:47:07:67 |2017522182734909| Message:WM_GETMINMAXINFO
10.06.2017 02:47:07:67 |2017522182734909| Message:WM_GETMINMAXINFO
10.06.2017 02:47:07:67 |2017522182734909| Message:WMEraseBackGround
10.06.2017 02:47:07:67 |2017522182734909| Message:WMEraseBackGround
10.06.2017 02:47:08:68 |2017522182734909| Message:WMSysCommand
10.06.2017 02:47:08:68 |2017522182734909| UMyFiles.SaveClipEditingToFile Start ClipName=201752311439874
10.06.2017 02:47:08:68 |2017522182734909| UMyFiles.SaveClipEditingToFile Finish ClipName=201752311439874
10.06.2017 02:47:08:68 |2017522182734909| UMyFiles.SaveGridToFile Start FileName=F:\home\¿–Ã –≈ƒ¿ “Œ–¿ 04062017\Projects\ListProjects.prjt Grid=GridProjects
10.06.2017 02:47:08:68 |2017522182734909| UMyFiles.SaveGridToFile Finish FileName=F:\home\¿–Ã –≈ƒ¿ “Œ–¿ 04062017\Projects\ListProjects.prjt Grid=GridProjects
10.06.2017 02:47:08:68 |2017522182734909| UCommon.saveoldproject Start
10.06.2017 02:47:08:68 |2017522182734909| UGrid.findgridselection Grid=GridProjects Cell=2 Result=1
10.06.2017 02:47:08:68 |2017522182734909| UMyFiles.SaveProjectToDisk Start
10.06.2017 02:47:08:68 |2017522182734909| UMyFiles.SaveGridTimelinesToFile Start FileName=F:\home\¿–Ã –≈ƒ¿ “Œ–¿ 04062017\Projects\2017522182734909\Lists\Timelines.lst Grid=GridTimeLines
10.06.2017 02:47:08:68 |2017522182734909| UMyFiles.SaveGridTimelinesToFile Finish FileName=F:\home\¿–Ã –≈ƒ¿ “Œ–¿ 04062017\Projects\2017522182734909\Lists\Timelines.lst Grid=GridTimeLines
10.06.2017 02:47:08:68 |2017522182734909| UMyFiles.SaveProjectToDisk Finish
10.06.2017 02:47:08:68 |2017522182734909| UMyFiles.SaveGridToFile Start FileName=F:\home\¿–Ã –≈ƒ¿ “Œ–¿ 04062017\Projects\2017522182734909\Lists\Clips.lst Grid=GridClips
10.06.2017 02:47:08:68 |2017522182734909| UMyFiles.SaveGridToFile Finish FileName=F:\home\¿–Ã –≈ƒ¿ “Œ–¿ 04062017\Projects\2017522182734909\Lists\Clips.lst Grid=GridClips
10.06.2017 02:47:08:68 |2017522182734909| UCommon.saveoldproject Finish
10.06.2017 02:47:08:68 |2017522182734909| UMyFiles.DeleteFilesMask Dir=F:\home\¿–Ã –≈ƒ¿ “Œ–¿ 04062017\Projects\2017522182734909\Temp Mask=*.*
10.06.2017 02:47:08:68 |2017522182734909| UMyFiles.DeleteFilesMask Dir=F:\home\¿–Ã –≈ƒ¿ “Œ–¿ 04062017\Projects\2017522182734909\Temp Mask=*.* | Delete File:Clips.lst
10.06.2017 02:47:08:68 |2017522182734909| UMyFiles.DeleteFilesMask Dir=F:\home\¿–Ã –≈ƒ¿ “Œ–¿ 04062017\Projects\2017522182734909\Temp Mask=*.* | Delete File:ImageTemplates.lst
10.06.2017 02:47:08:68 |2017522182734909| UMyFiles.DeleteFilesMask Dir=F:\home\¿–Ã –≈ƒ¿ “Œ–¿ 04062017\Projects\2017522182734909\Temp Mask=*.* | Delete File:PlayLists.lst
10.06.2017 02:47:08:68 |2017522182734909| UMyFiles.DeleteFilesMask Dir=F:\home\¿–Ã –≈ƒ¿ “Œ–¿ 04062017\Projects\2017522182734909\Temp Mask=*.* | Delete File:TextTemplates.lst
10.06.2017 02:47:08:68 |2017522182734909| UMyFiles.DeleteFilesMask Dir=F:\home\¿–Ã –≈ƒ¿ “Œ–¿ 04062017\Projects\2017522182734909\Temp Mask=*.* | Delete File:TMP201769211022482.undo
10.06.2017 02:47:08:68 |2017522182734909| UMyFiles.DeleteFilesMask Dir=F:\home\¿–Ã –≈ƒ¿ “Œ–¿ 04062017\Projects\2017522182734909\Temp Mask=*.* | Delete File:TMP201769211023309.undo
10.06.2017 02:47:08:68 |2017522182734909| UMyFiles.DeleteFilesMask Dir=F:\home\¿–Ã –≈ƒ¿ “Œ–¿ 04062017\Projects\2017522182734909\Temp Mask=*.* | Delete File:TMP201769211024586.undo
10.06.2017 02:47:08:68 |2017522182734909| UMyFiles.DeleteFilesMask Dir=F:\home\¿–Ã –≈ƒ¿ “Œ–¿ 04062017\Projects\2017522182734909\Temp Mask=*.* | Delete File:TMP201769211025226.undo
10.06.2017 02:47:08:68 |2017522182734909| UMyFiles.DeleteFilesMask Dir=F:\home\¿–Ã –≈ƒ¿ “Œ–¿ 04062017\Projects\2017522182734909\Temp Mask=*.* | Delete File:TMP201769211025810.undo
10.06.2017 02:47:08:68 |2017522182734909| UMyFiles.DeleteFilesMask Dir=F:\home\¿–Ã –≈ƒ¿ “Œ–¿ 04062017\Projects\2017522182734909\Temp Mask=*.* | Delete File:TMP201769211110449.undo
10.06.2017 02:47:08:68 |2017522182734909| UMyFiles.DeleteFilesMask Dir=F:\home\¿–Ã –≈ƒ¿ “Œ–¿ 04062017\Projects\2017522182734909\Temp Mask=*.* | Delete File:TMP201769211112502.undo
10.06.2017 02:47:08:68 |2017522182734909| UMyFiles.DeleteFilesMask Dir=F:\home\¿–Ã –≈ƒ¿ “Œ–¿ 04062017\Projects\2017522182734909\Temp Mask=*.* | Delete File:TMP20176921111475.undo
10.06.2017 02:47:08:68 |2017522182734909| UMyFiles.DeleteFilesMask Dir=F:\home\¿–Ã –≈ƒ¿ “Œ–¿ 04062017\Projects\2017522182734909\Temp Mask=*.* | Delete File:TMP201769211114900.undo
10.06.2017 02:47:08:68 |2017522182734909| UMyFiles.DeleteFilesMask Dir=F:\home\¿–Ã –≈ƒ¿ “Œ–¿ 04062017\Projects\2017522182734909\Temp Mask=*.* | Delete File:TMP201769211129976.undo
10.06.2017 02:47:08:68 |2017522182734909| UMyFiles.DeleteFilesMask Dir=F:\home\¿–Ã –≈ƒ¿ “Œ–¿ 04062017\Projects\2017522182734909\Temp Mask=*.* | Delete File:TMP201769211131261.undo
10.06.2017 02:47:08:68 |2017522182734909| UMyFiles.DeleteFilesMask Dir=F:\home\¿–Ã –≈ƒ¿ “Œ–¿ 04062017\Projects\2017522182734909\Temp Mask=*.* | Delete File:TMP201769211131991.undo
10.06.2017 02:47:08:68 |2017522182734909| UMyFiles.DeleteFilesMask Dir=F:\home\¿–Ã –≈ƒ¿ “Œ–¿ 04062017\Projects\2017522182734909\Temp Mask=*.* | Delete File:TMP20176921119496.undo
10.06.2017 02:47:08:68 |2017522182734909| UMyFiles.DeleteFilesMask Dir=F:\home\¿–Ã –≈ƒ¿ “Œ–¿ 04062017\Projects\2017522182734909\Temp Mask=*.* | Delete File:TMP201769211221960.undo
10.06.2017 02:47:08:68 |2017522182734909| UMyFiles.DeleteFilesMask Dir=F:\home\¿–Ã –≈ƒ¿ “Œ–¿ 04062017\Projects\2017522182734909\Temp Mask=*.* | Delete File:TMP201769211222685.undo
10.06.2017 02:47:08:68 |2017522182734909| UMyFiles.DeleteFilesMask Dir=F:\home\¿–Ã –≈ƒ¿ “Œ–¿ 04062017\Projects\2017522182734909\Temp Mask=*.* | Delete File:TMP20176921122304.undo
10.06.2017 02:47:08:68 |2017522182734909| UMyFiles.DeleteFilesMask Dir=F:\home\¿–Ã –≈ƒ¿ “Œ–¿ 04062017\Projects\2017522182734909\Temp Mask=*.* | Delete File:TMP201769211223624.undo
10.06.2017 02:47:08:68 |2017522182734909| UMyFiles.DeleteFilesMask Dir=F:\home\¿–Ã –≈ƒ¿ “Œ–¿ 04062017\Projects\2017522182734909\Temp Mask=*.* | Delete File:TMP201769211224739.undo
10.06.2017 02:47:08:68 |2017522182734909| UMyFiles.DeleteFilesMask Dir=F:\home\¿–Ã –≈ƒ¿ “Œ–¿ 04062017\Projects\2017522182734909\Temp Mask=*.* | Delete File:TMP201769211225484.undo
10.06.2017 02:47:08:68 |2017522182734909| UMyFiles.DeleteFilesMask Dir=F:\home\¿–Ã –≈ƒ¿ “Œ–¿ 04062017\Projects\2017522182734909\Temp Mask=*.* | Delete File:TMP201769211226156.undo
10.06.2017 02:47:08:68 |2017522182734909| UMyFiles.DeleteFilesMask Dir=F:\home\¿–Ã –≈ƒ¿ “Œ–¿ 04062017\Projects\2017522182734909\Temp Mask=*.* | Delete File:TMP201769211227319.undo
10.06.2017 02:47:08:68 |2017522182734909| UMyFiles.DeleteFilesMask Dir=F:\home\¿–Ã –≈ƒ¿ “Œ–¿ 04062017\Projects\2017522182734909\Temp Mask=*.* | Delete File:TMP201769211228280.undo
10.06.2017 02:47:08:68 |2017522182734909| UMyFiles.DeleteFilesMask Dir=F:\home\¿–Ã –≈ƒ¿ “Œ–¿ 04062017\Projects\2017522182734909\Temp Mask=*.* | Delete File:TMP201769211232260.undo
10.06.2017 02:47:08:68 |2017522182734909| UMyFiles.DeleteFilesMask Dir=F:\home\¿–Ã –≈ƒ¿ “Œ–¿ 04062017\Projects\2017522182734909\Temp Mask=*.* | Delete File:TMP201769211233252.undo
10.06.2017 02:47:08:68 |2017522182734909| UMyFiles.DeleteFilesMask Dir=F:\home\¿–Ã –≈ƒ¿ “Œ–¿ 04062017\Projects\2017522182734909\Temp Mask=*.* | Delete File:TMP201769211234799.undo
10.06.2017 02:47:08:68 |2017522182734909| UMyFiles.DeleteFilesMask Dir=F:\home\¿–Ã –≈ƒ¿ “Œ–¿ 04062017\Projects\2017522182734909\Temp Mask=*.* | Delete File:TMP20176921123482.undo
10.06.2017 02:47:08:68 |2017522182734909| UMyFiles.DeleteFilesMask Dir=F:\home\¿–Ã –≈ƒ¿ “Œ–¿ 04062017\Projects\2017522182734909\Temp Mask=*.* | Delete File:TMP201769211249493.undo
10.06.2017 02:47:08:68 |2017522182734909| UMyFiles.DeleteFilesMask Dir=F:\home\¿–Ã –≈ƒ¿ “Œ–¿ 04062017\Projects\2017522182734909\Temp Mask=*.* | Delete File:TMP20176921135647.undo
10.06.2017 02:47:08:68 |2017522182734909| UMyFiles.DeleteFilesMask Dir=F:\home\¿–Ã –≈ƒ¿ “Œ–¿ 04062017\Projects\2017522182734909\Temp Mask=*.* | Delete File:TMP201769211357325.undo
10.06.2017 02:47:08:68 |2017522182734909| UMyFiles.DeleteFilesMask Dir=F:\home\¿–Ã –≈ƒ¿ “Œ–¿ 04062017\Projects\2017522182734909\Temp Mask=*.* | Delete File:TMP201769211358117.undo
10.06.2017 02:47:08:68 |2017522182734909| UMyFiles.DeleteFilesMask Dir=F:\home\¿–Ã –≈ƒ¿ “Œ–¿ 04062017\Projects\2017522182734909\Temp Mask=*.* | Delete File:TMP201769211358729.undo
10.06.2017 02:47:08:68 |2017522182734909| UMyFiles.DeleteFilesMask Dir=F:\home\¿–Ã –≈ƒ¿ “Œ–¿ 04062017\Projects\2017522182734909\Temp Mask=*.* | Delete File:TMP201769211359244.undo
10.06.2017 02:47:08:68 |2017522182734909| UMyFiles.DeleteFilesMask Dir=F:\home\¿–Ã –≈ƒ¿ “Œ–¿ 04062017\Projects\2017522182734909\Temp Mask=*.* | Delete File:TMP201769211359792.undo
10.06.2017 02:47:08:68 |2017522182734909| UMyFiles.DeleteFilesMask Dir=F:\home\¿–Ã –≈ƒ¿ “Œ–¿ 04062017\Projects\2017522182734909\Temp Mask=*.* | Delete File:TMP201769211415846.undo
10.06.2017 02:47:08:68 |2017522182734909| UMyFiles.DeleteFilesMask Dir=F:\home\¿–Ã –≈ƒ¿ “Œ–¿ 04062017\Projects\2017522182734909\Temp Mask=*.* | Delete File:TMP201769211417203.undo
10.06.2017 02:47:08:68 |2017522182734909| UMyFiles.DeleteFilesMask Dir=F:\home\¿–Ã –≈ƒ¿ “Œ–¿ 04062017\Projects\2017522182734909\Temp Mask=*.* | Delete File:TMP201769211421366.undo
10.06.2017 02:47:08:68 |2017522182734909| UMyFiles.DeleteFilesMask Dir=F:\home\¿–Ã –≈ƒ¿ “Œ–¿ 04062017\Projects\2017522182734909\Temp Mask=*.* | Delete File:TMP201769211426405.undo
10.06.2017 02:47:08:68 |2017522182734909| UMyFiles.DeleteFilesMask Dir=F:\home\¿–Ã –≈ƒ¿ “Œ–¿ 04062017\Projects\2017522182734909\Temp Mask=*.* | Delete File:TMP20176921142852.undo
10.06.2017 02:47:08:68 |2017522182734909| UMyFiles.DeleteFilesMask Dir=F:\home\¿–Ã –≈ƒ¿ “Œ–¿ 04062017\Projects\2017522182734909\Temp Mask=*.* | Delete File:TMP20176921921725.undo
10.06.2017 02:47:08:68 |2017522182734909| UMyFiles.DeleteFilesMask Dir=F:\home\¿–Ã –≈ƒ¿ “Œ–¿ 04062017\Projects\2017522182734909\Temp Mask=*.undo
10.06.2017 02:47:08:68 |2017522182734909| Õ‡˜‡ÎÓ Á‡ÔËÒË IniFile: F:\home\¿–Ã –≈ƒ¿ “Œ–¿ 04062017\ARM_Director.ini
10.06.2017 02:47:08:68 |2017522182734909| ŒÍÓÌ˜‡ÌËÂ Á‡ÔËÒË IniFile: F:\home\¿–Ã –≈ƒ¿ “Œ–¿ 04062017\ARM_Director.ini
10.06.2017 02:47:08:68 |2017522182734909| TForm1.FormClose
