09.01.2018 20:49:11:111 || Message:WM_GETMINMAXINFO
09.01.2018 20:49:11:111 || Message:WM_GETMINMAXINFO
09.01.2018 20:49:11:111 || Message:WM_GETMINMAXINFO
09.01.2018 20:49:11:111 || Message:WM_GETMINMAXINFO
09.01.2018 20:49:11:111 || Message:WM_GETMINMAXINFO
09.01.2018 20:49:11:111 || Message:WM_GETMINMAXINFO
09.01.2018 20:49:11:111 || Form1.Create Start
09.01.2018 20:49:11:111 || 
09.01.2018 20:49:11:111 || *****************************************************************************************
09.01.2018 20:49:11:111 || *************************               «¿œ”—  œ–Œ√–¿ÃÃ€             *************************
09.01.2018 20:49:11:111 || *************************            ¬ÂÏˇ ÒÚ‡Ú‡: 20:49:11:09             *************************
09.01.2018 20:49:11:111 || *****************************************************************************************
09.01.2018 20:49:11:111 || UCommon.CreateDirectories NewProject=
09.01.2018 20:49:11:111 || UCommon.CreateDirectories PathFiles=G:\home\ARM_editor\¿–Ã –≈ƒ¿ “Œ–¿ 04062017\Clips
09.01.2018 20:49:11:111 || UCommon.CreateDirectories DirProject=G:\home\ARM_editor\¿–Ã –≈ƒ¿ “Œ–¿ 04062017\Projects
09.01.2018 20:49:11:111 || UCommon.CreateDirectories œÓÂÍÚ ÌÂ Á‡‰‡Ì
09.01.2018 20:49:11:111 || Õ‡˜‡ÎÓ ˜ÚÂÌËˇ IniFile: G:\home\ARM_editor\¿–Ã –≈ƒ¿ “Œ–¿ 04062017\ARM_Director.ini
09.01.2018 20:49:11:111 || UGrid.TGridRows.SetDefaultFonts
09.01.2018 20:49:11:111 || UGrid.TGridRows.SetDefaultFonts
09.01.2018 20:49:11:111 || UGrid.TGridRows.SetDefaultFonts
09.01.2018 20:49:11:111 || UGrid.TGridRows.SetDefaultFonts
09.01.2018 20:49:11:111 || UGrid.TGridRows.SetDefaultFonts
09.01.2018 20:49:11:111 || UGrid.TGridRows.SetDefaultFonts
09.01.2018 20:49:11:111 || ŒÍÓÌ˜‡ÌËÂ ˜ÚÂÌËˇ IniFile: G:\home\ARM_editor\¿–Ã –≈ƒ¿ “Œ–¿ 04062017\ARM_Director.ini
09.01.2018 20:49:11:111 || UMyFiles.ExecTaskOnDelete
09.01.2018 20:49:11:111 || UInitForms.InputInSystem
09.01.2018 20:49:11:111 || UInitForms.InputInSystem - ¬ıÓ‰ ‚ ÒËÒÚÂÏÛ ‚˚ÔÓÎÌÂÌ
09.01.2018 20:49:11:111 || UInitForms.InitMainForm
09.01.2018 20:49:11:111 || UInitForms.InitPanelControl
09.01.2018 20:49:11:111 || UCommon.SetMainGridPanel Start
09.01.2018 20:49:11:111 || UCommon.SetMainGridPanel MainGrid=projects
09.01.2018 20:49:11:111 || UCommon.CheckedClipsInList Start Grid=GridClips
09.01.2018 20:49:11:111 || UCommon.CheckedClipsInList Finish Grid=GridClips
09.01.2018 20:49:11:111 || UCommon.SetMainGridPanel Finish
09.01.2018 20:49:11:111 || UInitForms.InitPanelClips
09.01.2018 20:49:11:111 || UGrid.initgrid Grid=GridClips Width=1560
09.01.2018 20:49:11:111 || UInitForms.InitPanelPlayList
09.01.2018 20:49:11:111 || UGrid.initgrid Grid=GridActPlayList Width=1560
09.01.2018 20:49:11:111 || UInitForms.InitPanelProject
09.01.2018 20:49:11:111 || UGrid.initgrid Grid=GridProjects Width=1560
09.01.2018 20:49:11:111 || UGrid.initgrid Grid=GridLists Width=1560
09.01.2018 20:49:11:111 || UInitForms.InitPanelPrepare
09.01.2018 20:49:11:111 || TForm1.CheckBox1Click GridGRTemplate.Visible:=false
09.01.2018 20:49:11:111 || UGrid.initgrid Grid=GridGRTemplate Width=446
09.01.2018 20:49:11:111 || UDrawTimelines.TTLNames.SetDefaultFonts;
09.01.2018 20:49:11:111 || UDrawTimelines.TTLNames.Draw Start
09.01.2018 20:49:11:111 || UDrawTimelines.TZoneScaler.Draw Height=25
09.01.2018 20:49:11:111 || UDrawTimelines.TZoneEditTL.Draw Grid=GridTimeLines Top=45 Height=105
09.01.2018 20:49:11:111 || UDrawTimelines.TZoneEditTL.GridPosition Grid=GridTimeLines Position=-1 IDTimeline=1
09.01.2018 20:49:11:111 || UDrawTimelines.TNamesTL.Init Result=152
09.01.2018 20:49:11:111 || UDrawTimelines.TNamesTL.Draw Grid=GridTimeLines Top=162 Height=113
09.01.2018 20:49:11:111 || UDrawTimelines.TZoneReview.Draw Top=283 Height=45
09.01.2018 20:49:11:111 || UDrawTimelines.TTLNames.Draw Finish
09.01.2018 20:49:11:111 || UInitForms.InitPanelAir
09.01.2018 20:49:11:111 || UMyFiles.LoadGridFromFile Start FileName=G:\home\ARM_editor\¿–Ã –≈ƒ¿ “Œ–¿ 04062017\Projects\ListProjects.prjt Grid=GridProjects
09.01.2018 20:49:11:111 || UGrid.TGridRows.SetDefaultFonts
09.01.2018 20:49:11:111 || UGrid.TGridRows.SetDefaultFonts
09.01.2018 20:49:11:111 || UMyFiles.LoadGridFromFile Finish FileName=G:\home\ARM_editor\¿–Ã –≈ƒ¿ “Œ–¿ 04062017\Projects\ListProjects.prjt Grid=GridProjects
09.01.2018 20:49:11:111 || UGrid.findgridselection Grid=GridProjects Cell=2 Result=1
09.01.2018 20:49:11:111 || UCommon.loadoldproject Start
09.01.2018 20:49:11:111 || UCommon.initnewproject Start
09.01.2018 20:49:11:111 || UInitForms.InitPanelPrepare
09.01.2018 20:49:11:111 || TForm1.CheckBox1Click GridGRTemplate.Visible:=false
09.01.2018 20:49:11:111 || UGrid.initgrid Grid=GridGRTemplate Width=446
09.01.2018 20:49:11:111 || UDrawTimelines.TTLNames.SetDefaultFonts;
09.01.2018 20:49:11:111 || UDrawTimelines.TTLNames.Draw Start
09.01.2018 20:49:11:111 || UDrawTimelines.TZoneScaler.Draw Height=25
09.01.2018 20:49:11:111 || UDrawTimelines.TZoneEditTL.Draw Grid=GridTimeLines Top=45 Height=105
09.01.2018 20:49:11:111 || UDrawTimelines.TZoneEditTL.GridPosition Grid=GridTimeLines Position=1 IDTimeline=1
09.01.2018 20:49:11:111 || UDrawTimelines.TNamesTL.Add Result=0 IDTimeline=1
09.01.2018 20:49:11:111 || UDrawTimelines.TNamesTL.Add Result=1 IDTimeline=21
09.01.2018 20:49:11:111 || UDrawTimelines.TNamesTL.Add Result=2 IDTimeline=41
09.01.2018 20:49:11:111 || UDrawTimelines.TNamesTL.Init Result=113
09.01.2018 20:49:11:111 || UDrawTimelines.TNamesTL.Draw Grid=GridTimeLines Top=162 Height=113
09.01.2018 20:49:11:111 || UDrawTimelines.TTimeLineName.Draw Position=0
09.01.2018 20:49:11:111 || UDrawTimelines.TTimeLineName.Draw Position=1
09.01.2018 20:49:11:111 || UDrawTimelines.TTimeLineName.Draw Position=2
09.01.2018 20:49:11:111 || UDrawTimelines.TZoneReview.Draw Top=283 Height=45
09.01.2018 20:49:11:111 || UDrawTimelines.TTLNames.Draw Finish
09.01.2018 20:49:11:111 || UGrid.MyGridDeleteRow Grid=GridClips Row=1
09.01.2018 20:49:11:111 || UGrid.GridClear Row=1
09.01.2018 20:49:11:111 || UGrid.MyGridDeleteRow Grid=GridActPlayList Row=1
09.01.2018 20:49:11:111 || UGrid.GridClear Row=1
09.01.2018 20:49:11:111 || UGrid.MyGridDeleteRow Grid=GridLists Row=1
09.01.2018 20:49:11:111 || UGrid.GridClear Row=1
09.01.2018 20:49:11:111 || UCommon.initnewproject Finish
09.01.2018 20:49:11:111 || UGrid.findgridselection Grid=GridProjects Cell=2 Result=1
09.01.2018 20:49:11:111 |2017522182734909| UCommon.UpdateProjectPathes NewProject=2017522182734909
09.01.2018 20:49:11:111 |2017522182734909| UMyFiles.LoadProjectFromDisk Start
09.01.2018 20:49:11:111 |2017522182734909| UCommon.CreateDirectories NewProject=2017522182734909
09.01.2018 20:49:11:111 |2017522182734909| UCommon.CreateDirectories PathFiles=G:\home\ARM_editor\¿–Ã –≈ƒ¿ “Œ–¿ 04062017\Clips
09.01.2018 20:49:11:111 |2017522182734909| UCommon.CreateDirectories DirProject=G:\home\ARM_editor\¿–Ã –≈ƒ¿ “Œ–¿ 04062017\Projects
09.01.2018 20:49:11:111 |2017522182734909| UCommon.CreateDirectories PathProject=G:\home\ARM_editor\¿–Ã –≈ƒ¿ “Œ–¿ 04062017\Projects\2017522182734909
09.01.2018 20:49:11:111 |2017522182734909| UCommon.CreateDirectories PathLists=G:\home\ARM_editor\¿–Ã –≈ƒ¿ “Œ–¿ 04062017\Projects\2017522182734909\Lists
09.01.2018 20:49:11:111 |2017522182734909| UCommon.CreateDirectories PathClips=G:\home\ARM_editor\¿–Ã –≈ƒ¿ “Œ–¿ 04062017\Projects\2017522182734909\Clips
09.01.2018 20:49:11:111 |2017522182734909| UCommon.CreateDirectories PathTemplates=G:\home\ARM_editor\¿–Ã –≈ƒ¿ “Œ–¿ 04062017\Projects\2017522182734909\Templates
09.01.2018 20:49:11:111 |2017522182734909| UCommon.CreateDirectories PathPlayLists=G:\home\ARM_editor\¿–Ã –≈ƒ¿ “Œ–¿ 04062017\Projects\2017522182734909\PlayLists
09.01.2018 20:49:11:111 |2017522182734909| UCommon.CreateDirectories PathTemp=G:\home\ARM_editor\¿–Ã –≈ƒ¿ “Œ–¿ 04062017\Projects\2017522182734909\Temp
09.01.2018 20:49:11:111 |2017522182734909| UCommon.CreateDirectories PathLog=G:\home\ARM_editor\¿–Ã –≈ƒ¿ “Œ–¿ 04062017\\Log
09.01.2018 20:49:11:111 |2017522182734909| UMyFiles.DeleteFilesMask Dir=G:\home\ARM_editor\¿–Ã –≈ƒ¿ “Œ–¿ 04062017\Projects\2017522182734909 Mask=*.*
09.01.2018 20:49:11:111 |2017522182734909| UMyFiles.LoadGridTimelinesFromFile Start FileName=G:\home\ARM_editor\¿–Ã –≈ƒ¿ “Œ–¿ 04062017\Projects\2017522182734909\Lists\Timelines.lst Grid=GridTimeLines
09.01.2018 20:49:11:111 |2017522182734909| UMyFiles.LoadGridTimelinesFromFile Finish FileName=G:\home\ARM_editor\¿–Ã –≈ƒ¿ “Œ–¿ 04062017\Projects\2017522182734909\Lists\Timelines.lst Grid=GridTimeLines
09.01.2018 20:49:11:111 |2017522182734909| UMyFiles.LoadProjectFromDisk Finish
09.01.2018 20:49:11:111 |2017522182734909| UMyFiles.LoadGridFromFile Start FileName=G:\home\ARM_editor\¿–Ã –≈ƒ¿ “Œ–¿ 04062017\Projects\2017522182734909\Temp\PlayLists.lst Grid=GridLists
09.01.2018 20:49:11:111 |2017522182734909| UGrid.TGridRows.SetDefaultFonts
09.01.2018 20:49:11:111 |2017522182734909| UGrid.TGridRows.SetDefaultFonts
09.01.2018 20:49:11:111 |2017522182734909| UMyFiles.LoadGridFromFile Finish FileName=G:\home\ARM_editor\¿–Ã –≈ƒ¿ “Œ–¿ 04062017\Projects\2017522182734909\Temp\PlayLists.lst Grid=GridLists
09.01.2018 20:49:11:111 |2017522182734909| UMyFiles.LoadGridFromFile Start FileName=G:\home\ARM_editor\¿–Ã –≈ƒ¿ “Œ–¿ 04062017\Projects\2017522182734909\Temp\ImageTemplates.lst Grid=GridGRTemplate
09.01.2018 20:49:11:111 |2017522182734909| UGrid.TGridRows.SetDefaultFonts
09.01.2018 20:49:11:111 |2017522182734909| UGrid.TGridRows.SetDefaultFonts
09.01.2018 20:49:11:111 |2017522182734909| UMyFiles.LoadGridFromFile Finish FileName=G:\home\ARM_editor\¿–Ã –≈ƒ¿ “Œ–¿ 04062017\Projects\2017522182734909\Temp\ImageTemplates.lst Grid=GridGRTemplate
09.01.2018 20:49:11:111 |2017522182734909| UGrid.TMyCell.LoadJpeg File=G:\home\ARM_editor\¿–Ã –≈ƒ¿ “Œ–¿ 04062017\Projects\2017522182734909\Templates\20176321534794.jpeg Width=128 Height=80
09.01.2018 20:49:11:111 |2017522182734909| UGrid.GridImageReload Grid=GridGRTemplate File=G:\home\ARM_editor\¿–Ã –≈ƒ¿ “Œ–¿ 04062017\Projects\2017522182734909\Templates\20176321534794.jpeg
09.01.2018 20:49:11:111 |2017522182734909| UMyFiles.LoadGridFromFile Start FileName=G:\home\ARM_editor\¿–Ã –≈ƒ¿ “Œ–¿ 04062017\Projects\2017522182734909\Temp\Clips.lst Grid=GridClips
09.01.2018 20:49:11:111 |2017522182734909| UGrid.TGridRows.SetDefaultFonts
09.01.2018 20:49:11:111 |2017522182734909| UGrid.TGridRows.SetDefaultFonts
09.01.2018 20:49:11:111 |2017522182734909| UGrid.TGridRows.SetDefaultFonts
09.01.2018 20:49:11:111 |2017522182734909| UGrid.TGridRows.SetDefaultFonts
09.01.2018 20:49:11:111 |2017522182734909| UMyFiles.LoadGridFromFile Finish FileName=G:\home\ARM_editor\¿–Ã –≈ƒ¿ “Œ–¿ 04062017\Projects\2017522182734909\Temp\Clips.lst Grid=GridClips
09.01.2018 20:49:11:111 |2017522182734909| UCommon.CheckedClipsInList Start Grid=GridClips
09.01.2018 20:49:11:111 |2017522182734909| UCommon.CheckedClipsInList-2 Grid=GridClips File=ÕÂ ÒÛ˘ÂÒÚ‚ÛÂÚ
09.01.2018 20:49:11:111 |2017522182734909| UCommon.CheckedClipsInList-1 Grid=GridClips File=F:\home\¿–Ã –≈ƒ¿ “Œ–¿ 04062017\Clips\Zaz-Francuzskaya-pesnya-Les-Passants(muzofon.com)_1.mp3ÕÂ ÒÛ˘ÂÒÚ‚ÛÂÚ
09.01.2018 20:49:11:111 |2017522182734909| UCommon.CheckedClipsInList Grid=GridClips File=E:\œ‡‚ÂÎ ¿ÎÂÍÒÂÂ‚Ë˜\ARM EDITOR\Clips\√Û‰·‡È, ¿ÏÂËÍ‡! ¬.¡ÛÚÛÒÓ‚. Goodbye, America. V. Butusov. (1)1.aviÕ‡È‰ÂÌ
09.01.2018 20:49:11:111 |2017522182734909| UCommon.CheckedClipsInList Finish Grid=GridClips
09.01.2018 20:49:11:111 |2017522182734909| UCommon.loadoldproject Finish
09.01.2018 20:49:12:112 |2017522182734909| UCommon.UpdateProjectPathes NewProject=2017522182734909
09.01.2018 20:49:12:112 |2017522182734909| UInitForms.UpdatePanelAir
09.01.2018 20:49:12:112 |2017522182734909| Form1.Create Finish
09.01.2018 20:49:12:112 |2017522182734909| Message:WM_GETMINMAXINFO
09.01.2018 20:49:12:112 |2017522182734909| Message:WM_GETMINMAXINFO
09.01.2018 20:49:12:112 |2017522182734909| Message:WMEraseBackGround
09.01.2018 20:49:12:112 |2017522182734909| UInitForms.InitNewProject
09.01.2018 20:49:12:112 |2017522182734909| UInitForms.InitPlaylists
09.01.2018 20:49:12:112 |2017522182734909| UInitForms.InitEditTimeline
09.01.2018 20:49:12:112 |2017522182734909| UInitForms.InitFrButtonOptions
09.01.2018 20:49:12:112 |2017522182734909| UGrid.initgrid Grid=StringGrid1 Width=512
09.01.2018 20:49:12:112 |2017522182734909| UInitForms.InitImportFiles
09.01.2018 20:49:12:112 |2017522182734909| UInitForms.InitTextTemplates
09.01.2018 20:49:12:112 |2017522182734909| UInitForms.InitMyMessage
09.01.2018 20:49:12:112 |2017522182734909| UInitForms.InitImageTemplate
09.01.2018 20:49:12:112 |2017522182734909| UInitForms.InitFrSetTemplate
09.01.2018 20:49:12:112 |2017522182734909| UInitForms.InitFrSetEventData
09.01.2018 20:49:12:112 |2017522182734909| UInitForms.InitFrSortGrid
09.01.2018 20:49:12:112 |2017522182734909| UInitForms.InitFrShiftTL
09.01.2018 20:49:12:112 |2017522182734909| UInitForms.InitFrShortNum
09.01.2018 20:49:12:112 |2017522182734909| UInitForms.InitFrMediaCopy
09.01.2018 20:49:12:112 |2017522182734909| UInitForms.InitFPageSetup
09.01.2018 20:49:12:112 |2017522182734909| UInitForms.InitfrMyPrint
09.01.2018 20:49:12:112 |2017522182734909| UInitForms.InitFrLTC
09.01.2018 20:49:12:112 |2017522182734909| UInitForms.InitfrTimeCode
09.01.2018 20:49:12:112 |2017522182734909| UInitForms.InitfrMyTextTemplate
09.01.2018 20:49:12:112 |2017522182734909| UInitForms.InitfrNewList
09.01.2018 20:49:12:112 |2017522182734909| Message:WMEraseBackGround
09.01.2018 20:49:13:113 |2017522182734909| TForm1.SpeedButton1Click Input=Yes User=Demo
09.01.2018 20:49:15:115 |2017522182734909| TForm1.GridProjectsMouseUp
09.01.2018 20:49:15:115 |2017522182734909| UGrid.GridColX-1 Grid=GridProjects X=199 Result=3
09.01.2018 20:49:15:115 |2017522182734909| UGrid.GridClickRow-2 Grid=GridProjects Y=47 Result=1
09.01.2018 20:49:16:116 |2017522182734909| TForm1.sbClipsClick
09.01.2018 20:49:16:116 |2017522182734909| UCommon.SetMainGridPanel Start
09.01.2018 20:49:16:116 |2017522182734909| Message:WMEraseBackGround
09.01.2018 20:49:16:116 |2017522182734909| UCommon.SetMainGridPanel MainGrid=clips
09.01.2018 20:49:16:116 |2017522182734909| UCommon.CheckedClipsInList Start Grid=GridClips
09.01.2018 20:49:16:116 |2017522182734909| UCommon.CheckedClipsInList-2 Grid=GridClips File=ÕÂ ÒÛ˘ÂÒÚ‚ÛÂÚ
09.01.2018 20:49:16:116 |2017522182734909| UCommon.CheckedClipsInList-1 Grid=GridClips File=F:\home\¿–Ã –≈ƒ¿ “Œ–¿ 04062017\Clips\Zaz-Francuzskaya-pesnya-Les-Passants(muzofon.com)_1.mp3ÕÂ ÒÛ˘ÂÒÚ‚ÛÂÚ
09.01.2018 20:49:16:116 |2017522182734909| UCommon.CheckedClipsInList Grid=GridClips File=E:\œ‡‚ÂÎ ¿ÎÂÍÒÂÂ‚Ë˜\ARM EDITOR\Clips\√Û‰·‡È, ¿ÏÂËÍ‡! ¬.¡ÛÚÛÒÓ‚. Goodbye, America. V. Butusov. (1)1.aviÕ‡È‰ÂÌ
09.01.2018 20:49:16:116 |2017522182734909| UCommon.CheckedClipsInList Finish Grid=GridClips
09.01.2018 20:49:16:116 |2017522182734909| UGRTimelines.TTLZone.ClearBuffer
09.01.2018 20:49:16:116 |2017522182734909| UGRTimelines.TTLZone.ClearTimeline
09.01.2018 20:49:16:116 |2017522182734909| UGrid.MyGridDeleteRow Grid=GridActPlayList Row=1
09.01.2018 20:49:16:116 |2017522182734909| UCommon.SetMainGridPanel Finish
09.01.2018 20:49:18:118 |2017522182734909| TForm1.GridClipsMouseUp X=176 Y=141
09.01.2018 20:49:18:118 |2017522182734909| UGrid.GridColX-1 Grid=GridClips X=176 Result=3
09.01.2018 20:49:18:118 |2017522182734909| UGrid.GridClickRow-4 Grid=GridClips Y=141 Result=-1
09.01.2018 20:49:18:118 |2017522182734909| UGrid.GridClickRow-4 Grid=GridClips Y=141 Result=-1
09.01.2018 20:49:18:118 |2017522182734909| UGrid.GridClickRow-2 Grid=GridClips Y=141 Result=3
09.01.2018 20:49:18:118 |2017522182734909| UGRTimelines.TTLZone.ClearBuffer
09.01.2018 20:49:18:118 |2017522182734909| UGRTimelines.TTLZone.ClearTimeline
09.01.2018 20:49:18:118 |2017522182734909| UGrid.MyGridDeleteRow Grid=GridActPlayList Row=1
09.01.2018 20:49:19:119 |2017522182734909| TForm1.GridClipsMouseUp X=76 Y=146
09.01.2018 20:49:19:119 |2017522182734909| UGrid.GridColX-1 Grid=GridClips X=76 Result=2
09.01.2018 20:49:19:119 |2017522182734909| UGrid.GridClickRow-4 Grid=GridClips Y=146 Result=-1
09.01.2018 20:49:19:119 |2017522182734909| UGrid.GridClickRow-4 Grid=GridClips Y=146 Result=-1
09.01.2018 20:49:19:119 |2017522182734909| UGrid.GridClickRow-2 Grid=GridClips Y=146 Result=3
09.01.2018 20:49:19:119 |2017522182734909| UCommon.PlayClipFromClipsList PredClipID=2017523115073
09.01.2018 20:49:19:119 |2017522182734909| UActPlayList.LoadClipsToPlayer Start
09.01.2018 20:49:19:119 |2017522182734909| UActPlayList.LoadClipsToPlayer - Œ˜ËÒÚÍ‡ Ô‡ÏˇÚË
09.01.2018 20:49:19:119 |2017522182734909| TForm1.Label2Click Start
09.01.2018 20:49:19:119 |2017522182734909| UActPlayList.LoadDefaultClipToPlayer Start
09.01.2018 20:49:19:119 |2017522182734909| UActPlayList.LoadDefaultClipToPlayer - Œ˜ËÒÚÍ‡ Ô‡ÏˇÚË
09.01.2018 20:49:19:119 |2017522182734909| UMyFiles.DeleteFilesMask Dir=G:\home\ARM_editor\¿–Ã –≈ƒ¿ “Œ–¿ 04062017\Projects\2017522182734909\Temp Mask=*.undo
09.01.2018 20:49:19:119 |2017522182734909| UActPlayList.LoadDefaultClipToPlayer-Œ˜ËÒÚÍ‡ UNDO
09.01.2018 20:49:19:119 |2017522182734909| UActPlayList.LoadDefaultClipToPlayer |  | File:  | Clip:  | ClipID= | Start= | Duration= 00:07:00:00
09.01.2018 20:49:19:119 |2017522182734909| UActPlayList.LoadDefaultClipToPlayer MyStartPlay=-00:00:00:01 Synchro=false
09.01.2018 20:49:19:119 |2017522182734909| UCommon.SwitcherVideoPanels Command=1
09.01.2018 20:49:19:119 |2017522182734909| UGrid.MarkRowPhraseInGrid Grid=GridGRTemplate MarkCell=0 WorkCell=2 Name=File Text Row=0 Mark:=false SwitcherVideoPanels-2
09.01.2018 20:49:19:119 |2017522182734909| UGrid.MarkRowPhraseInGrid Grid=GridGRTemplate MarkCell=0 WorkCell=2 Name=File Text Row=1 Mark:=false SwitcherVideoPanels-2
09.01.2018 20:49:19:119 |2017522182734909| UCommon.TemplateToScreen-2 Clear
09.01.2018 20:49:19:119 |2017522182734909| UMyFiles.LoadClipEditingFromFile Start ClipName=defaultclip
09.01.2018 20:49:19:119 |2017522182734909| UGRTimelines.TTLZone.ClearBuffer
09.01.2018 20:49:19:119 |2017522182734909| UGRTimelines.TTLZone.ClearTimeline
09.01.2018 20:49:19:119 |2017522182734909| UGRTimelines.TTLParameters.UpdateParameters
09.01.2018 20:49:19:119 |2017522182734909| UDrawTimelines.TZoneEditTL.GridPosition Grid=GridTimeLines Position=-1 IDTimeline=-1
09.01.2018 20:49:19:119 |2017522182734909| UActPlayList.LoadDefaultClipToPlayer TypeTL=tlDevise
09.01.2018 20:49:19:119 |2017522182734909| UDrawTimelines.TZoneEditTL.GridPosition Grid=GridTimeLines Position=1 IDTimeline=1
09.01.2018 20:49:19:119 |2017522182734909| UActPlayList.LoadDefaultClipToPlayer ZoneNames.Edit.IDTimeline=1 Position=1
09.01.2018 20:49:19:119 |2017522182734909| UDrawTimelines.TTLNames.Draw Start
09.01.2018 20:49:19:119 |2017522182734909| UDrawTimelines.TZoneScaler.Draw Height=25
09.01.2018 20:49:19:119 |2017522182734909| UDrawTimelines.TZoneEditTL.Draw Grid=GridTimeLines Top=45 Height=105
09.01.2018 20:49:19:119 |2017522182734909| UDrawTimelines.TZoneEditTL.GridPosition Grid=GridTimeLines Position=1 IDTimeline=1
09.01.2018 20:49:19:119 |2017522182734909| UDrawTimelines.TNamesTL.Clear
09.01.2018 20:49:19:119 |2017522182734909| UDrawTimelines.TNamesTL.Add Result=0 IDTimeline=1
09.01.2018 20:49:19:119 |2017522182734909| UDrawTimelines.TNamesTL.Add Result=1 IDTimeline=21
09.01.2018 20:49:19:119 |2017522182734909| UDrawTimelines.TNamesTL.Add Result=2 IDTimeline=41
09.01.2018 20:49:19:119 |2017522182734909| UDrawTimelines.TNamesTL.Init Result=113
09.01.2018 20:49:19:119 |2017522182734909| UDrawTimelines.TNamesTL.Draw Grid=GridTimeLines Top=162 Height=113
09.01.2018 20:49:19:119 |2017522182734909| UDrawTimelines.TTimeLineName.Draw Position=0
09.01.2018 20:49:19:119 |2017522182734909| UDrawTimelines.TTimeLineName.Draw Position=1
09.01.2018 20:49:19:119 |2017522182734909| UDrawTimelines.TTimeLineName.Draw Position=2
09.01.2018 20:49:19:119 |2017522182734909| UDrawTimelines.TZoneReview.Draw Top=283 Height=45
09.01.2018 20:49:19:119 |2017522182734909| UDrawTimelines.TTLNames.Draw Finish
09.01.2018 20:49:19:119 |2017522182734909| UActPlayList.LoadDefaultClipToPlayer ZoneNames.Draw
09.01.2018 20:49:19:119 |2017522182734909| UGRTimelines.TTLZone.InitTimelines Start
09.01.2018 20:49:19:119 |2017522182734909| UGRTimelines.TTLZone.ClearBuffer
09.01.2018 20:49:19:119 |2017522182734909| UGRTimelines.TTLZone.WriteToBuffer
09.01.2018 20:49:19:119 |2017522182734909| UGRTimelines.TTLZone.ClearTimeline
09.01.2018 20:49:19:119 |2017522182734909| UGRTimelines.TTLZone.AddTimeline IDTimeline=1 Position=0
09.01.2018 20:49:19:119 |2017522182734909| UGRTimelines.TTLZone.FindInBuffer IDTimeline=1 Result=-1
09.01.2018 20:49:19:119 |2017522182734909| UGRTimelines.TTLZone.AddTimeline IDTimeline=21 Position=1
09.01.2018 20:49:19:119 |2017522182734909| UGRTimelines.TTLZone.FindInBuffer IDTimeline=21 Result=-1
09.01.2018 20:49:19:119 |2017522182734909| UGRTimelines.TTLZone.AddTimeline IDTimeline=41 Position=2
09.01.2018 20:49:19:119 |2017522182734909| UGRTimelines.TTLZone.FindInBuffer IDTimeline=41 Result=-1
09.01.2018 20:49:19:119 |2017522182734909| UGRTimelines.TTLZone.ClearBuffer
09.01.2018 20:49:19:119 |2017522182734909| UGRTimelines.TTLZone.InitTimelines Finish
09.01.2018 20:49:19:119 |2017522182734909| UActPlayList.LoadDefaultClipToPlayer TLZone.DrawBitmap
09.01.2018 20:49:19:119 |2017522182734909| UActPlayList.LoadDefaultClipToPlayer TLZone.DrawTimelines
09.01.2018 20:49:19:119 |2017522182734909| UActPlayList.LoadDefaultClipToPlayer CurrentEvents : Number=-1 Image=
09.01.2018 20:49:19:119 |2017522182734909| UGrid.MarkRowPhraseInGrid Grid=GridGRTemplate MarkCell=0 WorkCell=2 Name=File Text Row=0 Mark:=false LoadDefaultClipToPlayer-2
09.01.2018 20:49:19:119 |2017522182734909| UGrid.MarkRowPhraseInGrid Grid=GridGRTemplate MarkCell=0 WorkCell=2 Name=File Text Row=1 Mark:=false LoadDefaultClipToPlayer-2
09.01.2018 20:49:19:119 |2017522182734909| UCommon.TemplateToScreen-2 Clear
09.01.2018 20:49:19:119 |2017522182734909| UActPlayList.LoadDefaultClipToPlayer TemplateToScreen
09.01.2018 20:49:19:119 |2017522182734909| UActPlayList.LoadDefaultClipToPlayer MyPanelAir.AirDevices.Init TLZone.TLEditor.Index=1
09.01.2018 20:49:19:119 |2017522182734909| UActPlayList.LoadDefaultClipToPlayer MyPanelAir.SetValues
09.01.2018 20:49:19:119 |2017522182734909| UActPlayList.LoadDefaultClipToPlayer œÛÒÚÓÈ ÍÎËÔ Á‡„ÛÊÂÌ.
09.01.2018 20:49:19:119 |2017522182734909| Message:WMEraseBackGround
09.01.2018 20:49:19:119 |2017522182734909| UInitForms.UpdatePanelPrepare
09.01.2018 20:49:19:119 |2017522182734909| UDrawTimelines.TTLNames.Draw Start
09.01.2018 20:49:19:119 |2017522182734909| UDrawTimelines.TZoneScaler.Draw Height=25
09.01.2018 20:49:19:119 |2017522182734909| UDrawTimelines.TZoneEditTL.Draw Grid=GridTimeLines Top=45 Height=105
09.01.2018 20:49:19:119 |2017522182734909| UDrawTimelines.TZoneEditTL.GridPosition Grid=GridTimeLines Position=1 IDTimeline=1
09.01.2018 20:49:19:119 |2017522182734909| UDrawTimelines.TNamesTL.Clear
09.01.2018 20:49:19:119 |2017522182734909| UDrawTimelines.TNamesTL.Add Result=0 IDTimeline=1
09.01.2018 20:49:19:119 |2017522182734909| UDrawTimelines.TNamesTL.Add Result=1 IDTimeline=21
09.01.2018 20:49:19:119 |2017522182734909| UDrawTimelines.TNamesTL.Add Result=2 IDTimeline=41
09.01.2018 20:49:19:119 |2017522182734909| UDrawTimelines.TNamesTL.Init Result=113
09.01.2018 20:49:19:119 |2017522182734909| UDrawTimelines.TNamesTL.Draw Grid=GridTimeLines Top=162 Height=113
09.01.2018 20:49:19:119 |2017522182734909| UDrawTimelines.TTimeLineName.Draw Position=0
09.01.2018 20:49:19:119 |2017522182734909| UDrawTimelines.TTimeLineName.Draw Position=1
09.01.2018 20:49:19:119 |2017522182734909| UDrawTimelines.TTimeLineName.Draw Position=2
09.01.2018 20:49:19:119 |2017522182734909| UDrawTimelines.TZoneReview.Draw Top=283 Height=45
09.01.2018 20:49:19:119 |2017522182734909| UDrawTimelines.TTLNames.Draw Finish
09.01.2018 20:49:19:119 |2017522182734909| UDrawTimelines.TZoneEditTL.GridPosition Grid=GridTimeLines Position=1 IDTimeline=1
09.01.2018 20:49:19:119 |2017522182734909| UGrid.initgrid Grid=GridGRTemplate Width=446
09.01.2018 20:49:19:119 |2017522182734909| UMyFiles.LoadGridFromFile Start FileName=G:\home\ARM_editor\¿–Ã –≈ƒ¿ “Œ–¿ 04062017\Projects\2017522182734909\Temp\ImageTemplates.lst Grid=GridGRTemplate
09.01.2018 20:49:19:119 |2017522182734909| UGrid.TGridRows.SetDefaultFonts
09.01.2018 20:49:19:119 |2017522182734909| UGrid.TGridRows.SetDefaultFonts
09.01.2018 20:49:19:119 |2017522182734909| UMyFiles.LoadGridFromFile Finish FileName=G:\home\ARM_editor\¿–Ã –≈ƒ¿ “Œ–¿ 04062017\Projects\2017522182734909\Temp\ImageTemplates.lst Grid=GridGRTemplate
09.01.2018 20:49:19:119 |2017522182734909| UGrid.TMyCell.LoadJpeg File=G:\home\ARM_editor\¿–Ã –≈ƒ¿ “Œ–¿ 04062017\Projects\2017522182734909\Templates\20176321534794.jpeg Width=128 Height=80
09.01.2018 20:49:19:119 |2017522182734909| UGrid.GridImageReload Grid=GridGRTemplate File=G:\home\ARM_editor\¿–Ã –≈ƒ¿ “Œ–¿ 04062017\Projects\2017522182734909\Templates\20176321534794.jpeg
09.01.2018 20:49:19:119 |2017522182734909| UInitForms.UpdatePanelAir
09.01.2018 20:49:19:119 |2017522182734909| UCommon.TemplateToScreen-2 Clear
09.01.2018 20:49:19:119 |2017522182734909| UGRTimelines.TTLZone.InitTimelines Start
09.01.2018 20:49:19:119 |2017522182734909| UGRTimelines.TTLZone.ClearBuffer
09.01.2018 20:49:19:119 |2017522182734909| UGRTimelines.TTLZone.WriteToBuffer
09.01.2018 20:49:19:119 |2017522182734909| UGRTimelines.TTLZone.ClearTimeline
09.01.2018 20:49:19:119 |2017522182734909| UGRTimelines.TTLZone.AddTimeline IDTimeline=1 Position=0
09.01.2018 20:49:19:119 |2017522182734909| UGRTimelines.TTLZone.FindInBuffer IDTimeline=1 Result=0
09.01.2018 20:49:19:119 |2017522182734909| UGRTimelines.TTLZone.AddTimeline IDTimeline=21 Position=1
09.01.2018 20:49:19:119 |2017522182734909| UGRTimelines.TTLZone.FindInBuffer IDTimeline=21 Result=1
09.01.2018 20:49:19:119 |2017522182734909| UGRTimelines.TTLZone.AddTimeline IDTimeline=41 Position=2
09.01.2018 20:49:19:119 |2017522182734909| UGRTimelines.TTLZone.FindInBuffer IDTimeline=41 Result=2
09.01.2018 20:49:19:119 |2017522182734909| UGRTimelines.TTLZone.ClearBuffer
09.01.2018 20:49:19:119 |2017522182734909| UGRTimelines.TTLZone.InitTimelines Finish
09.01.2018 20:49:19:119 |2017522182734909| UDrawTimelines.TTLNames.Draw Start
09.01.2018 20:49:19:119 |2017522182734909| UDrawTimelines.TZoneScaler.Draw Height=25
09.01.2018 20:49:19:119 |2017522182734909| UDrawTimelines.TZoneEditTL.Draw Grid=GridTimeLines Top=45 Height=105
09.01.2018 20:49:19:119 |2017522182734909| UDrawTimelines.TZoneEditTL.GridPosition Grid=GridTimeLines Position=1 IDTimeline=1
09.01.2018 20:49:19:119 |2017522182734909| UDrawTimelines.TNamesTL.Clear
09.01.2018 20:49:19:119 |2017522182734909| UDrawTimelines.TNamesTL.Add Result=0 IDTimeline=1
09.01.2018 20:49:19:119 |2017522182734909| UDrawTimelines.TNamesTL.Add Result=1 IDTimeline=21
09.01.2018 20:49:19:119 |2017522182734909| UDrawTimelines.TNamesTL.Add Result=2 IDTimeline=41
09.01.2018 20:49:19:119 |2017522182734909| UDrawTimelines.TNamesTL.Init Result=113
09.01.2018 20:49:19:119 |2017522182734909| UDrawTimelines.TNamesTL.Draw Grid=GridTimeLines Top=162 Height=113
09.01.2018 20:49:19:119 |2017522182734909| UDrawTimelines.TTimeLineName.Draw Position=0
09.01.2018 20:49:19:119 |2017522182734909| UDrawTimelines.TTimeLineName.Draw Position=1
09.01.2018 20:49:19:119 |2017522182734909| UDrawTimelines.TTimeLineName.Draw Position=2
09.01.2018 20:49:19:119 |2017522182734909| UDrawTimelines.TZoneReview.Draw Top=283 Height=45
09.01.2018 20:49:19:119 |2017522182734909| UDrawTimelines.TTLNames.Draw Finish
09.01.2018 20:49:20:120 |2017522182734909| TForm1.Label2Click Finish
09.01.2018 20:49:20:120 |2017522182734909| UActPlayList.GridActvePLToPanel Clips GridPlayerRow=3
09.01.2018 20:49:20:120 |2017522182734909| UMyFiles.DeleteFilesMask Dir=G:\home\ARM_editor\¿–Ã –≈ƒ¿ “Œ–¿ 04062017\Projects\2017522182734909\Temp Mask=*.undo
09.01.2018 20:49:20:120 |2017522182734909| UActPlayList.LoadClipsToPlayer ClearUndo
09.01.2018 20:49:20:120 |2017522182734909| UActPlayList.LoadClipsToPlayer | —ÔËÒÓÍ ÍÎËÔÓ‚ | File: E:\œ‡‚ÂÎ ¿ÎÂÍÒÂÂ‚Ë˜\ARM EDITOR\Clips\√Û‰·‡È, ¿ÏÂËÍ‡! ¬.¡ÛÚÛÒÓ‚. Goodbye, America. V. Butusov. (1)1.avi | Clip: √Û‰·‡È, ¿ÏÂËÍ‡! ¬.¡ÛÚÛÒÓ‚ | ClipID=2017523115073 | Start= | Duration= 00:04:27:20
09.01.2018 20:49:20:120 |2017522182734909| UActPlayList.LoadClipsToPlayer MyStartPlay=-00:00:00:01 Synchro=false
09.01.2018 20:49:20:120 |2017522182734909| UCommon.SetStatusClipInPlayer ClipID=2017523115073
09.01.2018 20:49:20:120 |2017522182734909| UGrid.MyGridDeleteRow Grid=GridActPlayList Row=1
09.01.2018 20:49:20:120 |2017522182734909| UActPlayList.LoadClipsToPlayer SetStatusClipInPlayer ActiveClipID=2017523115073
09.01.2018 20:49:20:120 |2017522182734909| UActPlayList.LoadClipsToPlayer FileExists Name=E:\œ‡‚ÂÎ ¿ÎÂÍÒÂÂ‚Ë˜\ARM EDITOR\Clips\√Û‰·‡È, ¿ÏÂËÍ‡! ¬.¡ÛÚÛÒÓ‚. Goodbye, America. V. Butusov. (1)1.avi
09.01.2018 20:49:20:120 |2017522182734909| UCommon.SwitcherVideoPanels Command=0
09.01.2018 20:49:21:121 |2017522182734909| UActPlayList.LoadClipsToPlayer FileLoads Name=E:\œ‡‚ÂÎ ¿ÎÂÍÒÂÂ‚Ë˜\ARM EDITOR\Clips\√Û‰·‡È, ¿ÏÂËÍ‡! ¬.¡ÛÚÛÒÓ‚. Goodbye, America. V. Butusov. (1)1.avi
09.01.2018 20:49:21:121 |2017522182734909| UMyFiles.LoadClipEditingFromFile Start ClipName=2017523115073
09.01.2018 20:49:21:121 |2017522182734909| UDrawTimelines.TNamesTL.Clear
09.01.2018 20:49:21:121 |2017522182734909| UGRTimelines.TTLZone.ClearTimeline
09.01.2018 20:49:21:121 |2017522182734909| UMyFiles.LoadClipEditingFromFile Finish ClipName=2017523115073
09.01.2018 20:49:21:121 |2017522182734909| UGRTimelines.TTLParameters.UpdateParameters
09.01.2018 20:49:21:121 |2017522182734909| UPlayer.MediaSetPosition (LoadClipsToPlayer) Position= 00:00:10:00|
09.01.2018 20:49:21:121 |2017522182734909| UActPlayList.LoadClipsToPlayer SetClipTimeParameters
09.01.2018 20:49:21:121 |2017522182734909| UDrawTimelines.TZoneEditTL.GridPosition Grid=GridTimeLines Position=1 IDTimeline=1
09.01.2018 20:49:21:121 |2017522182734909| UActPlayList.LoadClipsToPlayer TypeTL=tlDevice
09.01.2018 20:49:21:121 |2017522182734909| UDrawTimelines.TZoneEditTL.GridPosition Grid=GridTimeLines Position=1 IDTimeline=1
09.01.2018 20:49:21:121 |2017522182734909| UActPlayList.LoadClipsToPlayer ZoneNames.Edit.IDTimeline=1 Position=1
09.01.2018 20:49:21:121 |2017522182734909| UDrawTimelines.TTLNames.Draw Start
09.01.2018 20:49:21:121 |2017522182734909| UDrawTimelines.TZoneScaler.Draw Height=25
09.01.2018 20:49:21:121 |2017522182734909| UDrawTimelines.TZoneEditTL.Draw Grid=GridTimeLines Top=45 Height=105
09.01.2018 20:49:21:121 |2017522182734909| UDrawTimelines.TZoneEditTL.GridPosition Grid=GridTimeLines Position=1 IDTimeline=1
09.01.2018 20:49:21:121 |2017522182734909| UDrawTimelines.TNamesTL.Clear
09.01.2018 20:49:21:121 |2017522182734909| UDrawTimelines.TNamesTL.Add Result=0 IDTimeline=1
09.01.2018 20:49:21:121 |2017522182734909| UDrawTimelines.TNamesTL.Add Result=1 IDTimeline=21
09.01.2018 20:49:21:121 |2017522182734909| UDrawTimelines.TNamesTL.Add Result=2 IDTimeline=41
09.01.2018 20:49:21:121 |2017522182734909| UDrawTimelines.TNamesTL.Init Result=113
09.01.2018 20:49:21:121 |2017522182734909| UDrawTimelines.TNamesTL.Draw Grid=GridTimeLines Top=162 Height=113
09.01.2018 20:49:21:121 |2017522182734909| UDrawTimelines.TTimeLineName.Draw Position=0
09.01.2018 20:49:21:121 |2017522182734909| UDrawTimelines.TTimeLineName.Draw Position=1
09.01.2018 20:49:21:121 |2017522182734909| UDrawTimelines.TTimeLineName.Draw Position=2
09.01.2018 20:49:21:121 |2017522182734909| UDrawTimelines.TZoneReview.Draw Top=283 Height=45
09.01.2018 20:49:21:121 |2017522182734909| UDrawTimelines.TTLNames.Draw Finish
09.01.2018 20:49:21:121 |2017522182734909| UActPlayList.LoadClipsToPlayer ZoneNames.Draw
09.01.2018 20:49:21:121 |2017522182734909| UGRTimelines.TTLZone.InitTimelines Start
09.01.2018 20:49:21:121 |2017522182734909| UGRTimelines.TTLZone.ClearBuffer
09.01.2018 20:49:21:121 |2017522182734909| UGRTimelines.TTLZone.WriteToBuffer
09.01.2018 20:49:21:121 |2017522182734909| UGRTimelines.TTLZone.ClearTimeline
09.01.2018 20:49:21:121 |2017522182734909| UGRTimelines.TTLZone.AddTimeline IDTimeline=1 Position=0
09.01.2018 20:49:21:121 |2017522182734909| UGRTimelines.TTLZone.FindInBuffer IDTimeline=1 Result=0
09.01.2018 20:49:21:121 |2017522182734909| UGRTimelines.TTLZone.AddTimeline IDTimeline=21 Position=1
09.01.2018 20:49:21:121 |2017522182734909| UGRTimelines.TTLZone.FindInBuffer IDTimeline=21 Result=1
09.01.2018 20:49:21:121 |2017522182734909| UGRTimelines.TTLZone.AddTimeline IDTimeline=41 Position=2
09.01.2018 20:49:21:121 |2017522182734909| UGRTimelines.TTLZone.FindInBuffer IDTimeline=41 Result=2
09.01.2018 20:49:21:121 |2017522182734909| UGRTimelines.TTLZone.ClearBuffer
09.01.2018 20:49:21:121 |2017522182734909| UGRTimelines.TTLZone.InitTimelines Finish
09.01.2018 20:49:21:121 |2017522182734909| UActPlayList.LoadClipsToPlayer TLZone.DrawBitmap
09.01.2018 20:49:21:121 |2017522182734909| UActPlayList.LoadClipsToPlayer TLZone.DrawTimelines
09.01.2018 20:49:21:121 |2017522182734909| UActPlayList.LoadClipsToPlayer CurrentEvents : Number=0 Image=
09.01.2018 20:49:21:121 |2017522182734909| UGrid.MarkRowPhraseInGrid Grid=GridGRTemplate MarkCell=0 WorkCell=2 Name=File Text Row=0 Mark:=false LoadClipsToPlayer-1
09.01.2018 20:49:21:121 |2017522182734909| UGrid.MarkRowPhraseInGrid Grid=GridGRTemplate MarkCell=0 WorkCell=2 Name=File Text Row=1 Mark:=false LoadClipsToPlayer-1
09.01.2018 20:49:21:121 |2017522182734909| UActPlayList.LoadClipsToPlayer TemplateToScreen
09.01.2018 20:49:21:121 |2017522182734909| UActPlayList.LoadClipsToPlayer MyPanelAir.AirDevices.Init TLZone.TLEditor.Index=1
09.01.2018 20:49:21:121 |2017522182734909| UActPlayList.LoadClipsToPlayer MyPanelAir.SetValues
09.01.2018 20:49:21:121 |2017522182734909| UActPlayList.LoadClipsToPlayer  ÎËÔ Á‡„ÛÊÂÌ
09.01.2018 20:49:21:121 |2017522182734909| UGrid.MyGridDeleteRow Grid=GridActPlayList Row=1
09.01.2018 20:49:23:123 |2017522182734909| TForm1.imgCTLBottomLMouseUp X=227 Y=22
09.01.2018 20:49:23:123 |2017522182734909| UCommon.ControlPlayer Start
09.01.2018 20:49:23:123 |2017522182734909| UCommon.ControlPlayer mode=paused
09.01.2018 20:49:23:123 |2017522182734909| UPlayer.MediaPlay mode=play| “ÂÍÛ˘ÂÂ ‚ÂÏˇ= 20:49:23:03  ¬ÂÏˇ ÒÚ‡Ú‡= 20:49:23:03  ¬ÂÏˇ ÓÍÓÌ˜‡ÌËˇ= 00:04:27:20
09.01.2018 20:49:23:123 |2017522182734909| UMain.StartMyTimer Duration=20:09:36:00 Start=01:49:26:10 Start1=00:00:00:00
09.01.2018 20:49:23:123 |2017522182734909| UCommon.ControlPlayer Finish
09.01.2018 20:49:23:123 |2017522182734909| application.ProcessMessages1 start=4,792ms============================================
09.01.2018 20:49:23:123 |2017522182734909| application.ProcessMessages1 finish=6,339ms============================================
09.01.2018 20:49:23:123 |2017522182734909| UGrid.MarkRowPhraseInGrid Grid=GridGRTemplate MarkCell=0 WorkCell=2 Name=File Text Row=0 Mark:=false TMyThread.DoWork-1
09.01.2018 20:49:23:123 |2017522182734909| UGrid.MarkRowPhraseInGrid Grid=GridGRTemplate MarkCell=0 WorkCell=2 Name=File Text Row=1 Mark:=false TMyThread.DoWork-1
09.01.2018 20:49:23:123 |2017522182734909| application.ProcessMessages1 start=2,131ms============================================
09.01.2018 20:49:23:123 |2017522182734909| application.ProcessMessages1 finish=2,265ms============================================
09.01.2018 20:49:23:123 |2017522182734909| application.ProcessMessages1 start=3,989ms============================================
09.01.2018 20:49:23:123 |2017522182734909| application.ProcessMessages1 finish=4,624ms============================================
09.01.2018 20:49:23:123 |2017522182734909| application.ProcessMessages1 start=4,563ms============================================
09.01.2018 20:49:23:123 |2017522182734909| application.ProcessMessages1 finish=5,173ms============================================
09.01.2018 20:49:23:123 |2017522182734909| application.ProcessMessages1 start=2,106ms============================================
09.01.2018 20:49:23:123 |2017522182734909| application.ProcessMessages1 finish=2,225ms============================================
09.01.2018 20:49:23:123 |2017522182734909| application.ProcessMessages1 start=3,765ms============================================
09.01.2018 20:49:23:123 |2017522182734909| application.ProcessMessages1 finish=4,412ms============================================
09.01.2018 20:49:23:123 |2017522182734909| application.ProcessMessages1 start=2,15ms============================================
09.01.2018 20:49:23:123 |2017522182734909| application.ProcessMessages1 finish=2,273ms============================================
09.01.2018 20:49:23:123 |2017522182734909| application.ProcessMessages1 start=3,782ms============================================
09.01.2018 20:49:23:123 |2017522182734909| application.ProcessMessages1 finish=4,355ms============================================
09.01.2018 20:49:23:123 |2017522182734909| application.ProcessMessages1 start=3,866ms============================================
09.01.2018 20:49:23:123 |2017522182734909| application.ProcessMessages1 finish=4,528ms============================================
09.01.2018 20:49:23:123 |2017522182734909| application.ProcessMessages1 start=2,058ms============================================
09.01.2018 20:49:23:123 |2017522182734909| application.ProcessMessages1 finish=2,179ms============================================
09.01.2018 20:49:23:123 |2017522182734909| application.ProcessMessages1 start=3,92ms============================================
09.01.2018 20:49:23:123 |2017522182734909| application.ProcessMessages1 finish=4,536ms============================================
09.01.2018 20:49:23:123 |2017522182734909| application.ProcessMessages1 start=4,046ms============================================
09.01.2018 20:49:23:123 |2017522182734909| application.ProcessMessages1 finish=4,502ms============================================
09.01.2018 20:49:23:123 |2017522182734909| application.ProcessMessages1 start=2,087ms============================================
09.01.2018 20:49:23:123 |2017522182734909| application.ProcessMessages1 finish=2,427ms============================================
09.01.2018 20:49:23:123 |2017522182734909| application.ProcessMessages1 start=3,859ms============================================
09.01.2018 20:49:23:123 |2017522182734909| application.ProcessMessages1 finish=4,47ms============================================
09.01.2018 20:49:23:123 |2017522182734909| application.ProcessMessages1 start=2,202ms============================================
09.01.2018 20:49:23:123 |2017522182734909| application.ProcessMessages1 finish=2,332ms============================================
09.01.2018 20:49:23:123 |2017522182734909| application.ProcessMessages1 start=4,089ms============================================
09.01.2018 20:49:23:123 |2017522182734909| application.ProcessMessages1 finish=4,707ms============================================
09.01.2018 20:49:23:123 |2017522182734909| application.ProcessMessages1 start=3,824ms============================================
09.01.2018 20:49:23:123 |2017522182734909| application.ProcessMessages1 finish=4,484ms============================================
09.01.2018 20:49:23:123 |2017522182734909| application.ProcessMessages1 start=2,112ms============================================
09.01.2018 20:49:23:123 |2017522182734909| application.ProcessMessages1 finish=2,236ms============================================
09.01.2018 20:49:23:123 |2017522182734909| application.ProcessMessages1 start=3,947ms============================================
09.01.2018 20:49:23:123 |2017522182734909| application.ProcessMessages1 finish=4,595ms============================================
09.01.2018 20:49:23:123 |2017522182734909| application.ProcessMessages1 start=3,852ms============================================
09.01.2018 20:49:23:123 |2017522182734909| application.ProcessMessages1 finish=4,25ms============================================
09.01.2018 20:49:23:123 |2017522182734909| application.ProcessMessages1 start=2,11ms============================================
09.01.2018 20:49:23:123 |2017522182734909| application.ProcessMessages1 finish=2,454ms============================================
09.01.2018 20:49:23:123 |2017522182734909| application.ProcessMessages1 start=3,567ms============================================
09.01.2018 20:49:23:123 |2017522182734909| application.ProcessMessages1 finish=4,122ms============================================
09.01.2018 20:49:23:123 |2017522182734909| application.ProcessMessages1 start=2,384ms============================================
09.01.2018 20:49:23:123 |2017522182734909| application.ProcessMessages1 finish=2,548ms============================================
09.01.2018 20:49:23:123 |2017522182734909| application.ProcessMessages1 start=3,641ms============================================
09.01.2018 20:49:23:123 |2017522182734909| application.ProcessMessages1 finish=5,354ms============================================
09.01.2018 20:49:23:123 |2017522182734909| application.ProcessMessages1 start=3,895ms============================================
09.01.2018 20:49:23:123 |2017522182734909| application.ProcessMessages1 finish=4,493ms============================================
09.01.2018 20:49:23:123 |2017522182734909| application.ProcessMessages1 start=2,101ms============================================
09.01.2018 20:49:23:123 |2017522182734909| application.ProcessMessages1 finish=2,222ms============================================
09.01.2018 20:49:23:123 |2017522182734909| application.ProcessMessages1 start=3,939ms============================================
09.01.2018 20:49:23:123 |2017522182734909| application.ProcessMessages1 finish=4,56ms============================================
09.01.2018 20:49:23:123 |2017522182734909| application.ProcessMessages1 start=5,495ms============================================
09.01.2018 20:49:23:123 |2017522182734909| application.ProcessMessages1 finish=5,976ms============================================
09.01.2018 20:49:23:123 |2017522182734909| application.ProcessMessages1 start=2,203ms============================================
09.01.2018 20:49:23:123 |2017522182734909| application.ProcessMessages1 finish=2,563ms============================================
09.01.2018 20:49:23:123 |2017522182734909| application.ProcessMessages1 start=3,866ms============================================
09.01.2018 20:49:23:123 |2017522182734909| application.ProcessMessages1 finish=4,466ms============================================
09.01.2018 20:49:23:123 |2017522182734909| application.ProcessMessages1 start=2,193ms============================================
09.01.2018 20:49:23:123 |2017522182734909| application.ProcessMessages1 finish=2,32ms============================================
09.01.2018 20:49:24:124 |2017522182734909| application.ProcessMessages1 start=3,977ms============================================
09.01.2018 20:49:24:124 |2017522182734909| application.ProcessMessages1 finish=6,184ms============================================
09.01.2018 20:49:24:124 |2017522182734909| application.ProcessMessages1 start=3,825ms============================================
09.01.2018 20:49:24:124 |2017522182734909| application.ProcessMessages1 finish=4,265ms============================================
09.01.2018 20:49:24:124 |2017522182734909| application.ProcessMessages1 start=2,255ms============================================
09.01.2018 20:49:24:124 |2017522182734909| application.ProcessMessages1 finish=2,619ms============================================
09.01.2018 20:49:24:124 |2017522182734909| application.ProcessMessages1 start=4,241ms============================================
09.01.2018 20:49:24:124 |2017522182734909| application.ProcessMessages1 finish=4,87ms============================================
09.01.2018 20:49:24:124 |2017522182734909| application.ProcessMessages1 start=2,192ms============================================
09.01.2018 20:49:24:124 |2017522182734909| application.ProcessMessages1 finish=2,314ms============================================
09.01.2018 20:49:24:124 |2017522182734909| application.ProcessMessages1 start=4,232ms============================================
09.01.2018 20:49:24:124 |2017522182734909| application.ProcessMessages1 finish=4,81ms============================================
09.01.2018 20:49:24:124 |2017522182734909| application.ProcessMessages1 start=3,916ms============================================
09.01.2018 20:49:24:124 |2017522182734909| application.ProcessMessages1 finish=4,331ms============================================
09.01.2018 20:49:24:124 |2017522182734909| application.ProcessMessages1 start=2,381ms============================================
09.01.2018 20:49:24:124 |2017522182734909| application.ProcessMessages1 finish=3,765ms============================================
09.01.2018 20:49:24:124 |2017522182734909| application.ProcessMessages1 start=3,937ms============================================
09.01.2018 20:49:24:124 |2017522182734909| application.ProcessMessages1 finish=4,61ms============================================
09.01.2018 20:49:24:124 |2017522182734909| application.ProcessMessages1 start=2,209ms============================================
09.01.2018 20:49:24:124 |2017522182734909| application.ProcessMessages1 finish=2,349ms============================================
09.01.2018 20:49:24:124 |2017522182734909| application.ProcessMessages1 start=3,788ms============================================
09.01.2018 20:49:24:124 |2017522182734909| application.ProcessMessages1 finish=4,373ms============================================
09.01.2018 20:49:24:124 |2017522182734909| application.ProcessMessages1 start=3,827ms============================================
09.01.2018 20:49:24:124 |2017522182734909| application.ProcessMessages1 finish=4,245ms============================================
09.01.2018 20:49:24:124 |2017522182734909| application.ProcessMessages1 start=2,253ms============================================
09.01.2018 20:49:24:124 |2017522182734909| application.ProcessMessages1 finish=2,619ms============================================
09.01.2018 20:49:24:124 |2017522182734909| application.ProcessMessages1 start=3,628ms============================================
09.01.2018 20:49:24:124 |2017522182734909| application.ProcessMessages1 finish=4,179ms============================================
09.01.2018 20:49:24:124 |2017522182734909| application.ProcessMessages1 start=2,185ms============================================
09.01.2018 20:49:24:124 |2017522182734909| application.ProcessMessages1 finish=2,308ms============================================
09.01.2018 20:49:24:124 |2017522182734909| application.ProcessMessages1 start=2,196ms============================================
09.01.2018 20:49:24:124 |2017522182734909| application.ProcessMessages1 finish=2,531ms============================================
09.01.2018 20:49:24:124 |2017522182734909| application.ProcessMessages1 start=2,28ms============================================
09.01.2018 20:49:24:124 |2017522182734909| application.ProcessMessages1 finish=2,42ms============================================
09.01.2018 20:49:24:124 |2017522182734909| application.ProcessMessages1 start=2,131ms============================================
09.01.2018 20:49:24:124 |2017522182734909| application.ProcessMessages1 finish=2,484ms============================================
09.01.2018 20:49:24:124 |2017522182734909| application.ProcessMessages1 start=2,237ms============================================
09.01.2018 20:49:24:124 |2017522182734909| application.ProcessMessages1 finish=2,369ms============================================
09.01.2018 20:49:24:124 |2017522182734909| application.ProcessMessages1 start=4,119ms============================================
09.01.2018 20:49:24:124 |2017522182734909| application.ProcessMessages1 finish=4,761ms============================================
09.01.2018 20:49:24:124 |2017522182734909| application.ProcessMessages1 start=2,467ms============================================
09.01.2018 20:49:24:124 |2017522182734909| application.ProcessMessages1 finish=2,874ms============================================
09.01.2018 20:49:24:124 |2017522182734909| application.ProcessMessages1 start=3,808ms============================================
09.01.2018 20:49:24:124 |2017522182734909| application.ProcessMessages1 finish=5,156ms============================================
09.01.2018 20:49:24:124 |2017522182734909| application.ProcessMessages1 start=3,96ms============================================
09.01.2018 20:49:24:124 |2017522182734909| application.ProcessMessages1 finish=4,606ms============================================
09.01.2018 20:49:24:124 |2017522182734909| application.ProcessMessages1 start=2,157ms============================================
09.01.2018 20:49:24:124 |2017522182734909| application.ProcessMessages1 finish=2,493ms============================================
09.01.2018 20:49:24:124 |2017522182734909| application.ProcessMessages1 start=5,213ms============================================
09.01.2018 20:49:24:124 |2017522182734909| application.ProcessMessages1 finish=5,616ms============================================
09.01.2018 20:49:24:124 |2017522182734909| application.ProcessMessages1 start=2,227ms============================================
09.01.2018 20:49:24:124 |2017522182734909| application.ProcessMessages1 finish=2,574ms============================================
09.01.2018 20:49:24:124 |2017522182734909| application.ProcessMessages1 start=4,156ms============================================
09.01.2018 20:49:24:124 |2017522182734909| application.ProcessMessages1 finish=4,61ms============================================
09.01.2018 20:49:24:124 |2017522182734909| application.ProcessMessages1 start=2,141ms============================================
09.01.2018 20:49:24:124 |2017522182734909| application.ProcessMessages1 finish=2,499ms============================================
09.01.2018 20:49:24:124 |2017522182734909| application.ProcessMessages1 start=3,94ms============================================
09.01.2018 20:49:24:124 |2017522182734909| application.ProcessMessages1 finish=4,523ms============================================
09.01.2018 20:49:24:124 |2017522182734909| application.ProcessMessages1 start=4,057ms============================================
09.01.2018 20:49:24:124 |2017522182734909| application.ProcessMessages1 finish=4,514ms============================================
09.01.2018 20:49:24:124 |2017522182734909| application.ProcessMessages1 start=2,115ms============================================
09.01.2018 20:49:24:124 |2017522182734909| application.ProcessMessages1 finish=2,534ms============================================
09.01.2018 20:49:24:124 |2017522182734909| application.ProcessMessages1 start=4,912ms============================================
09.01.2018 20:49:24:124 |2017522182734909| application.ProcessMessages1 finish=5,427ms============================================
09.01.2018 20:49:24:124 |2017522182734909| application.ProcessMessages1 start=2,371ms============================================
09.01.2018 20:49:24:124 |2017522182734909| application.ProcessMessages1 finish=2,823ms============================================
09.01.2018 20:49:24:124 |2017522182734909| application.ProcessMessages1 start=4,986ms============================================
09.01.2018 20:49:24:124 |2017522182734909| application.ProcessMessages1 finish=5,6ms============================================
09.01.2018 20:49:24:124 |2017522182734909| application.ProcessMessages1 start=3,904ms============================================
09.01.2018 20:49:24:124 |2017522182734909| application.ProcessMessages1 finish=4,434ms============================================
09.01.2018 20:49:24:124 |2017522182734909| application.ProcessMessages1 start=3,469ms============================================
09.01.2018 20:49:24:124 |2017522182734909| application.ProcessMessages1 finish=3,893ms============================================
09.01.2018 20:49:24:124 |2017522182734909| application.ProcessMessages1 start=4,064ms============================================
09.01.2018 20:49:24:124 |2017522182734909| application.ProcessMessages1 finish=4,491ms============================================
09.01.2018 20:49:24:124 |2017522182734909| application.ProcessMessages1 start=4,865ms============================================
09.01.2018 20:49:24:124 |2017522182734909| application.ProcessMessages1 finish=5,519ms============================================
09.01.2018 20:49:24:124 |2017522182734909| application.ProcessMessages1 start=3,638ms============================================
09.01.2018 20:49:24:124 |2017522182734909| application.ProcessMessages1 finish=4,065ms============================================
09.01.2018 20:49:24:124 |2017522182734909| application.ProcessMessages1 start=2,592ms============================================
09.01.2018 20:49:24:124 |2017522182734909| application.ProcessMessages1 finish=2,978ms============================================
09.01.2018 20:49:25:125 |2017522182734909| application.ProcessMessages1 start=4,395ms============================================
09.01.2018 20:49:25:125 |2017522182734909| application.ProcessMessages1 finish=4,812ms============================================
09.01.2018 20:49:25:125 |2017522182734909| application.ProcessMessages1 start=2,205ms============================================
09.01.2018 20:49:25:125 |2017522182734909| application.ProcessMessages1 finish=2,995ms============================================
09.01.2018 20:49:25:125 |2017522182734909| application.ProcessMessages1 start=4,166ms============================================
09.01.2018 20:49:25:125 |2017522182734909| application.ProcessMessages1 finish=4,907ms============================================
09.01.2018 20:49:25:125 |2017522182734909| application.ProcessMessages1 start=4,378ms============================================
09.01.2018 20:49:25:125 |2017522182734909| application.ProcessMessages1 finish=4,827ms============================================
09.01.2018 20:49:25:125 |2017522182734909| application.ProcessMessages1 start=2,304ms============================================
09.01.2018 20:49:25:125 |2017522182734909| application.ProcessMessages1 finish=2,718ms============================================
09.01.2018 20:49:25:125 |2017522182734909| application.ProcessMessages1 start=4,758ms============================================
09.01.2018 20:49:25:125 |2017522182734909| application.ProcessMessages1 finish=5,167ms============================================
09.01.2018 20:49:25:125 |2017522182734909| application.ProcessMessages1 start=3,752ms============================================
09.01.2018 20:49:25:125 |2017522182734909| application.ProcessMessages1 finish=4,506ms============================================
09.01.2018 20:49:25:125 |2017522182734909| application.ProcessMessages1 start=2,251ms============================================
09.01.2018 20:49:25:125 |2017522182734909| application.ProcessMessages1 finish=2,618ms============================================
09.01.2018 20:49:25:125 |2017522182734909| application.ProcessMessages1 start=4,558ms============================================
09.01.2018 20:49:25:125 |2017522182734909| application.ProcessMessages1 finish=4,991ms============================================
09.01.2018 20:49:25:125 |2017522182734909| application.ProcessMessages1 start=2,186ms============================================
09.01.2018 20:49:25:125 |2017522182734909| application.ProcessMessages1 finish=2,52ms============================================
09.01.2018 20:49:25:125 |2017522182734909| application.ProcessMessages1 start=3,818ms============================================
09.01.2018 20:49:25:125 |2017522182734909| application.ProcessMessages1 finish=4,536ms============================================
09.01.2018 20:49:25:125 |2017522182734909| TForm1.imgCTLBottomLMouseUp X=231 Y=22
09.01.2018 20:49:25:125 |2017522182734909| UCommon.ControlPlayer Start
09.01.2018 20:49:25:125 |2017522182734909| UCommon.ControlPlayer mode<>paused
09.01.2018 20:49:25:125 |2017522182734909| UPlayer.MediaPause mode=paused|
09.01.2018 20:49:25:125 |2017522182734909| UMain.StopMyTimer
09.01.2018 20:49:25:125 |2017522182734909| UCommon.ControlPlayer Finish
09.01.2018 20:49:26:126 |2017522182734909| Message:WMSysCommand
09.01.2018 20:49:26:126 |2017522182734909| UMyFiles.SaveClipEditingToFile Start ClipName=2017523115073
09.01.2018 20:49:26:126 |2017522182734909| UMyFiles.SaveClipEditingToFile Finish ClipName=2017523115073
09.01.2018 20:49:26:126 |2017522182734909| UMyFiles.SaveGridToFile Start FileName=G:\home\ARM_editor\¿–Ã –≈ƒ¿ “Œ–¿ 04062017\Projects\ListProjects.prjt Grid=GridProjects
09.01.2018 20:49:26:126 |2017522182734909| UMyFiles.SaveGridToFile Finish FileName=G:\home\ARM_editor\¿–Ã –≈ƒ¿ “Œ–¿ 04062017\Projects\ListProjects.prjt Grid=GridProjects
09.01.2018 20:49:26:126 |2017522182734909| UCommon.saveoldproject Start
09.01.2018 20:49:26:126 |2017522182734909| UGrid.findgridselection Grid=GridProjects Cell=2 Result=1
09.01.2018 20:49:26:126 |2017522182734909| UMyFiles.SaveProjectToDisk Start
09.01.2018 20:49:26:126 |2017522182734909| UMyFiles.SaveGridTimelinesToFile Start FileName=G:\home\ARM_editor\¿–Ã –≈ƒ¿ “Œ–¿ 04062017\Projects\2017522182734909\Lists\Timelines.lst Grid=GridTimeLines
09.01.2018 20:49:26:126 |2017522182734909| UMyFiles.SaveGridTimelinesToFile Finish FileName=G:\home\ARM_editor\¿–Ã –≈ƒ¿ “Œ–¿ 04062017\Projects\2017522182734909\Lists\Timelines.lst Grid=GridTimeLines
09.01.2018 20:49:26:126 |2017522182734909| UMyFiles.SaveProjectToDisk Finish
09.01.2018 20:49:26:126 |2017522182734909| UMyFiles.SaveGridToFile Start FileName=G:\home\ARM_editor\¿–Ã –≈ƒ¿ “Œ–¿ 04062017\Projects\2017522182734909\Lists\Clips.lst Grid=GridClips
09.01.2018 20:49:26:126 |2017522182734909| UMyFiles.SaveGridToFile Finish FileName=G:\home\ARM_editor\¿–Ã –≈ƒ¿ “Œ–¿ 04062017\Projects\2017522182734909\Lists\Clips.lst Grid=GridClips
09.01.2018 20:49:26:126 |2017522182734909| UCommon.saveoldproject Finish
09.01.2018 20:49:26:126 |2017522182734909| UMyFiles.DeleteFilesMask Dir=G:\home\ARM_editor\¿–Ã –≈ƒ¿ “Œ–¿ 04062017\Projects\2017522182734909\Temp Mask=*.*
09.01.2018 20:49:26:126 |2017522182734909| UMyFiles.DeleteFilesMask Dir=G:\home\ARM_editor\¿–Ã –≈ƒ¿ “Œ–¿ 04062017\Projects\2017522182734909\Temp Mask=*.* | Delete File:Clips.lst
09.01.2018 20:49:26:126 |2017522182734909| UMyFiles.DeleteFilesMask Dir=G:\home\ARM_editor\¿–Ã –≈ƒ¿ “Œ–¿ 04062017\Projects\2017522182734909\Temp Mask=*.* | Delete File:ImageTemplates.lst
09.01.2018 20:49:26:126 |2017522182734909| UMyFiles.DeleteFilesMask Dir=G:\home\ARM_editor\¿–Ã –≈ƒ¿ “Œ–¿ 04062017\Projects\2017522182734909\Temp Mask=*.* | Delete File:PlayLists.lst
09.01.2018 20:49:26:126 |2017522182734909| UMyFiles.DeleteFilesMask Dir=G:\home\ARM_editor\¿–Ã –≈ƒ¿ “Œ–¿ 04062017\Projects\2017522182734909\Temp Mask=*.* | Delete File:TextTemplates.lst
09.01.2018 20:49:26:126 |2017522182734909| UMyFiles.DeleteFilesMask Dir=G:\home\ARM_editor\¿–Ã –≈ƒ¿ “Œ–¿ 04062017\Projects\2017522182734909\Temp Mask=*.undo
09.01.2018 20:49:26:126 |2017522182734909| Õ‡˜‡ÎÓ Á‡ÔËÒË IniFile: G:\home\ARM_editor\¿–Ã –≈ƒ¿ “Œ–¿ 04062017\ARM_Director.ini
09.01.2018 20:49:26:126 |2017522182734909| ŒÍÓÌ˜‡ÌËÂ Á‡ÔËÒË IniFile: G:\home\ARM_editor\¿–Ã –≈ƒ¿ “Œ–¿ 04062017\ARM_Director.ini
09.01.2018 20:49:26:126 |2017522182734909| TForm1.FormClose
09.01.2018 20:49:26:126 |2017522182734909| UInitForms.UpdatePanelPrepare
09.01.2018 20:49:26:126 |2017522182734909| UDrawTimelines.TTLNames.Draw Start
09.01.2018 20:49:26:126 |2017522182734909| UDrawTimelines.TZoneScaler.Draw Height=25
09.01.2018 20:49:26:126 |2017522182734909| UDrawTimelines.TZoneEditTL.Draw Grid=GridTimeLines Top=45 Height=105
09.01.2018 20:49:26:126 |2017522182734909| UDrawTimelines.TZoneEditTL.GridPosition Grid=GridTimeLines Position=1 IDTimeline=1
09.01.2018 20:49:26:126 |2017522182734909| UDrawTimelines.TNamesTL.Clear
09.01.2018 20:49:26:126 |2017522182734909| UDrawTimelines.TNamesTL.Add Result=0 IDTimeline=1
09.01.2018 20:49:26:126 |2017522182734909| UDrawTimelines.TNamesTL.Add Result=1 IDTimeline=21
09.01.2018 20:49:26:126 |2017522182734909| UDrawTimelines.TNamesTL.Add Result=2 IDTimeline=41
09.01.2018 20:49:26:126 |2017522182734909| UDrawTimelines.TNamesTL.Init Result=113
09.01.2018 20:49:26:126 |2017522182734909| UDrawTimelines.TNamesTL.Draw Grid=GridTimeLines Top=162 Height=113
09.01.2018 20:49:26:126 |2017522182734909| UDrawTimelines.TTimeLineName.Draw Position=0
09.01.2018 20:49:26:126 |2017522182734909| UDrawTimelines.TTimeLineName.Draw Position=1
09.01.2018 20:49:26:126 |2017522182734909| UDrawTimelines.TTimeLineName.Draw Position=2
09.01.2018 20:49:26:126 |2017522182734909| UDrawTimelines.TZoneReview.Draw Top=283 Height=45
09.01.2018 20:49:26:126 |2017522182734909| UDrawTimelines.TTLNames.Draw Finish
09.01.2018 20:49:26:126 |2017522182734909| UDrawTimelines.TZoneEditTL.GridPosition Grid=GridTimeLines Position=1 IDTimeline=1
09.01.2018 20:49:26:126 |2017522182734909| UInitForms.UpdatePanelAir
