13.06.2017 21:34:36:636 |2017522182734909| MarkRowPhraseInGrid 1=1839550917,077ms SwitcherVideoPanels-2
13.06.2017 21:34:36:636 |2017522182734909| MarkRowPhraseInGrid 1=1839550927,571ms SwitcherVideoPanels-2
13.06.2017 21:34:36:636 |2017522182734909| DrawTimelines Start=1839551022,081ms
13.06.2017 21:34:36:636 |2017522182734909| DrawTimelines bitblt=1839551022,827ms
13.06.2017 21:34:36:636 |2017522182734909| DrawTimelines DrawCursorStart=1839551024,42ms
13.06.2017 21:34:36:636 |2017522182734909| DrawTimelines DrawCursorEnd=1839551024,825ms
13.06.2017 21:34:36:636 |2017522182734909| DrawTimelines stretchblt start=1839551025,048ms
13.06.2017 21:34:36:636 |2017522182734909| DrawTimelines stretchblt finish=1839551036,66ms
13.06.2017 21:34:36:636 |2017522182734909| DrawTimelines Finish=1839551036,926ms
13.06.2017 21:34:36:636 |2017522182734909| MarkRowPhraseInGrid 1=1839551037,544ms LoadDefaultClipToPlayer-2
13.06.2017 21:34:36:636 |2017522182734909| MarkRowPhraseInGrid 1=1839551038,018ms LoadDefaultClipToPlayer-2
13.06.2017 21:34:37:637 |2017522182734909| DrawTimelines Start=1839551410,188ms
13.06.2017 21:34:37:637 |2017522182734909| DrawTimelines bitblt=1839551411,432ms
13.06.2017 21:34:37:637 |2017522182734909| DrawTimelines DrawCursorStart=1839551412,812ms
13.06.2017 21:34:37:637 |2017522182734909| DrawTimelines DrawCursorEnd=1839551413,208ms
13.06.2017 21:34:37:637 |2017522182734909| DrawTimelines stretchblt start=1839551413,417ms
13.06.2017 21:34:37:637 |2017522182734909| DrawTimelines stretchblt finish=1839551424,169ms
13.06.2017 21:34:37:637 |2017522182734909| DrawTimelines Finish=1839551424,461ms
13.06.2017 21:34:39:639 |2017522182734909| DrawTimelines Start=1839553671,734ms
13.06.2017 21:34:39:639 |2017522182734909| DrawTimelines bitblt=1839553672,75ms
13.06.2017 21:34:39:639 |2017522182734909| DrawTimelines DrawCursorStart=1839553673,918ms
13.06.2017 21:34:39:639 |2017522182734909| DrawTimelines DrawCursorEnd=1839553674,368ms
13.06.2017 21:34:39:639 |2017522182734909| DrawTimelines stretchblt start=1839553674,587ms
13.06.2017 21:34:39:639 |2017522182734909| DrawTimelines stretchblt finish=1839553685,83ms
13.06.2017 21:34:39:639 |2017522182734909| DrawTimelines Finish=1839553686,233ms
13.06.2017 21:34:50:650 |2017522182734909| DrawTimelines Start=1839564222,545ms
13.06.2017 21:34:50:650 |2017522182734909| DrawTimelines bitblt=1839564223,643ms
13.06.2017 21:34:50:650 |2017522182734909| DrawTimelines DrawCursorStart=1839564224,879ms
13.06.2017 21:34:50:650 |2017522182734909| DrawTimelines DrawCursorEnd=1839564225,163ms
13.06.2017 21:34:50:650 |2017522182734909| DrawTimelines stretchblt start=1839564225,375ms
13.06.2017 21:34:50:650 |2017522182734909| DrawTimelines stretchblt finish=1839564235,952ms
13.06.2017 21:34:50:650 |2017522182734909| DrawTimelines Finish=1839564236,23ms
13.06.2017 21:34:55:655 |2017522182734909| DrawTimelines Start=1839569404,898ms
13.06.2017 21:34:55:655 |2017522182734909| DrawTimelines bitblt=1839569405,743ms
13.06.2017 21:34:55:655 |2017522182734909| DrawTimelines DrawCursorStart=1839569406,834ms
13.06.2017 21:34:55:655 |2017522182734909| DrawTimelines DrawCursorEnd=1839569407,106ms
13.06.2017 21:34:55:655 |2017522182734909| DrawTimelines stretchblt start=1839569407,364ms
13.06.2017 21:34:55:655 |2017522182734909| DrawTimelines stretchblt finish=1839569418,321ms
13.06.2017 21:34:55:655 |2017522182734909| DrawTimelines Finish=1839569418,612ms
