20.02.2018 12:34:23:223 || Form1.Create Start
20.02.2018 12:34:23:223 || 
20.02.2018 12:34:23:223 || *****************************************************************************************
20.02.2018 12:34:23:223 || *************************               ЗАПУСК ПРОГРАММЫ             *************************
20.02.2018 12:34:23:223 || *************************            Время старта: 12:34:23:21             *************************
20.02.2018 12:34:23:223 || *****************************************************************************************
20.02.2018 12:34:23:223 || UCommon.CreateDirectories
20.02.2018 12:34:23:223 || UCommon.CreateDirectories PathFiles=G:\home\ARM_editor\arm_director.1602\Clips
20.02.2018 12:34:23:223 || UCommon.CreateDirectories DirProject=G:\home\ARM_editor\arm_director.1602\Projects
20.02.2018 12:34:23:223 || UCommon.CreateDirectories PathClips=G:\home\ARM_editor\arm_director.1602\Projects\Clips
20.02.2018 12:34:23:223 || UCommon.CreateDirectories PathTemplates=G:\home\ARM_editor\arm_director.1602\Projects\Templates
20.02.2018 12:34:23:223 || UCommon.CreateDirectories PathPlayLists=G:\home\ARM_editor\arm_director.1602\Projects\PlayLists
20.02.2018 12:34:23:223 || UCommon.CreateDirectories PathTemp=G:\home\ARM_editor\arm_director.1602\Projects\Temp
20.02.2018 12:34:23:223 || UCommon.CreateDirectories PathTemp=G:\home\ARM_editor\arm_director.1602\Projects\Keylayouts
20.02.2018 12:34:23:223 || UCommon.CreateDirectories PathLog=G:\home\ARM_editor\arm_director.1602\\Log
20.02.2018 12:34:23:223 || Начало чтения IniFile: G:\home\ARM_editor\arm_director.1602\ARM_Director.ini
20.02.2018 12:35:33:233 || Form1.Create Start
20.02.2018 12:35:33:233 || 
20.02.2018 12:35:33:233 || *****************************************************************************************
20.02.2018 12:35:33:233 || *************************               ЗАПУСК ПРОГРАММЫ             *************************
20.02.2018 12:35:33:233 || *************************            Время старта: 12:35:33:14             *************************
20.02.2018 12:35:33:233 || *****************************************************************************************
20.02.2018 12:35:33:233 || UCommon.CreateDirectories
20.02.2018 12:35:33:233 || UCommon.CreateDirectories PathFiles=G:\home\ARM_editor\arm_director.1602\Clips
20.02.2018 12:35:33:233 || UCommon.CreateDirectories DirProject=G:\home\ARM_editor\arm_director.1602\Projects
20.02.2018 12:35:33:233 || UCommon.CreateDirectories PathClips=G:\home\ARM_editor\arm_director.1602\Projects\Clips
20.02.2018 12:35:33:233 || UCommon.CreateDirectories PathTemplates=G:\home\ARM_editor\arm_director.1602\Projects\Templates
20.02.2018 12:35:33:233 || UCommon.CreateDirectories PathPlayLists=G:\home\ARM_editor\arm_director.1602\Projects\PlayLists
20.02.2018 12:35:33:233 || UCommon.CreateDirectories PathTemp=G:\home\ARM_editor\arm_director.1602\Projects\Temp
20.02.2018 12:35:33:233 || UCommon.CreateDirectories PathTemp=G:\home\ARM_editor\arm_director.1602\Projects\Keylayouts
20.02.2018 12:35:33:233 || UCommon.CreateDirectories PathLog=G:\home\ARM_editor\arm_director.1602\\Log
20.02.2018 12:35:33:233 || Начало чтения IniFile: G:\home\ARM_editor\arm_director.1602\ARM_Director.ini
20.02.2018 12:36:33:233 || Form1.Create Start
20.02.2018 12:36:33:233 || 
20.02.2018 12:36:33:233 || *****************************************************************************************
20.02.2018 12:36:33:233 || *************************               ЗАПУСК ПРОГРАММЫ             *************************
20.02.2018 12:36:33:233 || *************************            Время старта: 12:36:33:04             *************************
20.02.2018 12:36:33:233 || *****************************************************************************************
20.02.2018 12:36:33:233 || UCommon.CreateDirectories
20.02.2018 12:36:33:233 || UCommon.CreateDirectories PathFiles=G:\home\ARM_editor\arm_director.1602\Clips
20.02.2018 12:36:33:233 || UCommon.CreateDirectories DirProject=G:\home\ARM_editor\arm_director.1602\Projects
20.02.2018 12:36:33:233 || UCommon.CreateDirectories PathClips=G:\home\ARM_editor\arm_director.1602\Projects\Clips
20.02.2018 12:36:33:233 || UCommon.CreateDirectories PathTemplates=G:\home\ARM_editor\arm_director.1602\Projects\Templates
20.02.2018 12:36:33:233 || UCommon.CreateDirectories PathPlayLists=G:\home\ARM_editor\arm_director.1602\Projects\PlayLists
20.02.2018 12:36:33:233 || UCommon.CreateDirectories PathTemp=G:\home\ARM_editor\arm_director.1602\Projects\Temp
20.02.2018 12:36:33:233 || UCommon.CreateDirectories PathTemp=G:\home\ARM_editor\arm_director.1602\Projects\Keylayouts
20.02.2018 12:36:33:233 || UCommon.CreateDirectories PathLog=G:\home\ARM_editor\arm_director.1602\\Log
20.02.2018 12:36:33:233 || Начало чтения IniFile: G:\home\ARM_editor\arm_director.1602\ARM_Director.ini
20.02.2018 12:37:51:251 || Form1.Create Start
20.02.2018 12:37:51:251 || 
20.02.2018 12:37:51:251 || *****************************************************************************************
20.02.2018 12:37:51:251 || *************************               ЗАПУСК ПРОГРАММЫ             *************************
20.02.2018 12:37:51:251 || *************************            Время старта: 12:37:51:13             *************************
20.02.2018 12:37:51:251 || *****************************************************************************************
20.02.2018 12:37:51:251 || UCommon.CreateDirectories
20.02.2018 12:37:51:251 || UCommon.CreateDirectories PathFiles=G:\home\ARM_editor\arm_director.1602\Clips
20.02.2018 12:37:51:251 || UCommon.CreateDirectories DirProject=G:\home\ARM_editor\arm_director.1602\Projects
20.02.2018 12:37:51:251 || UCommon.CreateDirectories PathClips=G:\home\ARM_editor\arm_director.1602\Projects\Clips
20.02.2018 12:37:51:251 || UCommon.CreateDirectories PathTemplates=G:\home\ARM_editor\arm_director.1602\Projects\Templates
20.02.2018 12:37:51:251 || UCommon.CreateDirectories PathPlayLists=G:\home\ARM_editor\arm_director.1602\Projects\PlayLists
20.02.2018 12:37:51:251 || UCommon.CreateDirectories PathTemp=G:\home\ARM_editor\arm_director.1602\Projects\Temp
20.02.2018 12:37:51:251 || UCommon.CreateDirectories PathTemp=G:\home\ARM_editor\arm_director.1602\Projects\Keylayouts
20.02.2018 12:37:51:251 || UCommon.CreateDirectories PathLog=G:\home\ARM_editor\arm_director.1602\\Log
20.02.2018 12:37:51:251 || Начало чтения IniFile: G:\home\ARM_editor\arm_director.1602\ARM_Director.ini
20.02.2018 12:39:07:27 || Form1.Create Start
20.02.2018 12:39:07:27 || 
20.02.2018 12:39:07:27 || *****************************************************************************************
20.02.2018 12:39:07:27 || *************************               ЗАПУСК ПРОГРАММЫ             *************************
20.02.2018 12:39:07:27 || *************************            Время старта: 12:39:07:13             *************************
20.02.2018 12:39:07:27 || *****************************************************************************************
20.02.2018 12:39:07:27 || UCommon.CreateDirectories
20.02.2018 12:39:07:27 || UCommon.CreateDirectories PathFiles=G:\home\ARM_editor\arm_director.1602\Clips
20.02.2018 12:39:07:27 || UCommon.CreateDirectories DirProject=G:\home\ARM_editor\arm_director.1602\Projects
20.02.2018 12:39:07:27 || UCommon.CreateDirectories PathClips=G:\home\ARM_editor\arm_director.1602\Projects\Clips
20.02.2018 12:39:07:27 || UCommon.CreateDirectories PathTemplates=G:\home\ARM_editor\arm_director.1602\Projects\Templates
20.02.2018 12:39:07:27 || UCommon.CreateDirectories PathPlayLists=G:\home\ARM_editor\arm_director.1602\Projects\PlayLists
20.02.2018 12:39:07:27 || UCommon.CreateDirectories PathTemp=G:\home\ARM_editor\arm_director.1602\Projects\Temp
20.02.2018 12:39:07:27 || UCommon.CreateDirectories PathTemp=G:\home\ARM_editor\arm_director.1602\Projects\Keylayouts
20.02.2018 12:39:07:27 || UCommon.CreateDirectories PathLog=G:\home\ARM_editor\arm_director.1602\\Log
20.02.2018 12:39:07:27 || Начало чтения IniFile: G:\home\ARM_editor\arm_director.1602\ARM_Director.ini
20.02.2018 12:39:54:254 || Form1.Create Start
20.02.2018 12:39:54:254 || 
20.02.2018 12:39:54:254 || *****************************************************************************************
20.02.2018 12:39:54:254 || *************************               ЗАПУСК ПРОГРАММЫ             *************************
20.02.2018 12:39:54:254 || *************************            Время старта: 12:39:54:04             *************************
20.02.2018 12:39:54:254 || *****************************************************************************************
20.02.2018 12:39:54:254 || UCommon.CreateDirectories
20.02.2018 12:39:54:254 || UCommon.CreateDirectories PathFiles=G:\home\ARM_editor\arm_director.1602\Clips
20.02.2018 12:39:54:254 || UCommon.CreateDirectories DirProject=G:\home\ARM_editor\arm_director.1602\Projects
20.02.2018 12:39:54:254 || UCommon.CreateDirectories PathClips=G:\home\ARM_editor\arm_director.1602\Projects\Clips
20.02.2018 12:39:54:254 || UCommon.CreateDirectories PathTemplates=G:\home\ARM_editor\arm_director.1602\Projects\Templates
20.02.2018 12:39:54:254 || UCommon.CreateDirectories PathPlayLists=G:\home\ARM_editor\arm_director.1602\Projects\PlayLists
20.02.2018 12:39:54:254 || UCommon.CreateDirectories PathTemp=G:\home\ARM_editor\arm_director.1602\Projects\Temp
20.02.2018 12:39:54:254 || UCommon.CreateDirectories PathTemp=G:\home\ARM_editor\arm_director.1602\Projects\Keylayouts
20.02.2018 12:39:54:254 || UCommon.CreateDirectories PathLog=G:\home\ARM_editor\arm_director.1602\\Log
20.02.2018 12:39:54:254 || Начало чтения IniFile: G:\home\ARM_editor\arm_director.1602\ARM_Director.ini
20.02.2018 12:42:17:217 || Form1.Create Start
20.02.2018 12:42:17:217 || 
20.02.2018 12:42:17:217 || *****************************************************************************************
20.02.2018 12:42:17:217 || *************************               ЗАПУСК ПРОГРАММЫ             *************************
20.02.2018 12:42:17:217 || *************************            Время старта: 12:42:17:15             *************************
20.02.2018 12:42:17:217 || *****************************************************************************************
20.02.2018 12:42:17:217 || UCommon.CreateDirectories
20.02.2018 12:42:17:217 || UCommon.CreateDirectories PathFiles=G:\home\ARM_editor\arm_director.1602\Clips
20.02.2018 12:42:17:217 || UCommon.CreateDirectories DirProject=G:\home\ARM_editor\arm_director.1602\Projects
20.02.2018 12:42:17:217 || UCommon.CreateDirectories PathClips=G:\home\ARM_editor\arm_director.1602\Projects\Clips
20.02.2018 12:42:17:217 || UCommon.CreateDirectories PathTemplates=G:\home\ARM_editor\arm_director.1602\Projects\Templates
20.02.2018 12:42:17:217 || UCommon.CreateDirectories PathPlayLists=G:\home\ARM_editor\arm_director.1602\Projects\PlayLists
20.02.2018 12:42:17:217 || UCommon.CreateDirectories PathTemp=G:\home\ARM_editor\arm_director.1602\Projects\Temp
20.02.2018 12:42:17:217 || UCommon.CreateDirectories PathTemp=G:\home\ARM_editor\arm_director.1602\Projects\Keylayouts
20.02.2018 12:42:17:217 || UCommon.CreateDirectories PathLog=G:\home\ARM_editor\arm_director.1602\\Log
20.02.2018 12:42:17:217 || Начало чтения IniFile: G:\home\ARM_editor\arm_director.1602\ARM_Director.ini
20.02.2018 12:45:46:246 || Form1.Create Start
20.02.2018 12:45:46:246 || 
20.02.2018 12:45:46:246 || *****************************************************************************************
20.02.2018 12:45:46:246 || *************************               ЗАПУСК ПРОГРАММЫ             *************************
20.02.2018 12:45:46:246 || *************************            Время старта: 12:45:46:20             *************************
20.02.2018 12:45:46:246 || *****************************************************************************************
20.02.2018 12:45:46:246 || UCommon.CreateDirectories
20.02.2018 12:45:46:246 || UCommon.CreateDirectories PathFiles=G:\home\ARM_editor\arm_director.1602\Clips
20.02.2018 12:45:46:246 || UCommon.CreateDirectories DirProject=G:\home\ARM_editor\arm_director.1602\Projects
20.02.2018 12:45:46:246 || UCommon.CreateDirectories PathClips=G:\home\ARM_editor\arm_director.1602\Projects\Clips
20.02.2018 12:45:46:246 || UCommon.CreateDirectories PathTemplates=G:\home\ARM_editor\arm_director.1602\Projects\Templates
20.02.2018 12:45:46:246 || UCommon.CreateDirectories PathPlayLists=G:\home\ARM_editor\arm_director.1602\Projects\PlayLists
20.02.2018 12:45:46:246 || UCommon.CreateDirectories PathTemp=G:\home\ARM_editor\arm_director.1602\Projects\Temp
20.02.2018 12:45:46:246 || UCommon.CreateDirectories PathTemp=G:\home\ARM_editor\arm_director.1602\Projects\Keylayouts
20.02.2018 12:45:46:246 || UCommon.CreateDirectories PathLog=G:\home\ARM_editor\arm_director.1602\\Log
20.02.2018 12:45:46:246 || Начало чтения IniFile: G:\home\ARM_editor\arm_director.1602\ARM_Director.ini
20.02.2018 12:46:46:246 || Form1.Create Start
20.02.2018 12:46:46:246 || 
20.02.2018 12:46:46:246 || *****************************************************************************************
20.02.2018 12:46:46:246 || *************************               ЗАПУСК ПРОГРАММЫ             *************************
20.02.2018 12:46:46:246 || *************************            Время старта: 12:46:46:11             *************************
20.02.2018 12:46:46:246 || *****************************************************************************************
20.02.2018 12:46:46:246 || UCommon.CreateDirectories
20.02.2018 12:46:46:246 || UCommon.CreateDirectories PathFiles=G:\home\ARM_editor\arm_director.1602\Clips
20.02.2018 12:46:46:246 || UCommon.CreateDirectories DirProject=G:\home\ARM_editor\arm_director.1602\Projects
20.02.2018 12:46:46:246 || UCommon.CreateDirectories PathClips=G:\home\ARM_editor\arm_director.1602\Projects\Clips
20.02.2018 12:46:46:246 || UCommon.CreateDirectories PathTemplates=G:\home\ARM_editor\arm_director.1602\Projects\Templates
20.02.2018 12:46:46:246 || UCommon.CreateDirectories PathPlayLists=G:\home\ARM_editor\arm_director.1602\Projects\PlayLists
20.02.2018 12:46:46:246 || UCommon.CreateDirectories PathTemp=G:\home\ARM_editor\arm_director.1602\Projects\Temp
20.02.2018 12:46:46:246 || UCommon.CreateDirectories PathTemp=G:\home\ARM_editor\arm_director.1602\Projects\Keylayouts
20.02.2018 12:46:46:246 || UCommon.CreateDirectories PathLog=G:\home\ARM_editor\arm_director.1602\\Log
20.02.2018 12:46:46:246 || Начало чтения IniFile: G:\home\ARM_editor\arm_director.1602\ARM_Director.ini
20.02.2018 12:47:30:230 || Form1.Create Start
20.02.2018 12:47:30:230 || 
20.02.2018 12:47:30:230 || *****************************************************************************************
20.02.2018 12:47:30:230 || *************************               ЗАПУСК ПРОГРАММЫ             *************************
20.02.2018 12:47:30:230 || *************************            Время старта: 12:47:30:23             *************************
20.02.2018 12:47:30:230 || *****************************************************************************************
20.02.2018 12:47:30:230 || UCommon.CreateDirectories
20.02.2018 12:47:30:230 || UCommon.CreateDirectories PathFiles=G:\home\ARM_editor\arm_director.1602\Clips
20.02.2018 12:47:30:230 || UCommon.CreateDirectories DirProject=G:\home\ARM_editor\arm_director.1602\Projects
20.02.2018 12:47:30:230 || UCommon.CreateDirectories PathClips=G:\home\ARM_editor\arm_director.1602\Projects\Clips
20.02.2018 12:47:30:230 || UCommon.CreateDirectories PathTemplates=G:\home\ARM_editor\arm_director.1602\Projects\Templates
20.02.2018 12:47:30:230 || UCommon.CreateDirectories PathPlayLists=G:\home\ARM_editor\arm_director.1602\Projects\PlayLists
20.02.2018 12:47:30:230 || UCommon.CreateDirectories PathTemp=G:\home\ARM_editor\arm_director.1602\Projects\Temp
20.02.2018 12:47:30:230 || UCommon.CreateDirectories PathTemp=G:\home\ARM_editor\arm_director.1602\Projects\Keylayouts
20.02.2018 12:47:30:230 || UCommon.CreateDirectories PathLog=G:\home\ARM_editor\arm_director.1602\\Log
20.02.2018 12:47:30:230 || Начало чтения IniFile: G:\home\ARM_editor\arm_director.1602\ARM_Director.ini
20.02.2018 12:48:09:29 || Form1.Create Start
20.02.2018 12:48:09:29 || 
20.02.2018 12:48:09:29 || *****************************************************************************************
20.02.2018 12:48:09:29 || *************************               ЗАПУСК ПРОГРАММЫ             *************************
20.02.2018 12:48:09:29 || *************************            Время старта: 12:48:09:04             *************************
20.02.2018 12:48:09:29 || *****************************************************************************************
20.02.2018 12:48:09:29 || UCommon.CreateDirectories
20.02.2018 12:48:09:29 || UCommon.CreateDirectories PathFiles=G:\home\ARM_editor\arm_director.1602\Clips
20.02.2018 12:48:09:29 || UCommon.CreateDirectories DirProject=G:\home\ARM_editor\arm_director.1602\Projects
20.02.2018 12:48:09:29 || UCommon.CreateDirectories PathClips=G:\home\ARM_editor\arm_director.1602\Projects\Clips
20.02.2018 12:48:09:29 || UCommon.CreateDirectories PathTemplates=G:\home\ARM_editor\arm_director.1602\Projects\Templates
20.02.2018 12:48:09:29 || UCommon.CreateDirectories PathPlayLists=G:\home\ARM_editor\arm_director.1602\Projects\PlayLists
20.02.2018 12:48:09:29 || UCommon.CreateDirectories PathTemp=G:\home\ARM_editor\arm_director.1602\Projects\Temp
20.02.2018 12:48:09:29 || UCommon.CreateDirectories PathTemp=G:\home\ARM_editor\arm_director.1602\Projects\Keylayouts
20.02.2018 12:48:09:29 || UCommon.CreateDirectories PathLog=G:\home\ARM_editor\arm_director.1602\\Log
20.02.2018 12:48:09:29 || Начало чтения IniFile: G:\home\ARM_editor\arm_director.1602\ARM_Director.ini
20.02.2018 12:49:46:246 || Form1.Create Start
20.02.2018 12:49:46:246 || 
20.02.2018 12:49:46:246 || *****************************************************************************************
20.02.2018 12:49:46:246 || *************************               ЗАПУСК ПРОГРАММЫ             *************************
20.02.2018 12:49:46:246 || *************************            Время старта: 12:49:46:09             *************************
20.02.2018 12:49:46:246 || *****************************************************************************************
20.02.2018 12:49:46:246 || UCommon.CreateDirectories
20.02.2018 12:49:46:246 || UCommon.CreateDirectories PathFiles=G:\home\ARM_editor\arm_director.1602\Clips
20.02.2018 12:49:46:246 || UCommon.CreateDirectories DirProject=G:\home\ARM_editor\arm_director.1602\Projects
20.02.2018 12:49:46:246 || UCommon.CreateDirectories PathClips=G:\home\ARM_editor\arm_director.1602\Projects\Clips
20.02.2018 12:49:46:246 || UCommon.CreateDirectories PathTemplates=G:\home\ARM_editor\arm_director.1602\Projects\Templates
20.02.2018 12:49:46:246 || UCommon.CreateDirectories PathPlayLists=G:\home\ARM_editor\arm_director.1602\Projects\PlayLists
20.02.2018 12:49:46:246 || UCommon.CreateDirectories PathTemp=G:\home\ARM_editor\arm_director.1602\Projects\Temp
20.02.2018 12:49:46:246 || UCommon.CreateDirectories PathTemp=G:\home\ARM_editor\arm_director.1602\Projects\Keylayouts
20.02.2018 12:49:46:246 || UCommon.CreateDirectories PathLog=G:\home\ARM_editor\arm_director.1602\\Log
20.02.2018 12:49:46:246 || Начало чтения IniFile: G:\home\ARM_editor\arm_director.1602\ARM_Director.ini
20.02.2018 13:00:20:220 || Form1.Create Start
20.02.2018 13:00:20:220 || 
20.02.2018 13:00:20:220 || *****************************************************************************************
20.02.2018 13:00:20:220 || *************************               ЗАПУСК ПРОГРАММЫ             *************************
20.02.2018 13:00:20:220 || *************************            Время старта: 13:00:20:17             *************************
20.02.2018 13:00:20:220 || *****************************************************************************************
20.02.2018 13:00:20:220 || UCommon.CreateDirectories
20.02.2018 13:00:20:220 || UCommon.CreateDirectories PathFiles=G:\home\ARM_editor\arm_director.1602\Clips
20.02.2018 13:00:20:220 || UCommon.CreateDirectories DirProject=G:\home\ARM_editor\arm_director.1602\Projects
20.02.2018 13:00:20:220 || UCommon.CreateDirectories PathClips=G:\home\ARM_editor\arm_director.1602\Projects\Clips
20.02.2018 13:00:20:220 || UCommon.CreateDirectories PathTemplates=G:\home\ARM_editor\arm_director.1602\Projects\Templates
20.02.2018 13:00:20:220 || UCommon.CreateDirectories PathPlayLists=G:\home\ARM_editor\arm_director.1602\Projects\PlayLists
20.02.2018 13:00:20:220 || UCommon.CreateDirectories PathTemp=G:\home\ARM_editor\arm_director.1602\Projects\Temp
20.02.2018 13:00:20:220 || UCommon.CreateDirectories PathTemp=G:\home\ARM_editor\arm_director.1602\Projects\Keylayouts
20.02.2018 13:00:20:220 || UCommon.CreateDirectories PathLog=G:\home\ARM_editor\arm_director.1602\\Log
20.02.2018 13:00:20:220 || Начало чтения IniFile: G:\home\ARM_editor\arm_director.1602\ARM_Director.ini
20.02.2018 13:01:57:257 || Form1.Create Start
20.02.2018 13:01:57:257 || 
20.02.2018 13:01:57:257 || *****************************************************************************************
20.02.2018 13:01:57:257 || *************************               ЗАПУСК ПРОГРАММЫ             *************************
20.02.2018 13:01:57:257 || *************************            Время старта: 13:01:57:11             *************************
20.02.2018 13:01:57:257 || *****************************************************************************************
20.02.2018 13:01:57:257 || UCommon.CreateDirectories
20.02.2018 13:01:57:257 || UCommon.CreateDirectories PathFiles=G:\home\ARM_editor\arm_director.1602\Clips
20.02.2018 13:01:57:257 || UCommon.CreateDirectories DirProject=G:\home\ARM_editor\arm_director.1602\Projects
20.02.2018 13:01:57:257 || UCommon.CreateDirectories PathClips=G:\home\ARM_editor\arm_director.1602\Projects\Clips
20.02.2018 13:01:57:257 || UCommon.CreateDirectories PathTemplates=G:\home\ARM_editor\arm_director.1602\Projects\Templates
20.02.2018 13:01:57:257 || UCommon.CreateDirectories PathPlayLists=G:\home\ARM_editor\arm_director.1602\Projects\PlayLists
20.02.2018 13:01:57:257 || UCommon.CreateDirectories PathTemp=G:\home\ARM_editor\arm_director.1602\Projects\Temp
20.02.2018 13:01:57:257 || UCommon.CreateDirectories PathTemp=G:\home\ARM_editor\arm_director.1602\Projects\Keylayouts
20.02.2018 13:01:57:257 || UCommon.CreateDirectories PathLog=G:\home\ARM_editor\arm_director.1602\\Log
20.02.2018 13:01:57:257 || Начало чтения IniFile: G:\home\ARM_editor\arm_director.1602\ARM_Director.ini
20.02.2018 13:02:45:245 || Form1.Create Start
20.02.2018 13:02:45:245 || 
20.02.2018 13:02:45:245 || *****************************************************************************************
20.02.2018 13:02:45:245 || *************************               ЗАПУСК ПРОГРАММЫ             *************************
20.02.2018 13:02:45:245 || *************************            Время старта: 13:02:45:22             *************************
20.02.2018 13:02:45:245 || *****************************************************************************************
20.02.2018 13:02:45:245 || UCommon.CreateDirectories
20.02.2018 13:02:45:245 || UCommon.CreateDirectories PathFiles=G:\home\ARM_editor\arm_director.1602\Clips
20.02.2018 13:02:45:245 || UCommon.CreateDirectories DirProject=G:\home\ARM_editor\arm_director.1602\Projects
20.02.2018 13:02:45:245 || UCommon.CreateDirectories PathClips=G:\home\ARM_editor\arm_director.1602\Projects\Clips
20.02.2018 13:02:45:245 || UCommon.CreateDirectories PathTemplates=G:\home\ARM_editor\arm_director.1602\Projects\Templates
20.02.2018 13:02:45:245 || UCommon.CreateDirectories PathPlayLists=G:\home\ARM_editor\arm_director.1602\Projects\PlayLists
20.02.2018 13:02:45:245 || UCommon.CreateDirectories PathTemp=G:\home\ARM_editor\arm_director.1602\Projects\Temp
20.02.2018 13:02:45:245 || UCommon.CreateDirectories PathTemp=G:\home\ARM_editor\arm_director.1602\Projects\Keylayouts
20.02.2018 13:02:45:245 || UCommon.CreateDirectories PathLog=G:\home\ARM_editor\arm_director.1602\\Log
20.02.2018 13:02:45:245 || Начало чтения IniFile: G:\home\ARM_editor\arm_director.1602\ARM_Director.ini
20.02.2018 13:10:04:24 || Form1.Create Start
20.02.2018 13:10:04:24 || 
20.02.2018 13:10:04:24 || *****************************************************************************************
20.02.2018 13:10:04:24 || *************************               ЗАПУСК ПРОГРАММЫ             *************************
20.02.2018 13:10:04:24 || *************************            Время старта: 13:10:04:02             *************************
20.02.2018 13:10:04:24 || *****************************************************************************************
20.02.2018 13:10:04:24 || UCommon.CreateDirectories
20.02.2018 13:10:04:24 || UCommon.CreateDirectories PathFiles=G:\home\ARM_editor\arm_director.1602\Clips
20.02.2018 13:10:04:24 || UCommon.CreateDirectories DirProject=G:\home\ARM_editor\arm_director.1602\Projects
20.02.2018 13:10:04:24 || UCommon.CreateDirectories PathClips=G:\home\ARM_editor\arm_director.1602\Projects\Clips
20.02.2018 13:10:04:24 || UCommon.CreateDirectories PathTemplates=G:\home\ARM_editor\arm_director.1602\Projects\Templates
20.02.2018 13:10:04:24 || UCommon.CreateDirectories PathPlayLists=G:\home\ARM_editor\arm_director.1602\Projects\PlayLists
20.02.2018 13:10:04:24 || UCommon.CreateDirectories PathTemp=G:\home\ARM_editor\arm_director.1602\Projects\Temp
20.02.2018 13:10:04:24 || UCommon.CreateDirectories PathTemp=G:\home\ARM_editor\arm_director.1602\Projects\Keylayouts
20.02.2018 13:10:04:24 || UCommon.CreateDirectories PathLog=G:\home\ARM_editor\arm_director.1602\\Log
20.02.2018 13:10:04:24 || Начало чтения IniFile: G:\home\ARM_editor\arm_director.1602\ARM_Director.ini
20.02.2018 13:10:31:231 || Form1.Create Start
20.02.2018 13:10:31:231 || 
20.02.2018 13:10:31:231 || *****************************************************************************************
20.02.2018 13:10:31:231 || *************************               ЗАПУСК ПРОГРАММЫ             *************************
20.02.2018 13:10:31:231 || *************************            Время старта: 13:10:31:22             *************************
20.02.2018 13:10:31:231 || *****************************************************************************************
20.02.2018 13:10:31:231 || UCommon.CreateDirectories
20.02.2018 13:10:31:231 || UCommon.CreateDirectories PathFiles=G:\home\ARM_editor\arm_director.1602\Clips
20.02.2018 13:10:31:231 || UCommon.CreateDirectories DirProject=G:\home\ARM_editor\arm_director.1602\Projects
20.02.2018 13:10:31:231 || UCommon.CreateDirectories PathClips=G:\home\ARM_editor\arm_director.1602\Projects\Clips
20.02.2018 13:10:31:231 || UCommon.CreateDirectories PathTemplates=G:\home\ARM_editor\arm_director.1602\Projects\Templates
20.02.2018 13:10:31:231 || UCommon.CreateDirectories PathPlayLists=G:\home\ARM_editor\arm_director.1602\Projects\PlayLists
20.02.2018 13:10:31:231 || UCommon.CreateDirectories PathTemp=G:\home\ARM_editor\arm_director.1602\Projects\Temp
20.02.2018 13:10:31:231 || UCommon.CreateDirectories PathTemp=G:\home\ARM_editor\arm_director.1602\Projects\Keylayouts
20.02.2018 13:10:31:231 || UCommon.CreateDirectories PathLog=G:\home\ARM_editor\arm_director.1602\\Log
20.02.2018 13:10:31:231 || Начало чтения IniFile: G:\home\ARM_editor\arm_director.1602\ARM_Director.ini
20.02.2018 13:10:51:251 || Form1.Create Start
20.02.2018 13:10:51:251 || 
20.02.2018 13:10:51:251 || *****************************************************************************************
20.02.2018 13:10:51:251 || *************************               ЗАПУСК ПРОГРАММЫ             *************************
20.02.2018 13:10:51:251 || *************************            Время старта: 13:10:51:24             *************************
20.02.2018 13:10:51:251 || *****************************************************************************************
20.02.2018 13:10:51:251 || UCommon.CreateDirectories
20.02.2018 13:10:51:251 || UCommon.CreateDirectories PathFiles=G:\home\ARM_editor\arm_director.1602\Clips
20.02.2018 13:10:51:251 || UCommon.CreateDirectories DirProject=G:\home\ARM_editor\arm_director.1602\Projects
20.02.2018 13:10:51:251 || UCommon.CreateDirectories PathClips=G:\home\ARM_editor\arm_director.1602\Projects\Clips
20.02.2018 13:10:51:251 || UCommon.CreateDirectories PathTemplates=G:\home\ARM_editor\arm_director.1602\Projects\Templates
20.02.2018 13:10:51:251 || UCommon.CreateDirectories PathPlayLists=G:\home\ARM_editor\arm_director.1602\Projects\PlayLists
20.02.2018 13:10:51:251 || UCommon.CreateDirectories PathTemp=G:\home\ARM_editor\arm_director.1602\Projects\Temp
20.02.2018 13:10:51:251 || UCommon.CreateDirectories PathTemp=G:\home\ARM_editor\arm_director.1602\Projects\Keylayouts
20.02.2018 13:10:51:251 || UCommon.CreateDirectories PathLog=G:\home\ARM_editor\arm_director.1602\\Log
20.02.2018 13:10:51:251 || Начало чтения IniFile: G:\home\ARM_editor\arm_director.1602\ARM_Director.ini
20.02.2018 13:11:34:234 || Form1.Create Start
20.02.2018 13:11:34:234 || 
20.02.2018 13:11:34:234 || *****************************************************************************************
20.02.2018 13:11:34:234 || *************************               ЗАПУСК ПРОГРАММЫ             *************************
20.02.2018 13:11:34:234 || *************************            Время старта: 13:11:34:08             *************************
20.02.2018 13:11:34:234 || *****************************************************************************************
20.02.2018 13:11:34:234 || UCommon.CreateDirectories
20.02.2018 13:11:34:234 || UCommon.CreateDirectories PathFiles=G:\home\ARM_editor\arm_director.1602\Clips
20.02.2018 13:11:34:234 || UCommon.CreateDirectories DirProject=G:\home\ARM_editor\arm_director.1602\Projects
20.02.2018 13:11:34:234 || UCommon.CreateDirectories PathClips=G:\home\ARM_editor\arm_director.1602\Projects\Clips
20.02.2018 13:11:34:234 || UCommon.CreateDirectories PathTemplates=G:\home\ARM_editor\arm_director.1602\Projects\Templates
20.02.2018 13:11:34:234 || UCommon.CreateDirectories PathPlayLists=G:\home\ARM_editor\arm_director.1602\Projects\PlayLists
20.02.2018 13:11:34:234 || UCommon.CreateDirectories PathTemp=G:\home\ARM_editor\arm_director.1602\Projects\Temp
20.02.2018 13:11:34:234 || UCommon.CreateDirectories PathTemp=G:\home\ARM_editor\arm_director.1602\Projects\Keylayouts
20.02.2018 13:11:34:234 || UCommon.CreateDirectories PathLog=G:\home\ARM_editor\arm_director.1602\\Log
20.02.2018 13:11:34:234 || Начало чтения IniFile: G:\home\ARM_editor\arm_director.1602\ARM_Director.ini
20.02.2018 13:17:45:245 || Form1.Create Start
20.02.2018 13:17:45:245 || 
20.02.2018 13:17:45:245 || *****************************************************************************************
20.02.2018 13:17:45:245 || *************************               ЗАПУСК ПРОГРАММЫ             *************************
20.02.2018 13:17:45:245 || *************************            Время старта: 13:17:45:18             *************************
20.02.2018 13:17:45:245 || *****************************************************************************************
20.02.2018 13:17:45:245 || UCommon.CreateDirectories
20.02.2018 13:17:45:245 || UCommon.CreateDirectories PathFiles=G:\home\ARM_editor\arm_director.1602\Clips
20.02.2018 13:17:45:245 || UCommon.CreateDirectories DirProject=G:\home\ARM_editor\arm_director.1602\Projects
20.02.2018 13:17:45:245 || UCommon.CreateDirectories PathClips=G:\home\ARM_editor\arm_director.1602\Projects\Clips
20.02.2018 13:17:45:245 || UCommon.CreateDirectories PathTemplates=G:\home\ARM_editor\arm_director.1602\Projects\Templates
20.02.2018 13:17:45:245 || UCommon.CreateDirectories PathPlayLists=G:\home\ARM_editor\arm_director.1602\Projects\PlayLists
20.02.2018 13:17:45:245 || UCommon.CreateDirectories PathTemp=G:\home\ARM_editor\arm_director.1602\Projects\Temp
20.02.2018 13:17:45:245 || UCommon.CreateDirectories PathTemp=G:\home\ARM_editor\arm_director.1602\Projects\Keylayouts
20.02.2018 13:17:45:245 || UCommon.CreateDirectories PathLog=G:\home\ARM_editor\arm_director.1602\\Log
20.02.2018 13:17:45:245 || Начало чтения IniFile: G:\home\ARM_editor\arm_director.1602\ARM_Director.ini
20.02.2018 13:20:33:233 || Form1.Create Start
20.02.2018 13:20:33:233 || 
20.02.2018 13:20:33:233 || *****************************************************************************************
20.02.2018 13:20:33:233 || *************************               ЗАПУСК ПРОГРАММЫ             *************************
20.02.2018 13:20:33:233 || *************************            Время старта: 13:20:33:07             *************************
20.02.2018 13:20:33:233 || *****************************************************************************************
20.02.2018 13:20:33:233 || UCommon.CreateDirectories
20.02.2018 13:20:33:233 || UCommon.CreateDirectories PathFiles=G:\home\ARM_editor\arm_director.1602\Clips
20.02.2018 13:20:33:233 || UCommon.CreateDirectories DirProject=G:\home\ARM_editor\arm_director.1602\Projects
20.02.2018 13:20:33:233 || UCommon.CreateDirectories PathClips=G:\home\ARM_editor\arm_director.1602\Projects\Clips
20.02.2018 13:20:33:233 || UCommon.CreateDirectories PathTemplates=G:\home\ARM_editor\arm_director.1602\Projects\Templates
20.02.2018 13:20:33:233 || UCommon.CreateDirectories PathPlayLists=G:\home\ARM_editor\arm_director.1602\Projects\PlayLists
20.02.2018 13:20:33:233 || UCommon.CreateDirectories PathTemp=G:\home\ARM_editor\arm_director.1602\Projects\Temp
20.02.2018 13:20:33:233 || UCommon.CreateDirectories PathTemp=G:\home\ARM_editor\arm_director.1602\Projects\Keylayouts
20.02.2018 13:20:33:233 || UCommon.CreateDirectories PathLog=G:\home\ARM_editor\arm_director.1602\\Log
20.02.2018 13:20:33:233 || Начало чтения IniFile: G:\home\ARM_editor\arm_director.1602\ARM_Director.ini
20.02.2018 14:05:04:24 || Form1.Create Start
20.02.2018 14:05:04:24 || 
20.02.2018 14:05:04:24 || *****************************************************************************************
20.02.2018 14:05:04:24 || *************************               ЗАПУСК ПРОГРАММЫ             *************************
20.02.2018 14:05:04:24 || *************************            Время старта: 14:05:04:22             *************************
20.02.2018 14:05:04:24 || *****************************************************************************************
20.02.2018 14:05:04:24 || UCommon.CreateDirectories
20.02.2018 14:05:04:24 || UCommon.CreateDirectories PathFiles=G:\home\ARM_editor\arm_director.1602\Clips
20.02.2018 14:05:04:24 || UCommon.CreateDirectories DirProject=G:\home\ARM_editor\arm_director.1602\Projects
20.02.2018 14:05:04:24 || UCommon.CreateDirectories PathClips=G:\home\ARM_editor\arm_director.1602\Projects\Clips
20.02.2018 14:05:04:24 || UCommon.CreateDirectories PathTemplates=G:\home\ARM_editor\arm_director.1602\Projects\Templates
20.02.2018 14:05:04:24 || UCommon.CreateDirectories PathPlayLists=G:\home\ARM_editor\arm_director.1602\Projects\PlayLists
20.02.2018 14:05:04:24 || UCommon.CreateDirectories PathTemp=G:\home\ARM_editor\arm_director.1602\Projects\Temp
20.02.2018 14:05:04:24 || UCommon.CreateDirectories PathTemp=G:\home\ARM_editor\arm_director.1602\Projects\Keylayouts
20.02.2018 14:05:04:24 || UCommon.CreateDirectories PathLog=G:\home\ARM_editor\arm_director.1602\\Log
20.02.2018 14:05:04:24 || Начало чтения IniFile: G:\home\ARM_editor\arm_director.1602\ARM_Director.ini
20.02.2018 14:06:09:29 || Form1.Create Start
20.02.2018 14:06:09:29 || 
20.02.2018 14:06:09:29 || *****************************************************************************************
20.02.2018 14:06:09:29 || *************************               ЗАПУСК ПРОГРАММЫ             *************************
20.02.2018 14:06:09:29 || *************************            Время старта: 14:06:09:12             *************************
20.02.2018 14:06:09:29 || *****************************************************************************************
20.02.2018 14:06:09:29 || UCommon.CreateDirectories
20.02.2018 14:06:09:29 || UCommon.CreateDirectories PathFiles=G:\home\ARM_editor\arm_director.1602\Clips
20.02.2018 14:06:09:29 || UCommon.CreateDirectories DirProject=G:\home\ARM_editor\arm_director.1602\Projects
20.02.2018 14:06:09:29 || UCommon.CreateDirectories PathClips=G:\home\ARM_editor\arm_director.1602\Projects\Clips
20.02.2018 14:06:09:29 || UCommon.CreateDirectories PathTemplates=G:\home\ARM_editor\arm_director.1602\Projects\Templates
20.02.2018 14:06:09:29 || UCommon.CreateDirectories PathPlayLists=G:\home\ARM_editor\arm_director.1602\Projects\PlayLists
20.02.2018 14:06:09:29 || UCommon.CreateDirectories PathTemp=G:\home\ARM_editor\arm_director.1602\Projects\Temp
20.02.2018 14:06:09:29 || UCommon.CreateDirectories PathTemp=G:\home\ARM_editor\arm_director.1602\Projects\Keylayouts
20.02.2018 14:06:09:29 || UCommon.CreateDirectories PathLog=G:\home\ARM_editor\arm_director.1602\\Log
20.02.2018 14:06:09:29 || Начало чтения IniFile: G:\home\ARM_editor\arm_director.1602\ARM_Director.ini
20.02.2018 14:57:52:252 || Form1.Create Start
20.02.2018 14:57:52:252 || 
20.02.2018 14:57:52:252 || *****************************************************************************************
20.02.2018 14:57:52:252 || *************************               ЗАПУСК ПРОГРАММЫ             *************************
20.02.2018 14:57:52:252 || *************************            Время старта: 14:57:52:24             *************************
20.02.2018 14:57:52:252 || *****************************************************************************************
20.02.2018 14:57:52:252 || UCommon.CreateDirectories
20.02.2018 14:57:52:252 || UCommon.CreateDirectories PathFiles=G:\home\ARM_editor\arm_director.1602\Clips
20.02.2018 14:57:52:252 || UCommon.CreateDirectories DirProject=G:\home\ARM_editor\arm_director.1602\Projects
20.02.2018 14:57:52:252 || UCommon.CreateDirectories PathClips=G:\home\ARM_editor\arm_director.1602\Projects\Clips
20.02.2018 14:57:52:252 || UCommon.CreateDirectories PathTemplates=G:\home\ARM_editor\arm_director.1602\Projects\Templates
20.02.2018 14:57:52:252 || UCommon.CreateDirectories PathPlayLists=G:\home\ARM_editor\arm_director.1602\Projects\PlayLists
20.02.2018 14:57:52:252 || UCommon.CreateDirectories PathTemp=G:\home\ARM_editor\arm_director.1602\Projects\Temp
20.02.2018 14:57:52:252 || UCommon.CreateDirectories PathTemp=G:\home\ARM_editor\arm_director.1602\Projects\Keylayouts
20.02.2018 14:57:52:252 || UCommon.CreateDirectories PathLog=G:\home\ARM_editor\arm_director.1602\\Log
20.02.2018 14:57:52:252 || Начало чтения IniFile: G:\home\ARM_editor\arm_director.1602\ARM_Director.ini
