vlcCreate
vlcInit
vlcLoad
vlcPlay
vlcWaitFrState
vlcPause
vlcWaitFrState
vlcPause
vlcPlay
vlcWaitFrState
vlcPause
vlcWaitFrState
vlcPause
vlcPlay
vlcWaitFrState
vlcPause
vlcWaitFrState
vlcPause
vlcPlay
vlcWaitFrState
vlcPause
vlcWaitFrState
vlcPause
vlcPlay
vlcWaitFrState
vlcPause
vlcWaitFrState
vlcPause
vlcPlay
vlcWaitFrState
vlcPause
vlcWaitFrState
vlcPause
vlcPlay
vlcWaitFrState
vlcPause
vlcWaitFrState
vlcPause
vlcPlay
vlcWaitFrState
vlcPause
vlcWaitFrState
vlcPause
vlcPlay
vlcWaitFrState
vlcPause
vlcWaitFrState
vlcPause
vlcPlay
vlcWaitFrState
vlcPause
vlcWaitFrState
vlcPause
vlcPlay
vlcWaitFrState
vlcPause
vlcWaitFrState
vlcPause
vlcPlay
vlcWaitFrState
vlcPause
vlcWaitFrState
vlcPause
vlcPlay
vlcWaitFrState
vlcPause
vlcWaitFrState
vlcPause
vlcPlay
vlcWaitFrState
vlcPause
vlcWaitFrState
vlcPause
vlcPlay
vlcWaitFrState
vlcPause
vlcWaitFrState
vlcPause
vlcPlay
vlcWaitFrState
vlcPause
vlcWaitFrState
vlcPause
vlcPlay
vlcWaitFrState
vlcPause
vlcWaitFrState
vlcPause
vlcPlay
vlcWaitFrState
vlcPause
vlcWaitFrState
vlcPause
vlcPlay
vlcWaitFrState
vlcPause
vlcWaitFrState
vlcPause
vlcPlay
vlcWaitFrState
vlcPause
vlcWaitFrState
vlcPause
vlcPlay
vlcWaitFrState
vlcPause
vlcWaitFrState
vlcPause
vlcPlay
vlcWaitFrState
vlcPause
vlcWaitFrState
vlcPause
vlcPlay
vlcWaitFrState
vlcPause
vlcWaitFrState
vlcPause
vlcPlay
vlcWaitFrState
vlcPause
vlcWaitFrState
vlcPause
vlcPlay
vlcWaitFrState
vlcPause
vlcWaitFrState
vlcPause
vlcPlay
vlcWaitFrState
vlcPause
vlcWaitFrState
vlcPause
vlcPlay
vlcWaitFrState
vlcPause
vlcWaitFrState
vlcPause
vlcPlay
vlcWaitFrState
vlcPause
vlcWaitFrState
vlcPause
vlcPlay
vlcWaitFrState
vlcPause
vlcWaitFrState
vlcPause
vlcPlay
vlcWaitFrState
vlcPause
vlcWaitFrState
vlcPause
vlcCreate
vlcInit
vlcLoad
vlcPlay
vlcWaitFrState
vlcPause
vlcWaitFrState
vlcPause
vlcPlay
vlcWaitFrState
vlcLoad
vlcPlay
vlcWaitFrState
vlcCreate
vlcInit
vlcLoad
vlcPlay
vlcWaitFrState
vlcPause
vlcWaitFrState
vlcPause
vlcWaitFrState
vlcPlay
vlcCreate
vlcInit
vlcLoad
vlcPlay
vlcWaitFrState
vlcPause
vlcWaitFrState
vlcPause
vlcWaitFrState
vlcLoad
vlcPlay
vlcWaitFrState
vlcCreate
vlcInit
vlcLoad
vlcPlay
vlcWaitFrState
vlcCreate
vlcInit
vlcLoad
vlcPlay
vlcWaitFrState
vlcPause
vlcWaitFrState
vlcPause
vlcPlay
vlcWaitFrState
vlcPause
vlcWaitFrState
vlcPause
vlcPlay
vlcWaitFrState
vlcPause
vlcWaitFrState
vlcPause
vlcPlay
vlcWaitFrState
vlcPause
vlcWaitFrState
vlcPause
vlcPlay
vlcWaitFrState
