08.02.2018 10:28:31:231 |201822133847263| 3) MediaSetPosition=250
08.02.2018 10:28:40:240 |201822133847263| 3) MediaSetPosition=250
08.02.2018 10:29:06:26 |201822133847263| 3) MediaSetPosition=250
08.02.2018 10:29:06:26 |201822133847263| 3) Position - TLParameters.Preroll=0
08.02.2018 10:29:08:28 |201822133847263| .      103) DBO=19
08.02.2018 10:29:08:28 |201822133847263|       105) DBO=19 3) Rate=1
08.02.2018 10:29:08:28 |201822133847263| 106)      DBO=19
08.02.2018 10:29:08:28 |201822133847263| 106) DrawTimelines Position=250
08.02.2018 10:29:08:28 |201822133847263| 107) DrawTimelines Position=250
08.02.2018 10:29:08:28 |201822133847263|      108) DrawTimelines Position=250
08.02.2018 10:29:08:28 |201822133847263| .      103) DBO=42
08.02.2018 10:29:08:28 |201822133847263|       105) DBO=42 3) Rate=1
08.02.2018 10:29:08:28 |201822133847263| 106)      DBO=42
08.02.2018 10:29:08:28 |201822133847263| 106) DrawTimelines Position=251
08.02.2018 10:29:08:28 |201822133847263| 107) DrawTimelines Position=251
08.02.2018 10:29:08:28 |201822133847263|      108) DrawTimelines Position=251
08.02.2018 10:29:08:28 |201822133847263| .      103) DBO=66
08.02.2018 10:29:08:28 |201822133847263|       105) DBO=66 3) Rate=1
08.02.2018 10:29:08:28 |201822133847263| 106)      DBO=66
08.02.2018 10:29:08:28 |201822133847263| 106) DrawTimelines Position=251
08.02.2018 10:29:08:28 |201822133847263| 107) DrawTimelines Position=251
08.02.2018 10:29:08:28 |201822133847263|      108) DrawTimelines Position=251
08.02.2018 10:29:08:28 |201822133847263| .      103) DBO=79
08.02.2018 10:29:08:28 |201822133847263|       105) DBO=79 3) Rate=1
08.02.2018 10:29:08:28 |201822133847263| 106)      DBO=79
08.02.2018 10:29:08:28 |201822133847263| 106) DrawTimelines Position=251
08.02.2018 10:29:08:28 |201822133847263| 107) DrawTimelines Position=251
08.02.2018 10:29:08:28 |201822133847263|      108) DrawTimelines Position=251
08.02.2018 10:29:08:28 |201822133847263| .      103) DBO=92
08.02.2018 10:29:08:28 |201822133847263|       105) DBO=92 3) Rate=1
08.02.2018 10:29:08:28 |201822133847263| 106)      DBO=92
08.02.2018 10:29:08:28 |201822133847263| 106) DrawTimelines Position=252
08.02.2018 10:29:08:28 |201822133847263| 107) DrawTimelines Position=252
08.02.2018 10:29:08:28 |201822133847263|      108) DrawTimelines Position=252
08.02.2018 10:29:08:28 |201822133847263| .      103) DBO=117
08.02.2018 10:29:08:28 |201822133847263|       105) DBO=117 3) Rate=1
08.02.2018 10:29:08:28 |201822133847263| 106)      DBO=117
08.02.2018 10:29:08:28 |201822133847263| 106) DrawTimelines Position=252
08.02.2018 10:29:08:28 |201822133847263| 107) DrawTimelines Position=252
08.02.2018 10:29:08:28 |201822133847263|      108) DrawTimelines Position=252
08.02.2018 10:29:08:28 |201822133847263| .      103) DBO=129
08.02.2018 10:29:08:28 |201822133847263|       105) DBO=129 3) Rate=1
08.02.2018 10:29:08:28 |201822133847263| 106)      DBO=129
08.02.2018 10:29:08:28 |201822133847263| 106) DrawTimelines Position=253
08.02.2018 10:29:08:28 |201822133847263| 107) DrawTimelines Position=253
08.02.2018 10:29:08:28 |201822133847263|      108) DrawTimelines Position=253
08.02.2018 10:29:08:28 |201822133847263| .      103) DBO=152
08.02.2018 10:29:08:28 |201822133847263|       105) DBO=152 3) Rate=1
08.02.2018 10:29:08:28 |201822133847263| 106)      DBO=152
08.02.2018 10:29:08:28 |201822133847263| 106) DrawTimelines Position=253
08.02.2018 10:29:08:28 |201822133847263| 107) DrawTimelines Position=253
08.02.2018 10:29:08:28 |201822133847263|      108) DrawTimelines Position=253
08.02.2018 10:29:08:28 |201822133847263| .      103) DBO=165
08.02.2018 10:29:08:28 |201822133847263|       105) DBO=165 3) Rate=1
08.02.2018 10:29:08:28 |201822133847263| 106)      DBO=165
08.02.2018 10:29:08:28 |201822133847263| 106) DrawTimelines Position=254
08.02.2018 10:29:08:28 |201822133847263| 107) DrawTimelines Position=254
08.02.2018 10:29:08:28 |201822133847263|      108) DrawTimelines Position=254
08.02.2018 10:29:08:28 |201822133847263| .      103) DBO=188
08.02.2018 10:29:08:28 |201822133847263|       105) DBO=188 3) Rate=1
08.02.2018 10:29:08:28 |201822133847263| 106)      DBO=188
08.02.2018 10:29:08:28 |201822133847263| 106) DrawTimelines Position=254
08.02.2018 10:29:08:28 |201822133847263| 107) DrawTimelines Position=254
08.02.2018 10:29:08:28 |201822133847263|      108) DrawTimelines Position=254
08.02.2018 10:29:08:28 |201822133847263| .      103) DBO=201
08.02.2018 10:29:08:28 |201822133847263|       105) DBO=201 3) Rate=1
08.02.2018 10:29:08:28 |201822133847263| 106)      DBO=201
08.02.2018 10:29:08:28 |201822133847263| 106) DrawTimelines Position=255
08.02.2018 10:29:08:28 |201822133847263| 107) DrawTimelines Position=255
08.02.2018 10:29:08:28 |201822133847263|      108) DrawTimelines Position=255
08.02.2018 10:29:08:28 |201822133847263| .      103) DBO=223
08.02.2018 10:29:08:28 |201822133847263|       105) DBO=223 3) Rate=1
08.02.2018 10:29:08:28 |201822133847263| 106)      DBO=223
08.02.2018 10:29:08:28 |201822133847263| 106) DrawTimelines Position=255
08.02.2018 10:29:08:28 |201822133847263| 107) DrawTimelines Position=255
08.02.2018 10:29:08:28 |201822133847263|      108) DrawTimelines Position=255
08.02.2018 10:29:08:28 |201822133847263| .      103) DBO=228
08.02.2018 10:29:08:28 |201822133847263|       105) DBO=228 3) Rate=1
08.02.2018 10:29:08:28 |201822133847263| 106)      DBO=228
08.02.2018 10:29:08:28 |201822133847263| 106) DrawTimelines Position=255
08.02.2018 10:29:08:28 |201822133847263| 107) DrawTimelines Position=255
08.02.2018 10:29:08:28 |201822133847263|      108) DrawTimelines Position=255
08.02.2018 10:29:08:28 |201822133847263| .      103) DBO=250
08.02.2018 10:29:08:28 |201822133847263|       105) DBO=250 3) Rate=1
08.02.2018 10:29:08:28 |201822133847263| 106)      DBO=250
08.02.2018 10:29:08:28 |201822133847263| 106) DrawTimelines Position=256
08.02.2018 10:29:08:28 |201822133847263| 107) DrawTimelines Position=256
08.02.2018 10:29:08:28 |201822133847263|      108) DrawTimelines Position=256
08.02.2018 10:29:08:28 |201822133847263| .      103) DBO=273
08.02.2018 10:29:08:28 |201822133847263|       105) DBO=273 3) Rate=1
08.02.2018 10:29:08:28 |201822133847263| 106)      DBO=273
08.02.2018 10:29:08:28 |201822133847263| 106) DrawTimelines Position=256
08.02.2018 10:29:08:28 |201822133847263| 107) DrawTimelines Position=256
08.02.2018 10:29:08:28 |201822133847263|      108) DrawTimelines Position=256
08.02.2018 10:29:08:28 |201822133847263| .      103) DBO=285
08.02.2018 10:29:08:28 |201822133847263|       105) DBO=285 3) Rate=1
08.02.2018 10:29:08:28 |201822133847263| 106)      DBO=285
08.02.2018 10:29:08:28 |201822133847263| 106) DrawTimelines Position=257
08.02.2018 10:29:08:28 |201822133847263| 107) DrawTimelines Position=257
08.02.2018 10:29:08:28 |201822133847263|      108) DrawTimelines Position=257
08.02.2018 10:29:08:28 |201822133847263| .      103) DBO=308
08.02.2018 10:29:08:28 |201822133847263|       105) DBO=308 3) Rate=1
08.02.2018 10:29:08:28 |201822133847263| 106)      DBO=308
08.02.2018 10:29:08:28 |201822133847263| 106) DrawTimelines Position=257
08.02.2018 10:29:08:28 |201822133847263| 107) DrawTimelines Position=257
08.02.2018 10:29:08:28 |201822133847263|      108) DrawTimelines Position=257
08.02.2018 10:29:08:28 |201822133847263| .      103) DBO=320
08.02.2018 10:29:08:28 |201822133847263|       105) DBO=320 3) Rate=1
08.02.2018 10:29:08:28 |201822133847263| 106)      DBO=320
08.02.2018 10:29:08:28 |201822133847263| 106) DrawTimelines Position=258
08.02.2018 10:29:08:28 |201822133847263| 107) DrawTimelines Position=258
08.02.2018 10:29:08:28 |201822133847263|      108) DrawTimelines Position=258
08.02.2018 10:29:08:28 |201822133847263| .      103) DBO=342
08.02.2018 10:29:08:28 |201822133847263|       105) DBO=342 3) Rate=1
08.02.2018 10:29:08:28 |201822133847263| 106)      DBO=342
08.02.2018 10:29:08:28 |201822133847263| 106) DrawTimelines Position=258
08.02.2018 10:29:08:28 |201822133847263| 107) DrawTimelines Position=258
08.02.2018 10:29:08:28 |201822133847263|      108) DrawTimelines Position=258
08.02.2018 10:29:08:28 |201822133847263| .      103) DBO=354
08.02.2018 10:29:08:28 |201822133847263|       105) DBO=354 3) Rate=1
08.02.2018 10:29:08:28 |201822133847263| 106)      DBO=354
08.02.2018 10:29:08:28 |201822133847263| 106) DrawTimelines Position=258
08.02.2018 10:29:08:28 |201822133847263| 107) DrawTimelines Position=258
08.02.2018 10:29:08:28 |201822133847263|      108) DrawTimelines Position=258
08.02.2018 10:29:08:28 |201822133847263| .      103) DBO=367
08.02.2018 10:29:08:28 |201822133847263|       105) DBO=367 3) Rate=1
08.02.2018 10:29:08:28 |201822133847263| 106)      DBO=367
08.02.2018 10:29:08:28 |201822133847263| 106) DrawTimelines Position=259
08.02.2018 10:29:08:28 |201822133847263| 107) DrawTimelines Position=259
08.02.2018 10:29:08:28 |201822133847263|      108) DrawTimelines Position=259
08.02.2018 10:29:08:28 |201822133847263| .      103) DBO=391
08.02.2018 10:29:08:28 |201822133847263|       105) DBO=391 3) Rate=1
08.02.2018 10:29:08:28 |201822133847263| 106)      DBO=391
08.02.2018 10:29:08:28 |201822133847263| 106) DrawTimelines Position=259
08.02.2018 10:29:08:28 |201822133847263| 107) DrawTimelines Position=259
08.02.2018 10:29:08:28 |201822133847263|      108) DrawTimelines Position=259
08.02.2018 10:29:08:28 |201822133847263| .      103) DBO=402
08.02.2018 10:29:08:28 |201822133847263|       105) DBO=402 3) Rate=1
08.02.2018 10:29:08:28 |201822133847263| 106)      DBO=402
08.02.2018 10:29:08:28 |201822133847263| 106) DrawTimelines Position=260
08.02.2018 10:29:08:28 |201822133847263| 107) DrawTimelines Position=260
08.02.2018 10:29:08:28 |201822133847263|      108) DrawTimelines Position=260
08.02.2018 10:29:08:28 |201822133847263| .      103) DBO=426
08.02.2018 10:29:08:28 |201822133847263|       105) DBO=426 3) Rate=1
08.02.2018 10:29:08:28 |201822133847263| 106)      DBO=426
08.02.2018 10:29:08:28 |201822133847263| 106) DrawTimelines Position=260
08.02.2018 10:29:08:28 |201822133847263| 107) DrawTimelines Position=260
08.02.2018 10:29:08:28 |201822133847263|      108) DrawTimelines Position=260
08.02.2018 10:29:08:28 |201822133847263| .      103) DBO=439
08.02.2018 10:29:08:28 |201822133847263|       105) DBO=439 3) Rate=1
08.02.2018 10:29:08:28 |201822133847263| 106)      DBO=439
08.02.2018 10:29:08:28 |201822133847263| 106) DrawTimelines Position=260
08.02.2018 10:29:08:28 |201822133847263| 107) DrawTimelines Position=260
08.02.2018 10:29:08:28 |201822133847263|      108) DrawTimelines Position=260
08.02.2018 10:29:08:28 |201822133847263| .      103) DBO=452
08.02.2018 10:29:08:28 |201822133847263|       105) DBO=452 3) Rate=1
08.02.2018 10:29:08:28 |201822133847263| 106)      DBO=452
08.02.2018 10:29:08:28 |201822133847263| 106) DrawTimelines Position=261
08.02.2018 10:29:08:28 |201822133847263| 107) DrawTimelines Position=261
08.02.2018 10:29:08:28 |201822133847263|      108) DrawTimelines Position=261
08.02.2018 10:29:08:28 |201822133847263| .      103) DBO=475
08.02.2018 10:29:08:28 |201822133847263|       105) DBO=475 3) Rate=1
08.02.2018 10:29:08:28 |201822133847263| 106)      DBO=475
08.02.2018 10:29:08:28 |201822133847263| 106) DrawTimelines Position=261
08.02.2018 10:29:08:28 |201822133847263| 107) DrawTimelines Position=261
08.02.2018 10:29:08:28 |201822133847263|      108) DrawTimelines Position=261
08.02.2018 10:29:08:28 |201822133847263| .      103) DBO=480
08.02.2018 10:29:08:28 |201822133847263|       105) DBO=480 3) Rate=1
08.02.2018 10:29:08:28 |201822133847263| 106)      DBO=480
08.02.2018 10:29:08:28 |201822133847263| 106) DrawTimelines Position=262
08.02.2018 10:29:08:28 |201822133847263| 107) DrawTimelines Position=262
08.02.2018 10:29:08:28 |201822133847263|      108) DrawTimelines Position=262
08.02.2018 10:29:08:28 |201822133847263| .      103) DBO=510
08.02.2018 10:29:08:28 |201822133847263|       105) DBO=510 3) Rate=1
08.02.2018 10:29:08:28 |201822133847263| 106)      DBO=510
08.02.2018 10:29:08:28 |201822133847263| 106) DrawTimelines Position=262
08.02.2018 10:29:08:28 |201822133847263| 107) DrawTimelines Position=262
08.02.2018 10:29:08:28 |201822133847263|      108) DrawTimelines Position=262
08.02.2018 10:29:08:28 |201822133847263| .      103) DBO=525
08.02.2018 10:29:08:28 |201822133847263|       105) DBO=525 3) Rate=1
08.02.2018 10:29:08:28 |201822133847263| 106)      DBO=525
08.02.2018 10:29:08:28 |201822133847263| 106) DrawTimelines Position=263
08.02.2018 10:29:08:28 |201822133847263| 107) DrawTimelines Position=263
08.02.2018 10:29:08:28 |201822133847263|      108) DrawTimelines Position=263
08.02.2018 10:29:08:28 |201822133847263| .      103) DBO=548
08.02.2018 10:29:08:28 |201822133847263|       105) DBO=548 3) Rate=1
08.02.2018 10:29:08:28 |201822133847263| 106)      DBO=548
08.02.2018 10:29:08:28 |201822133847263| 106) DrawTimelines Position=263
08.02.2018 10:29:08:28 |201822133847263| 107) DrawTimelines Position=263
08.02.2018 10:29:08:28 |201822133847263|      108) DrawTimelines Position=263
08.02.2018 10:29:08:28 |201822133847263| .      103) DBO=560
08.02.2018 10:29:08:28 |201822133847263|       105) DBO=560 3) Rate=1
08.02.2018 10:29:08:28 |201822133847263| 106)      DBO=560
08.02.2018 10:29:08:28 |201822133847263| 106) DrawTimelines Position=264
08.02.2018 10:29:08:28 |201822133847263| 107) DrawTimelines Position=264
08.02.2018 10:29:08:28 |201822133847263|      108) DrawTimelines Position=264
08.02.2018 10:29:08:28 |201822133847263| .      103) DBO=591
08.02.2018 10:29:08:28 |201822133847263|       105) DBO=591 3) Rate=1
08.02.2018 10:29:08:28 |201822133847263| 106)      DBO=591
08.02.2018 10:29:08:28 |201822133847263| 106) DrawTimelines Position=264
08.02.2018 10:29:08:28 |201822133847263| 107) DrawTimelines Position=264
08.02.2018 10:29:08:28 |201822133847263|      108) DrawTimelines Position=264
08.02.2018 10:29:08:28 |201822133847263| .      103) DBO=604
08.02.2018 10:29:08:28 |201822133847263|       105) DBO=604 3) Rate=1
08.02.2018 10:29:08:28 |201822133847263| 106)      DBO=604
08.02.2018 10:29:08:28 |201822133847263| 106) DrawTimelines Position=265
08.02.2018 10:29:08:28 |201822133847263| 107) DrawTimelines Position=265
08.02.2018 10:29:08:28 |201822133847263|      108) DrawTimelines Position=265
08.02.2018 10:29:08:28 |201822133847263| .      103) DBO=630
08.02.2018 10:29:08:28 |201822133847263|       105) DBO=630 3) Rate=1
08.02.2018 10:29:08:28 |201822133847263| 106)      DBO=630
08.02.2018 10:29:08:28 |201822133847263| 106) DrawTimelines Position=265
08.02.2018 10:29:08:28 |201822133847263| 107) DrawTimelines Position=265
08.02.2018 10:29:08:28 |201822133847263|      108) DrawTimelines Position=265
08.02.2018 10:29:08:28 |201822133847263| .      103) DBO=642
08.02.2018 10:29:08:28 |201822133847263|       105) DBO=642 3) Rate=1
08.02.2018 10:29:08:28 |201822133847263| 106)      DBO=642
08.02.2018 10:29:08:28 |201822133847263| 106) DrawTimelines Position=266
08.02.2018 10:29:08:28 |201822133847263| 107) DrawTimelines Position=266
08.02.2018 10:29:08:28 |201822133847263|      108) DrawTimelines Position=266
08.02.2018 10:29:08:28 |201822133847263| .      103) DBO=665
08.02.2018 10:29:08:28 |201822133847263|       105) DBO=665 3) Rate=1
08.02.2018 10:29:08:28 |201822133847263| 106)      DBO=665
08.02.2018 10:29:08:28 |201822133847263| 106) DrawTimelines Position=266
08.02.2018 10:29:08:28 |201822133847263| 107) DrawTimelines Position=266
08.02.2018 10:29:08:28 |201822133847263|      108) DrawTimelines Position=266
08.02.2018 10:29:08:28 |201822133847263| .      103) DBO=677
08.02.2018 10:29:08:28 |201822133847263|       105) DBO=677 3) Rate=1
08.02.2018 10:29:08:28 |201822133847263| 106)      DBO=677
08.02.2018 10:29:08:28 |201822133847263| 106) DrawTimelines Position=266
08.02.2018 10:29:08:28 |201822133847263| 107) DrawTimelines Position=266
08.02.2018 10:29:08:28 |201822133847263|      108) DrawTimelines Position=266
08.02.2018 10:29:08:28 |201822133847263| .      103) DBO=691
08.02.2018 10:29:08:28 |201822133847263|       105) DBO=691 3) Rate=1
08.02.2018 10:29:08:28 |201822133847263| 106)      DBO=691
08.02.2018 10:29:08:28 |201822133847263| 106) DrawTimelines Position=267
08.02.2018 10:29:08:28 |201822133847263| 107) DrawTimelines Position=267
08.02.2018 10:29:08:28 |201822133847263|      108) DrawTimelines Position=267
08.02.2018 10:29:08:28 |201822133847263| .      103) DBO=714
08.02.2018 10:29:08:28 |201822133847263|       105) DBO=714 3) Rate=1
08.02.2018 10:29:08:28 |201822133847263| 106)      DBO=714
08.02.2018 10:29:08:28 |201822133847263| 106) DrawTimelines Position=267
08.02.2018 10:29:08:28 |201822133847263| 107) DrawTimelines Position=267
08.02.2018 10:29:08:28 |201822133847263|      108) DrawTimelines Position=267
08.02.2018 10:29:08:28 |201822133847263| .      103) DBO=727
08.02.2018 10:29:08:28 |201822133847263|       105) DBO=727 3) Rate=1
08.02.2018 10:29:08:28 |201822133847263| 106)      DBO=727
08.02.2018 10:29:08:28 |201822133847263| 106) DrawTimelines Position=268
08.02.2018 10:29:08:28 |201822133847263| 107) DrawTimelines Position=268
08.02.2018 10:29:08:28 |201822133847263|      108) DrawTimelines Position=268
08.02.2018 10:29:08:28 |201822133847263| .      103) DBO=740
08.02.2018 10:29:08:28 |201822133847263|       105) DBO=740 3) Rate=1
08.02.2018 10:29:08:28 |201822133847263| 106)      DBO=740
08.02.2018 10:29:08:28 |201822133847263| 106) DrawTimelines Position=268
08.02.2018 10:29:08:28 |201822133847263| 107) DrawTimelines Position=268
08.02.2018 10:29:08:28 |201822133847263|      108) DrawTimelines Position=268
08.02.2018 10:29:08:28 |201822133847263| .      103) DBO=761
08.02.2018 10:29:08:28 |201822133847263|       105) DBO=761 3) Rate=1
08.02.2018 10:29:08:28 |201822133847263| 106)      DBO=761
08.02.2018 10:29:08:28 |201822133847263| 106) DrawTimelines Position=269
08.02.2018 10:29:08:28 |201822133847263| 107) DrawTimelines Position=269
08.02.2018 10:29:08:28 |201822133847263|      108) DrawTimelines Position=269
08.02.2018 10:29:08:28 |201822133847263| .      103) DBO=788
08.02.2018 10:29:08:28 |201822133847263|       105) DBO=788 3) Rate=1
08.02.2018 10:29:08:28 |201822133847263| 106)      DBO=788
08.02.2018 10:29:08:28 |201822133847263| 106) DrawTimelines Position=269
08.02.2018 10:29:08:28 |201822133847263| 107) DrawTimelines Position=269
08.02.2018 10:29:08:28 |201822133847263|      108) DrawTimelines Position=269
08.02.2018 10:29:08:28 |201822133847263| .      103) DBO=800
08.02.2018 10:29:08:28 |201822133847263|       105) DBO=800 3) Rate=1
08.02.2018 10:29:08:28 |201822133847263| 106)      DBO=800
08.02.2018 10:29:08:28 |201822133847263| 106) DrawTimelines Position=270
08.02.2018 10:29:08:28 |201822133847263| 107) DrawTimelines Position=270
08.02.2018 10:29:08:28 |201822133847263|      108) DrawTimelines Position=270
08.02.2018 10:29:08:28 |201822133847263| .      103) DBO=827
08.02.2018 10:29:08:28 |201822133847263|       105) DBO=827 3) Rate=1
08.02.2018 10:29:08:28 |201822133847263| 106)      DBO=827
08.02.2018 10:29:08:28 |201822133847263| 106) DrawTimelines Position=270
08.02.2018 10:29:08:28 |201822133847263| 107) DrawTimelines Position=270
08.02.2018 10:29:08:28 |201822133847263|      108) DrawTimelines Position=270
08.02.2018 10:29:08:28 |201822133847263| .      103) DBO=839
08.02.2018 10:29:08:28 |201822133847263|       105) DBO=839 3) Rate=1
08.02.2018 10:29:08:28 |201822133847263| 106)      DBO=839
08.02.2018 10:29:08:28 |201822133847263| 106) DrawTimelines Position=270
08.02.2018 10:29:08:28 |201822133847263| 107) DrawTimelines Position=270
08.02.2018 10:29:08:28 |201822133847263|      108) DrawTimelines Position=270
08.02.2018 10:29:08:28 |201822133847263| .      103) DBO=852
08.02.2018 10:29:08:28 |201822133847263|       105) DBO=852 3) Rate=1
08.02.2018 10:29:08:28 |201822133847263| 106)      DBO=852
08.02.2018 10:29:08:28 |201822133847263| 106) DrawTimelines Position=271
08.02.2018 10:29:08:28 |201822133847263| 107) DrawTimelines Position=271
08.02.2018 10:29:08:28 |201822133847263|      108) DrawTimelines Position=271
08.02.2018 10:29:08:28 |201822133847263| .      103) DBO=875
08.02.2018 10:29:08:28 |201822133847263|       105) DBO=875 3) Rate=1
08.02.2018 10:29:08:28 |201822133847263| 106)      DBO=875
08.02.2018 10:29:08:28 |201822133847263| 106) DrawTimelines Position=271
08.02.2018 10:29:08:28 |201822133847263| 107) DrawTimelines Position=271
08.02.2018 10:29:08:28 |201822133847263|      108) DrawTimelines Position=271
08.02.2018 10:29:08:28 |201822133847263| .      103) DBO=886
08.02.2018 10:29:08:28 |201822133847263|       105) DBO=886 3) Rate=1
08.02.2018 10:29:08:28 |201822133847263| 106)      DBO=886
08.02.2018 10:29:08:28 |201822133847263| 106) DrawTimelines Position=272
08.02.2018 10:29:08:28 |201822133847263| 107) DrawTimelines Position=272
08.02.2018 10:29:08:28 |201822133847263|      108) DrawTimelines Position=272
08.02.2018 10:29:08:28 |201822133847263| .      103) DBO=910
08.02.2018 10:29:08:28 |201822133847263|       105) DBO=910 3) Rate=1
08.02.2018 10:29:08:28 |201822133847263| 106)      DBO=910
08.02.2018 10:29:08:28 |201822133847263| 106) DrawTimelines Position=272
08.02.2018 10:29:08:28 |201822133847263| 107) DrawTimelines Position=272
08.02.2018 10:29:08:28 |201822133847263|      108) DrawTimelines Position=272
08.02.2018 10:29:08:28 |201822133847263| .      103) DBO=923
08.02.2018 10:29:08:28 |201822133847263|       105) DBO=923 3) Rate=1
08.02.2018 10:29:08:28 |201822133847263| 106)      DBO=923
08.02.2018 10:29:08:28 |201822133847263| 106) DrawTimelines Position=273
08.02.2018 10:29:08:28 |201822133847263| 107) DrawTimelines Position=273
08.02.2018 10:29:08:28 |201822133847263|      108) DrawTimelines Position=273
08.02.2018 10:29:08:28 |201822133847263| .      103) DBO=945
08.02.2018 10:29:08:28 |201822133847263|       105) DBO=945 3) Rate=1
08.02.2018 10:29:08:28 |201822133847263| 106)      DBO=945
08.02.2018 10:29:08:28 |201822133847263| 106) DrawTimelines Position=273
08.02.2018 10:29:08:28 |201822133847263| 107) DrawTimelines Position=273
08.02.2018 10:29:08:28 |201822133847263|      108) DrawTimelines Position=273
08.02.2018 10:29:08:28 |201822133847263| .      103) DBO=957
08.02.2018 10:29:08:28 |201822133847263|       105) DBO=957 3) Rate=1
08.02.2018 10:29:08:28 |201822133847263| 106)      DBO=957
08.02.2018 10:29:08:28 |201822133847263| 106) DrawTimelines Position=273
08.02.2018 10:29:08:28 |201822133847263| 107) DrawTimelines Position=273
08.02.2018 10:29:08:28 |201822133847263|      108) DrawTimelines Position=273
08.02.2018 10:29:08:28 |201822133847263| .      103) DBO=968
08.02.2018 10:29:08:28 |201822133847263|       105) DBO=968 3) Rate=1
08.02.2018 10:29:08:28 |201822133847263| 106)      DBO=968
08.02.2018 10:29:08:28 |201822133847263| 106) DrawTimelines Position=274
08.02.2018 10:29:08:28 |201822133847263| 107) DrawTimelines Position=274
08.02.2018 10:29:08:28 |201822133847263|      108) DrawTimelines Position=274
08.02.2018 10:29:08:28 |201822133847263| .      103) DBO=992
08.02.2018 10:29:08:28 |201822133847263|       105) DBO=992 3) Rate=1
08.02.2018 10:29:08:28 |201822133847263| 106)      DBO=992
08.02.2018 10:29:08:28 |201822133847263| 106) DrawTimelines Position=274
08.02.2018 10:29:08:28 |201822133847263| 107) DrawTimelines Position=274
08.02.2018 10:29:08:28 |201822133847263|      108) DrawTimelines Position=274
08.02.2018 10:29:09:29 |201822133847263| .      103) DBO=1000
08.02.2018 10:29:09:29 |201822133847263|       105) DBO=1000 3) Rate=1
08.02.2018 10:29:09:29 |201822133847263| 106)      DBO=1000
08.02.2018 10:29:09:29 |201822133847263| 106) DrawTimelines Position=275
08.02.2018 10:29:09:29 |201822133847263| 107) DrawTimelines Position=275
08.02.2018 10:29:09:29 |201822133847263|      108) DrawTimelines Position=275
08.02.2018 10:29:09:29 |201822133847263| .      103) DBO=1027
08.02.2018 10:29:09:29 |201822133847263|       105) DBO=1027 3) Rate=1
08.02.2018 10:29:09:29 |201822133847263| 106)      DBO=1027
08.02.2018 10:29:09:29 |201822133847263| 106) DrawTimelines Position=275
08.02.2018 10:29:09:29 |201822133847263| 107) DrawTimelines Position=275
08.02.2018 10:29:09:29 |201822133847263|      108) DrawTimelines Position=275
08.02.2018 10:29:09:29 |201822133847263| .      103) DBO=1039
08.02.2018 10:29:09:29 |201822133847263|       105) DBO=1039 3) Rate=1
08.02.2018 10:29:09:29 |201822133847263| 106)      DBO=1039
08.02.2018 10:29:09:29 |201822133847263| 106) DrawTimelines Position=275
08.02.2018 10:29:09:29 |201822133847263| 107) DrawTimelines Position=275
08.02.2018 10:29:09:29 |201822133847263|      108) DrawTimelines Position=275
08.02.2018 10:29:09:29 |201822133847263| .      103) DBO=1052
08.02.2018 10:29:09:29 |201822133847263|       105) DBO=1052 3) Rate=1
08.02.2018 10:29:09:29 |201822133847263| 106)      DBO=1052
08.02.2018 10:29:09:29 |201822133847263| 106) DrawTimelines Position=276
08.02.2018 10:29:09:29 |201822133847263| 107) DrawTimelines Position=276
08.02.2018 10:29:09:29 |201822133847263|      108) DrawTimelines Position=276
08.02.2018 10:29:09:29 |201822133847263| .      103) DBO=1077
08.02.2018 10:29:09:29 |201822133847263|       105) DBO=1077 3) Rate=1
08.02.2018 10:29:09:29 |201822133847263| 106)      DBO=1077
08.02.2018 10:29:09:29 |201822133847263| 106) DrawTimelines Position=276
08.02.2018 10:29:09:29 |201822133847263| 107) DrawTimelines Position=276
08.02.2018 10:29:09:29 |201822133847263|      108) DrawTimelines Position=276
08.02.2018 10:29:09:29 |201822133847263| .      103) DBO=1089
08.02.2018 10:29:09:29 |201822133847263|       105) DBO=1089 3) Rate=1
08.02.2018 10:29:09:29 |201822133847263| 106)      DBO=1089
08.02.2018 10:29:09:29 |201822133847263| 106) DrawTimelines Position=277
08.02.2018 10:29:09:29 |201822133847263| 107) DrawTimelines Position=277
08.02.2018 10:29:09:29 |201822133847263|      108) DrawTimelines Position=277
08.02.2018 10:29:09:29 |201822133847263| .      103) DBO=1112
08.02.2018 10:29:09:29 |201822133847263|       105) DBO=1112 3) Rate=1
08.02.2018 10:29:09:29 |201822133847263| 106)      DBO=1112
08.02.2018 10:29:09:29 |201822133847263| 106) DrawTimelines Position=277
08.02.2018 10:29:09:29 |201822133847263| 107) DrawTimelines Position=277
08.02.2018 10:29:09:29 |201822133847263|      108) DrawTimelines Position=277
08.02.2018 10:29:09:29 |201822133847263| .      103) DBO=1126
08.02.2018 10:29:09:29 |201822133847263|       105) DBO=1126 3) Rate=1
08.02.2018 10:29:09:29 |201822133847263| 106)      DBO=1126
08.02.2018 10:29:09:29 |201822133847263| 106) DrawTimelines Position=278
08.02.2018 10:29:09:29 |201822133847263| 107) DrawTimelines Position=278
08.02.2018 10:29:09:29 |201822133847263|      108) DrawTimelines Position=278
08.02.2018 10:29:09:29 |201822133847263| .      103) DBO=1148
08.02.2018 10:29:09:29 |201822133847263|       105) DBO=1148 3) Rate=1
08.02.2018 10:29:09:29 |201822133847263| 106)      DBO=1148
08.02.2018 10:29:09:29 |201822133847263| 106) DrawTimelines Position=278
08.02.2018 10:29:09:29 |201822133847263| 107) DrawTimelines Position=278
08.02.2018 10:29:09:29 |201822133847263|      108) DrawTimelines Position=278
08.02.2018 10:29:09:29 |201822133847263| .      103) DBO=1161
08.02.2018 10:29:09:29 |201822133847263|       105) DBO=1161 3) Rate=1
08.02.2018 10:29:09:29 |201822133847263| 106)      DBO=1161
08.02.2018 10:29:09:29 |201822133847263| 106) DrawTimelines Position=279
08.02.2018 10:29:09:29 |201822133847263| 107) DrawTimelines Position=279
08.02.2018 10:29:09:29 |201822133847263|      108) DrawTimelines Position=279
08.02.2018 10:29:09:29 |201822133847263| .      103) DBO=1185
08.02.2018 10:29:09:29 |201822133847263|       105) DBO=1185 3) Rate=1
08.02.2018 10:29:09:29 |201822133847263| 106)      DBO=1185
08.02.2018 10:29:09:29 |201822133847263| 106) DrawTimelines Position=279
08.02.2018 10:29:09:29 |201822133847263| 107) DrawTimelines Position=279
08.02.2018 10:29:09:29 |201822133847263|      108) DrawTimelines Position=279
08.02.2018 10:29:09:29 |201822133847263| .      103) DBO=1198
08.02.2018 10:29:09:29 |201822133847263|       105) DBO=1198 3) Rate=1
08.02.2018 10:29:09:29 |201822133847263| 106)      DBO=1198
08.02.2018 10:29:09:29 |201822133847263| 106) DrawTimelines Position=279
08.02.2018 10:29:09:29 |201822133847263| 107) DrawTimelines Position=279
08.02.2018 10:29:09:29 |201822133847263|      108) DrawTimelines Position=279
08.02.2018 10:29:09:29 |201822133847263| .      103) DBO=1210
08.02.2018 10:29:09:29 |201822133847263|       105) DBO=1210 3) Rate=1
08.02.2018 10:29:09:29 |201822133847263| 106)      DBO=1210
08.02.2018 10:29:09:29 |201822133847263| 106) DrawTimelines Position=280
08.02.2018 10:29:09:29 |201822133847263| 107) DrawTimelines Position=280
08.02.2018 10:29:09:29 |201822133847263|      108) DrawTimelines Position=280
08.02.2018 10:29:09:29 |201822133847263| .      103) DBO=1233
08.02.2018 10:29:09:29 |201822133847263|       105) DBO=1233 3) Rate=1
08.02.2018 10:29:09:29 |201822133847263| 106)      DBO=1233
08.02.2018 10:29:09:29 |201822133847263| 106) DrawTimelines Position=280
08.02.2018 10:29:09:29 |201822133847263| 107) DrawTimelines Position=280
08.02.2018 10:29:09:29 |201822133847263|      108) DrawTimelines Position=280
08.02.2018 10:29:09:29 |201822133847263| .      103) DBO=1245
08.02.2018 10:29:09:29 |201822133847263|       105) DBO=1245 3) Rate=1
08.02.2018 10:29:09:29 |201822133847263| 106)      DBO=1245
08.02.2018 10:29:09:29 |201822133847263| 106) DrawTimelines Position=281
08.02.2018 10:29:09:29 |201822133847263| 107) DrawTimelines Position=281
08.02.2018 10:29:09:29 |201822133847263|      108) DrawTimelines Position=281
08.02.2018 10:29:09:29 |201822133847263| .      103) DBO=1260
08.02.2018 10:29:09:29 |201822133847263|       105) DBO=1260 3) Rate=1
08.02.2018 10:29:09:29 |201822133847263| 106)      DBO=1260
08.02.2018 10:29:09:29 |201822133847263| 106) DrawTimelines Position=281
08.02.2018 10:29:09:29 |201822133847263| 107) DrawTimelines Position=281
08.02.2018 10:29:09:29 |201822133847263|      108) DrawTimelines Position=281
08.02.2018 10:29:09:29 |201822133847263| .      103) DBO=1279
08.02.2018 10:29:09:29 |201822133847263|       105) DBO=1279 3) Rate=1
08.02.2018 10:29:09:29 |201822133847263| 106)      DBO=1279
08.02.2018 10:29:09:29 |201822133847263| 106) DrawTimelines Position=281
08.02.2018 10:29:09:29 |201822133847263| 107) DrawTimelines Position=281
08.02.2018 10:29:09:29 |201822133847263|      108) DrawTimelines Position=281
08.02.2018 10:29:09:29 |201822133847263| .      103) DBO=1291
08.02.2018 10:29:09:29 |201822133847263|       105) DBO=1291 3) Rate=1
08.02.2018 10:29:09:29 |201822133847263| 106)      DBO=1291
08.02.2018 10:29:09:29 |201822133847263| 106) DrawTimelines Position=282
08.02.2018 10:29:09:29 |201822133847263| 107) DrawTimelines Position=282
08.02.2018 10:29:09:29 |201822133847263|      108) DrawTimelines Position=282
08.02.2018 10:29:09:29 |201822133847263| .      103) DBO=1315
08.02.2018 10:29:09:29 |201822133847263|       105) DBO=1315 3) Rate=1
08.02.2018 10:29:09:29 |201822133847263| 106)      DBO=1315
08.02.2018 10:29:09:29 |201822133847263| 106) DrawTimelines Position=282
08.02.2018 10:29:09:29 |201822133847263| 107) DrawTimelines Position=282
08.02.2018 10:29:09:29 |201822133847263|      108) DrawTimelines Position=282
08.02.2018 10:29:09:29 |201822133847263| .      103) DBO=1328
08.02.2018 10:29:09:29 |201822133847263|       105) DBO=1328 3) Rate=1
08.02.2018 10:29:09:29 |201822133847263| 106)      DBO=1328
08.02.2018 10:29:09:29 |201822133847263| 106) DrawTimelines Position=283
08.02.2018 10:29:09:29 |201822133847263| 107) DrawTimelines Position=283
08.02.2018 10:29:09:29 |201822133847263|      108) DrawTimelines Position=283
08.02.2018 10:29:09:29 |201822133847263| .      103) DBO=1350
08.02.2018 10:29:09:29 |201822133847263|       105) DBO=1350 3) Rate=1
08.02.2018 10:29:09:29 |201822133847263| 106)      DBO=1350
08.02.2018 10:29:09:29 |201822133847263| 106) DrawTimelines Position=283
08.02.2018 10:29:09:29 |201822133847263| 107) DrawTimelines Position=283
08.02.2018 10:29:09:29 |201822133847263|      108) DrawTimelines Position=283
08.02.2018 10:29:09:29 |201822133847263| .      103) DBO=1361
08.02.2018 10:29:09:29 |201822133847263|       105) DBO=1361 3) Rate=1
08.02.2018 10:29:09:29 |201822133847263| 106)      DBO=1361
08.02.2018 10:29:09:29 |201822133847263| 106) DrawTimelines Position=284
08.02.2018 10:29:09:29 |201822133847263| 107) DrawTimelines Position=284
08.02.2018 10:29:09:29 |201822133847263|      108) DrawTimelines Position=284
08.02.2018 10:29:09:29 |201822133847263| .      103) DBO=1386
08.02.2018 10:29:09:29 |201822133847263|       105) DBO=1386 3) Rate=1
08.02.2018 10:29:09:29 |201822133847263| 106)      DBO=1386
08.02.2018 10:29:09:29 |201822133847263| 106) DrawTimelines Position=284
08.02.2018 10:29:09:29 |201822133847263| 107) DrawTimelines Position=284
08.02.2018 10:29:09:29 |201822133847263|      108) DrawTimelines Position=284
08.02.2018 10:29:09:29 |201822133847263| .      103) DBO=1402
08.02.2018 10:29:09:29 |201822133847263|       105) DBO=1402 3) Rate=1
08.02.2018 10:29:09:29 |201822133847263| 106)      DBO=1402
08.02.2018 10:29:09:29 |201822133847263| 106) DrawTimelines Position=285
08.02.2018 10:29:09:29 |201822133847263| 107) DrawTimelines Position=285
08.02.2018 10:29:09:29 |201822133847263|      108) DrawTimelines Position=285
08.02.2018 10:29:09:29 |201822133847263| .      103) DBO=1424
08.02.2018 10:29:09:29 |201822133847263|       105) DBO=1424 3) Rate=1
08.02.2018 10:29:09:29 |201822133847263| 106)      DBO=1424
08.02.2018 10:29:09:29 |201822133847263| 106) DrawTimelines Position=285
08.02.2018 10:29:09:29 |201822133847263| 107) DrawTimelines Position=285
08.02.2018 10:29:09:29 |201822133847263|      108) DrawTimelines Position=285
08.02.2018 10:29:09:29 |201822133847263| .      103) DBO=1436
08.02.2018 10:29:09:29 |201822133847263|       105) DBO=1436 3) Rate=1
08.02.2018 10:29:09:29 |201822133847263| 106)      DBO=1436
08.02.2018 10:29:09:29 |201822133847263| 106) DrawTimelines Position=285
08.02.2018 10:29:09:29 |201822133847263| 107) DrawTimelines Position=285
08.02.2018 10:29:09:29 |201822133847263|      108) DrawTimelines Position=285
08.02.2018 10:29:09:29 |201822133847263| .      103) DBO=1448
08.02.2018 10:29:09:29 |201822133847263|       105) DBO=1448 3) Rate=1
08.02.2018 10:29:09:29 |201822133847263| 106)      DBO=1448
08.02.2018 10:29:09:29 |201822133847263| 106) DrawTimelines Position=286
08.02.2018 10:29:09:29 |201822133847263| 107) DrawTimelines Position=286
08.02.2018 10:29:09:29 |201822133847263|      108) DrawTimelines Position=286
08.02.2018 10:29:09:29 |201822133847263| .      103) DBO=1470
08.02.2018 10:29:09:29 |201822133847263|       105) DBO=1470 3) Rate=1
08.02.2018 10:29:09:29 |201822133847263| 106)      DBO=1470
08.02.2018 10:29:09:29 |201822133847263| 106) DrawTimelines Position=286
08.02.2018 10:29:09:29 |201822133847263| 107) DrawTimelines Position=286
08.02.2018 10:29:09:29 |201822133847263|      108) DrawTimelines Position=286
08.02.2018 10:29:09:29 |201822133847263| .      103) DBO=1483
08.02.2018 10:29:09:29 |201822133847263|       105) DBO=1483 3) Rate=1
08.02.2018 10:29:09:29 |201822133847263| 106)      DBO=1483
08.02.2018 10:29:09:29 |201822133847263| 106) DrawTimelines Position=287
08.02.2018 10:29:09:29 |201822133847263| 107) DrawTimelines Position=287
08.02.2018 10:29:09:29 |201822133847263|      108) DrawTimelines Position=287
08.02.2018 10:29:09:29 |201822133847263| .      103) DBO=1505
08.02.2018 10:29:09:29 |201822133847263|       105) DBO=1505 3) Rate=1
08.02.2018 10:29:09:29 |201822133847263| 106)      DBO=1505
08.02.2018 10:29:09:29 |201822133847263| 106) DrawTimelines Position=287
08.02.2018 10:29:09:29 |201822133847263| 107) DrawTimelines Position=287
08.02.2018 10:29:09:29 |201822133847263|      108) DrawTimelines Position=287
08.02.2018 10:29:09:29 |201822133847263| .      103) DBO=1518
08.02.2018 10:29:09:29 |201822133847263|       105) DBO=1518 3) Rate=1
08.02.2018 10:29:09:29 |201822133847263| 106)      DBO=1518
08.02.2018 10:29:09:29 |201822133847263| 106) DrawTimelines Position=287
08.02.2018 10:29:09:29 |201822133847263| 107) DrawTimelines Position=287
08.02.2018 10:29:09:29 |201822133847263|      108) DrawTimelines Position=287
08.02.2018 10:29:09:29 |201822133847263| .      103) DBO=1520
08.02.2018 10:29:09:29 |201822133847263|       105) DBO=1520 3) Rate=1
08.02.2018 10:29:09:29 |201822133847263| 106)      DBO=1520
08.02.2018 10:29:09:29 |201822133847263| 106) DrawTimelines Position=288
08.02.2018 10:29:09:29 |201822133847263| 107) DrawTimelines Position=288
08.02.2018 10:29:09:29 |201822133847263|      108) DrawTimelines Position=288
08.02.2018 10:29:09:29 |201822133847263| .      103) DBO=1577
08.02.2018 10:29:09:29 |201822133847263|       105) DBO=1577 3) Rate=1
08.02.2018 10:29:09:29 |201822133847263| 106)      DBO=1577
08.02.2018 10:29:09:29 |201822133847263| 106) DrawTimelines Position=289
08.02.2018 10:29:09:29 |201822133847263| 107) DrawTimelines Position=289
08.02.2018 10:29:09:29 |201822133847263|      108) DrawTimelines Position=289
08.02.2018 10:29:09:29 |201822133847263| .      103) DBO=1604
08.02.2018 10:29:09:29 |201822133847263|       105) DBO=1604 3) Rate=1
08.02.2018 10:29:09:29 |201822133847263| 106)      DBO=1604
08.02.2018 10:29:09:29 |201822133847263| 106) DrawTimelines Position=290
08.02.2018 10:29:09:29 |201822133847263| 107) DrawTimelines Position=290
08.02.2018 10:29:09:29 |201822133847263|      108) DrawTimelines Position=290
08.02.2018 10:29:09:29 |201822133847263| .      103) DBO=1626
08.02.2018 10:29:09:29 |201822133847263|       105) DBO=1626 3) Rate=1
08.02.2018 10:29:09:29 |201822133847263| 106)      DBO=1626
08.02.2018 10:29:09:29 |201822133847263| 106) DrawTimelines Position=290
08.02.2018 10:29:09:29 |201822133847263| 107) DrawTimelines Position=290
08.02.2018 10:29:09:29 |201822133847263|      108) DrawTimelines Position=290
08.02.2018 10:29:09:29 |201822133847263| .      103) DBO=1638
08.02.2018 10:29:09:29 |201822133847263|       105) DBO=1638 3) Rate=1
08.02.2018 10:29:09:29 |201822133847263| 106)      DBO=1638
08.02.2018 10:29:09:29 |201822133847263| 106) DrawTimelines Position=290
08.02.2018 10:29:09:29 |201822133847263| 107) DrawTimelines Position=290
08.02.2018 10:29:09:29 |201822133847263|      108) DrawTimelines Position=290
08.02.2018 10:29:09:29 |201822133847263| .      103) DBO=1653
08.02.2018 10:29:09:29 |201822133847263|       105) DBO=1653 3) Rate=1
08.02.2018 10:29:09:29 |201822133847263| 106)      DBO=1653
08.02.2018 10:29:09:29 |201822133847263| 106) DrawTimelines Position=291
08.02.2018 10:29:09:29 |201822133847263| 107) DrawTimelines Position=291
08.02.2018 10:29:09:29 |201822133847263|      108) DrawTimelines Position=291
08.02.2018 10:29:09:29 |201822133847263| .      103) DBO=1675
08.02.2018 10:29:09:29 |201822133847263|       105) DBO=1675 3) Rate=1
08.02.2018 10:29:09:29 |201822133847263| 106)      DBO=1675
08.02.2018 10:29:09:29 |201822133847263| 106) DrawTimelines Position=291
08.02.2018 10:29:09:29 |201822133847263| 107) DrawTimelines Position=291
08.02.2018 10:29:09:29 |201822133847263|      108) DrawTimelines Position=291
08.02.2018 10:29:09:29 |201822133847263| .      103) DBO=1688
08.02.2018 10:29:09:29 |201822133847263|       105) DBO=1688 3) Rate=1
08.02.2018 10:29:09:29 |201822133847263| 106)      DBO=1688
08.02.2018 10:29:09:29 |201822133847263| 106) DrawTimelines Position=292
08.02.2018 10:29:09:29 |201822133847263| 107) DrawTimelines Position=292
08.02.2018 10:29:09:29 |201822133847263|      108) DrawTimelines Position=292
08.02.2018 10:29:09:29 |201822133847263| .      103) DBO=1711
08.02.2018 10:29:09:29 |201822133847263|       105) DBO=1711 3) Rate=1
08.02.2018 10:29:09:29 |201822133847263| 106)      DBO=1711
08.02.2018 10:29:09:29 |201822133847263| 106) DrawTimelines Position=292
08.02.2018 10:29:09:29 |201822133847263| 107) DrawTimelines Position=292
08.02.2018 10:29:09:29 |201822133847263|      108) DrawTimelines Position=292
08.02.2018 10:29:09:29 |201822133847263| .      103) DBO=1727
08.02.2018 10:29:09:29 |201822133847263|       105) DBO=1727 3) Rate=1
08.02.2018 10:29:09:29 |201822133847263| 106)      DBO=1727
08.02.2018 10:29:09:29 |201822133847263| 106) DrawTimelines Position=293
08.02.2018 10:29:09:29 |201822133847263| 107) DrawTimelines Position=293
08.02.2018 10:29:09:29 |201822133847263|      108) DrawTimelines Position=293
08.02.2018 10:29:09:29 |201822133847263| .      103) DBO=1749
08.02.2018 10:29:09:29 |201822133847263|       105) DBO=1749 3) Rate=1
08.02.2018 10:29:09:29 |201822133847263| 106)      DBO=1749
08.02.2018 10:29:09:29 |201822133847263| 106) DrawTimelines Position=293
08.02.2018 10:29:09:29 |201822133847263| 107) DrawTimelines Position=293
08.02.2018 10:29:09:29 |201822133847263|      108) DrawTimelines Position=293
08.02.2018 10:29:09:29 |201822133847263| .      103) DBO=1761
08.02.2018 10:29:09:29 |201822133847263|       105) DBO=1761 3) Rate=1
08.02.2018 10:29:09:29 |201822133847263| 106)      DBO=1761
08.02.2018 10:29:09:29 |201822133847263| 106) DrawTimelines Position=294
08.02.2018 10:29:09:29 |201822133847263| 107) DrawTimelines Position=294
08.02.2018 10:29:09:29 |201822133847263|      108) DrawTimelines Position=294
08.02.2018 10:29:09:29 |201822133847263| .      103) DBO=1780
08.02.2018 10:29:09:29 |201822133847263|       105) DBO=1780 3) Rate=1
08.02.2018 10:29:09:29 |201822133847263| 106)      DBO=1780
08.02.2018 10:29:09:29 |201822133847263| 106) DrawTimelines Position=294
08.02.2018 10:29:09:29 |201822133847263| 107) DrawTimelines Position=294
08.02.2018 10:29:09:29 |201822133847263|      108) DrawTimelines Position=294
08.02.2018 10:29:09:29 |201822133847263| .      103) DBO=1803
08.02.2018 10:29:09:29 |201822133847263|       105) DBO=1803 3) Rate=1
08.02.2018 10:29:09:29 |201822133847263| 106)      DBO=1803
08.02.2018 10:29:09:29 |201822133847263| 106) DrawTimelines Position=295
08.02.2018 10:29:09:29 |201822133847263| 107) DrawTimelines Position=295
08.02.2018 10:29:09:29 |201822133847263|      108) DrawTimelines Position=295
08.02.2018 10:29:09:29 |201822133847263| .      103) DBO=1828
08.02.2018 10:29:09:29 |201822133847263|       105) DBO=1828 3) Rate=1
08.02.2018 10:29:09:29 |201822133847263| 106)      DBO=1828
08.02.2018 10:29:09:29 |201822133847263| 106) DrawTimelines Position=295
08.02.2018 10:29:09:29 |201822133847263| 107) DrawTimelines Position=295
08.02.2018 10:29:09:29 |201822133847263|      108) DrawTimelines Position=295
08.02.2018 10:29:09:29 |201822133847263| .      103) DBO=1841
08.02.2018 10:29:09:29 |201822133847263|       105) DBO=1841 3) Rate=1
08.02.2018 10:29:09:29 |201822133847263| 106)      DBO=1841
08.02.2018 10:29:09:29 |201822133847263| 106) DrawTimelines Position=296
08.02.2018 10:29:09:29 |201822133847263| 107) DrawTimelines Position=296
08.02.2018 10:29:09:29 |201822133847263|      108) DrawTimelines Position=296
08.02.2018 10:29:09:29 |201822133847263| .      103) DBO=1863
08.02.2018 10:29:09:29 |201822133847263|       105) DBO=1863 3) Rate=1
08.02.2018 10:29:09:29 |201822133847263| 106)      DBO=1863
08.02.2018 10:29:09:29 |201822133847263| 106) DrawTimelines Position=296
08.02.2018 10:29:09:29 |201822133847263| 107) DrawTimelines Position=296
08.02.2018 10:29:09:29 |201822133847263|      108) DrawTimelines Position=296
08.02.2018 10:29:09:29 |201822133847263| .      103) DBO=1876
08.02.2018 10:29:09:29 |201822133847263|       105) DBO=1876 3) Rate=1
08.02.2018 10:29:09:29 |201822133847263| 106)      DBO=1876
08.02.2018 10:29:09:29 |201822133847263| 106) DrawTimelines Position=296
08.02.2018 10:29:09:29 |201822133847263| 107) DrawTimelines Position=296
08.02.2018 10:29:09:29 |201822133847263|      108) DrawTimelines Position=296
08.02.2018 10:29:09:29 |201822133847263| .      103) DBO=1888
08.02.2018 10:29:09:29 |201822133847263|       105) DBO=1888 3) Rate=1
08.02.2018 10:29:09:29 |201822133847263| 106)      DBO=1888
08.02.2018 10:29:09:29 |201822133847263| 106) DrawTimelines Position=297
08.02.2018 10:29:09:29 |201822133847263| 107) DrawTimelines Position=297
08.02.2018 10:29:09:29 |201822133847263|      108) DrawTimelines Position=297
08.02.2018 10:29:09:29 |201822133847263| .      103) DBO=1910
08.02.2018 10:29:09:29 |201822133847263|       105) DBO=1910 3) Rate=1
08.02.2018 10:29:09:29 |201822133847263| 106)      DBO=1910
08.02.2018 10:29:09:29 |201822133847263| 106) DrawTimelines Position=297
08.02.2018 10:29:09:29 |201822133847263| 107) DrawTimelines Position=297
08.02.2018 10:29:09:29 |201822133847263|      108) DrawTimelines Position=297
08.02.2018 10:29:09:29 |201822133847263| .      103) DBO=1925
08.02.2018 10:29:09:29 |201822133847263|       105) DBO=1925 3) Rate=1
08.02.2018 10:29:09:29 |201822133847263| 106)      DBO=1925
08.02.2018 10:29:09:29 |201822133847263| 106) DrawTimelines Position=298
08.02.2018 10:29:09:29 |201822133847263| 107) DrawTimelines Position=298
08.02.2018 10:29:09:29 |201822133847263|      108) DrawTimelines Position=298
08.02.2018 10:29:09:29 |201822133847263| .      103) DBO=1947
08.02.2018 10:29:09:29 |201822133847263|       105) DBO=1947 3) Rate=1
08.02.2018 10:29:09:29 |201822133847263| 106)      DBO=1947
08.02.2018 10:29:09:29 |201822133847263| 106) DrawTimelines Position=298
08.02.2018 10:29:09:29 |201822133847263| 107) DrawTimelines Position=298
08.02.2018 10:29:09:29 |201822133847263|      108) DrawTimelines Position=298
08.02.2018 10:29:09:29 |201822133847263| .      103) DBO=1958
08.02.2018 10:29:09:29 |201822133847263|       105) DBO=1958 3) Rate=1
08.02.2018 10:29:09:29 |201822133847263| 106)      DBO=1958
08.02.2018 10:29:09:29 |201822133847263| 106) DrawTimelines Position=298
08.02.2018 10:29:09:29 |201822133847263| 107) DrawTimelines Position=298
08.02.2018 10:29:09:29 |201822133847263|      108) DrawTimelines Position=298
08.02.2018 10:29:09:29 |201822133847263| .      103) DBO=1972
08.02.2018 10:29:09:29 |201822133847263|       105) DBO=1972 3) Rate=1
08.02.2018 10:29:09:29 |201822133847263| 106)      DBO=1972
08.02.2018 10:29:09:29 |201822133847263| 106) DrawTimelines Position=299
08.02.2018 10:29:09:29 |201822133847263| 107) DrawTimelines Position=299
08.02.2018 10:29:09:29 |201822133847263|      108) DrawTimelines Position=299
08.02.2018 10:29:09:29 |201822133847263| .      103) DBO=1995
08.02.2018 10:29:09:29 |201822133847263|       105) DBO=1995 3) Rate=1
08.02.2018 10:29:09:29 |201822133847263| 106)      DBO=1995
08.02.2018 10:29:09:29 |201822133847263| 106) DrawTimelines Position=299
08.02.2018 10:29:09:29 |201822133847263| 107) DrawTimelines Position=299
08.02.2018 10:29:09:29 |201822133847263|      108) DrawTimelines Position=299
08.02.2018 10:29:10:210 |201822133847263| .      103) DBO=2009
08.02.2018 10:29:10:210 |201822133847263|       105) DBO=2009 3) Rate=1
08.02.2018 10:29:10:210 |201822133847263| 106)      DBO=2009
08.02.2018 10:29:10:210 |201822133847263| 106) DrawTimelines Position=300
08.02.2018 10:29:10:210 |201822133847263| 107) DrawTimelines Position=300
08.02.2018 10:29:10:210 |201822133847263|      108) DrawTimelines Position=300
08.02.2018 10:29:10:210 |201822133847263| .      103) DBO=2034
08.02.2018 10:29:10:210 |201822133847263|       105) DBO=2034 3) Rate=1
08.02.2018 10:29:10:210 |201822133847263| 106)      DBO=2034
08.02.2018 10:29:10:210 |201822133847263| 106) DrawTimelines Position=300
08.02.2018 10:29:10:210 |201822133847263| 107) DrawTimelines Position=300
08.02.2018 10:29:10:210 |201822133847263|      108) DrawTimelines Position=300
08.02.2018 10:29:10:210 |201822133847263| .      103) DBO=2040
08.02.2018 10:29:10:210 |201822133847263|       105) DBO=2040 3) Rate=1
08.02.2018 10:29:10:210 |201822133847263| 106)      DBO=2040
08.02.2018 10:29:10:210 |201822133847263| 106) DrawTimelines Position=301
08.02.2018 10:29:10:210 |201822133847263| 107) DrawTimelines Position=301
08.02.2018 10:29:10:210 |201822133847263|      108) DrawTimelines Position=301
08.02.2018 10:29:10:210 |201822133847263| .      103) DBO=2071
08.02.2018 10:29:10:210 |201822133847263|       105) DBO=2071 3) Rate=1
08.02.2018 10:29:10:210 |201822133847263| 106)      DBO=2071
08.02.2018 10:29:10:210 |201822133847263| 106) DrawTimelines Position=301
08.02.2018 10:29:10:210 |201822133847263| 107) DrawTimelines Position=301
08.02.2018 10:29:10:210 |201822133847263|      108) DrawTimelines Position=301
08.02.2018 10:29:10:210 |201822133847263| .      103) DBO=2083
08.02.2018 10:29:10:210 |201822133847263|       105) DBO=2083 3) Rate=1
08.02.2018 10:29:10:210 |201822133847263| 106)      DBO=2083
08.02.2018 10:29:10:210 |201822133847263| 106) DrawTimelines Position=302
08.02.2018 10:29:10:210 |201822133847263| 107) DrawTimelines Position=302
08.02.2018 10:29:10:210 |201822133847263|      108) DrawTimelines Position=302
08.02.2018 10:29:10:210 |201822133847263| .      103) DBO=2106
08.02.2018 10:29:10:210 |201822133847263|       105) DBO=2106 3) Rate=1
08.02.2018 10:29:10:210 |201822133847263| 106)      DBO=2106
08.02.2018 10:29:10:210 |201822133847263| 106) DrawTimelines Position=302
08.02.2018 10:29:10:210 |201822133847263| 107) DrawTimelines Position=302
08.02.2018 10:29:10:210 |201822133847263|      108) DrawTimelines Position=302
08.02.2018 10:29:10:210 |201822133847263| .      103) DBO=2119
08.02.2018 10:29:10:210 |201822133847263|       105) DBO=2119 3) Rate=1
08.02.2018 10:29:10:210 |201822133847263| 106)      DBO=2119
08.02.2018 10:29:10:210 |201822133847263| 106) DrawTimelines Position=302
08.02.2018 10:29:10:210 |201822133847263| 107) DrawTimelines Position=302
08.02.2018 10:29:10:210 |201822133847263|      108) DrawTimelines Position=302
08.02.2018 10:29:10:210 |201822133847263| .      103) DBO=2132
08.02.2018 10:29:10:210 |201822133847263|       105) DBO=2132 3) Rate=1
08.02.2018 10:29:10:210 |201822133847263| 106)      DBO=2132
08.02.2018 10:29:10:210 |201822133847263| 106) DrawTimelines Position=303
08.02.2018 10:29:10:210 |201822133847263| 107) DrawTimelines Position=303
08.02.2018 10:29:10:210 |201822133847263|      108) DrawTimelines Position=303
08.02.2018 10:29:10:210 |201822133847263| .      103) DBO=2156
08.02.2018 10:29:10:210 |201822133847263|       105) DBO=2156 3) Rate=1
08.02.2018 10:29:10:210 |201822133847263| 106)      DBO=2156
08.02.2018 10:29:10:210 |201822133847263| 106) DrawTimelines Position=303
08.02.2018 10:29:10:210 |201822133847263| 107) DrawTimelines Position=303
08.02.2018 10:29:10:210 |201822133847263|      108) DrawTimelines Position=303
08.02.2018 10:29:10:210 |201822133847263| .      103) DBO=2169
08.02.2018 10:29:10:210 |201822133847263|       105) DBO=2169 3) Rate=1
08.02.2018 10:29:10:210 |201822133847263| 106)      DBO=2169
08.02.2018 10:29:10:210 |201822133847263| 106) DrawTimelines Position=304
08.02.2018 10:29:10:210 |201822133847263| 107) DrawTimelines Position=304
08.02.2018 10:29:10:210 |201822133847263|      108) DrawTimelines Position=304
08.02.2018 10:29:10:210 |201822133847263| .      103) DBO=2193
08.02.2018 10:29:10:210 |201822133847263|       105) DBO=2193 3) Rate=1
08.02.2018 10:29:10:210 |201822133847263| 106)      DBO=2193
08.02.2018 10:29:10:210 |201822133847263| 106) DrawTimelines Position=304
08.02.2018 10:29:10:210 |201822133847263| 107) DrawTimelines Position=304
08.02.2018 10:29:10:210 |201822133847263|      108) DrawTimelines Position=304
08.02.2018 10:29:10:210 |201822133847263| .      103) DBO=2205
08.02.2018 10:29:10:210 |201822133847263|       105) DBO=2205 3) Rate=1
08.02.2018 10:29:10:210 |201822133847263| 106)      DBO=2205
08.02.2018 10:29:10:210 |201822133847263| 106) DrawTimelines Position=305
08.02.2018 10:29:10:210 |201822133847263| 107) DrawTimelines Position=305
08.02.2018 10:29:10:210 |201822133847263|      108) DrawTimelines Position=305
08.02.2018 10:29:10:210 |201822133847263| .      103) DBO=2229
08.02.2018 10:29:10:210 |201822133847263|       105) DBO=2229 3) Rate=1
08.02.2018 10:29:10:210 |201822133847263| 106)      DBO=2229
08.02.2018 10:29:10:210 |201822133847263| 106) DrawTimelines Position=305
08.02.2018 10:29:10:210 |201822133847263| 107) DrawTimelines Position=305
08.02.2018 10:29:10:210 |201822133847263|      108) DrawTimelines Position=305
08.02.2018 10:29:10:210 |201822133847263| .      103) DBO=2243
08.02.2018 10:29:10:210 |201822133847263|       105) DBO=2243 3) Rate=1
08.02.2018 10:29:10:210 |201822133847263| 106)      DBO=2243
08.02.2018 10:29:10:210 |201822133847263| 106) DrawTimelines Position=306
08.02.2018 10:29:10:210 |201822133847263| 107) DrawTimelines Position=306
08.02.2018 10:29:10:210 |201822133847263|      108) DrawTimelines Position=306
08.02.2018 10:29:10:210 |201822133847263| .      103) DBO=2265
08.02.2018 10:29:10:210 |201822133847263|       105) DBO=2265 3) Rate=1
08.02.2018 10:29:10:210 |201822133847263| 106)      DBO=2265
08.02.2018 10:29:10:210 |201822133847263| 106) DrawTimelines Position=306
08.02.2018 10:29:10:210 |201822133847263| 107) DrawTimelines Position=306
08.02.2018 10:29:10:210 |201822133847263|      108) DrawTimelines Position=306
08.02.2018 10:29:10:210 |201822133847263| .      103) DBO=2277
08.02.2018 10:29:10:210 |201822133847263|       105) DBO=2277 3) Rate=1
08.02.2018 10:29:10:210 |201822133847263| 106)      DBO=2277
08.02.2018 10:29:10:210 |201822133847263| 106) DrawTimelines Position=306
08.02.2018 10:29:10:210 |201822133847263| 107) DrawTimelines Position=306
08.02.2018 10:29:10:210 |201822133847263|      108) DrawTimelines Position=306
08.02.2018 10:29:10:210 |201822133847263| .      103) DBO=2290
08.02.2018 10:29:10:210 |201822133847263|       105) DBO=2290 3) Rate=1
08.02.2018 10:29:10:210 |201822133847263| 106)      DBO=2290
08.02.2018 10:29:10:210 |201822133847263| 106) DrawTimelines Position=307
08.02.2018 10:29:10:210 |201822133847263| 107) DrawTimelines Position=307
08.02.2018 10:29:10:210 |201822133847263|      108) DrawTimelines Position=307
08.02.2018 10:29:10:210 |201822133847263| .      103) DBO=2300
08.02.2018 10:29:10:210 |201822133847263|       105) DBO=2300 3) Rate=1
08.02.2018 10:29:10:210 |201822133847263| 106)      DBO=2300
08.02.2018 10:29:10:210 |201822133847263| 106) DrawTimelines Position=307
08.02.2018 10:29:10:210 |201822133847263| 107) DrawTimelines Position=307
08.02.2018 10:29:10:210 |201822133847263|      108) DrawTimelines Position=307
08.02.2018 10:29:10:210 |201822133847263| .      103) DBO=2326
08.02.2018 10:29:10:210 |201822133847263|       105) DBO=2326 3) Rate=1
08.02.2018 10:29:10:210 |201822133847263| 106)      DBO=2326
08.02.2018 10:29:10:210 |201822133847263| 106) DrawTimelines Position=308
08.02.2018 10:29:10:210 |201822133847263| 107) DrawTimelines Position=308
08.02.2018 10:29:10:210 |201822133847263|      108) DrawTimelines Position=308
08.02.2018 10:29:10:210 |201822133847263| .      103) DBO=2348
08.02.2018 10:29:10:210 |201822133847263|       105) DBO=2348 3) Rate=1
08.02.2018 10:29:10:210 |201822133847263| 106)      DBO=2348
08.02.2018 10:29:10:210 |201822133847263| 106) DrawTimelines Position=308
08.02.2018 10:29:10:210 |201822133847263| 107) DrawTimelines Position=308
08.02.2018 10:29:10:210 |201822133847263|      108) DrawTimelines Position=308
08.02.2018 10:29:10:210 |201822133847263| .      103) DBO=2360
08.02.2018 10:29:10:210 |201822133847263|       105) DBO=2360 3) Rate=1
08.02.2018 10:29:10:210 |201822133847263| 106)      DBO=2360
08.02.2018 10:29:10:210 |201822133847263| 106) DrawTimelines Position=309
08.02.2018 10:29:10:210 |201822133847263| 107) DrawTimelines Position=309
08.02.2018 10:29:10:210 |201822133847263|      108) DrawTimelines Position=309
08.02.2018 10:29:10:210 |201822133847263| .      103) DBO=2383
08.02.2018 10:29:10:210 |201822133847263|       105) DBO=2383 3) Rate=1
08.02.2018 10:29:10:210 |201822133847263| 106)      DBO=2383
08.02.2018 10:29:10:210 |201822133847263| 106) DrawTimelines Position=309
08.02.2018 10:29:10:210 |201822133847263| 107) DrawTimelines Position=309
08.02.2018 10:29:10:210 |201822133847263|      108) DrawTimelines Position=309
08.02.2018 10:29:10:210 |201822133847263| .      103) DBO=2395
08.02.2018 10:29:10:210 |201822133847263|       105) DBO=2395 3) Rate=1
08.02.2018 10:29:10:210 |201822133847263| 106)      DBO=2395
08.02.2018 10:29:10:210 |201822133847263| 106) DrawTimelines Position=309
08.02.2018 10:29:10:210 |201822133847263| 107) DrawTimelines Position=309
08.02.2018 10:29:10:210 |201822133847263|      108) DrawTimelines Position=309
08.02.2018 10:29:10:210 |201822133847263| .      103) DBO=2408
08.02.2018 10:29:10:210 |201822133847263|       105) DBO=2408 3) Rate=1
08.02.2018 10:29:10:210 |201822133847263| 106)      DBO=2408
08.02.2018 10:29:10:210 |201822133847263| 106) DrawTimelines Position=310
08.02.2018 10:29:10:210 |201822133847263| 107) DrawTimelines Position=310
08.02.2018 10:29:10:210 |201822133847263|      108) DrawTimelines Position=310
08.02.2018 10:29:10:210 |201822133847263| .      103) DBO=2433
08.02.2018 10:29:10:210 |201822133847263|       105) DBO=2433 3) Rate=1
08.02.2018 10:29:10:210 |201822133847263| 106)      DBO=2433
08.02.2018 10:29:10:210 |201822133847263| 106) DrawTimelines Position=310
08.02.2018 10:29:10:210 |201822133847263| 107) DrawTimelines Position=310
08.02.2018 10:29:10:210 |201822133847263|      108) DrawTimelines Position=310
08.02.2018 10:29:10:210 |201822133847263| .      103) DBO=2446
08.02.2018 10:29:10:210 |201822133847263|       105) DBO=2446 3) Rate=1
08.02.2018 10:29:10:210 |201822133847263| 106)      DBO=2446
08.02.2018 10:29:10:210 |201822133847263| 106) DrawTimelines Position=311
08.02.2018 10:29:10:210 |201822133847263| 107) DrawTimelines Position=311
08.02.2018 10:29:10:210 |201822133847263|      108) DrawTimelines Position=311
08.02.2018 10:29:10:210 |201822133847263| .      103) DBO=2469
08.02.2018 10:29:10:210 |201822133847263|       105) DBO=2469 3) Rate=1
08.02.2018 10:29:10:210 |201822133847263| 106)      DBO=2469
08.02.2018 10:29:10:210 |201822133847263| 106) DrawTimelines Position=311
08.02.2018 10:29:10:210 |201822133847263| 107) DrawTimelines Position=311
08.02.2018 10:29:10:210 |201822133847263|      108) DrawTimelines Position=311
08.02.2018 10:29:10:210 |201822133847263| .      103) DBO=2483
08.02.2018 10:29:10:210 |201822133847263|       105) DBO=2483 3) Rate=1
08.02.2018 10:29:10:210 |201822133847263| 106)      DBO=2483
08.02.2018 10:29:10:210 |201822133847263| 106) DrawTimelines Position=312
08.02.2018 10:29:10:210 |201822133847263| 107) DrawTimelines Position=312
08.02.2018 10:29:10:210 |201822133847263|      108) DrawTimelines Position=312
08.02.2018 10:29:10:210 |201822133847263| .      103) DBO=2506
08.02.2018 10:29:10:210 |201822133847263|       105) DBO=2506 3) Rate=1
08.02.2018 10:29:10:210 |201822133847263| 106)      DBO=2506
08.02.2018 10:29:10:210 |201822133847263| 106) DrawTimelines Position=312
08.02.2018 10:29:10:210 |201822133847263| 107) DrawTimelines Position=312
08.02.2018 10:29:10:210 |201822133847263|      108) DrawTimelines Position=312
08.02.2018 10:29:10:210 |201822133847263| .      103) DBO=2518
08.02.2018 10:29:10:210 |201822133847263|       105) DBO=2518 3) Rate=1
08.02.2018 10:29:10:210 |201822133847263| 106)      DBO=2518
08.02.2018 10:29:10:210 |201822133847263| 106) DrawTimelines Position=312
08.02.2018 10:29:10:210 |201822133847263| 107) DrawTimelines Position=312
08.02.2018 10:29:10:210 |201822133847263|      108) DrawTimelines Position=312
08.02.2018 10:29:10:210 |201822133847263| .      103) DBO=2532
08.02.2018 10:29:10:210 |201822133847263|       105) DBO=2532 3) Rate=1
08.02.2018 10:29:10:210 |201822133847263| 106)      DBO=2532
08.02.2018 10:29:10:210 |201822133847263| 106) DrawTimelines Position=313
08.02.2018 10:29:10:210 |201822133847263| 107) DrawTimelines Position=313
08.02.2018 10:29:10:210 |201822133847263|      108) DrawTimelines Position=313
08.02.2018 10:29:10:210 |201822133847263| .      103) DBO=2555
08.02.2018 10:29:10:210 |201822133847263|       105) DBO=2555 3) Rate=1
08.02.2018 10:29:10:210 |201822133847263| 106)      DBO=2555
08.02.2018 10:29:10:210 |201822133847263| 106) DrawTimelines Position=313
08.02.2018 10:29:10:210 |201822133847263| 107) DrawTimelines Position=313
08.02.2018 10:29:10:210 |201822133847263|      108) DrawTimelines Position=313
08.02.2018 10:29:10:210 |201822133847263| .      103) DBO=2560
08.02.2018 10:29:10:210 |201822133847263|       105) DBO=2560 3) Rate=1
08.02.2018 10:29:10:210 |201822133847263| 106)      DBO=2560
08.02.2018 10:29:10:210 |201822133847263| 106) DrawTimelines Position=314
08.02.2018 10:29:10:210 |201822133847263| 107) DrawTimelines Position=314
08.02.2018 10:29:10:210 |201822133847263|      108) DrawTimelines Position=314
08.02.2018 10:29:10:210 |201822133847263| .      103) DBO=2591
08.02.2018 10:29:10:210 |201822133847263|       105) DBO=2591 3) Rate=1
08.02.2018 10:29:10:210 |201822133847263| 106)      DBO=2591
08.02.2018 10:29:10:210 |201822133847263| 106) DrawTimelines Position=314
08.02.2018 10:29:10:210 |201822133847263| 107) DrawTimelines Position=314
08.02.2018 10:29:10:210 |201822133847263|      108) DrawTimelines Position=314
08.02.2018 10:29:10:210 |201822133847263| .      103) DBO=2604
08.02.2018 10:29:10:210 |201822133847263|       105) DBO=2604 3) Rate=1
08.02.2018 10:29:10:210 |201822133847263| 106)      DBO=2604
08.02.2018 10:29:10:210 |201822133847263| 106) DrawTimelines Position=315
08.02.2018 10:29:10:210 |201822133847263| 107) DrawTimelines Position=315
08.02.2018 10:29:10:210 |201822133847263|      108) DrawTimelines Position=315
08.02.2018 10:29:10:210 |201822133847263| .      103) DBO=2636
08.02.2018 10:29:10:210 |201822133847263|       105) DBO=2636 3) Rate=1
08.02.2018 10:29:10:210 |201822133847263| 106)      DBO=2636
08.02.2018 10:29:10:210 |201822133847263| 106) DrawTimelines Position=315
08.02.2018 10:29:10:210 |201822133847263| 107) DrawTimelines Position=315
08.02.2018 10:29:10:210 |201822133847263|      108) DrawTimelines Position=315
08.02.2018 10:29:10:210 |201822133847263| .      103) DBO=2649
08.02.2018 10:29:10:210 |201822133847263|       105) DBO=2649 3) Rate=1
08.02.2018 10:29:10:210 |201822133847263| 106)      DBO=2649
08.02.2018 10:29:10:210 |201822133847263| 106) DrawTimelines Position=316
08.02.2018 10:29:10:210 |201822133847263| 107) DrawTimelines Position=316
08.02.2018 10:29:10:210 |201822133847263|      108) DrawTimelines Position=316
08.02.2018 10:29:10:210 |201822133847263| .      103) DBO=2673
08.02.2018 10:29:10:210 |201822133847263|       105) DBO=2673 3) Rate=1
08.02.2018 10:29:10:210 |201822133847263| 106)      DBO=2673
08.02.2018 10:29:10:210 |201822133847263| 106) DrawTimelines Position=316
08.02.2018 10:29:10:210 |201822133847263| 107) DrawTimelines Position=316
08.02.2018 10:29:10:210 |201822133847263|      108) DrawTimelines Position=316
08.02.2018 10:29:10:210 |201822133847263| .      103) DBO=2686
08.02.2018 10:29:10:210 |201822133847263|       105) DBO=2686 3) Rate=1
08.02.2018 10:29:10:210 |201822133847263| 106)      DBO=2686
08.02.2018 10:29:10:210 |201822133847263| 106) DrawTimelines Position=317
08.02.2018 10:29:10:210 |201822133847263| 107) DrawTimelines Position=317
08.02.2018 10:29:10:210 |201822133847263|      108) DrawTimelines Position=317
08.02.2018 10:29:10:210 |201822133847263| .      103) DBO=2709
08.02.2018 10:29:10:210 |201822133847263|       105) DBO=2709 3) Rate=1
08.02.2018 10:29:10:210 |201822133847263| 106)      DBO=2709
08.02.2018 10:29:10:210 |201822133847263| 106) DrawTimelines Position=317
08.02.2018 10:29:10:210 |201822133847263| 107) DrawTimelines Position=317
08.02.2018 10:29:10:210 |201822133847263|      108) DrawTimelines Position=317
08.02.2018 10:29:10:210 |201822133847263| .      103) DBO=2721
08.02.2018 10:29:10:210 |201822133847263|       105) DBO=2721 3) Rate=1
08.02.2018 10:29:10:210 |201822133847263| 106)      DBO=2721
08.02.2018 10:29:10:210 |201822133847263| 106) DrawTimelines Position=318
08.02.2018 10:29:10:210 |201822133847263| 107) DrawTimelines Position=318
08.02.2018 10:29:10:210 |201822133847263|      108) DrawTimelines Position=318
08.02.2018 10:29:10:210 |201822133847263| .      103) DBO=2744
08.02.2018 10:29:10:210 |201822133847263|       105) DBO=2744 3) Rate=1
08.02.2018 10:29:10:210 |201822133847263| 106)      DBO=2744
08.02.2018 10:29:10:210 |201822133847263| 106) DrawTimelines Position=318
08.02.2018 10:29:10:210 |201822133847263| 107) DrawTimelines Position=318
08.02.2018 10:29:10:210 |201822133847263|      108) DrawTimelines Position=318
08.02.2018 10:29:10:210 |201822133847263| .      103) DBO=2757
08.02.2018 10:29:10:210 |201822133847263|       105) DBO=2757 3) Rate=1
08.02.2018 10:29:10:210 |201822133847263| 106)      DBO=2757
08.02.2018 10:29:10:210 |201822133847263| 106) DrawTimelines Position=318
08.02.2018 10:29:10:210 |201822133847263| 107) DrawTimelines Position=318
08.02.2018 10:29:10:210 |201822133847263|      108) DrawTimelines Position=318
08.02.2018 10:29:10:210 |201822133847263| .      103) DBO=2769
08.02.2018 10:29:10:210 |201822133847263|       105) DBO=2769 3) Rate=1
08.02.2018 10:29:10:210 |201822133847263| 106)      DBO=2769
08.02.2018 10:29:10:210 |201822133847263| 106) DrawTimelines Position=319
08.02.2018 10:29:10:210 |201822133847263| 107) DrawTimelines Position=319
08.02.2018 10:29:10:210 |201822133847263|      108) DrawTimelines Position=319
08.02.2018 10:29:10:210 |201822133847263| .      103) DBO=2794
08.02.2018 10:29:10:210 |201822133847263|       105) DBO=2794 3) Rate=1
08.02.2018 10:29:10:210 |201822133847263| 106)      DBO=2794
08.02.2018 10:29:10:210 |201822133847263| 106) DrawTimelines Position=319
08.02.2018 10:29:10:210 |201822133847263| 107) DrawTimelines Position=319
08.02.2018 10:29:10:210 |201822133847263|      108) DrawTimelines Position=319
08.02.2018 10:29:10:210 |201822133847263| .      103) DBO=2807
08.02.2018 10:29:10:210 |201822133847263|       105) DBO=2807 3) Rate=1
08.02.2018 10:29:10:210 |201822133847263| 106)      DBO=2807
08.02.2018 10:29:10:210 |201822133847263| 106) DrawTimelines Position=320
08.02.2018 10:29:10:210 |201822133847263| 107) DrawTimelines Position=320
08.02.2018 10:29:10:210 |201822133847263|      108) DrawTimelines Position=320
08.02.2018 10:29:10:210 |201822133847263| .      103) DBO=2820
08.02.2018 10:29:10:210 |201822133847263|       105) DBO=2820 3) Rate=1
08.02.2018 10:29:10:210 |201822133847263| 106)      DBO=2820
08.02.2018 10:29:10:210 |201822133847263| 106) DrawTimelines Position=320
08.02.2018 10:29:10:210 |201822133847263| 107) DrawTimelines Position=320
08.02.2018 10:29:10:210 |201822133847263|      108) DrawTimelines Position=320
08.02.2018 10:29:10:210 |201822133847263| .      103) DBO=2844
08.02.2018 10:29:10:210 |201822133847263|       105) DBO=2844 3) Rate=1
08.02.2018 10:29:10:210 |201822133847263| 106)      DBO=2844
08.02.2018 10:29:10:210 |201822133847263| 106) DrawTimelines Position=321
08.02.2018 10:29:10:210 |201822133847263| 107) DrawTimelines Position=321
08.02.2018 10:29:10:210 |201822133847263|      108) DrawTimelines Position=321
08.02.2018 10:29:10:210 |201822133847263| .      103) DBO=2866
08.02.2018 10:29:10:210 |201822133847263|       105) DBO=2866 3) Rate=1
08.02.2018 10:29:10:210 |201822133847263| 106)      DBO=2866
08.02.2018 10:29:10:210 |201822133847263| 106) DrawTimelines Position=321
08.02.2018 10:29:10:210 |201822133847263| 107) DrawTimelines Position=321
08.02.2018 10:29:10:210 |201822133847263|      108) DrawTimelines Position=321
08.02.2018 10:29:10:210 |201822133847263| .      103) DBO=2879
08.02.2018 10:29:10:210 |201822133847263|       105) DBO=2879 3) Rate=1
08.02.2018 10:29:10:210 |201822133847263| 106)      DBO=2879
08.02.2018 10:29:10:210 |201822133847263| 106) DrawTimelines Position=321
08.02.2018 10:29:10:210 |201822133847263| 107) DrawTimelines Position=321
08.02.2018 10:29:10:210 |201822133847263|      108) DrawTimelines Position=321
08.02.2018 10:29:10:210 |201822133847263| .      103) DBO=2892
08.02.2018 10:29:10:210 |201822133847263|       105) DBO=2892 3) Rate=1
08.02.2018 10:29:10:210 |201822133847263| 106)      DBO=2892
08.02.2018 10:29:10:210 |201822133847263| 106) DrawTimelines Position=322
08.02.2018 10:29:10:210 |201822133847263| 107) DrawTimelines Position=322
08.02.2018 10:29:10:210 |201822133847263|      108) DrawTimelines Position=322
08.02.2018 10:29:10:210 |201822133847263| .      103) DBO=2916
08.02.2018 10:29:10:210 |201822133847263|       105) DBO=2916 3) Rate=1
08.02.2018 10:29:10:210 |201822133847263| 106)      DBO=2916
08.02.2018 10:29:10:210 |201822133847263| 106) DrawTimelines Position=322
08.02.2018 10:29:10:210 |201822133847263| 107) DrawTimelines Position=322
08.02.2018 10:29:10:210 |201822133847263|      108) DrawTimelines Position=322
08.02.2018 10:29:10:210 |201822133847263| .      103) DBO=2930
08.02.2018 10:29:10:210 |201822133847263|       105) DBO=2930 3) Rate=1
08.02.2018 10:29:10:210 |201822133847263| 106)      DBO=2930
08.02.2018 10:29:10:210 |201822133847263| 106) DrawTimelines Position=323
08.02.2018 10:29:10:210 |201822133847263| 107) DrawTimelines Position=323
08.02.2018 10:29:10:210 |201822133847263|      108) DrawTimelines Position=323
08.02.2018 10:29:10:210 |201822133847263| .      103) DBO=2959
08.02.2018 10:29:10:210 |201822133847263|       105) DBO=2959 3) Rate=1
08.02.2018 10:29:10:210 |201822133847263| 106)      DBO=2959
08.02.2018 10:29:10:210 |201822133847263| 106) DrawTimelines Position=323
08.02.2018 10:29:10:210 |201822133847263| 107) DrawTimelines Position=323
08.02.2018 10:29:10:210 |201822133847263|      108) DrawTimelines Position=323
08.02.2018 10:29:10:210 |201822133847263| .      103) DBO=2974
08.02.2018 10:29:10:210 |201822133847263|       105) DBO=2974 3) Rate=1
08.02.2018 10:29:10:210 |201822133847263| 106)      DBO=2974
08.02.2018 10:29:10:210 |201822133847263| 106) DrawTimelines Position=324
08.02.2018 10:29:10:210 |201822133847263| 107) DrawTimelines Position=324
08.02.2018 10:29:10:210 |201822133847263|      108) DrawTimelines Position=324
08.02.2018 10:29:11:211 |201822133847263| .      103) DBO=3004
08.02.2018 10:29:11:211 |201822133847263|       105) DBO=3004 3) Rate=1
08.02.2018 10:29:11:211 |201822133847263| 106)      DBO=3004
08.02.2018 10:29:11:211 |201822133847263| 106) DrawTimelines Position=325
08.02.2018 10:29:11:211 |201822133847263| 107) DrawTimelines Position=325
08.02.2018 10:29:11:211 |201822133847263|      108) DrawTimelines Position=325
08.02.2018 10:29:11:211 |201822133847263| .      103) DBO=3028
08.02.2018 10:29:11:211 |201822133847263|       105) DBO=3028 3) Rate=1
08.02.2018 10:29:11:211 |201822133847263| 106)      DBO=3028
08.02.2018 10:29:11:211 |201822133847263| 106) DrawTimelines Position=325
08.02.2018 10:29:11:211 |201822133847263| 107) DrawTimelines Position=325
08.02.2018 10:29:11:211 |201822133847263|      108) DrawTimelines Position=325
08.02.2018 10:29:11:211 |201822133847263| .      103) DBO=3041
08.02.2018 10:29:11:211 |201822133847263|       105) DBO=3041 3) Rate=1
08.02.2018 10:29:11:211 |201822133847263| 106)      DBO=3041
08.02.2018 10:29:11:211 |201822133847263| 106) DrawTimelines Position=326
08.02.2018 10:29:11:211 |201822133847263| 107) DrawTimelines Position=326
08.02.2018 10:29:11:211 |201822133847263|      108) DrawTimelines Position=326
08.02.2018 10:29:11:211 |201822133847263| .      103) DBO=3065
08.02.2018 10:29:11:211 |201822133847263|       105) DBO=3065 3) Rate=1
08.02.2018 10:29:11:211 |201822133847263| 106)      DBO=3065
08.02.2018 10:29:11:211 |201822133847263| 106) DrawTimelines Position=326
08.02.2018 10:29:11:211 |201822133847263| 107) DrawTimelines Position=326
08.02.2018 10:29:11:211 |201822133847263|      108) DrawTimelines Position=326
08.02.2018 10:29:11:211 |201822133847263| .      103) DBO=3077
08.02.2018 10:29:11:211 |201822133847263|       105) DBO=3077 3) Rate=1
08.02.2018 10:29:11:211 |201822133847263| 106)      DBO=3077
08.02.2018 10:29:11:211 |201822133847263| 106) DrawTimelines Position=326
08.02.2018 10:29:11:211 |201822133847263| 107) DrawTimelines Position=326
08.02.2018 10:29:11:211 |201822133847263|      108) DrawTimelines Position=326
08.02.2018 10:29:11:211 |201822133847263| .      103) DBO=3080
08.02.2018 10:29:11:211 |201822133847263|       105) DBO=3080 3) Rate=1
08.02.2018 10:29:11:211 |201822133847263| 106)      DBO=3080
08.02.2018 10:29:11:211 |201822133847263| 106) DrawTimelines Position=327
08.02.2018 10:29:11:211 |201822133847263| 107) DrawTimelines Position=327
08.02.2018 10:29:11:211 |201822133847263|      108) DrawTimelines Position=327
08.02.2018 10:29:11:211 |201822133847263| .      103) DBO=3116
08.02.2018 10:29:11:211 |201822133847263|       105) DBO=3116 3) Rate=1
08.02.2018 10:29:11:211 |201822133847263| 106)      DBO=3116
08.02.2018 10:29:11:211 |201822133847263| 106) DrawTimelines Position=327
08.02.2018 10:29:11:211 |201822133847263| 107) DrawTimelines Position=327
08.02.2018 10:29:11:211 |201822133847263|      108) DrawTimelines Position=327
08.02.2018 10:29:11:211 |201822133847263| .      103) DBO=3130
08.02.2018 10:29:11:211 |201822133847263|       105) DBO=3130 3) Rate=1
08.02.2018 10:29:11:211 |201822133847263| 106)      DBO=3130
08.02.2018 10:29:11:211 |201822133847263| 106) DrawTimelines Position=328
08.02.2018 10:29:11:211 |201822133847263| 107) DrawTimelines Position=328
08.02.2018 10:29:11:211 |201822133847263|      108) DrawTimelines Position=328
08.02.2018 10:29:11:211 |201822133847263| .      103) DBO=3158
08.02.2018 10:29:11:211 |201822133847263|       105) DBO=3158 3) Rate=1
08.02.2018 10:29:11:211 |201822133847263| 106)      DBO=3158
08.02.2018 10:29:11:211 |201822133847263| 106) DrawTimelines Position=328
08.02.2018 10:29:11:211 |201822133847263| 107) DrawTimelines Position=328
08.02.2018 10:29:11:211 |201822133847263|      108) DrawTimelines Position=328
08.02.2018 10:29:11:211 |201822133847263| .      103) DBO=3175
08.02.2018 10:29:11:211 |201822133847263|       105) DBO=3175 3) Rate=1
08.02.2018 10:29:11:211 |201822133847263| 106)      DBO=3175
08.02.2018 10:29:11:211 |201822133847263| 106) DrawTimelines Position=329
08.02.2018 10:29:11:211 |201822133847263| 107) DrawTimelines Position=329
08.02.2018 10:29:11:211 |201822133847263|      108) DrawTimelines Position=329
08.02.2018 10:29:11:211 |201822133847263| .      103) DBO=3197
08.02.2018 10:29:11:211 |201822133847263|       105) DBO=3197 3) Rate=1
08.02.2018 10:29:11:211 |201822133847263| 106)      DBO=3197
08.02.2018 10:29:11:211 |201822133847263| 106) DrawTimelines Position=329
08.02.2018 10:29:11:211 |201822133847263| 107) DrawTimelines Position=329
08.02.2018 10:29:11:211 |201822133847263|      108) DrawTimelines Position=329
08.02.2018 10:29:11:211 |201822133847263| .      103) DBO=3209
08.02.2018 10:29:11:211 |201822133847263|       105) DBO=3209 3) Rate=1
08.02.2018 10:29:11:211 |201822133847263| 106)      DBO=3209
08.02.2018 10:29:11:211 |201822133847263| 106) DrawTimelines Position=330
08.02.2018 10:29:11:211 |201822133847263| 107) DrawTimelines Position=330
08.02.2018 10:29:11:211 |201822133847263|      108) DrawTimelines Position=330
08.02.2018 10:29:11:211 |201822133847263| .      103) DBO=3235
08.02.2018 10:29:11:211 |201822133847263|       105) DBO=3235 3) Rate=1
08.02.2018 10:29:11:211 |201822133847263| 106)      DBO=3235
08.02.2018 10:29:11:211 |201822133847263| 106) DrawTimelines Position=330
08.02.2018 10:29:11:211 |201822133847263| 107) DrawTimelines Position=330
08.02.2018 10:29:11:211 |201822133847263|      108) DrawTimelines Position=330
08.02.2018 10:29:11:211 |201822133847263| .      103) DBO=3249
08.02.2018 10:29:11:211 |201822133847263|       105) DBO=3249 3) Rate=1
08.02.2018 10:29:11:211 |201822133847263| 106)      DBO=3249
08.02.2018 10:29:11:211 |201822133847263| 106) DrawTimelines Position=331
08.02.2018 10:29:11:211 |201822133847263| 107) DrawTimelines Position=331
08.02.2018 10:29:11:211 |201822133847263|      108) DrawTimelines Position=331
08.02.2018 10:29:11:211 |201822133847263| .      103) DBO=3272
08.02.2018 10:29:11:211 |201822133847263|       105) DBO=3272 3) Rate=1
08.02.2018 10:29:11:211 |201822133847263| 106)      DBO=3272
08.02.2018 10:29:11:211 |201822133847263| 106) DrawTimelines Position=331
08.02.2018 10:29:11:211 |201822133847263| 107) DrawTimelines Position=331
08.02.2018 10:29:11:211 |201822133847263|      108) DrawTimelines Position=331
08.02.2018 10:29:11:211 |201822133847263| .      103) DBO=3284
08.02.2018 10:29:11:211 |201822133847263|       105) DBO=3284 3) Rate=1
08.02.2018 10:29:11:211 |201822133847263| 106)      DBO=3284
08.02.2018 10:29:11:211 |201822133847263| 106) DrawTimelines Position=332
08.02.2018 10:29:11:211 |201822133847263| 107) DrawTimelines Position=332
08.02.2018 10:29:11:211 |201822133847263|      108) DrawTimelines Position=332
08.02.2018 10:29:11:211 |201822133847263| .      103) DBO=3308
08.02.2018 10:29:11:211 |201822133847263|       105) DBO=3308 3) Rate=1
08.02.2018 10:29:11:211 |201822133847263| 106)      DBO=3308
08.02.2018 10:29:11:211 |201822133847263| 106) DrawTimelines Position=332
08.02.2018 10:29:11:211 |201822133847263| 107) DrawTimelines Position=332
08.02.2018 10:29:11:211 |201822133847263|      108) DrawTimelines Position=332
08.02.2018 10:29:11:211 |201822133847263| .      103) DBO=3321
08.02.2018 10:29:11:211 |201822133847263|       105) DBO=3321 3) Rate=1
08.02.2018 10:29:11:211 |201822133847263| 106)      DBO=3321
08.02.2018 10:29:11:211 |201822133847263| 106) DrawTimelines Position=333
08.02.2018 10:29:11:211 |201822133847263| 107) DrawTimelines Position=333
08.02.2018 10:29:11:211 |201822133847263|      108) DrawTimelines Position=333
08.02.2018 10:29:11:211 |201822133847263| .      103) DBO=3340
08.02.2018 10:29:11:211 |201822133847263|       105) DBO=3340 3) Rate=1
08.02.2018 10:29:11:211 |201822133847263| 106)      DBO=3340
08.02.2018 10:29:11:211 |201822133847263| 106) DrawTimelines Position=333
08.02.2018 10:29:11:211 |201822133847263| 107) DrawTimelines Position=333
08.02.2018 10:29:11:211 |201822133847263|      108) DrawTimelines Position=333
08.02.2018 10:29:11:211 |201822133847263| .      103) DBO=3360
08.02.2018 10:29:11:211 |201822133847263|       105) DBO=3360 3) Rate=1
08.02.2018 10:29:11:211 |201822133847263| 106)      DBO=3360
08.02.2018 10:29:11:211 |201822133847263| 106) DrawTimelines Position=334
08.02.2018 10:29:11:211 |201822133847263| 107) DrawTimelines Position=334
08.02.2018 10:29:11:211 |201822133847263|      108) DrawTimelines Position=334
08.02.2018 10:29:11:211 |201822133847263| .      103) DBO=3384
08.02.2018 10:29:11:211 |201822133847263|       105) DBO=3384 3) Rate=1
08.02.2018 10:29:11:211 |201822133847263| 106)      DBO=3384
08.02.2018 10:29:11:211 |201822133847263| 106) DrawTimelines Position=334
08.02.2018 10:29:11:211 |201822133847263| 107) DrawTimelines Position=334
08.02.2018 10:29:11:211 |201822133847263|      108) DrawTimelines Position=334
08.02.2018 10:29:11:211 |201822133847263| .      103) DBO=3396
08.02.2018 10:29:11:211 |201822133847263|       105) DBO=3396 3) Rate=1
08.02.2018 10:29:11:211 |201822133847263| 106)      DBO=3396
08.02.2018 10:29:11:211 |201822133847263| 106) DrawTimelines Position=334
08.02.2018 10:29:11:211 |201822133847263| 107) DrawTimelines Position=334
08.02.2018 10:29:11:211 |201822133847263|      108) DrawTimelines Position=334
08.02.2018 10:29:11:211 |201822133847263| .      103) DBO=3408
08.02.2018 10:29:11:211 |201822133847263|       105) DBO=3408 3) Rate=1
08.02.2018 10:29:11:211 |201822133847263| 106)      DBO=3408
08.02.2018 10:29:11:211 |201822133847263| 106) DrawTimelines Position=335
08.02.2018 10:29:11:211 |201822133847263| 107) DrawTimelines Position=335
08.02.2018 10:29:11:211 |201822133847263|      108) DrawTimelines Position=335
08.02.2018 10:29:11:211 |201822133847263| .      103) DBO=3431
08.02.2018 10:29:11:211 |201822133847263|       105) DBO=3431 3) Rate=1
08.02.2018 10:29:11:211 |201822133847263| 106)      DBO=3431
08.02.2018 10:29:11:211 |201822133847263| 106) DrawTimelines Position=335
08.02.2018 10:29:11:211 |201822133847263| 107) DrawTimelines Position=335
08.02.2018 10:29:11:211 |201822133847263|      108) DrawTimelines Position=335
08.02.2018 10:29:11:211 |201822133847263| .      103) DBO=3447
08.02.2018 10:29:11:211 |201822133847263|       105) DBO=3447 3) Rate=1
08.02.2018 10:29:11:211 |201822133847263| 106)      DBO=3447
08.02.2018 10:29:11:211 |201822133847263| 106) DrawTimelines Position=336
08.02.2018 10:29:11:211 |201822133847263| 107) DrawTimelines Position=336
08.02.2018 10:29:11:211 |201822133847263|      108) DrawTimelines Position=336
08.02.2018 17:32:05:25 |201822133847263| 3) MediaSetPosition=250
08.02.2018 17:32:11:211 |201822133847263| 3) MediaSetPosition=250
