14.02.2018 08:55:57:257 |201822133847263| MarkRowPhraseInGrid 1=3386673.633ms SwitcherVideoPanels-2
14.02.2018 08:55:57:257 |201822133847263| MarkRowPhraseInGrid 1=3386674.581ms SwitcherVideoPanels-2
14.02.2018 08:55:57:257 |201822133847263| DrawTimelines Start=3386733.532ms
14.02.2018 08:55:57:257 |201822133847263| DrawTimelines bitblt=3386734.483ms
14.02.2018 08:55:57:257 |201822133847263| DrawTimelines DrawCursorStart=3386735.064ms
14.02.2018 08:55:57:257 |201822133847263| DrawTimelines DrawCursorEnd=3386735.329ms
14.02.2018 08:55:57:257 |201822133847263| DrawTimelines stretchblt start=3386735.457ms
14.02.2018 08:55:57:257 |201822133847263| DrawTimelines stretchblt finish=3386745.959ms
14.02.2018 08:55:57:257 |201822133847263| DrawTimelines Finish=3386746.379ms
14.02.2018 08:55:57:257 |201822133847263| MarkRowPhraseInGrid 1=3386746.838ms LoadDefaultClipToPlayer-2
14.02.2018 08:55:57:257 |201822133847263| MarkRowPhraseInGrid 1=3386747.1ms LoadDefaultClipToPlayer-2
14.02.2018 08:55:57:257 |201822133847263| DrawTimelines Start=3386888.039ms
14.02.2018 08:55:57:257 |201822133847263| DrawTimelines bitblt=3386888.99ms
14.02.2018 08:55:57:257 |201822133847263| DrawTimelines DrawCursorStart=3386890.38ms
14.02.2018 08:55:57:257 |201822133847263| DrawTimelines DrawCursorEnd=3386890.554ms
14.02.2018 08:55:57:257 |201822133847263| DrawTimelines stretchblt start=3386890.687ms
14.02.2018 08:55:57:257 |201822133847263| DrawTimelines stretchblt finish=3386900.296ms
14.02.2018 08:55:57:257 |201822133847263| DrawTimelines Finish=3386900.582ms
14.02.2018 08:56:19:219 |201822133847263| MarkRowPhraseInGrid 1=3408444.874ms SwitcherVideoPanels-2
14.02.2018 08:56:19:219 |201822133847263| MarkRowPhraseInGrid 1=3408445.12ms SwitcherVideoPanels-2
14.02.2018 08:56:19:219 |201822133847263| DrawTimelines Start=3408485.437ms
14.02.2018 08:56:19:219 |201822133847263| DrawTimelines bitblt=3408486.155ms
14.02.2018 08:56:19:219 |201822133847263| DrawTimelines DrawCursorStart=3408486.953ms
14.02.2018 08:56:19:219 |201822133847263| DrawTimelines DrawCursorEnd=3408487.081ms
14.02.2018 08:56:19:219 |201822133847263| DrawTimelines stretchblt start=3408487.191ms
14.02.2018 08:56:19:219 |201822133847263| DrawTimelines stretchblt finish=3408496.753ms
14.02.2018 08:56:19:219 |201822133847263| DrawTimelines Finish=3408497.101ms
14.02.2018 08:56:19:219 |201822133847263| MarkRowPhraseInGrid 1=3408497.464ms LoadDefaultClipToPlayer-2
14.02.2018 08:56:19:219 |201822133847263| MarkRowPhraseInGrid 1=3408497.683ms LoadDefaultClipToPlayer-2
14.02.2018 08:56:19:219 |201822133847263| DrawTimelines Start=3408586.637ms
14.02.2018 08:56:19:219 |201822133847263| DrawTimelines bitblt=3408587.71ms
14.02.2018 08:56:19:219 |201822133847263| DrawTimelines DrawCursorStart=3408589.394ms
14.02.2018 08:56:19:219 |201822133847263| DrawTimelines DrawCursorEnd=3408589.658ms
14.02.2018 08:56:19:219 |201822133847263| DrawTimelines stretchblt start=3408589.777ms
14.02.2018 08:56:19:219 |201822133847263| DrawTimelines stretchblt finish=3408599.538ms
14.02.2018 08:56:19:219 |201822133847263| DrawTimelines Finish=3408599.86ms
14.02.2018 08:56:19:219 |201822133847263| DrawTimelines Start=3408987.007ms
14.02.2018 08:56:19:219 |201822133847263| DrawTimelines bitblt=3409055.166ms
14.02.2018 08:56:20:220 |201822133847263| DrawTimelines DrawCursorStart=3409096.464ms
14.02.2018 08:56:20:220 |201822133847263| DrawTimelines DrawCursorEnd=3409114.094ms
14.02.2018 08:56:20:220 |201822133847263| DrawTimelines stretchblt start=3409163.701ms
14.02.2018 08:56:20:220 |201822133847263| DrawTimelines stretchblt finish=3409224.848ms
14.02.2018 08:56:20:220 |201822133847263| DrawTimelines Finish=3409230.175ms
14.02.2018 08:56:21:221 |201822133847263| DrawTimelines Start=3410931.781ms
14.02.2018 08:56:21:221 |201822133847263| DrawTimelines bitblt=3410932.534ms
14.02.2018 08:56:21:221 |201822133847263| DrawTimelines DrawCursorStart=3410934.083ms
14.02.2018 08:56:21:221 |201822133847263| DrawTimelines DrawCursorEnd=3410934.255ms
14.02.2018 08:56:21:221 |201822133847263| DrawTimelines stretchblt start=3410934.382ms
14.02.2018 08:56:21:221 |201822133847263| DrawTimelines stretchblt finish=3410934.915ms
14.02.2018 08:56:21:221 |201822133847263| DrawTimelines Finish=3410935.166ms
14.02.2018 08:56:21:221 |201822133847263| MarkRowPhraseInGrid 1=3410935.499ms LoadClipsToPlayer-2
14.02.2018 08:56:21:221 |201822133847263| MarkRowPhraseInGrid 1=3410935.713ms LoadClipsToPlayer-2
14.02.2018 08:57:09:29 |201822133847263| MarkRowPhraseInGrid 1=3458277.917ms SwitcherVideoPanels-2
14.02.2018 08:57:09:29 |201822133847263| MarkRowPhraseInGrid 1=3458278.167ms SwitcherVideoPanels-2
14.02.2018 08:57:09:29 |201822133847263| DrawTimelines Start=3458333.09ms
14.02.2018 08:57:09:29 |201822133847263| DrawTimelines bitblt=3458333.644ms
14.02.2018 08:57:09:29 |201822133847263| DrawTimelines DrawCursorStart=3458334.187ms
14.02.2018 08:57:09:29 |201822133847263| DrawTimelines DrawCursorEnd=3458334.318ms
14.02.2018 08:57:09:29 |201822133847263| DrawTimelines stretchblt start=3458334.438ms
14.02.2018 08:57:09:29 |201822133847263| DrawTimelines stretchblt finish=3458344.797ms
14.02.2018 08:57:09:29 |201822133847263| DrawTimelines Finish=3458345.112ms
14.02.2018 08:57:09:29 |201822133847263| MarkRowPhraseInGrid 1=3458345.468ms LoadDefaultClipToPlayer-2
14.02.2018 08:57:09:29 |201822133847263| MarkRowPhraseInGrid 1=3458345.735ms LoadDefaultClipToPlayer-2
14.02.2018 08:57:09:29 |201822133847263| DrawTimelines Start=3458498.512ms
14.02.2018 08:57:09:29 |201822133847263| DrawTimelines bitblt=3458499.514ms
14.02.2018 08:57:09:29 |201822133847263| DrawTimelines DrawCursorStart=3458500.842ms
14.02.2018 08:57:09:29 |201822133847263| DrawTimelines DrawCursorEnd=3458501.047ms
14.02.2018 08:57:09:29 |201822133847263| DrawTimelines stretchblt start=3458501.214ms
14.02.2018 08:57:09:29 |201822133847263| DrawTimelines stretchblt finish=3458510.84ms
14.02.2018 08:57:09:29 |201822133847263| DrawTimelines Finish=3458511.173ms
14.02.2018 08:57:13:213 |201822133847263| MarkRowPhraseInGrid 1=3462216.529ms SwitcherVideoPanels-2
14.02.2018 08:57:13:213 |201822133847263| MarkRowPhraseInGrid 1=3462216.759ms SwitcherVideoPanels-2
14.02.2018 08:57:13:213 |201822133847263| DrawTimelines Start=3462257.725ms
14.02.2018 08:57:13:213 |201822133847263| DrawTimelines bitblt=3462258.594ms
14.02.2018 08:57:13:213 |201822133847263| DrawTimelines DrawCursorStart=3462259.62ms
14.02.2018 08:57:13:213 |201822133847263| DrawTimelines DrawCursorEnd=3462259.806ms
14.02.2018 08:57:13:213 |201822133847263| DrawTimelines stretchblt start=3462260.042ms
14.02.2018 08:57:13:213 |201822133847263| DrawTimelines stretchblt finish=3462269.64ms
14.02.2018 08:57:13:213 |201822133847263| DrawTimelines Finish=3462269.977ms
14.02.2018 08:57:13:213 |201822133847263| MarkRowPhraseInGrid 1=3462270.368ms LoadDefaultClipToPlayer-2
14.02.2018 08:57:13:213 |201822133847263| MarkRowPhraseInGrid 1=3462270.592ms LoadDefaultClipToPlayer-2
14.02.2018 08:57:13:213 |201822133847263| DrawTimelines Start=3462357.975ms
14.02.2018 08:57:13:213 |201822133847263| DrawTimelines bitblt=3462358.989ms
14.02.2018 08:57:13:213 |201822133847263| DrawTimelines DrawCursorStart=3462360.41ms
14.02.2018 08:57:13:213 |201822133847263| DrawTimelines DrawCursorEnd=3462360.615ms
14.02.2018 08:57:13:213 |201822133847263| DrawTimelines stretchblt start=3462360.756ms
14.02.2018 08:57:13:213 |201822133847263| DrawTimelines stretchblt finish=3462370.39ms
14.02.2018 08:57:13:213 |201822133847263| DrawTimelines Finish=3462370.678ms
14.02.2018 08:57:13:213 |201822133847263| DrawTimelines Start=3462500.757ms
14.02.2018 08:57:13:213 |201822133847263| DrawTimelines bitblt=3462501.509ms
14.02.2018 08:57:13:213 |201822133847263| DrawTimelines DrawCursorStart=3462502.797ms
14.02.2018 08:57:13:213 |201822133847263| DrawTimelines DrawCursorEnd=3462502.975ms
14.02.2018 08:57:13:213 |201822133847263| DrawTimelines stretchblt start=3462503.089ms
14.02.2018 08:57:13:213 |201822133847263| DrawTimelines stretchblt finish=3462503.578ms
14.02.2018 08:57:13:213 |201822133847263| DrawTimelines Finish=3462503.806ms
14.02.2018 08:57:13:213 |201822133847263| MarkRowPhraseInGrid 1=3462504.167ms LoadClipsToPlayer-2
14.02.2018 08:57:13:213 |201822133847263| MarkRowPhraseInGrid 1=3462504.383ms LoadClipsToPlayer-2
14.02.2018 08:57:13:213 |201822133847263| DrawTimelines Start=3462752.515ms
14.02.2018 08:57:13:213 |201822133847263| DrawTimelines bitblt=3462753.347ms
14.02.2018 08:57:13:213 |201822133847263| DrawTimelines DrawCursorStart=3462754.592ms
14.02.2018 08:57:13:213 |201822133847263| DrawTimelines DrawCursorEnd=3462754.747ms
14.02.2018 08:57:13:213 |201822133847263| DrawTimelines stretchblt start=3462754.87ms
14.02.2018 08:57:13:213 |201822133847263| DrawTimelines stretchblt finish=3462755.389ms
14.02.2018 08:57:13:213 |201822133847263| DrawTimelines Finish=3462755.628ms
14.02.2018 08:57:13:213 |201822133847263| DrawTimelines Start=3462761.644ms
14.02.2018 08:57:13:213 |201822133847263| DrawTimelines bitblt=3462762.486ms
14.02.2018 08:57:13:213 |201822133847263| DrawTimelines DrawCursorStart=3462763.768ms
14.02.2018 08:57:13:213 |201822133847263| DrawTimelines DrawCursorEnd=3462764.02ms
14.02.2018 08:57:13:213 |201822133847263| DrawTimelines stretchblt start=3462764.135ms
14.02.2018 08:57:13:213 |201822133847263| DrawTimelines stretchblt finish=3462764.657ms
14.02.2018 08:57:13:213 |201822133847263| DrawTimelines Finish=3462764.944ms
14.02.2018 08:57:13:213 |201822133847263| DrawTimelines Start=3462771.456ms
14.02.2018 08:57:13:213 |201822133847263| DrawTimelines bitblt=3462772.489ms
14.02.2018 08:57:13:213 |201822133847263| DrawTimelines DrawCursorStart=3462774.112ms
14.02.2018 08:57:13:213 |201822133847263| DrawTimelines DrawCursorEnd=3462774.304ms
14.02.2018 08:57:13:213 |201822133847263| DrawTimelines stretchblt start=3462774.42ms
14.02.2018 08:57:13:213 |201822133847263| DrawTimelines stretchblt finish=3462775.086ms
14.02.2018 08:57:13:213 |201822133847263| DrawTimelines Finish=3462775.467ms
14.02.2018 08:57:13:213 |201822133847263| DrawTimelines Start=3462781.546ms
14.02.2018 08:57:13:213 |201822133847263| DrawTimelines bitblt=3462782.375ms
14.02.2018 08:57:13:213 |201822133847263| DrawTimelines DrawCursorStart=3462783.676ms
14.02.2018 08:57:13:213 |201822133847263| DrawTimelines DrawCursorEnd=3462783.853ms
14.02.2018 08:57:13:213 |201822133847263| DrawTimelines stretchblt start=3462783.971ms
14.02.2018 08:57:13:213 |201822133847263| DrawTimelines stretchblt finish=3462784.467ms
14.02.2018 08:57:13:213 |201822133847263| DrawTimelines Finish=3462784.703ms
14.02.2018 08:57:13:213 |201822133847263| DrawTimelines Start=3462790.576ms
14.02.2018 08:57:13:213 |201822133847263| DrawTimelines bitblt=3462791.482ms
14.02.2018 08:57:13:213 |201822133847263| DrawTimelines DrawCursorStart=3462792.843ms
14.02.2018 08:57:13:213 |201822133847263| DrawTimelines DrawCursorEnd=3462793.102ms
14.02.2018 08:57:13:213 |201822133847263| DrawTimelines stretchblt start=3462793.262ms
14.02.2018 08:57:13:213 |201822133847263| DrawTimelines stretchblt finish=3462793.748ms
14.02.2018 08:57:13:213 |201822133847263| DrawTimelines Finish=3462794.034ms
14.02.2018 08:57:20:220 |201822133847263| DrawTimelines Start=3469733.794ms
14.02.2018 08:57:20:220 |201822133847263| DrawTimelines bitblt=3469734.627ms
14.02.2018 08:57:20:220 |201822133847263| DrawTimelines DrawCursorStart=3469735.959ms
14.02.2018 08:57:20:220 |201822133847263| DrawTimelines DrawCursorEnd=3469736.126ms
14.02.2018 08:57:20:220 |201822133847263| DrawTimelines stretchblt start=3469736.246ms
14.02.2018 08:57:20:220 |201822133847263| DrawTimelines stretchblt finish=3469736.729ms
14.02.2018 08:57:20:220 |201822133847263| DrawTimelines Finish=3469736.974ms
14.02.2018 08:57:20:220 |201822133847263| DrawTimelines Start=3469742.931ms
14.02.2018 08:57:20:220 |201822133847263| DrawTimelines bitblt=3469743.836ms
14.02.2018 08:57:20:220 |201822133847263| DrawTimelines DrawCursorStart=3469745.116ms
14.02.2018 08:57:20:220 |201822133847263| DrawTimelines DrawCursorEnd=3469745.294ms
14.02.2018 08:57:20:220 |201822133847263| DrawTimelines stretchblt start=3469745.441ms
14.02.2018 08:57:20:220 |201822133847263| DrawTimelines stretchblt finish=3469745.947ms
14.02.2018 08:57:20:220 |201822133847263| DrawTimelines Finish=3469746.204ms
14.02.2018 08:57:20:220 |201822133847263| DrawTimelines Start=3469752.13ms
14.02.2018 08:57:20:220 |201822133847263| DrawTimelines bitblt=3469753.103ms
14.02.2018 08:57:20:220 |201822133847263| DrawTimelines DrawCursorStart=3469760.991ms
14.02.2018 08:57:20:220 |201822133847263| DrawTimelines DrawCursorEnd=3469761.257ms
14.02.2018 08:57:20:220 |201822133847263| DrawTimelines stretchblt start=3469761.386ms
14.02.2018 08:57:20:220 |201822133847263| DrawTimelines stretchblt finish=3469761.931ms
14.02.2018 08:57:20:220 |201822133847263| DrawTimelines Finish=3469762.239ms
14.02.2018 08:57:20:220 |201822133847263| DrawTimelines Start=3469790.058ms
14.02.2018 08:57:20:220 |201822133847263| DrawTimelines bitblt=3469790.998ms
14.02.2018 08:57:20:220 |201822133847263| DrawTimelines DrawCursorStart=3469792.279ms
14.02.2018 08:57:20:220 |201822133847263| DrawTimelines DrawCursorEnd=3469792.439ms
14.02.2018 08:57:20:220 |201822133847263| DrawTimelines stretchblt start=3469792.56ms
14.02.2018 08:57:20:220 |201822133847263| DrawTimelines stretchblt finish=3469793.04ms
14.02.2018 08:57:20:220 |201822133847263| DrawTimelines Finish=3469793.433ms
14.02.2018 08:57:20:220 |201822133847263| DrawTimelines Start=3469800.293ms
14.02.2018 08:57:20:220 |201822133847263| DrawTimelines bitblt=3469801.27ms
14.02.2018 08:57:20:220 |201822133847263| DrawTimelines DrawCursorStart=3469802.588ms
14.02.2018 08:57:20:220 |201822133847263| DrawTimelines DrawCursorEnd=3469802.756ms
14.02.2018 08:57:20:220 |201822133847263| DrawTimelines stretchblt start=3469802.897ms
14.02.2018 08:57:20:220 |201822133847263| DrawTimelines stretchblt finish=3469803.42ms
14.02.2018 08:57:20:220 |201822133847263| DrawTimelines Finish=3469803.668ms
14.02.2018 08:57:20:220 |201822133847263| DrawTimelines Start=3469810.341ms
14.02.2018 08:57:20:220 |201822133847263| DrawTimelines bitblt=3469811.308ms
14.02.2018 08:57:20:220 |201822133847263| DrawTimelines DrawCursorStart=3469812.574ms
14.02.2018 08:57:20:220 |201822133847263| DrawTimelines DrawCursorEnd=3469812.746ms
14.02.2018 08:57:20:220 |201822133847263| DrawTimelines stretchblt start=3469812.902ms
14.02.2018 08:57:20:220 |201822133847263| DrawTimelines stretchblt finish=3469813.399ms
14.02.2018 08:57:20:220 |201822133847263| DrawTimelines Finish=3469813.639ms
14.02.2018 08:57:20:220 |201822133847263| DrawTimelines Start=3469820.628ms
14.02.2018 08:57:20:220 |201822133847263| DrawTimelines bitblt=3469821.914ms
14.02.2018 08:57:20:220 |201822133847263| DrawTimelines DrawCursorStart=3469823.555ms
14.02.2018 08:57:20:220 |201822133847263| DrawTimelines DrawCursorEnd=3469823.78ms
14.02.2018 08:57:20:220 |201822133847263| DrawTimelines stretchblt start=3469823.9ms
14.02.2018 08:57:20:220 |201822133847263| DrawTimelines stretchblt finish=3469824.405ms
14.02.2018 08:57:20:220 |201822133847263| DrawTimelines Finish=3469824.649ms
14.02.2018 08:57:20:220 |201822133847263| DrawTimelines Start=3469831.763ms
14.02.2018 08:57:20:220 |201822133847263| DrawTimelines bitblt=3469832.777ms
14.02.2018 08:57:20:220 |201822133847263| DrawTimelines DrawCursorStart=3469834.338ms
14.02.2018 08:57:20:220 |201822133847263| DrawTimelines DrawCursorEnd=3469834.574ms
14.02.2018 08:57:20:220 |201822133847263| DrawTimelines stretchblt start=3469834.701ms
14.02.2018 08:57:20:220 |201822133847263| DrawTimelines stretchblt finish=3469835.224ms
14.02.2018 08:57:20:220 |201822133847263| DrawTimelines Finish=3469835.495ms
14.02.2018 08:57:52:252 |201822133847263| MarkRowPhraseInGrid 1=3501924.823ms SwitcherVideoPanels-2
14.02.2018 08:57:52:252 |201822133847263| MarkRowPhraseInGrid 1=3501925.067ms SwitcherVideoPanels-2
14.02.2018 08:57:52:252 |201822133847263| DrawTimelines Start=3501981.541ms
14.02.2018 08:57:52:252 |201822133847263| DrawTimelines bitblt=3501982.198ms
14.02.2018 08:57:52:252 |201822133847263| DrawTimelines DrawCursorStart=3501982.74ms
14.02.2018 08:57:52:252 |201822133847263| DrawTimelines DrawCursorEnd=3501982.996ms
14.02.2018 08:57:52:252 |201822133847263| DrawTimelines stretchblt start=3501983.119ms
14.02.2018 08:57:52:252 |201822133847263| DrawTimelines stretchblt finish=3501993.353ms
14.02.2018 08:57:52:252 |201822133847263| DrawTimelines Finish=3501993.701ms
14.02.2018 08:57:52:252 |201822133847263| MarkRowPhraseInGrid 1=3501994.094ms LoadDefaultClipToPlayer-2
14.02.2018 08:57:52:252 |201822133847263| MarkRowPhraseInGrid 1=3501994.326ms LoadDefaultClipToPlayer-2
14.02.2018 08:57:53:253 |201822133847263| DrawTimelines Start=3502131.723ms
14.02.2018 08:57:53:253 |201822133847263| DrawTimelines bitblt=3502132.744ms
14.02.2018 08:57:53:253 |201822133847263| DrawTimelines DrawCursorStart=3502134.024ms
14.02.2018 08:57:53:253 |201822133847263| DrawTimelines DrawCursorEnd=3502134.185ms
14.02.2018 08:57:53:253 |201822133847263| DrawTimelines stretchblt start=3502134.387ms
14.02.2018 08:57:53:253 |201822133847263| DrawTimelines stretchblt finish=3502144.522ms
14.02.2018 08:57:53:253 |201822133847263| DrawTimelines Finish=3502144.849ms
14.02.2018 08:58:06:26 |201822133847263| MarkRowPhraseInGrid 1=3515235.167ms SwitcherVideoPanels-2
14.02.2018 08:58:06:26 |201822133847263| MarkRowPhraseInGrid 1=3515235.386ms SwitcherVideoPanels-2
14.02.2018 08:58:06:26 |201822133847263| DrawTimelines Start=3515278.734ms
14.02.2018 08:58:06:26 |201822133847263| DrawTimelines bitblt=3515279.733ms
14.02.2018 08:58:06:26 |201822133847263| DrawTimelines DrawCursorStart=3515280.666ms
14.02.2018 08:58:06:26 |201822133847263| DrawTimelines DrawCursorEnd=3515280.828ms
14.02.2018 08:58:06:26 |201822133847263| DrawTimelines stretchblt start=3515280.955ms
14.02.2018 08:58:06:26 |201822133847263| DrawTimelines stretchblt finish=3515290.535ms
14.02.2018 08:58:06:26 |201822133847263| DrawTimelines Finish=3515290.884ms
14.02.2018 08:58:06:26 |201822133847263| MarkRowPhraseInGrid 1=3515291.45ms LoadDefaultClipToPlayer-2
14.02.2018 08:58:06:26 |201822133847263| MarkRowPhraseInGrid 1=3515291.719ms LoadDefaultClipToPlayer-2
14.02.2018 08:58:06:26 |201822133847263| DrawTimelines Start=3515375.789ms
14.02.2018 08:58:06:26 |201822133847263| DrawTimelines bitblt=3515376.812ms
14.02.2018 08:58:06:26 |201822133847263| DrawTimelines DrawCursorStart=3515378.221ms
14.02.2018 08:58:06:26 |201822133847263| DrawTimelines DrawCursorEnd=3515378.46ms
14.02.2018 08:58:06:26 |201822133847263| DrawTimelines stretchblt start=3515378.578ms
14.02.2018 08:58:06:26 |201822133847263| DrawTimelines stretchblt finish=3515388.154ms
14.02.2018 08:58:06:26 |201822133847263| DrawTimelines Finish=3515388.464ms
14.02.2018 08:58:06:26 |201822133847263| DrawTimelines Start=3515705.439ms
14.02.2018 08:58:06:26 |201822133847263| DrawTimelines bitblt=3515706.17ms
14.02.2018 08:58:06:26 |201822133847263| DrawTimelines DrawCursorStart=3515707.491ms
14.02.2018 08:58:06:26 |201822133847263| DrawTimelines DrawCursorEnd=3515707.647ms
14.02.2018 08:58:06:26 |201822133847263| DrawTimelines stretchblt start=3515707.765ms
14.02.2018 08:58:06:26 |201822133847263| DrawTimelines stretchblt finish=3515708.261ms
14.02.2018 08:58:06:26 |201822133847263| DrawTimelines Finish=3515708.593ms
14.02.2018 08:58:06:26 |201822133847263| MarkRowPhraseInGrid 1=3515708.996ms LoadClipsToPlayer-2
14.02.2018 08:58:06:26 |201822133847263| MarkRowPhraseInGrid 1=3515709.212ms LoadClipsToPlayer-2
14.02.2018 08:58:06:26 |201822133847263| DrawTimelines Start=3515768.691ms
14.02.2018 08:58:06:26 |201822133847263| DrawTimelines bitblt=3515769.441ms
14.02.2018 08:58:06:26 |201822133847263| DrawTimelines DrawCursorStart=3515770.647ms
14.02.2018 08:58:06:26 |201822133847263| DrawTimelines DrawCursorEnd=3515770.808ms
14.02.2018 08:58:06:26 |201822133847263| DrawTimelines stretchblt start=3515770.932ms
14.02.2018 08:58:06:26 |201822133847263| DrawTimelines stretchblt finish=3515771.41ms
14.02.2018 08:58:06:26 |201822133847263| DrawTimelines Finish=3515771.646ms
14.02.2018 08:58:06:26 |201822133847263| DrawTimelines Start=3515778.581ms
14.02.2018 08:58:06:26 |201822133847263| DrawTimelines bitblt=3515779.443ms
14.02.2018 08:58:06:26 |201822133847263| DrawTimelines DrawCursorStart=3515780.671ms
14.02.2018 08:58:06:26 |201822133847263| DrawTimelines DrawCursorEnd=3515780.83ms
14.02.2018 08:58:06:26 |201822133847263| DrawTimelines stretchblt start=3515780.947ms
14.02.2018 08:58:06:26 |201822133847263| DrawTimelines stretchblt finish=3515781.424ms
14.02.2018 08:58:06:26 |201822133847263| DrawTimelines Finish=3515781.674ms
14.02.2018 08:58:06:26 |201822133847263| DrawTimelines Start=3515787.207ms
14.02.2018 08:58:06:26 |201822133847263| DrawTimelines bitblt=3515788.05ms
14.02.2018 08:58:06:26 |201822133847263| DrawTimelines DrawCursorStart=3515789.392ms
14.02.2018 08:58:06:26 |201822133847263| DrawTimelines DrawCursorEnd=3515789.574ms
14.02.2018 08:58:06:26 |201822133847263| DrawTimelines stretchblt start=3515789.724ms
14.02.2018 08:58:06:26 |201822133847263| DrawTimelines stretchblt finish=3515790.236ms
14.02.2018 08:58:06:26 |201822133847263| DrawTimelines Finish=3515790.473ms
14.02.2018 08:58:06:26 |201822133847263| DrawTimelines Start=3515796.411ms
14.02.2018 08:58:06:26 |201822133847263| DrawTimelines bitblt=3515797.242ms
14.02.2018 08:58:06:26 |201822133847263| DrawTimelines DrawCursorStart=3515798.519ms
14.02.2018 08:58:06:26 |201822133847263| DrawTimelines DrawCursorEnd=3515798.694ms
14.02.2018 08:58:06:26 |201822133847263| DrawTimelines stretchblt start=3515798.817ms
14.02.2018 08:58:06:26 |201822133847263| DrawTimelines stretchblt finish=3515799.311ms
14.02.2018 08:58:06:26 |201822133847263| DrawTimelines Finish=3515799.544ms
14.02.2018 08:58:06:26 |201822133847263| DrawTimelines Start=3515806.807ms
14.02.2018 08:58:06:26 |201822133847263| DrawTimelines bitblt=3515807.584ms
14.02.2018 08:58:06:26 |201822133847263| DrawTimelines DrawCursorStart=3515808.813ms
14.02.2018 08:58:06:26 |201822133847263| DrawTimelines DrawCursorEnd=3515809.059ms
14.02.2018 08:58:06:26 |201822133847263| DrawTimelines stretchblt start=3515809.178ms
14.02.2018 08:58:06:26 |201822133847263| DrawTimelines stretchblt finish=3515809.76ms
14.02.2018 08:58:06:26 |201822133847263| DrawTimelines Finish=3515809.998ms
14.02.2018 08:58:19:219 |201822133847263| DrawTimelines Start=3528386.605ms
14.02.2018 08:58:19:219 |201822133847263| DrawTimelines bitblt=3528387.466ms
14.02.2018 08:58:19:219 |201822133847263| DrawTimelines DrawCursorStart=3528388.738ms
14.02.2018 08:58:19:219 |201822133847263| DrawTimelines DrawCursorEnd=3528388.945ms
14.02.2018 08:58:19:219 |201822133847263| DrawTimelines stretchblt start=3528389.062ms
14.02.2018 08:58:19:219 |201822133847263| DrawTimelines stretchblt finish=3528389.556ms
14.02.2018 08:58:19:219 |201822133847263| DrawTimelines Finish=3528389.851ms
14.02.2018 08:58:19:219 |201822133847263| DrawTimelines Start=3528395.848ms
14.02.2018 08:58:19:219 |201822133847263| DrawTimelines bitblt=3528396.773ms
14.02.2018 08:58:19:219 |201822133847263| DrawTimelines DrawCursorStart=3528398.067ms
14.02.2018 08:58:19:219 |201822133847263| DrawTimelines DrawCursorEnd=3528398.258ms
14.02.2018 08:58:19:219 |201822133847263| DrawTimelines stretchblt start=3528398.377ms
14.02.2018 08:58:19:219 |201822133847263| DrawTimelines stretchblt finish=3528398.857ms
14.02.2018 08:58:19:219 |201822133847263| DrawTimelines Finish=3528399.135ms
14.02.2018 08:58:19:219 |201822133847263| DrawTimelines Start=3528406.668ms
14.02.2018 08:58:19:219 |201822133847263| DrawTimelines bitblt=3528407.758ms
14.02.2018 08:58:19:219 |201822133847263| DrawTimelines DrawCursorStart=3528409.106ms
14.02.2018 08:58:19:219 |201822133847263| DrawTimelines DrawCursorEnd=3528409.309ms
14.02.2018 08:58:19:219 |201822133847263| DrawTimelines stretchblt start=3528409.424ms
14.02.2018 08:58:19:219 |201822133847263| DrawTimelines stretchblt finish=3528409.904ms
14.02.2018 08:58:19:219 |201822133847263| DrawTimelines Finish=3528410.164ms
14.02.2018 08:58:19:219 |201822133847263| DrawTimelines Start=3528445.567ms
14.02.2018 08:58:19:219 |201822133847263| DrawTimelines bitblt=3528446.543ms
14.02.2018 08:58:19:219 |201822133847263| DrawTimelines DrawCursorStart=3528447.841ms
14.02.2018 08:58:19:219 |201822133847263| DrawTimelines DrawCursorEnd=3528448.022ms
14.02.2018 08:58:19:219 |201822133847263| DrawTimelines stretchblt start=3528448.14ms
14.02.2018 08:58:19:219 |201822133847263| DrawTimelines stretchblt finish=3528448.613ms
14.02.2018 08:58:19:219 |201822133847263| DrawTimelines Finish=3528448.847ms
14.02.2018 08:58:19:219 |201822133847263| DrawTimelines Start=3528455.585ms
14.02.2018 08:58:19:219 |201822133847263| DrawTimelines bitblt=3528456.699ms
14.02.2018 08:58:19:219 |201822133847263| DrawTimelines DrawCursorStart=3528458.583ms
14.02.2018 08:58:19:219 |201822133847263| DrawTimelines DrawCursorEnd=3528458.822ms
14.02.2018 08:58:19:219 |201822133847263| DrawTimelines stretchblt start=3528458.943ms
14.02.2018 08:58:19:219 |201822133847263| DrawTimelines stretchblt finish=3528459.43ms
14.02.2018 08:58:19:219 |201822133847263| DrawTimelines Finish=3528459.677ms
14.02.2018 08:58:19:219 |201822133847263| DrawTimelines Start=3528467.948ms
14.02.2018 08:58:19:219 |201822133847263| DrawTimelines bitblt=3528468.879ms
14.02.2018 08:58:19:219 |201822133847263| DrawTimelines DrawCursorStart=3528470.251ms
14.02.2018 08:58:19:219 |201822133847263| DrawTimelines DrawCursorEnd=3528470.447ms
14.02.2018 08:58:19:219 |201822133847263| DrawTimelines stretchblt start=3528470.566ms
14.02.2018 08:58:19:219 |201822133847263| DrawTimelines stretchblt finish=3528471.061ms
14.02.2018 08:58:19:219 |201822133847263| DrawTimelines Finish=3528471.304ms
14.02.2018 08:58:19:219 |201822133847263| DrawTimelines Start=3528478.484ms
14.02.2018 08:58:19:219 |201822133847263| DrawTimelines bitblt=3528479.414ms
14.02.2018 08:58:19:219 |201822133847263| DrawTimelines DrawCursorStart=3528480.75ms
14.02.2018 08:58:19:219 |201822133847263| DrawTimelines DrawCursorEnd=3528480.956ms
14.02.2018 08:58:19:219 |201822133847263| DrawTimelines stretchblt start=3528481.071ms
14.02.2018 08:58:19:219 |201822133847263| DrawTimelines stretchblt finish=3528481.547ms
14.02.2018 08:58:19:219 |201822133847263| DrawTimelines Finish=3528481.795ms
14.02.2018 08:58:19:219 |201822133847263| DrawTimelines Start=3528488.207ms
14.02.2018 08:58:19:219 |201822133847263| DrawTimelines bitblt=3528489.181ms
14.02.2018 08:58:19:219 |201822133847263| DrawTimelines DrawCursorStart=3528490.8ms
14.02.2018 08:58:19:219 |201822133847263| DrawTimelines DrawCursorEnd=3528491.113ms
14.02.2018 08:58:19:219 |201822133847263| DrawTimelines stretchblt start=3528491.241ms
14.02.2018 08:58:19:219 |201822133847263| DrawTimelines stretchblt finish=3528491.732ms
14.02.2018 08:58:19:219 |201822133847263| DrawTimelines Finish=3528491.988ms
14.02.2018 08:58:19:219 |201822133847263| DrawTimelines Start=3528499.13ms
14.02.2018 08:58:19:219 |201822133847263| DrawTimelines bitblt=3528500.034ms
14.02.2018 08:58:19:219 |201822133847263| DrawTimelines DrawCursorStart=3528501.316ms
14.02.2018 08:58:19:219 |201822133847263| DrawTimelines DrawCursorEnd=3528501.479ms
14.02.2018 08:58:19:219 |201822133847263| DrawTimelines stretchblt start=3528501.62ms
14.02.2018 08:58:19:219 |201822133847263| DrawTimelines stretchblt finish=3528502.099ms
14.02.2018 08:58:19:219 |201822133847263| DrawTimelines Finish=3528502.34ms
14.02.2018 08:58:19:219 |201822133847263| DrawTimelines Start=3528509.518ms
14.02.2018 08:58:19:219 |201822133847263| DrawTimelines bitblt=3528510.467ms
14.02.2018 08:58:19:219 |201822133847263| DrawTimelines DrawCursorStart=3528511.743ms
14.02.2018 08:58:19:219 |201822133847263| DrawTimelines DrawCursorEnd=3528511.906ms
14.02.2018 08:58:19:219 |201822133847263| DrawTimelines stretchblt start=3528512.02ms
14.02.2018 08:58:19:219 |201822133847263| DrawTimelines stretchblt finish=3528512.51ms
14.02.2018 08:58:19:219 |201822133847263| DrawTimelines Finish=3528512.773ms
14.02.2018 08:58:19:219 |201822133847263| DrawTimelines Start=3528519.537ms
14.02.2018 08:58:19:219 |201822133847263| DrawTimelines bitblt=3528520.483ms
14.02.2018 08:58:19:219 |201822133847263| DrawTimelines DrawCursorStart=3528521.751ms
14.02.2018 08:58:19:219 |201822133847263| DrawTimelines DrawCursorEnd=3528521.913ms
14.02.2018 08:58:19:219 |201822133847263| DrawTimelines stretchblt start=3528522.028ms
14.02.2018 08:58:19:219 |201822133847263| DrawTimelines stretchblt finish=3528522.508ms
14.02.2018 08:58:19:219 |201822133847263| DrawTimelines Finish=3528522.759ms
14.02.2018 08:58:19:219 |201822133847263| DrawTimelines Start=3528529.34ms
14.02.2018 08:58:19:219 |201822133847263| DrawTimelines bitblt=3528530.208ms
14.02.2018 08:58:19:219 |201822133847263| DrawTimelines DrawCursorStart=3528531.472ms
14.02.2018 08:58:19:219 |201822133847263| DrawTimelines DrawCursorEnd=3528531.635ms
14.02.2018 08:58:19:219 |201822133847263| DrawTimelines stretchblt start=3528531.753ms
14.02.2018 08:58:19:219 |201822133847263| DrawTimelines stretchblt finish=3528532.264ms
14.02.2018 08:58:19:219 |201822133847263| DrawTimelines Finish=3528532.503ms
14.02.2018 08:58:19:219 |201822133847263| DrawTimelines Start=3528539.16ms
14.02.2018 08:58:19:219 |201822133847263| DrawTimelines bitblt=3528540.326ms
14.02.2018 08:58:19:219 |201822133847263| DrawTimelines DrawCursorStart=3528541.809ms
14.02.2018 08:58:19:219 |201822133847263| DrawTimelines DrawCursorEnd=3528542.063ms
14.02.2018 08:58:19:219 |201822133847263| DrawTimelines stretchblt start=3528542.208ms
14.02.2018 08:58:19:219 |201822133847263| DrawTimelines stretchblt finish=3528542.725ms
14.02.2018 08:58:19:219 |201822133847263| DrawTimelines Finish=3528542.976ms
14.02.2018 08:58:19:219 |201822133847263| DrawTimelines Start=3528549.591ms
14.02.2018 08:58:19:219 |201822133847263| DrawTimelines bitblt=3528550.532ms
14.02.2018 08:58:19:219 |201822133847263| DrawTimelines DrawCursorStart=3528551.776ms
14.02.2018 08:58:19:219 |201822133847263| DrawTimelines DrawCursorEnd=3528551.929ms
14.02.2018 08:58:19:219 |201822133847263| DrawTimelines stretchblt start=3528552.043ms
14.02.2018 08:58:19:219 |201822133847263| DrawTimelines stretchblt finish=3528552.553ms
14.02.2018 08:58:19:219 |201822133847263| DrawTimelines Finish=3528552.784ms
14.02.2018 08:58:19:219 |201822133847263| DrawTimelines Start=3528560.297ms
14.02.2018 08:58:19:219 |201822133847263| DrawTimelines bitblt=3528561.325ms
14.02.2018 08:58:19:219 |201822133847263| DrawTimelines DrawCursorStart=3528562.601ms
14.02.2018 08:58:19:219 |201822133847263| DrawTimelines DrawCursorEnd=3528562.783ms
14.02.2018 08:58:19:219 |201822133847263| DrawTimelines stretchblt start=3528562.908ms
14.02.2018 08:58:19:219 |201822133847263| DrawTimelines stretchblt finish=3528563.406ms
14.02.2018 08:58:19:219 |201822133847263| DrawTimelines Finish=3528563.636ms
14.02.2018 08:58:19:219 |201822133847263| DrawTimelines Start=3528570.332ms
14.02.2018 08:58:19:219 |201822133847263| DrawTimelines bitblt=3528571.314ms
14.02.2018 08:58:19:219 |201822133847263| DrawTimelines DrawCursorStart=3528572.586ms
14.02.2018 08:58:19:219 |201822133847263| DrawTimelines DrawCursorEnd=3528572.823ms
14.02.2018 08:58:19:219 |201822133847263| DrawTimelines stretchblt start=3528572.942ms
14.02.2018 08:58:19:219 |201822133847263| DrawTimelines stretchblt finish=3528573.418ms
14.02.2018 08:58:19:219 |201822133847263| DrawTimelines Finish=3528573.706ms
14.02.2018 08:58:19:219 |201822133847263| DrawTimelines Start=3528581.417ms
14.02.2018 08:58:19:219 |201822133847263| DrawTimelines bitblt=3528582.27ms
14.02.2018 08:58:19:219 |201822133847263| DrawTimelines DrawCursorStart=3528583.594ms
14.02.2018 08:58:19:219 |201822133847263| DrawTimelines DrawCursorEnd=3528583.768ms
14.02.2018 08:58:19:219 |201822133847263| DrawTimelines stretchblt start=3528583.884ms
14.02.2018 08:58:19:219 |201822133847263| DrawTimelines stretchblt finish=3528584.368ms
14.02.2018 08:58:19:219 |201822133847263| DrawTimelines Finish=3528584.602ms
14.02.2018 08:58:19:219 |201822133847263| DrawTimelines Start=3528591.968ms
14.02.2018 08:58:19:219 |201822133847263| DrawTimelines bitblt=3528592.831ms
14.02.2018 08:58:19:219 |201822133847263| DrawTimelines DrawCursorStart=3528594.185ms
14.02.2018 08:58:19:219 |201822133847263| DrawTimelines DrawCursorEnd=3528594.391ms
14.02.2018 08:58:19:219 |201822133847263| DrawTimelines stretchblt start=3528594.505ms
14.02.2018 08:58:19:219 |201822133847263| DrawTimelines stretchblt finish=3528595.008ms
14.02.2018 08:58:19:219 |201822133847263| DrawTimelines Finish=3528595.242ms
14.02.2018 08:58:19:219 |201822133847263| DrawTimelines Start=3528601.59ms
14.02.2018 08:58:19:219 |201822133847263| DrawTimelines bitblt=3528602.586ms
14.02.2018 08:58:19:219 |201822133847263| DrawTimelines DrawCursorStart=3528604.197ms
14.02.2018 08:58:19:219 |201822133847263| DrawTimelines DrawCursorEnd=3528604.387ms
14.02.2018 08:58:19:219 |201822133847263| DrawTimelines stretchblt start=3528604.5ms
14.02.2018 08:58:19:219 |201822133847263| DrawTimelines stretchblt finish=3528605.05ms
14.02.2018 08:58:19:219 |201822133847263| DrawTimelines Finish=3528605.368ms
14.02.2018 08:58:19:219 |201822133847263| DrawTimelines Start=3528706.037ms
14.02.2018 08:58:19:219 |201822133847263| DrawTimelines bitblt=3528707.076ms
14.02.2018 08:58:19:219 |201822133847263| DrawTimelines DrawCursorStart=3528708.529ms
14.02.2018 08:58:19:219 |201822133847263| DrawTimelines DrawCursorEnd=3528708.77ms
14.02.2018 08:58:19:219 |201822133847263| DrawTimelines stretchblt start=3528708.891ms
14.02.2018 08:58:19:219 |201822133847263| DrawTimelines stretchblt finish=3528709.372ms
14.02.2018 08:58:19:219 |201822133847263| DrawTimelines Finish=3528709.658ms
14.02.2018 08:58:19:219 |201822133847263| DrawTimelines Start=3528715.73ms
14.02.2018 08:58:19:219 |201822133847263| DrawTimelines bitblt=3528716.475ms
14.02.2018 08:58:19:219 |201822133847263| DrawTimelines DrawCursorStart=3528717.673ms
14.02.2018 08:58:19:219 |201822133847263| DrawTimelines DrawCursorEnd=3528717.805ms
14.02.2018 08:58:19:219 |201822133847263| DrawTimelines stretchblt start=3528717.917ms
14.02.2018 08:58:19:219 |201822133847263| DrawTimelines stretchblt finish=3528718.434ms
14.02.2018 08:58:19:219 |201822133847263| DrawTimelines Finish=3528718.662ms
14.02.2018 08:58:19:219 |201822133847263| DrawTimelines Start=3528724.621ms
14.02.2018 08:58:19:219 |201822133847263| DrawTimelines bitblt=3528725.49ms
14.02.2018 08:58:19:219 |201822133847263| DrawTimelines DrawCursorStart=3528726.747ms
14.02.2018 08:58:19:219 |201822133847263| DrawTimelines DrawCursorEnd=3528726.893ms
14.02.2018 08:58:19:219 |201822133847263| DrawTimelines stretchblt start=3528727.007ms
14.02.2018 08:58:19:219 |201822133847263| DrawTimelines stretchblt finish=3528727.502ms
14.02.2018 08:58:19:219 |201822133847263| DrawTimelines Finish=3528727.725ms
14.02.2018 08:58:19:219 |201822133847263| DrawTimelines Start=3528734.749ms
14.02.2018 08:58:19:219 |201822133847263| DrawTimelines bitblt=3528735.508ms
14.02.2018 08:58:19:219 |201822133847263| DrawTimelines DrawCursorStart=3528736.712ms
14.02.2018 08:58:19:219 |201822133847263| DrawTimelines DrawCursorEnd=3528736.864ms
14.02.2018 08:58:19:219 |201822133847263| DrawTimelines stretchblt start=3528737.001ms
14.02.2018 08:58:19:219 |201822133847263| DrawTimelines stretchblt finish=3528737.54ms
14.02.2018 08:58:19:219 |201822133847263| DrawTimelines Finish=3528737.77ms
14.02.2018 08:58:19:219 |201822133847263| DrawTimelines Start=3528744.628ms
14.02.2018 08:58:19:219 |201822133847263| DrawTimelines bitblt=3528745.379ms
14.02.2018 08:58:19:219 |201822133847263| DrawTimelines DrawCursorStart=3528746.575ms
14.02.2018 08:58:19:219 |201822133847263| DrawTimelines DrawCursorEnd=3528746.721ms
14.02.2018 08:58:19:219 |201822133847263| DrawTimelines stretchblt start=3528746.836ms
14.02.2018 08:58:19:219 |201822133847263| DrawTimelines stretchblt finish=3528747.341ms
14.02.2018 08:58:19:219 |201822133847263| DrawTimelines Finish=3528747.611ms
14.02.2018 08:59:58:258 |201822133847263| MarkRowPhraseInGrid 1=3627645.954ms FormResize
14.02.2018 08:59:58:258 |201822133847263| MarkRowPhraseInGrid 1=3627646.345ms FormResize
14.02.2018 09:04:43:243 |201822133847263| DrawTimelines Start=3912972.015ms
14.02.2018 09:04:43:243 |201822133847263| DrawTimelines bitblt=3912972.935ms
14.02.2018 09:04:43:243 |201822133847263| DrawTimelines DrawCursorStart=3912974.516ms
14.02.2018 09:04:43:243 |201822133847263| DrawTimelines DrawCursorEnd=3912974.691ms
14.02.2018 09:04:43:243 |201822133847263| DrawTimelines stretchblt start=3912974.82ms
14.02.2018 09:04:43:243 |201822133847263| DrawTimelines stretchblt finish=3912975.313ms
14.02.2018 09:04:43:243 |201822133847263| DrawTimelines Finish=3912975.569ms
14.02.2018 09:04:44:244 |201822133847263| DrawTimelines Start=3913101.895ms
14.02.2018 09:04:44:244 |201822133847263| DrawTimelines bitblt=3913102.692ms
14.02.2018 09:04:44:244 |201822133847263| DrawTimelines DrawCursorStart=3913103.91ms
14.02.2018 09:04:44:244 |201822133847263| DrawTimelines DrawCursorEnd=3913104.055ms
14.02.2018 09:04:44:244 |201822133847263| DrawTimelines stretchblt start=3913104.179ms
14.02.2018 09:04:44:244 |201822133847263| DrawTimelines stretchblt finish=3913104.666ms
14.02.2018 09:04:44:244 |201822133847263| DrawTimelines Finish=3913104.935ms
14.02.2018 09:04:44:244 |201822133847263| DrawTimelines Start=3913126.938ms
14.02.2018 09:04:44:244 |201822133847263| DrawTimelines bitblt=3913127.693ms
14.02.2018 09:04:44:244 |201822133847263| DrawTimelines DrawCursorStart=3913128.914ms
14.02.2018 09:04:44:244 |201822133847263| DrawTimelines DrawCursorEnd=3913129.082ms
14.02.2018 09:04:44:244 |201822133847263| DrawTimelines stretchblt start=3913129.21ms
14.02.2018 09:04:44:244 |201822133847263| DrawTimelines stretchblt finish=3913129.719ms
14.02.2018 09:04:44:244 |201822133847263| DrawTimelines Finish=3913129.966ms
14.02.2018 09:04:44:244 |201822133847263| DrawTimelines Start=3913148.571ms
14.02.2018 09:04:44:244 |201822133847263| DrawTimelines bitblt=3913149.477ms
14.02.2018 09:04:44:244 |201822133847263| DrawTimelines DrawCursorStart=3913150.833ms
14.02.2018 09:04:44:244 |201822133847263| DrawTimelines DrawCursorEnd=3913151.029ms
14.02.2018 09:04:44:244 |201822133847263| DrawTimelines stretchblt start=3913151.154ms
14.02.2018 09:04:44:244 |201822133847263| DrawTimelines stretchblt finish=3913151.67ms
14.02.2018 09:04:44:244 |201822133847263| DrawTimelines Finish=3913151.931ms
14.02.2018 09:04:44:244 |201822133847263| DrawTimelines Start=3913157.544ms
14.02.2018 09:04:44:244 |201822133847263| DrawTimelines bitblt=3913158.315ms
14.02.2018 09:04:44:244 |201822133847263| DrawTimelines DrawCursorStart=3913159.556ms
14.02.2018 09:04:44:244 |201822133847263| DrawTimelines DrawCursorEnd=3913159.701ms
14.02.2018 09:04:44:244 |201822133847263| DrawTimelines stretchblt start=3913159.818ms
14.02.2018 09:04:44:244 |201822133847263| DrawTimelines stretchblt finish=3913160.392ms
14.02.2018 09:04:44:244 |201822133847263| DrawTimelines Finish=3913160.636ms
14.02.2018 09:04:44:244 |201822133847263| DrawTimelines Start=3913166.009ms
14.02.2018 09:04:44:244 |201822133847263| DrawTimelines bitblt=3913166.948ms
14.02.2018 09:04:44:244 |201822133847263| DrawTimelines DrawCursorStart=3913168.256ms
14.02.2018 09:04:44:244 |201822133847263| DrawTimelines DrawCursorEnd=3913168.451ms
14.02.2018 09:04:44:244 |201822133847263| DrawTimelines stretchblt start=3913168.571ms
14.02.2018 09:04:44:244 |201822133847263| DrawTimelines stretchblt finish=3913169.067ms
14.02.2018 09:04:44:244 |201822133847263| DrawTimelines Finish=3913169.328ms
14.02.2018 09:04:44:244 |201822133847263| DrawTimelines Start=3913175.751ms
14.02.2018 09:04:44:244 |201822133847263| DrawTimelines bitblt=3913176.52ms
14.02.2018 09:04:44:244 |201822133847263| DrawTimelines DrawCursorStart=3913177.682ms
14.02.2018 09:04:44:244 |201822133847263| DrawTimelines DrawCursorEnd=3913177.827ms
14.02.2018 09:04:44:244 |201822133847263| DrawTimelines stretchblt start=3913177.951ms
14.02.2018 09:04:44:244 |201822133847263| DrawTimelines stretchblt finish=3913178.431ms
14.02.2018 09:04:44:244 |201822133847263| DrawTimelines Finish=3913178.662ms
14.02.2018 09:04:44:244 |201822133847263| DrawTimelines Start=3913211.523ms
14.02.2018 09:04:44:244 |201822133847263| DrawTimelines bitblt=3913212.244ms
14.02.2018 09:04:44:244 |201822133847263| DrawTimelines DrawCursorStart=3913213.413ms
14.02.2018 09:04:44:244 |201822133847263| DrawTimelines DrawCursorEnd=3913213.56ms
14.02.2018 09:04:44:244 |201822133847263| DrawTimelines stretchblt start=3913213.676ms
14.02.2018 09:04:44:244 |201822133847263| DrawTimelines stretchblt finish=3913214.149ms
14.02.2018 09:04:44:244 |201822133847263| DrawTimelines Finish=3913214.379ms
14.02.2018 09:04:44:244 |201822133847263| DrawTimelines Start=3913221.582ms
14.02.2018 09:04:44:244 |201822133847263| DrawTimelines bitblt=3913222.604ms
14.02.2018 09:04:44:244 |201822133847263| DrawTimelines DrawCursorStart=3913223.823ms
14.02.2018 09:04:44:244 |201822133847263| DrawTimelines DrawCursorEnd=3913224.023ms
14.02.2018 09:04:44:244 |201822133847263| DrawTimelines stretchblt start=3913224.142ms
14.02.2018 09:04:44:244 |201822133847263| DrawTimelines stretchblt finish=3913224.625ms
14.02.2018 09:04:44:244 |201822133847263| DrawTimelines Finish=3913224.94ms
14.02.2018 09:04:44:244 |201822133847263| DrawTimelines Start=3913232.477ms
14.02.2018 09:04:44:244 |201822133847263| DrawTimelines bitblt=3913233.337ms
14.02.2018 09:04:44:244 |201822133847263| DrawTimelines DrawCursorStart=3913234.6ms
14.02.2018 09:04:44:244 |201822133847263| DrawTimelines DrawCursorEnd=3913234.815ms
14.02.2018 09:04:44:244 |201822133847263| DrawTimelines stretchblt start=3913234.931ms
14.02.2018 09:04:44:244 |201822133847263| DrawTimelines stretchblt finish=3913235.432ms
14.02.2018 09:04:44:244 |201822133847263| DrawTimelines Finish=3913235.683ms
14.02.2018 09:04:44:244 |201822133847263| DrawTimelines Start=3913241.072ms
14.02.2018 09:04:44:244 |201822133847263| DrawTimelines bitblt=3913241.907ms
14.02.2018 09:04:44:244 |201822133847263| DrawTimelines DrawCursorStart=3913243.222ms
14.02.2018 09:04:44:244 |201822133847263| DrawTimelines DrawCursorEnd=3913243.377ms
14.02.2018 09:04:44:244 |201822133847263| DrawTimelines stretchblt start=3913243.496ms
14.02.2018 09:04:44:244 |201822133847263| DrawTimelines stretchblt finish=3913244.071ms
14.02.2018 09:04:44:244 |201822133847263| DrawTimelines Finish=3913244.312ms
14.02.2018 09:04:44:244 |201822133847263| DrawTimelines Start=3913250.237ms
14.02.2018 09:04:44:244 |201822133847263| DrawTimelines bitblt=3913251.194ms
14.02.2018 09:04:44:244 |201822133847263| DrawTimelines DrawCursorStart=3913252.79ms
14.02.2018 09:04:44:244 |201822133847263| DrawTimelines DrawCursorEnd=3913253.021ms
14.02.2018 09:04:44:244 |201822133847263| DrawTimelines stretchblt start=3913253.146ms
14.02.2018 09:04:44:244 |201822133847263| DrawTimelines stretchblt finish=3913253.656ms
14.02.2018 09:04:44:244 |201822133847263| DrawTimelines Finish=3913253.901ms
14.02.2018 09:04:44:244 |201822133847263| DrawTimelines Start=3913259.861ms
14.02.2018 09:04:44:244 |201822133847263| DrawTimelines bitblt=3913260.635ms
14.02.2018 09:04:44:244 |201822133847263| DrawTimelines DrawCursorStart=3913261.824ms
14.02.2018 09:04:44:244 |201822133847263| DrawTimelines DrawCursorEnd=3913261.993ms
14.02.2018 09:04:44:244 |201822133847263| DrawTimelines stretchblt start=3913262.111ms
14.02.2018 09:04:44:244 |201822133847263| DrawTimelines stretchblt finish=3913262.619ms
14.02.2018 09:04:44:244 |201822133847263| DrawTimelines Finish=3913262.847ms
